<?xml version="1.0" encoding="UTF-8"?>
<testsuites name="nextest-run" tests="2009" failures="0" errors="0" uuid="e316ca81-f896-4f7c-b526-76c3c8a3fc51" timestamp="2025-06-05T16:49:33.496+00:00" time="2655.321">
    <testsuite name="@setup-script:crdb-seed" tests="1" disabled="0" errors="0" failures="0">
        <properties>
            <property name="command" value="cargo"/>
            <property name="args" value="run -p crdb-seed --profile test"/>
            <property name="output-env:CRDB_SEED_TAR" value="/var/tmp/omicron_tmp/crdb-base-build/bd6a639e4a5e4069c11aa7a8bc3360091bb8f2e617e8a702e1d913dea7fd8838.tar"/>
        </properties>
        <testcase name="crdb-seed" classname="@setup-script:crdb-seed" timestamp="2025-06-05T16:49:33.501+00:00" time="25.965">
            <system-out>(stdout not captured)</system-out>
            <system-err>(stderr not captured)</system-err>
        </testcase>
    </testsuite>
    <testsuite name="@setup-script:clickhouse-cluster" tests="1" disabled="0" errors="0" failures="0">
        <properties>
            <property name="command" value="cargo"/>
            <property name="args" value="run -p clickhouse-cluster-dev"/>
        </properties>
        <testcase name="clickhouse-cluster" classname="@setup-script:clickhouse-cluster" timestamp="2025-06-05T16:49:59.466+00:00" time="13.634">
            <system-out>(stdout not captured)</system-out>
            <system-err>(stderr not captured)</system-err>
        </testcase>
    </testsuite>
    <testsuite name="omicron-nexus" tests="171" disabled="0" errors="0" failures="0">
        <testcase name="app::sagas::image_create::test::test_action_failure_can_unwind_idempotently" classname="omicron-nexus" timestamp="2025-06-05T16:50:13.103+00:00" time="20.321">
        </testcase>
        <testcase name="app::sagas::image_create::test::test_action_failure_can_unwind" classname="omicron-nexus" timestamp="2025-06-05T16:50:13.103+00:00" time="20.468">
        </testcase>
        <testcase name="app::sagas::disk_create::test::test_action_failure_can_unwind" classname="omicron-nexus" timestamp="2025-06-05T16:50:13.103+00:00" time="26.146">
        </testcase>
        <testcase name="app::sagas::disk_create::test::test_action_failure_can_unwind_idempotently" classname="omicron-nexus" timestamp="2025-06-05T16:50:13.103+00:00" time="26.431">
        </testcase>
        <testcase name="app::sagas::instance_ip_attach::test::test_action_failure_can_unwind_idempotently" classname="omicron-nexus" timestamp="2025-06-05T16:50:13.103+00:00" time="34.680">
        </testcase>
        <testcase name="app::sagas::instance_ip_attach::test::test_action_failure_can_unwind" classname="omicron-nexus" timestamp="2025-06-05T16:50:13.103+00:00" time="35.008">
        </testcase>
        <testcase name="app::sagas::instance_ip_detach::test::test_action_failure_can_unwind_idempotently" classname="omicron-nexus" timestamp="2025-06-05T16:50:33.571+00:00" time="29.667">
        </testcase>
        <testcase name="app::sagas::instance_ip_detach::test::test_action_failure_can_unwind" classname="omicron-nexus" timestamp="2025-06-05T16:50:33.424+00:00" time="30.125">
        </testcase>
        <testcase name="app::sagas::instance_start::test::test_action_failure_can_unwind" classname="omicron-nexus" timestamp="2025-06-05T16:50:39.534+00:00" time="28.178">
        </testcase>
        <testcase name="app::sagas::region_replacement_start::test::test_action_failure_can_unwind_idempotently" classname="omicron-nexus" timestamp="2025-06-05T16:50:48.111+00:00" time="24.573">
        </testcase>
        <testcase name="app::sagas::project_create::test::test_action_failure_can_unwind" classname="omicron-nexus" timestamp="2025-06-05T16:50:47.782+00:00" time="30.581">
        </testcase>
        <testcase name="app::sagas::region_snapshot_replacement_start::test::test_action_failure_can_unwind_idempotently" classname="omicron-nexus" timestamp="2025-06-05T16:51:03.549+00:00" time="34.142">
        </testcase>
        <testcase name="app::sagas::region_snapshot_replacement_start::test::test_action_failure_can_unwind" classname="omicron-nexus" timestamp="2025-06-05T16:51:03.238+00:00" time="35.015">
        </testcase>
        <testcase name="app::sagas::instance_migrate::tests::test_action_failure_can_unwind" classname="omicron-nexus" timestamp="2025-06-05T16:50:39.248+00:00" time="61.994">
        </testcase>
        <testcase name="app::sagas::vpc_create::test::test_action_failure_can_unwind" classname="omicron-nexus" timestamp="2025-06-05T16:51:18.363+00:00" time="28.348">
        </testcase>
        <testcase name="app::sagas::vpc_subnet_create::test::test_action_failure_can_unwind" classname="omicron-nexus" timestamp="2025-06-05T16:51:37.692+00:00" time="16.485">
        </testcase>
        <testcase name="app::sagas::vpc_subnet_create::test::test_action_failure_can_unwind_idempotently" classname="omicron-nexus" timestamp="2025-06-05T16:51:38.253+00:00" time="16.504">
        </testcase>
        <testcase name="app::sagas::snapshot_create::test::test_action_failure_can_unwind_pantry" classname="omicron-nexus" timestamp="2025-06-05T16:51:12.684+00:00" time="81.436">
        </testcase>
        <testcase name="app::sagas::snapshot_create::test::test_action_failure_can_unwind_no_pantry" classname="omicron-nexus" timestamp="2025-06-05T16:51:07.713+00:00" time="231.070">
        </testcase>
        <testcase name="app::alert::tests::test_alert_class_list" classname="omicron-nexus" timestamp="2025-06-05T16:58:34.441+00:00" time="0.037">
        </testcase>
        <testcase name="app::background::driver::test::test_activation_in_progress" classname="omicron-nexus" timestamp="2025-06-05T16:58:34.479+00:00" time="13.639">
        </testcase>
        <testcase name="app::background::driver::test::test_driver_basic" classname="omicron-nexus" timestamp="2025-06-05T16:58:37.687+00:00" time="11.808">
        </testcase>
        <testcase name="app::background::init::test::test_dns_propagation_basic" classname="omicron-nexus" timestamp="2025-06-05T16:58:39.536+00:00" time="13.452">
        </testcase>
        <testcase name="app::background::tasks::alert_dispatcher::test::test_glob_reprocessing" classname="omicron-nexus" timestamp="2025-06-05T16:58:49.563+00:00" time="14.386">
        </testcase>
        <testcase name="app::background::tasks::abandoned_vmm_reaper::tests::sled_resource_vmm_already_deleted" classname="omicron-nexus" timestamp="2025-06-05T16:58:42.776+00:00" time="21.188">
        </testcase>
        <testcase name="app::background::tasks::blueprint_execution::test::test_deploy_omicron_config" classname="omicron-nexus" timestamp="2025-06-05T16:58:52.988+00:00" time="14.513">
        </testcase>
        <testcase name="app::background::tasks::crdb_node_id_collector::tests::test_activate_fails_if_no_blueprint" classname="omicron-nexus" timestamp="2025-06-05T16:59:03.964+00:00" time="4.033">
        </testcase>
        <testcase name="app::background::tasks::abandoned_vmm_reaper::tests::test_abandoned_vmms_are_reaped" classname="omicron-nexus" timestamp="2025-06-05T16:58:48.118+00:00" time="20.368">
        </testcase>
        <testcase name="app::background::tasks::crdb_node_id_collector::tests::test_default_cockroach_admin_addrs_from_blueprint" classname="omicron-nexus" timestamp="2025-06-05T16:59:08.486+00:00" time="0.015">
        </testcase>
        <testcase name="app::background::tasks::abandoned_vmm_reaper::tests::vmm_already_deleted" classname="omicron-nexus" timestamp="2025-06-05T16:58:49.495+00:00" time="20.880">
        </testcase>
        <testcase name="app::background::tasks::crdb_node_id_collector::tests::test_activate_with_no_unknown_node_ids" classname="omicron-nexus" timestamp="2025-06-05T16:59:07.501+00:00" time="4.683">
        </testcase>
        <testcase name="app::background::tasks::crdb_node_id_collector::tests::test_activate_with_unknown_node_ids" classname="omicron-nexus" timestamp="2025-06-05T16:59:07.997+00:00" time="4.400">
        </testcase>
        <testcase name="app::background::tasks::blueprint_load::test::test_load_blueprints" classname="omicron-nexus" timestamp="2025-06-05T16:59:03.948+00:00" time="11.833">
        </testcase>
        <testcase name="app::background::tasks::decommissioned_disk_cleaner::tests::test_disk_cleanup_cleans_disks_with_no_regions" classname="omicron-nexus" timestamp="2025-06-05T16:59:08.501+00:00" time="14.727">
        </testcase>
        <testcase name="app::background::tasks::decommissioned_disk_cleaner::tests::test_disk_cleanup_does_not_clean_disks_with_regions" classname="omicron-nexus" timestamp="2025-06-05T16:59:10.375+00:00" time="14.854">
        </testcase>
        <testcase name="app::background::tasks::decommissioned_disk_cleaner::tests::test_disk_cleanup_ignores_active_disks" classname="omicron-nexus" timestamp="2025-06-05T16:59:12.184+00:00" time="14.316">
        </testcase>
        <testcase name="app::background::tasks::dns_config::test::test_basic" classname="omicron-nexus" timestamp="2025-06-05T16:59:12.398+00:00" time="14.115">
        </testcase>
        <testcase name="app::background::tasks::dns_propagation::test::test_basic" classname="omicron-nexus" timestamp="2025-06-05T16:59:15.781+00:00" time="14.551">
        </testcase>
        <testcase name="app::background::tasks::external_endpoints::test::test_basic" classname="omicron-nexus" timestamp="2025-06-05T16:59:23.228+00:00" time="13.666">
        </testcase>
        <testcase name="app::background::tasks::instance_reincarnation::test::test_default_policy_is_reincarnatable" classname="omicron-nexus" timestamp="2025-06-05T16:59:26.500+00:00" time="19.904">
        </testcase>
        <testcase name="app::background::tasks::instance_reincarnation::test::test_reincarnates_failed_instances" classname="omicron-nexus" timestamp="2025-06-05T16:59:30.333+00:00" time="20.072">
        </testcase>
        <testcase name="app::background::tasks::inventory_collection::test::test_basic" classname="omicron-nexus" timestamp="2025-06-05T16:59:36.894+00:00" time="20.507">
        </testcase>
        <testcase name="app::background::tasks::inventory_collection::test::test_db_sled_enumerator" classname="omicron-nexus" timestamp="2025-06-05T16:59:46.405+00:00" time="13.854">
        </testcase>
        <testcase name="app::background::tasks::metrics_producer_gc::tests::test_pruning" classname="omicron-nexus" timestamp="2025-06-05T16:59:50.404+00:00" time="11.047">
        </testcase>
        <testcase name="app::background::tasks::instance_reincarnation::test::test_cooldown_on_subsequent_reincarnations" classname="omicron-nexus" timestamp="2025-06-05T16:59:25.229+00:00" time="37.753">
        </testcase>
        <testcase name="app::background::tasks::region_replacement::test::test_add_region_replacement_causes_start" classname="omicron-nexus" timestamp="2025-06-05T17:00:00.259+00:00" time="13.062">
        </testcase>
        <testcase name="app::background::tasks::read_only_region_replacement_start::test::test_expunge_disk_causes_read_only_region_replacement_request" classname="omicron-nexus" timestamp="2025-06-05T16:59:57.401+00:00" time="16.641">
        </testcase>
        <testcase name="app::background::tasks::region_replacement_driver::test::test_done_region_replacement_causes_finish" classname="omicron-nexus" timestamp="2025-06-05T17:00:01.451+00:00" time="13.211">
        </testcase>
        <testcase name="app::sagas::instance_create::test::test_action_failure_can_unwind_idempotently" classname="omicron-nexus" timestamp="2025-06-05T16:50:13.103+00:00" time="602.536">
        </testcase>
        <testcase name="app::background::tasks::region_replacement_driver::test::test_mark_region_replacement_done_after_notification" classname="omicron-nexus" timestamp="2025-06-05T17:00:02.982+00:00" time="13.046">
        </testcase>
        <testcase name="app::sagas::instance_create::test::test_action_failure_can_unwind" classname="omicron-nexus" timestamp="2025-06-05T16:50:13.103+00:00" time="610.971">
        </testcase>
        <testcase name="app::background::tasks::region_replacement_driver::test::test_no_mark_region_replacement_done_after_failed_notification" classname="omicron-nexus" timestamp="2025-06-05T17:00:13.321+00:00" time="15.166">
        </testcase>
        <testcase name="app::background::tasks::region_replacement_driver::test::test_running_region_replacement_causes_drive" classname="omicron-nexus" timestamp="2025-06-05T17:00:14.042+00:00" time="14.847">
        </testcase>
        <testcase name="app::background::tasks::region_snapshot_replacement_finish::test::test_done_region_snapshot_replacement_causes_finish" classname="omicron-nexus" timestamp="2025-06-05T17:00:14.663+00:00" time="14.927">
        </testcase>
        <testcase name="app::background::tasks::region_snapshot_replacement_garbage_collect::test::test_region_snapshot_replacement_garbage_collect_task" classname="omicron-nexus" timestamp="2025-06-05T17:00:15.638+00:00" time="13.958">
        </testcase>
        <testcase name="app::background::tasks::region_snapshot_replacement_start::test::test_add_region_snapshot_replacement_causes_start" classname="omicron-nexus" timestamp="2025-06-05T17:00:16.028+00:00" time="14.154">
        </testcase>
        <testcase name="app::background::tasks::saga_recovery::test::test_failure_during_saga_can_be_recovered" classname="omicron-nexus" timestamp="2025-06-05T17:00:29.597+00:00" time="3.079">
        </testcase>
        <testcase name="app::background::tasks::saga_recovery::test::test_successful_saga_does_not_replay_during_recovery" classname="omicron-nexus" timestamp="2025-06-05T17:00:32.676+00:00" time="2.798">
        </testcase>
        <testcase name="app::background::tasks::region_snapshot_replacement_start::test::test_delete_region_snapshot_replacement_volume_causes_complete" classname="omicron-nexus" timestamp="2025-06-05T17:00:24.074+00:00" time="18.222">
        </testcase>
        <testcase name="app::background::tasks::region_snapshot_replacement_step::test::test_region_snapshot_replacement_step_task" classname="omicron-nexus" timestamp="2025-06-05T17:00:28.890+00:00" time="15.931">
        </testcase>
        <testcase name="app::background::tasks::region_snapshot_replacement_step::test::test_region_snapshot_replacement_step_task_gc" classname="omicron-nexus" timestamp="2025-06-05T17:00:29.590+00:00" time="15.685">
        </testcase>
        <testcase name="app::background::tasks::saga_recovery::test::test_nexus_recovery" classname="omicron-nexus" timestamp="2025-06-05T17:00:30.182+00:00" time="16.786">
        </testcase>
        <testcase name="app::background::tasks::region_snapshot_replacement_start::test::test_expunge_disk_causes_region_snapshot_replacement_start" classname="omicron-nexus" timestamp="2025-06-05T17:00:28.486+00:00" time="19.061">
        </testcase>
        <testcase name="app::background::tasks::support_bundle_collector::test::test_bundle_cleanup_after_zpool_deletion" classname="omicron-nexus" timestamp="2025-06-05T17:00:35.474+00:00" time="14.408">
        </testcase>
        <testcase name="app::background::tasks::instance_reincarnation::test::test_only_reincarnates_eligible_instances" classname="omicron-nexus" timestamp="2025-06-05T16:59:26.513+00:00" time="90.577">
        </testcase>
        <testcase name="app::background::tasks::support_bundle_collector::test::test_bundle_cleanup_cancel_after_collect" classname="omicron-nexus" timestamp="2025-06-05T17:00:42.296+00:00" time="15.424">
        </testcase>
        <testcase name="app::background::tasks::support_bundle_collector::test::test_bundle_cleanup_cancel_before_collect" classname="omicron-nexus" timestamp="2025-06-05T17:00:44.821+00:00" time="15.977">
        </testcase>
        <testcase name="app::background::tasks::support_bundle_collector::test::test_zipfile_creation" classname="omicron-nexus" timestamp="2025-06-05T17:01:00.798+00:00" time="0.025">
        </testcase>
        <testcase name="app::background::tasks::tuf_artifact_replication::tests::new_sled" classname="omicron-nexus" timestamp="2025-06-05T17:01:00.823+00:00" time="0.236">
        </testcase>
        <testcase name="app::background::tasks::tuf_artifact_replication::tests::nothing" classname="omicron-nexus" timestamp="2025-06-05T17:01:01.058+00:00" time="0.196">
        </testcase>
        <testcase name="app::background::tasks::tuf_artifact_replication::tests::recopy" classname="omicron-nexus" timestamp="2025-06-05T17:01:01.255+00:00" time="0.223">
        </testcase>
        <testcase name="app::background::tasks::support_bundle_collector::test::test_bundle_cleanup_failed_bundle_after_collection" classname="omicron-nexus" timestamp="2025-06-05T17:00:45.275+00:00" time="16.278">
        </testcase>
        <testcase name="app::external_endpoints::test::test_authority" classname="omicron-nexus" timestamp="2025-06-05T17:01:01.554+00:00" time="0.339">
        </testcase>
        <testcase name="app::external_endpoints::test::test_external_endpoints_basic" classname="omicron-nexus" timestamp="2025-06-05T17:01:01.893+00:00" time="0.037">
        </testcase>
        <testcase name="app::background::tasks::tuf_artifact_replication::tests::simple_replicate" classname="omicron-nexus" timestamp="2025-06-05T17:01:01.478+00:00" time="0.731">
        </testcase>
        <testcase name="app::external_endpoints::test::test_external_endpoints_empty" classname="omicron-nexus" timestamp="2025-06-05T17:01:02.209+00:00" time="0.044">
        </testcase>
        <testcase name="app::external_endpoints::test::test_no_endpoint" classname="omicron-nexus" timestamp="2025-06-05T17:01:02.253+00:00" time="0.053">
        </testcase>
        <testcase name="app::instance::tests::test_instance_start_allowed_when_no_vmm" classname="omicron-nexus" timestamp="2025-06-05T17:01:02.306+00:00" time="0.016">
        </testcase>
        <testcase name="app::instance::tests::test_instance_start_allowed_when_vmm_in_saga_unwound" classname="omicron-nexus" timestamp="2025-06-05T17:01:02.323+00:00" time="0.030">
        </testcase>
        <testcase name="app::external_endpoints::test::test_external_endpoints_complex" classname="omicron-nexus" timestamp="2025-06-05T17:01:01.930+00:00" time="0.425">
        </testcase>
        <testcase name="app::instance::tests::test_instance_start_forbidden_while_creating" classname="omicron-nexus" timestamp="2025-06-05T17:01:02.353+00:00" time="0.027">
        </testcase>
        <testcase name="app::instance::tests::test_instance_start_idempotent_if_active" classname="omicron-nexus" timestamp="2025-06-05T17:01:02.354+00:00" time="0.028">
        </testcase>
        <testcase name="app::background::tasks::support_bundle_collector::test::test_bundle_cleanup_failed_bundle_before_collection" classname="omicron-nexus" timestamp="2025-06-05T17:00:46.969+00:00" time="15.424">
        </testcase>
        <testcase name="app::sagas::demo::test::test_demo_saga_rendezvous" classname="omicron-nexus" timestamp="2025-06-05T17:01:02.382+00:00" time="0.014">
        </testcase>
        <testcase name="app::instance::tests::test_serial_console_stream_proxying" classname="omicron-nexus" timestamp="2025-06-05T17:01:02.380+00:00" time="0.023">
        </testcase>
        <testcase name="app::background::tasks::support_bundle_collector::test::test_cleanup_noop" classname="omicron-nexus" timestamp="2025-06-05T17:00:47.548+00:00" time="15.197">
        </testcase>
        <testcase name="app::background::tasks::support_bundle_collector::test::test_collect_many" classname="omicron-nexus" timestamp="2025-06-05T17:00:49.882+00:00" time="15.847">
        </testcase>
        <testcase name="app::background::tasks::support_bundle_collector::test::test_collect_noop" classname="omicron-nexus" timestamp="2025-06-05T17:00:57.090+00:00" time="14.978">
        </testcase>
        <testcase name="app::background::tasks::support_bundle_collector::test::test_collect_one" classname="omicron-nexus" timestamp="2025-06-05T17:00:57.720+00:00" time="16.016">
        </testcase>
        <testcase name="app::sagas::disk_create::test::test_saga_basic_usage_succeeds" classname="omicron-nexus" timestamp="2025-06-05T17:01:02.397+00:00" time="19.925">
        </testcase>
        <testcase name="app::sagas::image_create::test::test_actions_succeed_idempotently" classname="omicron-nexus" timestamp="2025-06-05T17:01:05.730+00:00" time="16.897">
        </testcase>
        <testcase name="app::sagas::disk_delete::test::test_saga_basic_usage_succeeds" classname="omicron-nexus" timestamp="2025-06-05T17:01:02.745+00:00" time="20.750">
        </testcase>
        <testcase name="app::sagas::disk_create::test::test_actions_succeed_idempotently" classname="omicron-nexus" timestamp="2025-06-05T17:01:02.393+00:00" time="22.248">
        </testcase>
        <testcase name="app::sagas::disk_delete::test::test_actions_succeed_idempotently" classname="omicron-nexus" timestamp="2025-06-05T17:01:02.404+00:00" time="22.302">
        </testcase>
        <testcase name="app::sagas::image_create::test::test_saga_basic_usage_succeeds_silo" classname="omicron-nexus" timestamp="2025-06-05T17:01:13.736+00:00" time="15.957">
        </testcase>
        <testcase name="app::sagas::image_create::test::test_saga_basic_usage_succeeds_project" classname="omicron-nexus" timestamp="2025-06-05T17:01:12.068+00:00" time="23.021">
        </testcase>
        <testcase name="app::sagas::instance_create::test::test_saga_basic_usage_succeeds" classname="omicron-nexus" timestamp="2025-06-05T17:01:22.627+00:00" time="24.741">
        </testcase>
        <testcase name="app::sagas::instance_delete::test::test_actions_succeed_idempotently" classname="omicron-nexus" timestamp="2025-06-05T17:01:23.495+00:00" time="25.134">
        </testcase>
        <testcase name="app::sagas::instance_create::test::test_actions_succeed_idempotently" classname="omicron-nexus" timestamp="2025-06-05T17:01:22.322+00:00" time="26.668">
        </testcase>
        <testcase name="app::sagas::instance_ip_attach::test::test_actions_succeed_idempotently" classname="omicron-nexus" timestamp="2025-06-05T17:01:24.706+00:00" time="24.781">
        </testcase>
        <testcase name="app::sagas::instance_delete::test::test_saga_basic_usage_succeeds" classname="omicron-nexus" timestamp="2025-06-05T17:01:24.641+00:00" time="25.576">
        </testcase>
        <testcase name="app::sagas::instance_ip_attach::test::test_saga_basic_usage_succeeds" classname="omicron-nexus" timestamp="2025-06-05T17:01:29.693+00:00" time="22.809">
        </testcase>
        <testcase name="app::sagas::instance_ip_detach::test::test_actions_succeed_idempotently" classname="omicron-nexus" timestamp="2025-06-05T17:01:35.089+00:00" time="26.018">
        </testcase>
        <testcase name="app::sagas::instance_start::test::test_actions_succeed_idempotently" classname="omicron-nexus" timestamp="2025-06-05T17:01:48.990+00:00" time="21.797">
        </testcase>
        <testcase name="app::sagas::instance_start::test::test_ensure_running_unwind" classname="omicron-nexus" timestamp="2025-06-05T17:01:49.487+00:00" time="21.874">
        </testcase>
        <testcase name="app::sagas::instance_start::test::test_saga_basic_usage_succeeds" classname="omicron-nexus" timestamp="2025-06-05T17:01:50.217+00:00" time="21.553">
        </testcase>
        <testcase name="app::sagas::instance_ip_detach::test::test_saga_basic_usage_succeeds" classname="omicron-nexus" timestamp="2025-06-05T17:01:47.368+00:00" time="24.573">
        </testcase>
        <testcase name="app::sagas::instance_migrate::tests::test_saga_basic_usage_succeeds" classname="omicron-nexus" timestamp="2025-06-05T17:01:48.629+00:00" time="23.955">
        </testcase>
        <testcase name="app::sagas::instance_update::test::test_active_vmm_destroyed_actions_succeed_idempotently" classname="omicron-nexus" timestamp="2025-06-05T17:02:01.108+00:00" time="21.457">
        </testcase>
        <testcase name="app::sagas::instance_update::test::test_active_vmm_destroyed_succeeds" classname="omicron-nexus" timestamp="2025-06-05T17:02:10.787+00:00" time="22.999">
        </testcase>
        <testcase name="app::sagas::instance_update::test::test_migration_completed_but_target_destroyed_succeeds" classname="omicron-nexus" timestamp="2025-06-05T17:02:11.941+00:00" time="23.423">
        </testcase>
        <testcase name="app::sagas::instance_update::test::test_migration_completed_but_target_destroyed_actions_succeed_idempotently" classname="omicron-nexus" timestamp="2025-06-05T17:02:11.361+00:00" time="24.423">
        </testcase>
        <testcase name="app::sagas::instance_update::test::test_migration_completed_source_destroyed_actions_succeed_idempotently" classname="omicron-nexus" timestamp="2025-06-05T17:02:12.583+00:00" time="24.088">
        </testcase>
        <testcase name="app::sagas::instance_update::test::test_migration_completed_source_destroyed_succeeds" classname="omicron-nexus" timestamp="2025-06-05T17:02:33.787+00:00" time="25.135">
        </testcase>
        <testcase name="app::sagas::instance_update::test::test_migration_failed_everyone_died_actions_succeed_idempotently" classname="omicron-nexus" timestamp="2025-06-05T17:02:35.364+00:00" time="25.679">
        </testcase>
        <testcase name="app::sagas::instance_update::test::test_migration_failed_everyone_died_succeeds" classname="omicron-nexus" timestamp="2025-06-05T17:02:36.672+00:00" time="24.436">
        </testcase>
        <testcase name="app::sagas::instance_update::test::test_migration_source_completed_actions_succeed_idempotently" classname="omicron-nexus" timestamp="2025-06-05T17:02:58.922+00:00" time="26.154">
        </testcase>
        <testcase name="app::sagas::instance_update::test::test_migration_source_completed_succeeds" classname="omicron-nexus" timestamp="2025-06-05T17:03:01.108+00:00" time="25.844">
        </testcase>
        <testcase name="app::sagas::instance_update::test::test_active_vmm_destroyed_action_failure_can_unwind" classname="omicron-nexus" timestamp="2025-06-05T17:01:52.503+00:00" time="111.736">
        </testcase>
        <testcase name="app::sagas::instance_update::test::test_migration_source_failed_destroyed_actions_succeed_idempotently" classname="omicron-nexus" timestamp="2025-06-05T17:03:25.076+00:00" time="25.052">
        </testcase>
        <testcase name="app::sagas::instance_update::test::test_migration_source_failed_destroyed_succeeds" classname="omicron-nexus" timestamp="2025-06-05T17:03:44.239+00:00" time="25.585">
        </testcase>
        <testcase name="app::sagas::instance_update::test::test_migration_completed_source_destroyed_can_unwind" classname="omicron-nexus" timestamp="2025-06-05T17:02:22.565+00:00" time="112.061">
        </testcase>
        <testcase name="app::sagas::instance_update::test::test_migration_source_completed_can_unwind" classname="omicron-nexus" timestamp="2025-06-05T17:03:01.043+00:00" time="73.824">
        </testcase>
        <testcase name="app::sagas::instance_update::test::test_migration_target_completed_actions_succeed_idempotently" classname="omicron-nexus" timestamp="2025-06-05T17:03:50.128+00:00" time="25.857">
        </testcase>
        <testcase name="app::sagas::instance_update::test::test_migration_completed_but_target_destroyed_can_unwind" classname="omicron-nexus" timestamp="2025-06-05T17:02:11.770+00:00" time="133.565">
        </testcase>
        <testcase name="app::sagas::instance_update::test::test_migration_target_failed_actions_succeed_idempotently" classname="omicron-nexus" timestamp="2025-06-05T17:04:14.867+00:00" time="24.663">
        </testcase>
        <testcase name="app::sagas::instance_update::test::test_migration_target_completed_succeeds" classname="omicron-nexus" timestamp="2025-06-05T17:04:14.626+00:00" time="25.554">
        </testcase>
        <testcase name="app::sagas::instance_update::test::test_migration_target_failed_destroyed_actions_succeed_idempotently" classname="omicron-nexus" timestamp="2025-06-05T17:04:25.335+00:00" time="23.864">
        </testcase>
        <testcase name="app::sagas::instance_update::test::test_migration_target_failed_destroyed_succeeds" classname="omicron-nexus" timestamp="2025-06-05T17:04:40.181+00:00" time="23.893">
        </testcase>
        <testcase name="app::sagas::instance_update::test::test_migration_target_failed_succeeds" classname="omicron-nexus" timestamp="2025-06-05T17:04:49.200+00:00" time="23.467">
        </testcase>
        <testcase name="app::sagas::instance_update::test::test_migration_target_completed_can_unwind" classname="omicron-nexus" timestamp="2025-06-05T17:04:09.824+00:00" time="67.812">
        </testcase>
        <testcase name="app::sagas::instance_update::test::test_migration_failed_everyone_died_can_unwind" classname="omicron-nexus" timestamp="2025-06-05T17:02:35.785+00:00" time="169.896">
        </testcase>
        <testcase name="app::sagas::project_create::test::test_saga_basic_usage_succeeds" classname="omicron-nexus" timestamp="2025-06-05T17:05:17.637+00:00" time="15.469">
        </testcase>
        <testcase name="app::sagas::instance_update::test::test_start_saga_actions_succeed_idempotently" classname="omicron-nexus" timestamp="2025-06-05T17:05:12.667+00:00" time="23.277">
        </testcase>
        <testcase name="app::sagas::instance_update::test::test_migration_source_failed_destroyed_can_unwind" classname="omicron-nexus" timestamp="2025-06-05T17:03:26.951+00:00" time="133.220">
        </testcase>
        <testcase name="app::sagas::region_replacement_finish::test::test_region_replacement_finish_saga" classname="omicron-nexus" timestamp="2025-06-05T17:05:25.605+00:00" time="15.694">
        </testcase>
        <testcase name="app::sagas::instance_update::test::test_start_saga_action_failure_can_unwind" classname="omicron-nexus" timestamp="2025-06-05T17:05:04.074+00:00" time="37.618">
        </testcase>
        <testcase name="app::sagas::region_replacement_start::test::test_find_only_new_region" classname="omicron-nexus" timestamp="2025-06-05T17:05:33.105+00:00" time="15.819">
        </testcase>
        <testcase name="app::sagas::region_replacement_start::test::test_actions_succeed_idempotently" classname="omicron-nexus" timestamp="2025-06-05T17:05:25.680+00:00" time="23.843">
        </testcase>
        <testcase name="app::sagas::region_snapshot_replacement_garbage_collect::test::test_region_snapshot_replacement_garbage_collect_saga" classname="omicron-nexus" timestamp="2025-06-05T17:05:40.172+00:00" time="19.563">
        </testcase>
        <testcase name="app::sagas::region_replacement_start::test::test_region_replacement_start_saga" classname="omicron-nexus" timestamp="2025-06-05T17:05:35.944+00:00" time="25.855">
        </testcase>
        <testcase name="app::sagas::region_snapshot_replacement_start::test::test_actions_succeed_idempotently" classname="omicron-nexus" timestamp="2025-06-05T17:05:41.299+00:00" time="30.224">
        </testcase>
        <testcase name="app::sagas::snapshot_create::test::test_create_snapshot_from_disk_modify_request" classname="omicron-nexus" timestamp="2025-06-05T17:06:11.523+00:00" time="0.033">
        </testcase>
        <testcase name="app::sagas::region_snapshot_replacement_start::test::test_no_leak_region" classname="omicron-nexus" timestamp="2025-06-05T17:05:41.692+00:00" time="30.921">
        </testcase>
        <testcase name="app::sagas::instance_update::test::test_migration_target_failed_can_unwind" classname="omicron-nexus" timestamp="2025-06-05T17:04:15.986+00:00" time="120.476">
        </testcase>
        <testcase name="app::sagas::region_snapshot_replacement_start::test::test_region_snapshot_replacement_start_prefer_not_self" classname="omicron-nexus" timestamp="2025-06-05T17:05:49.524+00:00" time="27.376">
        </testcase>
        <testcase name="app::sagas::region_snapshot_replacement_step_garbage_collect::test::test_region_snapshot_replacement_step_garbage_collect_saga" classname="omicron-nexus" timestamp="2025-06-05T17:06:01.799+00:00" time="16.169">
        </testcase>
        <testcase name="app::sagas::region_snapshot_replacement_start::test::test_region_snapshot_replacement_start_hail_mary" classname="omicron-nexus" timestamp="2025-06-05T17:05:48.925+00:00" time="29.345">
        </testcase>
        <testcase name="app::sagas::region_snapshot_replacement_start::test::test_region_snapshot_replacement_start_saga" classname="omicron-nexus" timestamp="2025-06-05T17:05:59.735+00:00" time="25.837">
        </testcase>
        <testcase name="app::sagas::test_saga::test_saga_stuck" classname="omicron-nexus" timestamp="2025-06-05T17:06:16.900+00:00" time="16.797">
        </testcase>
        <testcase name="app::sagas::snapshot_create::test::test_saga_basic_usage_succeeds" classname="omicron-nexus" timestamp="2025-06-05T17:06:11.556+00:00" time="25.401">
        </testcase>
        <testcase name="app::sagas::vpc_subnet_create::test::test_actions_succeed_idempotently" classname="omicron-nexus" timestamp="2025-06-05T17:06:18.270+00:00" time="19.034">
        </testcase>
        <testcase name="app::sagas::vpc_create::test::test_saga_basic_usage_succeeds" classname="omicron-nexus" timestamp="2025-06-05T17:06:17.967+00:00" time="20.101">
        </testcase>
        <testcase name="app::sagas::instance_update::test::test_migration_target_failed_destroyed_can_unwind" classname="omicron-nexus" timestamp="2025-06-05T17:04:39.530+00:00" time="123.171">
        </testcase>
        <testcase name="app::sagas::vpc_subnet_create::test::test_saga_basic_usage_succeeds" classname="omicron-nexus" timestamp="2025-06-05T17:06:25.571+00:00" time="17.505">
        </testcase>
        <testcase name="external_api::console_api::test::test_accept_gz" classname="omicron-nexus" timestamp="2025-06-05T17:06:43.077+00:00" time="0.061">
        </testcase>
        <testcase name="external_api::console_api::test::test_find_file_404_on_directory" classname="omicron-nexus" timestamp="2025-06-05T17:06:43.138+00:00" time="0.057">
        </testcase>
        <testcase name="external_api::console_api::test::test_find_file_404_on_nonexistent" classname="omicron-nexus" timestamp="2025-06-05T17:06:43.194+00:00" time="0.067">
        </testcase>
        <testcase name="external_api::console_api::test::test_find_file_404_on_nonexistent_nested" classname="omicron-nexus" timestamp="2025-06-05T17:06:43.262+00:00" time="0.111">
        </testcase>
        <testcase name="external_api::console_api::test::test_find_file_404_on_symlink" classname="omicron-nexus" timestamp="2025-06-05T17:06:43.373+00:00" time="0.075">
        </testcase>
        <testcase name="external_api::console_api::test::test_find_file_finds_file" classname="omicron-nexus" timestamp="2025-06-05T17:06:43.448+00:00" time="0.103">
        </testcase>
        <testcase name="external_api::console_api::test::test_find_file_wont_follow_symlink" classname="omicron-nexus" timestamp="2025-06-05T17:06:43.551+00:00" time="0.063">
        </testcase>
        <testcase name="external_api::console_api::test::test_relative_uri" classname="omicron-nexus" timestamp="2025-06-05T17:06:43.614+00:00" time="0.027">
        </testcase>
        <testcase name="app::sagas::snapshot_create::test::test_saga_use_the_pantry_wrongly_set" classname="omicron-nexus" timestamp="2025-06-05T17:06:12.613+00:00" time="34.487">
        </testcase>
        <testcase name="cidata::tests::build_vfat_works_with_arbitrarily_sized_input" classname="omicron-nexus" timestamp="2025-06-05T17:06:42.701+00:00" time="4.698">
        </testcase>
        <testcase name="app::sagas::snapshot_create::test::test_saga_use_the_pantry_wrongly_unset" classname="omicron-nexus" timestamp="2025-06-05T17:06:16.462+00:00" time="34.601">
        </testcase>
        <testcase name="app::sagas::vpc_subnet_delete::test::test_actions_succeed_idempotently" classname="omicron-nexus" timestamp="2025-06-05T17:06:33.697+00:00" time="17.495">
        </testcase>
        <testcase name="app::sagas::vpc_subnet_update::test::test_actions_succeed_idempotently" classname="omicron-nexus" timestamp="2025-06-05T17:06:37.304+00:00" time="18.080">
        </testcase>
        <testcase name="app::sagas::vpc_subnet_delete::test::test_saga_basic_usage_succeeds" classname="omicron-nexus" timestamp="2025-06-05T17:06:36.957+00:00" time="18.568">
        </testcase>
        <testcase name="app::sagas::vpc_subnet_update::test::test_saga_basic_usage_succeeds" classname="omicron-nexus" timestamp="2025-06-05T17:06:38.069+00:00" time="18.120">
        </testcase>
        <testcase name="populate::test::test_populators" classname="omicron-nexus" timestamp="2025-06-05T17:06:43.642+00:00" time="40.923">
        </testcase>
    </testsuite>
    <testsuite name="api_identity" tests="2" disabled="0" errors="0" failures="0">
        <testcase name="test::test_identity" classname="api_identity" timestamp="2025-06-05T16:51:46.711+00:00" time="0.007">
        </testcase>
        <testcase name="test::test_identity_no_field" classname="api_identity" timestamp="2025-06-05T16:51:46.718+00:00" time="0.005">
        </testcase>
    </testsuite>
    <testsuite name="authz-macros" tests="1" disabled="0" errors="0" failures="0">
        <testcase name="tests::test_authz_snapshots" classname="authz-macros" timestamp="2025-06-05T16:51:46.724+00:00" time="0.020">
        </testcase>
    </testsuite>
    <testsuite name="bootstore" tests="6" disabled="0" errors="0" failures="0">
        <testcase name="schemes::tests::hello_roundtrip" classname="bootstore" timestamp="2025-06-05T16:51:46.744+00:00" time="0.062">
        </testcase>
        <testcase name="schemes::v0::peer::tests::basic_3_nodes" classname="bootstore" timestamp="2025-06-05T16:51:46.806+00:00" time="1.049">
        </testcase>
        <testcase name="schemes::v0::peer::tests::network_config" classname="bootstore" timestamp="2025-06-05T16:51:47.855+00:00" time="0.025">
        </testcase>
        <testcase name="schemes::v0::share_pkg::tests::create_packages" classname="bootstore" timestamp="2025-06-05T16:51:47.880+00:00" time="0.015">
        </testcase>
        <testcase name="trust_quorum::rack_secret::tests::create_and_verify" classname="bootstore" timestamp="2025-06-05T16:51:47.895+00:00" time="0.012">
        </testcase>
        <testcase name="trust_quorum::rack_secret::tests::secret_splitting_fails_with_threshold_larger_than_total_shares" classname="bootstore" timestamp="2025-06-05T16:51:47.907+00:00" time="0.013">
        </testcase>
    </testsuite>
    <testsuite name="bootstore::v0-fsm-proptest-learner" tests="1" disabled="0" errors="0" failures="0">
        <testcase name="run" classname="bootstore::v0-fsm-proptest-learner" timestamp="2025-06-05T16:51:47.921+00:00" time="2.576">
        </testcase>
    </testsuite>
    <testsuite name="cert-dev::test-cert-dev" tests="1" disabled="0" errors="0" failures="0">
        <testcase name="test_cert_create" classname="cert-dev::test-cert-dev" timestamp="2025-06-05T16:51:54.177+00:00" time="0.053">
        </testcase>
    </testsuite>
    <testsuite name="clickana" tests="5" disabled="0" errors="0" failures="0">
        <testcase name="chart::tests::gather_chart_data_failure" classname="clickana" timestamp="2025-06-05T16:51:54.230+00:00" time="0.303">
        </testcase>
        <testcase name="chart::tests::gather_chart_data_for_disk_usage_success" classname="clickana" timestamp="2025-06-05T16:51:54.535+00:00" time="0.005">
        </testcase>
        <testcase name="chart::tests::gather_chart_data_for_memory_tracking_success" classname="clickana" timestamp="2025-06-05T16:51:54.540+00:00" time="0.004">
        </testcase>
        <testcase name="chart::tests::gather_chart_data_for_query_count_success" classname="clickana" timestamp="2025-06-05T16:51:54.544+00:00" time="0.004">
        </testcase>
        <testcase name="chart::tests::gather_chart_data_for_running_queries_success" classname="clickana" timestamp="2025-06-05T16:51:54.548+00:00" time="0.004">
        </testcase>
    </testsuite>
    <testsuite name="clickhouse-admin-types" tests="34" disabled="0" errors="0" failures="0">
        <testcase name="tests::test_additional_key_value_pairs_in_output_parse_fail" classname="clickhouse-admin-types" timestamp="2025-06-05T16:51:54.552+00:00" time="0.008">
        </testcase>
        <testcase name="tests::test_distributed_ddl_queries_parse_success" classname="clickhouse-admin-types" timestamp="2025-06-05T16:51:54.560+00:00" time="0.031">
        </testcase>
        <testcase name="tests::test_empty_distributed_ddl_queries_parse_success" classname="clickhouse-admin-types" timestamp="2025-06-05T16:51:54.591+00:00" time="0.005">
        </testcase>
        <testcase name="tests::test_empty_output_parse_fail" classname="clickhouse-admin-types" timestamp="2025-06-05T16:51:54.596+00:00" time="0.005">
        </testcase>
        <testcase name="tests::test_empty_output_raft_config_parse_fail" classname="clickhouse-admin-types" timestamp="2025-06-05T16:51:54.601+00:00" time="0.005">
        </testcase>
        <testcase name="tests::test_empty_value_lgif_parse_fail" classname="clickhouse-admin-types" timestamp="2025-06-05T16:51:54.606+00:00" time="0.005">
        </testcase>
        <testcase name="tests::test_full_keeper_conf_parse_success" classname="clickhouse-admin-types" timestamp="2025-06-05T16:51:54.611+00:00" time="0.005">
        </testcase>
        <testcase name="tests::test_full_lgif_parse_success" classname="clickhouse-admin-types" timestamp="2025-06-05T16:51:54.616+00:00" time="0.010">
        </testcase>
        <testcase name="tests::test_full_raft_config_parse_success" classname="clickhouse-admin-types" timestamp="2025-06-05T16:51:54.625+00:00" time="0.013">
        </testcase>
        <testcase name="tests::test_generate_keeper_config" classname="clickhouse-admin-types" timestamp="2025-06-05T16:51:54.638+00:00" time="0.026">
        </testcase>
        <testcase name="tests::test_generate_replica_config" classname="clickhouse-admin-types" timestamp="2025-06-05T16:51:54.664+00:00" time="0.029">
        </testcase>
        <testcase name="tests::test_invalid_address_raft_config_parse_fail" classname="clickhouse-admin-types" timestamp="2025-06-05T16:51:54.693+00:00" time="0.005">
        </testcase>
        <testcase name="tests::test_malformed_output_keeper_conf_parse_fail" classname="clickhouse-admin-types" timestamp="2025-06-05T16:51:54.698+00:00" time="0.005">
        </testcase>
        <testcase name="tests::test_misshapen_distributed_ddl_queries_parse_fail" classname="clickhouse-admin-types" timestamp="2025-06-05T16:51:54.703+00:00" time="0.005">
        </testcase>
        <testcase name="tests::test_misshapen_id_raft_config_parse_fail" classname="clickhouse-admin-types" timestamp="2025-06-05T16:51:54.708+00:00" time="0.005">
        </testcase>
        <testcase name="tests::test_misshapen_participant_raft_config_parse_fail" classname="clickhouse-admin-types" timestamp="2025-06-05T16:51:54.712+00:00" time="0.004">
        </testcase>
        <testcase name="tests::test_misshapen_port_raft_config_parse_fail" classname="clickhouse-admin-types" timestamp="2025-06-05T16:51:54.716+00:00" time="0.005">
        </testcase>
        <testcase name="tests::test_misshapen_priority_raft_config_parse_fail" classname="clickhouse-admin-types" timestamp="2025-06-05T16:51:54.721+00:00" time="0.006">
        </testcase>
        <testcase name="tests::test_misshapen_raft_config_parse_fail" classname="clickhouse-admin-types" timestamp="2025-06-05T16:51:54.727+00:00" time="0.004">
        </testcase>
        <testcase name="tests::test_misshapen_system_timeseries_parse_fail" classname="clickhouse-admin-types" timestamp="2025-06-05T16:51:54.731+00:00" time="0.004">
        </testcase>
        <testcase name="tests::test_missing_address_raft_config_parse_fail" classname="clickhouse-admin-types" timestamp="2025-06-05T16:51:54.735+00:00" time="0.004">
        </testcase>
        <testcase name="tests::test_missing_field_keeper_conf_parse_fail" classname="clickhouse-admin-types" timestamp="2025-06-05T16:51:54.738+00:00" time="0.004">
        </testcase>
        <testcase name="tests::test_missing_keys_lgif_parse_fail" classname="clickhouse-admin-types" timestamp="2025-06-05T16:51:54.739+00:00" time="0.004">
        </testcase>
        <testcase name="tests::test_missing_port_raft_config_parse_fail" classname="clickhouse-admin-types" timestamp="2025-06-05T16:51:54.743+00:00" time="0.003">
        </testcase>
        <testcase name="tests::test_missing_participant_raft_config_parse_fail" classname="clickhouse-admin-types" timestamp="2025-06-05T16:51:54.742+00:00" time="0.006">
        </testcase>
        <testcase name="tests::test_missing_priority_raft_config_parse_fail" classname="clickhouse-admin-types" timestamp="2025-06-05T16:51:54.746+00:00" time="0.004">
        </testcase>
        <testcase name="tests::test_missing_server_id_raft_config_parse_fail" classname="clickhouse-admin-types" timestamp="2025-06-05T16:51:54.748+00:00" time="0.003">
        </testcase>
        <testcase name="tests::test_missing_value_keeper_conf_parse_fail" classname="clickhouse-admin-types" timestamp="2025-06-05T16:51:54.750+00:00" time="0.003">
        </testcase>
        <testcase name="tests::test_non_existent_key_with_correct_value_lgif_parse_fail" classname="clickhouse-admin-types" timestamp="2025-06-05T16:51:54.754+00:00" time="0.004">
        </testcase>
        <testcase name="tests::test_non_existent_key_keeper_conf_parse_fail" classname="clickhouse-admin-types" timestamp="2025-06-05T16:51:54.751+00:00" time="0.006">
        </testcase>
        <testcase name="tests::test_non_u64_value_lgif_parse_fail" classname="clickhouse-admin-types" timestamp="2025-06-05T16:51:54.757+00:00" time="0.004">
        </testcase>
        <testcase name="tests::test_unix_epoch_system_timeseries_parse_success" classname="clickhouse-admin-types" timestamp="2025-06-05T16:51:54.758+00:00" time="0.004">
        </testcase>
        <testcase name="tests::test_time_format_system_timeseries_parse_fail" classname="clickhouse-admin-types" timestamp="2025-06-05T16:51:54.758+00:00" time="0.004">
        </testcase>
        <testcase name="tests::test_utc_system_timeseries_parse_success" classname="clickhouse-admin-types" timestamp="2025-06-05T16:51:54.761+00:00" time="0.004">
        </testcase>
    </testsuite>
    <testsuite name="bootstore::v0-fsm-proptest-rack-coordinator" tests="1" disabled="0" errors="0" failures="0">
        <testcase name="run" classname="bootstore::v0-fsm-proptest-rack-coordinator" timestamp="2025-06-05T16:51:50.497+00:00" time="4.240">
        </testcase>
    </testsuite>
    <testsuite name="cockroach-admin-types" tests="7" disabled="0" errors="0" failures="0">
        <testcase name="tests::test_node_decommission_parse_with_no_trailing_notes" classname="cockroach-admin-types" timestamp="2025-06-05T16:51:54.766+00:00" time="0.003">
        </testcase>
        <testcase name="tests::test_node_decommission_parse_with_trailing_notes" classname="cockroach-admin-types" timestamp="2025-06-05T16:51:54.769+00:00" time="0.003">
        </testcase>
        <testcase name="tests::test_node_decommission_parse_with_unexpected_membership_value" classname="cockroach-admin-types" timestamp="2025-06-05T16:51:54.772+00:00" time="0.003">
        </testcase>
        <testcase name="tests::test_node_status_parse_multiple_lines_from_csv" classname="cockroach-admin-types" timestamp="2025-06-05T16:51:54.775+00:00" time="0.005">
        </testcase>
        <testcase name="tests::test_node_status_parse_single_line_from_csv" classname="cockroach-admin-types" timestamp="2025-06-05T16:51:54.781+00:00" time="0.003">
        </testcase>
        <testcase name="tests::node_status_parse_doesnt_panic_on_arbitrary_input" classname="cockroach-admin-types" timestamp="2025-06-05T16:51:54.762+00:00" time="0.062">
        </testcase>
        <testcase name="tests::node_decommission_parse_doesnt_panic_on_arbitrary_input" classname="cockroach-admin-types" timestamp="2025-06-05T16:51:54.762+00:00" time="0.066">
        </testcase>
    </testsuite>
    <testsuite name="db-dev::test-db-dev" tests="4" disabled="0" errors="0" failures="0">
        <testcase name="test_db_dev_populate_no_args" classname="db-dev::test-db-dev" timestamp="2025-06-05T16:51:54.784+00:00" time="0.038">
        </testcase>
        <testcase name="test_db_dev_wipe_no_args" classname="db-dev::test-db-dev" timestamp="2025-06-05T16:51:54.822+00:00" time="0.010">
        </testcase>
        <testcase name="test_db_killed" classname="db-dev::test-db-dev" timestamp="2025-06-05T16:51:54.824+00:00" time="10.045">
        </testcase>
        <testcase name="test_db_run" classname="db-dev::test-db-dev" timestamp="2025-06-05T16:51:54.828+00:00" time="35.166">
        </testcase>
    </testsuite>
    <testsuite name="db-macros" tests="8" disabled="0" errors="0" failures="0">
        <testcase name="lookup::test::test_lookup_snapshots" classname="db-macros" timestamp="2025-06-05T16:51:54.832+00:00" time="0.044">
        </testcase>
        <testcase name="tests::test_derive_metadata_identity_fails_for_enums" classname="db-macros" timestamp="2025-06-05T16:51:54.876+00:00" time="0.006">
        </testcase>
        <testcase name="tests::test_derive_metadata_identity_fails_with_wrong_table_name_type" classname="db-macros" timestamp="2025-06-05T16:51:54.882+00:00" time="0.004">
        </testcase>
        <testcase name="tests::test_derive_metadata_identity_fails_without_embedded_identity" classname="db-macros" timestamp="2025-06-05T16:51:54.887+00:00" time="0.018">
        </testcase>
        <testcase name="tests::test_derive_metadata_identity_fails_without_table_name" classname="db-macros" timestamp="2025-06-05T16:51:54.905+00:00" time="0.010">
        </testcase>
        <testcase name="tests::test_derive_metadata_identity_minimal_example_compiles" classname="db-macros" timestamp="2025-06-05T16:51:54.916+00:00" time="0.006">
        </testcase>
        <testcase name="tests::test_derive_snapshots" classname="db-macros" timestamp="2025-06-05T16:51:54.922+00:00" time="0.010">
        </testcase>
        <testcase name="tests::test_derive_with_unknown_field" classname="db-macros" timestamp="2025-06-05T16:51:54.932+00:00" time="0.006">
        </testcase>
    </testsuite>
    <testsuite name="dns-server" tests="4" disabled="0" errors="0" failures="0">
        <testcase name="storage::test::test_update_basic" classname="dns-server" timestamp="2025-06-05T16:51:54.938+00:00" time="0.105">
        </testcase>
        <testcase name="storage::test::test_update_in_progress" classname="dns-server" timestamp="2025-06-05T16:51:55.043+00:00" time="0.070">
        </testcase>
        <testcase name="storage::test::test_update_interrupted" classname="dns-server" timestamp="2025-06-05T16:51:55.112+00:00" time="0.081">
        </testcase>
        <testcase name="storage::test::test_zone_gets_soa_record" classname="dns-server" timestamp="2025-06-05T16:51:55.194+00:00" time="0.100">
        </testcase>
    </testsuite>
    <testsuite name="dns-server::basic_test" tests="10" disabled="0" errors="0" failures="0">
        <testcase name="a_crud" classname="dns-server::basic_test" timestamp="2025-06-05T16:51:55.294+00:00" time="0.111">
        </testcase>
        <testcase name="aaaa_crud" classname="dns-server::basic_test" timestamp="2025-06-05T16:51:55.404+00:00" time="0.095">
        </testcase>
        <testcase name="answers_match_question" classname="dns-server::basic_test" timestamp="2025-06-05T16:51:55.500+00:00" time="0.104">
        </testcase>
        <testcase name="empty_record" classname="dns-server::basic_test" timestamp="2025-06-05T16:51:55.604+00:00" time="0.111">
        </testcase>
        <testcase name="multi_record_crud" classname="dns-server::basic_test" timestamp="2025-06-05T16:51:55.715+00:00" time="0.107">
        </testcase>
        <testcase name="name_contains_zone" classname="dns-server::basic_test" timestamp="2025-06-05T16:51:55.822+00:00" time="0.103">
        </testcase>
        <testcase name="nxdomain" classname="dns-server::basic_test" timestamp="2025-06-05T16:51:55.926+00:00" time="0.140">
        </testcase>
        <testcase name="servfail" classname="dns-server::basic_test" timestamp="2025-06-05T16:51:56.066+00:00" time="0.120">
        </testcase>
        <testcase name="soa" classname="dns-server::basic_test" timestamp="2025-06-05T16:51:56.186+00:00" time="0.143">
        </testcase>
        <testcase name="srv_crud" classname="dns-server::basic_test" timestamp="2025-06-05T16:51:56.329+00:00" time="0.131">
        </testcase>
    </testsuite>
    <testsuite name="dns-server::commands_test" tests="1" disabled="0" errors="0" failures="0">
        <testcase name="test_dnsadm" classname="dns-server::commands_test" timestamp="2025-06-05T16:51:56.460+00:00" time="1.132">
        </testcase>
    </testsuite>
    <testsuite name="dns-server::cross_version_test" tests="1" disabled="0" errors="0" failures="0">
        <testcase name="cross_version_works" classname="dns-server::cross_version_test" timestamp="2025-06-05T16:51:57.592+00:00" time="0.162">
        </testcase>
    </testsuite>
    <testsuite name="ereport-types" tests="1" disabled="0" errors="0" failures="0">
        <testcase name="tests::test_arb_json_deserializes" classname="ereport-types" timestamp="2025-06-05T16:51:57.754+00:00" time="0.005">
        </testcase>
    </testsuite>
    <testsuite name="gateway-cli::bin/gateway-cli" tests="2" disabled="0" errors="0" failures="0">
        <testcase name="picocom_map::tests::reject_invalid_rules" classname="gateway-cli::bin/gateway-cli" timestamp="2025-06-05T16:51:57.759+00:00" time="0.004">
        </testcase>
        <testcase name="picocom_map::tests::remapping" classname="gateway-cli::bin/gateway-cli" timestamp="2025-06-05T16:51:57.764+00:00" time="0.004">
        </testcase>
    </testsuite>
    <testsuite name="gfss" tests="6" disabled="0" errors="0" failures="0">
        <testcase name="gf256::tests::test_all_multiplication" classname="gfss" timestamp="2025-06-05T16:51:57.767+00:00" time="0.006">
        </testcase>
        <testcase name="gf256::tests::test_all_multiplicative_inverses" classname="gfss" timestamp="2025-06-05T16:51:57.773+00:00" time="0.003">
        </testcase>
        <testcase name="gf256::tests::test_docs_example" classname="gfss" timestamp="2025-06-05T16:51:57.777+00:00" time="0.003">
        </testcase>
        <testcase name="polynomial::tests::test_polynomial_eval" classname="gfss" timestamp="2025-06-05T16:51:57.780+00:00" time="6.582">
        </testcase>
        <testcase name="shamir::tests::test_share_reconstruction" classname="gfss" timestamp="2025-06-05T16:52:04.868+00:00" time="0.010">
        </testcase>
        <testcase name="shamir::tests::split_and_combine" classname="gfss" timestamp="2025-06-05T16:52:04.362+00:00" time="0.974">
        </testcase>
    </testsuite>
    <testsuite name="id-map" tests="14" disabled="0" errors="0" failures="0">
        <testcase name="tests::deserialize_rejects_duplicates" classname="id-map" timestamp="2025-06-05T16:52:04.879+00:00" time="0.004">
        </testcase>
        <testcase name="tests::deserialize_rejects_mismatched_keys" classname="id-map" timestamp="2025-06-05T16:52:04.882+00:00" time="0.004">
        </testcase>
        <testcase name="tests::get_mut_panics_if_id_changes" classname="id-map" timestamp="2025-06-05T16:52:04.886+00:00" time="0.132">
        </testcase>
        <testcase name="tests::iter_mut_panics_if_id_changes" classname="id-map" timestamp="2025-06-05T16:52:05.018+00:00" time="0.041">
        </testcase>
        <testcase name="tests::methods_allow_borrowed_ids" classname="id-map" timestamp="2025-06-05T16:52:05.059+00:00" time="0.004">
        </testcase>
        <testcase name="tests::mut_into_iter_panics_if_id_changes" classname="id-map" timestamp="2025-06-05T16:52:05.063+00:00" time="0.058">
        </testcase>
        <testcase name="tests::occupied_entry_panics_if_id_changed_via_get_mut" classname="id-map" timestamp="2025-06-05T16:52:05.121+00:00" time="0.043">
        </testcase>
        <testcase name="tests::occupied_entry_panics_if_id_changed_via_into_mut" classname="id-map" timestamp="2025-06-05T16:52:05.165+00:00" time="0.036">
        </testcase>
        <testcase name="tests::occupied_entry_panics_if_id_changes_on_insert" classname="id-map" timestamp="2025-06-05T16:52:05.201+00:00" time="0.043">
        </testcase>
        <testcase name="tests::retain_panics_if_id_changes" classname="id-map" timestamp="2025-06-05T16:52:05.244+00:00" time="0.054">
        </testcase>
        <testcase name="tests::serialization_is_transparent" classname="id-map" timestamp="2025-06-05T16:52:05.298+00:00" time="0.065">
        </testcase>
        <testcase name="tests::serialization_roundtrip" classname="id-map" timestamp="2025-06-05T16:52:05.336+00:00" time="0.068">
        </testcase>
        <testcase name="tests::vacant_entry_panics_if_id_changed_after_insert" classname="id-map" timestamp="2025-06-05T16:52:05.364+00:00" time="0.042">
        </testcase>
        <testcase name="tests::vacant_entry_panics_if_id_changes_on_insert" classname="id-map" timestamp="2025-06-05T16:52:05.404+00:00" time="0.035">
        </testcase>
    </testsuite>
    <testsuite name="illumos-utils" tests="24" disabled="0" errors="0" failures="0">
        <testcase name="destructor::test::test_delayed_delete" classname="illumos-utils" timestamp="2025-06-05T16:52:05.406+00:00" time="0.008">
        </testcase>
        <testcase name="destructor::test::test_destructor_bad_close" classname="illumos-utils" timestamp="2025-06-05T16:52:05.439+00:00" time="0.006">
        </testcase>
        <testcase name="link::test::test_allocate" classname="illumos-utils" timestamp="2025-06-05T16:52:05.445+00:00" time="0.006">
        </testcase>
        <testcase name="link::test::test_allocate_within_scopes" classname="illumos-utils" timestamp="2025-06-05T16:52:05.451+00:00" time="0.006">
        </testcase>
        <testcase name="opte::port_manager::tests::multiple_ports_does_not_destroy_default_route" classname="illumos-utils" timestamp="2025-06-05T16:52:05.457+00:00" time="0.008">
        </testcase>
        <testcase name="running_zone::tests::test_is_oxide_smf_service" classname="illumos-utils" timestamp="2025-06-05T16:52:05.466+00:00" time="0.005">
        </testcase>
        <testcase name="zfs::test::parse_dataset_bad_avail" classname="illumos-utils" timestamp="2025-06-05T16:52:05.470+00:00" time="0.005">
        </testcase>
        <testcase name="zfs::test::parse_dataset_bad_quota" classname="illumos-utils" timestamp="2025-06-05T16:52:05.475+00:00" time="0.004">
        </testcase>
        <testcase name="zfs::test::parse_dataset_bad_reservation" classname="illumos-utils" timestamp="2025-06-05T16:52:05.479+00:00" time="0.005">
        </testcase>
        <testcase name="zfs::test::parse_dataset_bad_usage" classname="illumos-utils" timestamp="2025-06-05T16:52:05.484+00:00" time="0.018">
        </testcase>
        <testcase name="zfs::test::parse_dataset_bad_uuid" classname="illumos-utils" timestamp="2025-06-05T16:52:05.502+00:00" time="0.017">
        </testcase>
        <testcase name="zfs::test::parse_dataset_missing_fields" classname="illumos-utils" timestamp="2025-06-05T16:52:05.519+00:00" time="0.005">
        </testcase>
        <testcase name="zfs::test::parse_dataset_props" classname="illumos-utils" timestamp="2025-06-05T16:52:05.524+00:00" time="0.005">
        </testcase>
        <testcase name="zfs::test::parse_dataset_props_with_optionals" classname="illumos-utils" timestamp="2025-06-05T16:52:05.528+00:00" time="0.004">
        </testcase>
        <testcase name="zfs::test::parse_dataset_too_many_columns" classname="illumos-utils" timestamp="2025-06-05T16:52:05.533+00:00" time="0.003">
        </testcase>
        <testcase name="zfs::test::parse_dataset_uuid_ignored_if_dash" classname="illumos-utils" timestamp="2025-06-05T16:52:05.536+00:00" time="0.004">
        </testcase>
        <testcase name="zfs::test::parse_dataset_uuid_ignored_if_inherited" classname="illumos-utils" timestamp="2025-06-05T16:52:05.540+00:00" time="0.003">
        </testcase>
        <testcase name="zfs::test::parse_quota_ignored_if_default" classname="illumos-utils" timestamp="2025-06-05T16:52:05.544+00:00" time="0.004">
        </testcase>
        <testcase name="zfs::test::parse_reservation_ignored_if_default" classname="illumos-utils" timestamp="2025-06-05T16:52:05.547+00:00" time="0.003">
        </testcase>
        <testcase name="zfs::test::parse_sorts_and_dedups" classname="illumos-utils" timestamp="2025-06-05T16:52:05.551+00:00" time="0.004">
        </testcase>
        <testcase name="zone::tests::test_parse_ip_network" classname="illumos-utils" timestamp="2025-06-05T16:52:05.554+00:00" time="0.003">
        </testcase>
        <testcase name="zpool::test::test_parse_zpool" classname="illumos-utils" timestamp="2025-06-05T16:52:05.558+00:00" time="0.004">
        </testcase>
        <testcase name="zpool::test::test_parse_zpool_missing_column" classname="illumos-utils" timestamp="2025-06-05T16:52:05.562+00:00" time="0.004">
        </testcase>
        <testcase name="destructor::test::test_delayed_delete_with_error" classname="illumos-utils" timestamp="2025-06-05T16:52:05.414+00:00" time="1.031">
        </testcase>
    </testsuite>
    <testsuite name="installinator" tests="2" disabled="0" errors="0" failures="0">
        <testcase name="write::tests::proptest_write_artifact" classname="installinator" timestamp="2025-06-05T16:52:06.445+00:00" time="2.736">
        </testcase>
        <testcase name="mock_peers::tests::proptest_fetch_artifact" classname="installinator" timestamp="2025-06-05T16:52:05.566+00:00" time="5.268">
        </testcase>
    </testsuite>
    <testsuite name="installinator-common" tests="1" disabled="0" errors="0" failures="0">
        <testcase name="block_size_writer::tests::proptest_block_writer" classname="installinator-common" timestamp="2025-06-05T16:52:09.181+00:00" time="0.083">
        </testcase>
    </testsuite>
    <testsuite name="internal-dns-resolver" tests="7" disabled="0" errors="0" failures="0">
        <testcase name="resolver::test::insert_and_lookup_multiple_records" classname="internal-dns-resolver" timestamp="2025-06-05T16:52:09.265+00:00" time="0.156">
        </testcase>
        <testcase name="resolver::test::insert_and_lookup_one_record" classname="internal-dns-resolver" timestamp="2025-06-05T16:52:09.421+00:00" time="0.148">
        </testcase>
        <testcase name="resolver::test::lookup_nonexistent_record_fails" classname="internal-dns-resolver" timestamp="2025-06-05T16:52:09.569+00:00" time="0.112">
        </testcase>
        <testcase name="resolver::test::resolver_can_access_backup_dns_server" classname="internal-dns-resolver" timestamp="2025-06-05T16:52:09.681+00:00" time="0.247">
        </testcase>
        <testcase name="resolver::test::resolver_can_be_used_with_progenitor_client" classname="internal-dns-resolver" timestamp="2025-06-05T16:52:09.928+00:00" time="0.156">
        </testcase>
        <testcase name="resolver::test::resolver_doesnt_bail_on_missing_targets" classname="internal-dns-resolver" timestamp="2025-06-05T16:52:10.084+00:00" time="0.139">
        </testcase>
        <testcase name="resolver::test::update_record" classname="internal-dns-resolver" timestamp="2025-06-05T16:52:10.223+00:00" time="0.121">
        </testcase>
    </testsuite>
    <testsuite name="internal-dns-types" tests="7" disabled="0" errors="0" failures="0">
        <testcase name="config::test::display_hosts" classname="internal-dns-types" timestamp="2025-06-05T16:52:10.344+00:00" time="0.005">
        </testcase>
        <testcase name="config::test::display_srv_service" classname="internal-dns-types" timestamp="2025-06-05T16:52:10.349+00:00" time="0.004">
        </testcase>
        <testcase name="config::test::test_builder_errors" classname="internal-dns-types" timestamp="2025-06-05T16:52:10.353+00:00" time="0.009">
        </testcase>
        <testcase name="config::test::test_builder_output" classname="internal-dns-types" timestamp="2025-06-05T16:52:10.363+00:00" time="0.005">
        </testcase>
        <testcase name="diff::test::diff_different" classname="internal-dns-types" timestamp="2025-06-05T16:52:10.368+00:00" time="0.010">
        </testcase>
        <testcase name="diff::test::diff_equivalent" classname="internal-dns-types" timestamp="2025-06-05T16:52:10.378+00:00" time="0.009">
        </testcase>
        <testcase name="diff::test::diff_invalid" classname="internal-dns-types" timestamp="2025-06-05T16:52:10.387+00:00" time="0.006">
        </testcase>
    </testsuite>
    <testsuite name="ipcc" tests="3" disabled="0" errors="0" failures="0">
        <testcase name="tests::deserialize_fixed_value" classname="ipcc" timestamp="2025-06-05T16:52:10.393+00:00" time="0.005">
        </testcase>
        <testcase name="tests::installinator_image_id_round_trip" classname="ipcc" timestamp="2025-06-05T16:52:10.399+00:00" time="0.007">
        </testcase>
        <testcase name="tests::serialized_size" classname="ipcc" timestamp="2025-06-05T16:52:10.406+00:00" time="0.006">
        </testcase>
    </testsuite>
    <testsuite name="key-manager" tests="4" disabled="0" errors="0" failures="0">
        <testcase name="tests::different_disks_produce_different_keys" classname="key-manager" timestamp="2025-06-05T16:52:10.412+00:00" time="0.006">
        </testcase>
        <testcase name="tests::different_ikm_produces_different_keys" classname="key-manager" timestamp="2025-06-05T16:52:10.419+00:00" time="0.005">
        </testcase>
        <testcase name="tests::disk_encryption_key_epoch_0" classname="key-manager" timestamp="2025-06-05T16:52:10.424+00:00" time="0.014">
        </testcase>
        <testcase name="tests::loading_key_for_old_epoch_loads_latest_epoch" classname="key-manager" timestamp="2025-06-05T16:52:10.438+00:00" time="0.017">
        </testcase>
    </testsuite>
    <testsuite name="nexus-auth" tests="28" disabled="0" errors="0" failures="0">
        <testcase name="authn::external::session_cookie::test::test_expired_cookie_absolute" classname="nexus-auth" timestamp="2025-06-05T16:52:10.455+00:00" time="0.016">
        </testcase>
        <testcase name="authn::external::session_cookie::test::test_expired_cookie_idle" classname="nexus-auth" timestamp="2025-06-05T16:52:10.471+00:00" time="0.015">
        </testcase>
        <testcase name="authn::external::session_cookie::test::test_garbage_cookie" classname="nexus-auth" timestamp="2025-06-05T16:52:10.486+00:00" time="0.012">
        </testcase>
        <testcase name="authn::external::session_cookie::test::test_get_token" classname="nexus-auth" timestamp="2025-06-05T16:52:10.498+00:00" time="0.011">
        </testcase>
        <testcase name="authn::external::session_cookie::test::test_get_token_no_header" classname="nexus-auth" timestamp="2025-06-05T16:52:10.509+00:00" time="0.015">
        </testcase>
        <testcase name="authn::external::session_cookie::test::test_get_token_other_cookie_present" classname="nexus-auth" timestamp="2025-06-05T16:52:10.524+00:00" time="0.021">
        </testcase>
        <testcase name="authn::external::session_cookie::test::test_missing_cookie" classname="nexus-auth" timestamp="2025-06-05T16:52:10.545+00:00" time="0.018">
        </testcase>
        <testcase name="authn::external::session_cookie::test::test_other_cookie" classname="nexus-auth" timestamp="2025-06-05T16:52:10.563+00:00" time="0.012">
        </testcase>
        <testcase name="authn::external::session_cookie::test::test_session_cookie_value" classname="nexus-auth" timestamp="2025-06-05T16:52:10.576+00:00" time="0.018">
        </testcase>
        <testcase name="authn::external::session_cookie::test::test_session_cookie_value_error" classname="nexus-auth" timestamp="2025-06-05T16:52:10.594+00:00" time="0.012">
        </testcase>
        <testcase name="authn::external::session_cookie::test::test_valid_cookie" classname="nexus-auth" timestamp="2025-06-05T16:52:10.606+00:00" time="0.016">
        </testcase>
        <testcase name="authn::external::spoof::test::test_make_header_value" classname="nexus-auth" timestamp="2025-06-05T16:52:10.622+00:00" time="0.011">
        </testcase>
        <testcase name="authn::external::spoof::test::test_make_header_value_raw" classname="nexus-auth" timestamp="2025-06-05T16:52:10.634+00:00" time="0.017">
        </testcase>
        <testcase name="authn::external::spoof::test::test_spoof_header_bad_uuids" classname="nexus-auth" timestamp="2025-06-05T16:52:10.651+00:00" time="0.010">
        </testcase>
        <testcase name="authn::external::spoof::test::test_spoof_header_missing" classname="nexus-auth" timestamp="2025-06-05T16:52:10.661+00:00" time="0.010">
        </testcase>
        <testcase name="authn::external::spoof::test::test_spoof_header_valid" classname="nexus-auth" timestamp="2025-06-05T16:52:10.671+00:00" time="0.010">
        </testcase>
        <testcase name="authn::external::spoof::test::test_spoof_reserved_values" classname="nexus-auth" timestamp="2025-06-05T16:52:10.681+00:00" time="0.009">
        </testcase>
        <testcase name="authn::external::test::test_authn_sequence" classname="nexus-auth" timestamp="2025-06-05T16:52:10.690+00:00" time="0.011">
        </testcase>
        <testcase name="authn::external::token::test::test_make_header_value" classname="nexus-auth" timestamp="2025-06-05T16:52:10.701+00:00" time="0.009">
        </testcase>
        <testcase name="authn::external::token::test::test_token_header_bad_utf8" classname="nexus-auth" timestamp="2025-06-05T16:52:10.710+00:00" time="0.008">
        </testcase>
        <testcase name="authn::external::token::test::test_token_header_missing" classname="nexus-auth" timestamp="2025-06-05T16:52:10.718+00:00" time="0.010">
        </testcase>
        <testcase name="authn::external::token::test::test_token_header_valid" classname="nexus-auth" timestamp="2025-06-05T16:52:10.728+00:00" time="0.010">
        </testcase>
        <testcase name="authn::test::test_internal_users" classname="nexus-auth" timestamp="2025-06-05T16:52:10.738+00:00" time="0.009">
        </testcase>
        <testcase name="authz::context::test::test_unregistered_resource" classname="nexus-auth" timestamp="2025-06-05T16:52:10.748+00:00" time="0.064">
        </testcase>
        <testcase name="authz::oso_generic::test::test_duplicate_polar_classes" classname="nexus-auth" timestamp="2025-06-05T16:52:10.812+00:00" time="0.013">
        </testcase>
        <testcase name="context::test::test_background_context" classname="nexus-auth" timestamp="2025-06-05T16:52:10.826+00:00" time="0.051">
        </testcase>
        <testcase name="context::test::test_child_context" classname="nexus-auth" timestamp="2025-06-05T16:52:10.834+00:00" time="0.046">
        </testcase>
        <testcase name="context::test::test_test_context" classname="nexus-auth" timestamp="2025-06-05T16:52:10.876+00:00" time="0.035">
        </testcase>
    </testsuite>
    <testsuite name="nexus-config" tests="10" disabled="0" errors="0" failures="0">
        <testcase name="nexus_config::test::test_bad_authn_schemes" classname="nexus-config" timestamp="2025-06-05T16:52:10.880+00:00" time="0.012">
        </testcase>
        <testcase name="nexus_config::test::test_config_bad_toml" classname="nexus-config" timestamp="2025-06-05T16:52:10.892+00:00" time="0.016">
        </testcase>
        <testcase name="nexus_config::test::test_config_empty" classname="nexus-config" timestamp="2025-06-05T16:52:10.908+00:00" time="0.006">
        </testcase>
        <testcase name="nexus_config::test::test_config_nonexistent" classname="nexus-config" timestamp="2025-06-05T16:52:10.912+00:00" time="0.004">
        </testcase>
        <testcase name="nexus_config::test::test_deployment_config_schema" classname="nexus-config" timestamp="2025-06-05T16:52:10.913+00:00" time="0.006">
        </testcase>
        <testcase name="nexus_config::test::test_invalid_ipv4_prefix_tunable" classname="nexus-config" timestamp="2025-06-05T16:52:10.916+00:00" time="0.007">
        </testcase>
        <testcase name="nexus_config::test::test_valid" classname="nexus-config" timestamp="2025-06-05T16:52:10.923+00:00" time="0.013">
        </testcase>
        <testcase name="postgres_config::test::test_bad_url" classname="nexus-config" timestamp="2025-06-05T16:52:10.936+00:00" time="0.005">
        </testcase>
        <testcase name="nexus_config::test::test_repo_configs_are_valid" classname="nexus-config" timestamp="2025-06-05T16:52:10.919+00:00" time="0.024">
        </testcase>
        <testcase name="postgres_config::test::test_example_url" classname="nexus-config" timestamp="2025-06-05T16:52:10.941+00:00" time="0.005">
        </testcase>
    </testsuite>
    <testsuite name="nexus-db-fixed-data" tests="5" disabled="0" errors="0" failures="0">
        <testcase name="role_builtin::test::test_fixed_role_data" classname="nexus-db-fixed-data" timestamp="2025-06-05T16:52:10.943+00:00" time="0.007">
        </testcase>
        <testcase name="silo_user::test::test_silo_user_ids_are_valid" classname="nexus-db-fixed-data" timestamp="2025-06-05T16:52:10.946+00:00" time="0.008">
        </testcase>
        <testcase name="test::test_allowlist_id_is_valid" classname="nexus-db-fixed-data" timestamp="2025-06-05T16:52:10.950+00:00" time="0.007">
        </testcase>
        <testcase name="test::test_builtin_fleet_id_is_valid" classname="nexus-db-fixed-data" timestamp="2025-06-05T16:52:10.954+00:00" time="0.006">
        </testcase>
        <testcase name="user_builtin::test::test_builtin_user_ids_are_valid" classname="nexus-db-fixed-data" timestamp="2025-06-05T16:52:10.957+00:00" time="0.006">
        </testcase>
    </testsuite>
    <testsuite name="nexus-db-model" tests="24" disabled="0" errors="0" failures="0">
        <testcase name="alert_class::tests::test_from_str_roundtrips" classname="nexus-db-model" timestamp="2025-06-05T16:52:10.963+00:00" time="0.008">
        </testcase>
        <testcase name="alert_class::tests::test_is_test" classname="nexus-db-model" timestamp="2025-06-05T16:52:10.971+00:00" time="0.007">
        </testcase>
        <testcase name="alert_subscription::test::test_alert_class_glob_to_regex" classname="nexus-db-model" timestamp="2025-06-05T16:52:10.978+00:00" time="0.010">
        </testcase>
        <testcase name="alert_subscription::test::test_invalid_subscription_parsing" classname="nexus-db-model" timestamp="2025-06-05T16:52:10.988+00:00" time="0.009">
        </testcase>
        <testcase name="alert_subscription::test::test_valid_subscription_parsing" classname="nexus-db-model" timestamp="2025-06-05T16:52:10.997+00:00" time="0.031">
        </testcase>
        <testcase name="bytecount::test::test_bytecount_i64_conversions" classname="nexus-db-model" timestamp="2025-06-05T16:52:11.028+00:00" time="0.011">
        </testcase>
        <testcase name="bytecount::test::test_pg_numeric_to_byte_count" classname="nexus-db-model" timestamp="2025-06-05T16:52:11.039+00:00" time="0.012">
        </testcase>
        <testcase name="device_auth::test::test_generate_user_code" classname="nexus-db-model" timestamp="2025-06-05T16:52:11.051+00:00" time="0.012">
        </testcase>
        <testcase name="instance_state::tests::test_from_str_roundtrips" classname="nexus-db-model" timestamp="2025-06-05T16:52:11.063+00:00" time="0.024">
        </testcase>
        <testcase name="inventory::test::test_inv_nvme_disk_firmware" classname="nexus-db-model" timestamp="2025-06-05T16:52:11.087+00:00" time="0.018">
        </testcase>
        <testcase name="role_assignment::tests::test_role_assignment_from_database" classname="nexus-db-model" timestamp="2025-06-05T16:52:11.105+00:00" time="0.034">
        </testcase>
        <testcase name="schema_versions::test::test_allows_valid_up_sql_collections" classname="nexus-db-model" timestamp="2025-06-05T16:52:11.139+00:00" time="0.032">
        </testcase>
        <testcase name="schema_versions::test::test_known_versions" classname="nexus-db-model" timestamp="2025-06-05T16:52:11.171+00:00" time="0.011">
        </testcase>
        <testcase name="schema_versions::test::test_reject_invalid_up_sql_collections" classname="nexus-db-model" timestamp="2025-06-05T16:52:11.182+00:00" time="0.026">
        </testcase>
        <testcase name="schema_versions::test::test_reject_invalid_up_sql_names" classname="nexus-db-model" timestamp="2025-06-05T16:52:11.208+00:00" time="0.019">
        </testcase>
        <testcase name="schema_versions::test::test_reject_no_up_sql_files" classname="nexus-db-model" timestamp="2025-06-05T16:52:11.227+00:00" time="0.027">
        </testcase>
        <testcase name="schema_versions::test::test_verify" classname="nexus-db-model" timestamp="2025-06-05T16:52:11.255+00:00" time="0.009">
        </testcase>
        <testcase name="semver_version::test::test_to_from_sortable_string" classname="nexus-db-model" timestamp="2025-06-05T16:52:11.264+00:00" time="0.009">
        </testcase>
        <testcase name="tests::test_ip_subnet_check_requestable_address" classname="nexus-db-model" timestamp="2025-06-05T16:52:11.273+00:00" time="0.009">
        </testcase>
        <testcase name="tests::test_ipv6_net_random_subnet" classname="nexus-db-model" timestamp="2025-06-05T16:52:11.283+00:00" time="0.010">
        </testcase>
        <testcase name="tests::test_roles_database_strings" classname="nexus-db-model" timestamp="2025-06-05T16:52:11.293+00:00" time="0.010">
        </testcase>
        <testcase name="tests::test_vpc_subnet_check_requestable_addr" classname="nexus-db-model" timestamp="2025-06-05T16:52:11.304+00:00" time="0.011">
        </testcase>
        <testcase name="vmm_state::tests::test_all_terminal_api_states_are_terminal_db_states" classname="nexus-db-model" timestamp="2025-06-05T16:52:11.314+00:00" time="0.016">
        </testcase>
        <testcase name="vmm_state::tests::test_from_str_roundtrips" classname="nexus-db-model" timestamp="2025-06-05T16:52:11.330+00:00" time="0.008">
        </testcase>
    </testsuite>
    <testsuite name="nexus-db-queries" tests="303" disabled="0" errors="0" failures="0">
        <testcase name="db::collection_attach::test::test_attach_beyond_capacity_fails" classname="nexus-db-queries" timestamp="2025-06-05T16:52:11.338+00:00" time="2.708">
        </testcase>
        <testcase name="db::collection_attach::test::test_attach_deleted_resource_fails" classname="nexus-db-queries" timestamp="2025-06-05T16:52:14.047+00:00" time="2.784">
        </testcase>
        <testcase name="db::collection_attach::test::test_attach_missing_collection_fails" classname="nexus-db-queries" timestamp="2025-06-05T16:52:15.601+00:00" time="2.884">
        </testcase>
        <testcase name="db::collection_attach::test::test_attach_missing_resource_fails" classname="nexus-db-queries" timestamp="2025-06-05T16:52:16.831+00:00" time="2.968">
        </testcase>
        <testcase name="db::collection_attach::test::test_attach_multiple_times" classname="nexus-db-queries" timestamp="2025-06-05T16:52:18.484+00:00" time="3.273">
        </testcase>
        <testcase name="db::collection_attach::test::test_attach_once" classname="nexus-db-queries" timestamp="2025-06-05T16:52:19.799+00:00" time="2.751">
        </testcase>
        <testcase name="db::collection_attach::test::test_attach_once_synchronous" classname="nexus-db-queries" timestamp="2025-06-05T16:52:21.758+00:00" time="2.804">
        </testcase>
        <testcase name="db::collection_attach::test::test_attach_while_already_attached" classname="nexus-db-queries" timestamp="2025-06-05T16:52:22.551+00:00" time="2.754">
        </testcase>
        <testcase name="db::collection_attach::test::test_attach_with_filters" classname="nexus-db-queries" timestamp="2025-06-05T16:52:24.561+00:00" time="2.796">
        </testcase>
        <testcase name="db::collection_attach::test::test_verify_query" classname="nexus-db-queries" timestamp="2025-06-05T16:52:27.358+00:00" time="0.018">
        </testcase>
        <testcase name="db::collection_attach::test::test_attach_without_update_filter" classname="nexus-db-queries" timestamp="2025-06-05T16:52:25.305+00:00" time="2.713">
        </testcase>
        <testcase name="db::collection_detach::test::test_detach_deleted_resource_fails" classname="nexus-db-queries" timestamp="2025-06-05T16:52:27.375+00:00" time="2.768">
        </testcase>
        <testcase name="db::collection_detach::test::test_detach_missing_collection_fails" classname="nexus-db-queries" timestamp="2025-06-05T16:52:28.018+00:00" time="2.666">
        </testcase>
        <testcase name="db::collection_detach::test::test_detach_missing_resource_fails" classname="nexus-db-queries" timestamp="2025-06-05T16:52:29.994+00:00" time="2.827">
        </testcase>
        <testcase name="db::collection_detach::test::test_detach_once" classname="nexus-db-queries" timestamp="2025-06-05T16:52:30.143+00:00" time="2.824">
        </testcase>
        <testcase name="db::collection_detach::test::test_verify_query" classname="nexus-db-queries" timestamp="2025-06-05T16:52:32.967+00:00" time="0.013">
        </testcase>
        <testcase name="db::collection_detach::test::test_detach_while_already_detached" classname="nexus-db-queries" timestamp="2025-06-05T16:52:30.684+00:00" time="2.840">
        </testcase>
        <testcase name="db::collection_detach::test::test_detach_without_update_filter" classname="nexus-db-queries" timestamp="2025-06-05T16:52:32.821+00:00" time="2.830">
        </testcase>
        <testcase name="db::collection_detach_many::test::test_detach_deleted_resource" classname="nexus-db-queries" timestamp="2025-06-05T16:52:32.981+00:00" time="2.744">
        </testcase>
        <testcase name="db::collection_detach_many::test::test_detach_filter_collection" classname="nexus-db-queries" timestamp="2025-06-05T16:52:33.524+00:00" time="2.667">
        </testcase>
        <testcase name="db::collection_detach_many::test::test_detach_many" classname="nexus-db-queries" timestamp="2025-06-05T16:52:34.120+00:00" time="2.606">
        </testcase>
        <testcase name="db::collection_detach_many::test::test_detach_missing_collection_fails" classname="nexus-db-queries" timestamp="2025-06-05T16:52:35.651+00:00" time="2.512">
        </testcase>
        <testcase name="db::collection_detach_many::test::test_detach_missing_resource_succeeds" classname="nexus-db-queries" timestamp="2025-06-05T16:52:35.725+00:00" time="2.549">
        </testcase>
        <testcase name="db::collection_detach_many::test::test_verify_query" classname="nexus-db-queries" timestamp="2025-06-05T16:52:38.274+00:00" time="0.012">
        </testcase>
        <testcase name="db::collection_detach_many::test::test_detach_once" classname="nexus-db-queries" timestamp="2025-06-05T16:52:36.191+00:00" time="2.464">
        </testcase>
        <testcase name="db::collection_detach_many::test::test_detach_once_synchronous" classname="nexus-db-queries" timestamp="2025-06-05T16:52:36.727+00:00" time="2.482">
        </testcase>
        <testcase name="db::collection_insert::test::test_verify_query" classname="nexus-db-queries" timestamp="2025-06-05T16:52:39.209+00:00" time="0.017">
        </testcase>
        <testcase name="db::column_walker::test::test_all_columns_with_prefix" classname="nexus-db-queries" timestamp="2025-06-05T16:52:39.226+00:00" time="0.012">
        </testcase>
        <testcase name="db::column_walker::test::test_walk_columns" classname="nexus-db-queries" timestamp="2025-06-05T16:52:39.239+00:00" time="0.018">
        </testcase>
        <testcase name="db::column_walker::test::test_walk_table" classname="nexus-db-queries" timestamp="2025-06-05T16:52:39.256+00:00" time="0.017">
        </testcase>
        <testcase name="db::collection_insert::test::test_collection_not_present" classname="nexus-db-queries" timestamp="2025-06-05T16:52:38.287+00:00" time="1.912">
        </testcase>
        <testcase name="db::collection_insert::test::test_collection_present" classname="nexus-db-queries" timestamp="2025-06-05T16:52:38.655+00:00" time="1.863">
        </testcase>
        <testcase name="db::collection_detach_many::test::test_detach_while_already_detached" classname="nexus-db-queries" timestamp="2025-06-05T16:52:38.163+00:00" time="2.559">
        </testcase>
        <testcase name="db::datastore::affinity::tests::affinity_group_delete_group_deletes_members" classname="nexus-db-queries" timestamp="2025-06-05T16:52:39.274+00:00" time="4.903">
        </testcase>
        <testcase name="db::datastore::affinity::tests::affinity_group_delete_instance_deletes_membership" classname="nexus-db-queries" timestamp="2025-06-05T16:52:40.199+00:00" time="5.036">
        </testcase>
        <testcase name="db::datastore::affinity::tests::affinity_group_membership_add_list_remove" classname="nexus-db-queries" timestamp="2025-06-05T16:52:40.722+00:00" time="4.746">
        </testcase>
        <testcase name="db::datastore::affinity::tests::affinity_group_max_members" classname="nexus-db-queries" timestamp="2025-06-05T16:52:40.518+00:00" time="8.313">
        </testcase>
        <testcase name="db::datastore::affinity::tests::affinity_group_membership_add_remove_instance_with_vmm" classname="nexus-db-queries" timestamp="2025-06-05T16:52:44.177+00:00" time="5.051">
        </testcase>
        <testcase name="db::datastore::affinity::tests::affinity_group_membership_idempotency" classname="nexus-db-queries" timestamp="2025-06-05T16:52:45.468+00:00" time="4.934">
        </testcase>
        <testcase name="db::datastore::affinity::tests::affinity_group_membership_for_deleted_objects" classname="nexus-db-queries" timestamp="2025-06-05T16:52:45.235+00:00" time="5.789">
        </testcase>
        <testcase name="db::datastore::affinity::tests::affinity_group_names_are_unique_in_project" classname="nexus-db-queries" timestamp="2025-06-05T16:52:49.228+00:00" time="4.689">
        </testcase>
        <testcase name="db::datastore::affinity::tests::affinity_group_membership_list_extended" classname="nexus-db-queries" timestamp="2025-06-05T16:52:48.831+00:00" time="5.607">
        </testcase>
        <testcase name="db::datastore::affinity::tests::affinity_groups_are_project_scoped" classname="nexus-db-queries" timestamp="2025-06-05T16:52:50.403+00:00" time="4.502">
        </testcase>
        <testcase name="db::datastore::affinity::tests::affinity_groups_prevent_project_deletion" classname="nexus-db-queries" timestamp="2025-06-05T16:52:51.024+00:00" time="4.797">
        </testcase>
        <testcase name="db::datastore::affinity::tests::anti_affinity_group_delete_group_deletes_members" classname="nexus-db-queries" timestamp="2025-06-05T16:52:53.918+00:00" time="4.930">
        </testcase>
        <testcase name="db::datastore::affinity::tests::anti_affinity_group_delete_instance_deletes_membership" classname="nexus-db-queries" timestamp="2025-06-05T16:52:54.438+00:00" time="5.042">
        </testcase>
        <testcase name="db::datastore::affinity::tests::anti_affinity_group_membership_add_list_remove" classname="nexus-db-queries" timestamp="2025-06-05T16:52:55.821+00:00" time="4.769">
        </testcase>
        <testcase name="db::datastore::affinity::tests::anti_affinity_group_max_members" classname="nexus-db-queries" timestamp="2025-06-05T16:52:54.905+00:00" time="7.906">
        </testcase>
        <testcase name="db::datastore::affinity::tests::anti_affinity_group_membership_add_remove_instance_with_vmm" classname="nexus-db-queries" timestamp="2025-06-05T16:52:58.848+00:00" time="4.967">
        </testcase>
        <testcase name="db::datastore::affinity::tests::anti_affinity_group_membership_for_deleted_objects" classname="nexus-db-queries" timestamp="2025-06-05T16:52:59.480+00:00" time="5.691">
        </testcase>
        <testcase name="db::datastore::affinity::tests::anti_affinity_group_membership_idempotency" classname="nexus-db-queries" timestamp="2025-06-05T16:53:00.591+00:00" time="4.915">
        </testcase>
        <testcase name="db::datastore::affinity::tests::anti_affinity_group_names_are_unique_in_project" classname="nexus-db-queries" timestamp="2025-06-05T16:53:03.815+00:00" time="4.510">
        </testcase>
        <testcase name="db::datastore::affinity::tests::anti_affinity_group_membership_list_extended" classname="nexus-db-queries" timestamp="2025-06-05T16:53:02.811+00:00" time="5.559">
        </testcase>
        <testcase name="db::datastore::affinity::tests::anti_affinity_groups_are_project_scoped" classname="nexus-db-queries" timestamp="2025-06-05T16:53:05.171+00:00" time="4.310">
        </testcase>
        <testcase name="db::datastore::affinity::tests::anti_affinity_groups_prevent_project_deletion" classname="nexus-db-queries" timestamp="2025-06-05T16:53:05.505+00:00" time="4.764">
        </testcase>
        <testcase name="db::datastore::alert_rx::test::explain_alert_class_glob" classname="nexus-db-queries" timestamp="2025-06-05T16:53:09.481+00:00" time="2.218">
        </testcase>
        <testcase name="db::datastore::affinity::tests::instance_max_affinity_groups" classname="nexus-db-queries" timestamp="2025-06-05T16:53:08.325+00:00" time="6.797">
        </testcase>
        <testcase name="db::datastore::alert_rx::test::test_alert_class_globs" classname="nexus-db-queries" timestamp="2025-06-05T16:53:10.269+00:00" time="5.003">
        </testcase>
        <testcase name="db::datastore::affinity::tests::instance_max_anti_affinity_groups" classname="nexus-db-queries" timestamp="2025-06-05T16:53:08.370+00:00" time="6.927">
        </testcase>
        <testcase name="db::datastore::alert_rx::test::test_rx_is_subscribed_to_event" classname="nexus-db-queries" timestamp="2025-06-05T16:53:11.699+00:00" time="4.532">
        </testcase>
        <testcase name="db::datastore::allow_list::tests::test_allowed_source_ip_database_ops" classname="nexus-db-queries" timestamp="2025-06-05T16:53:15.123+00:00" time="4.490">
        </testcase>
        <testcase name="db::datastore::bgp::tests::test_delete_bgp_config_and_announce_set_by_name" classname="nexus-db-queries" timestamp="2025-06-05T16:53:15.272+00:00" time="4.609">
        </testcase>
        <testcase name="db::datastore::clickhouse_policy::tests::test_clickhouse_policy_basic" classname="nexus-db-queries" timestamp="2025-06-05T16:53:15.298+00:00" time="4.662">
        </testcase>
        <testcase name="db::datastore::cockroachdb_node_id::tests::test_cockroachdb_node_id" classname="nexus-db-queries" timestamp="2025-06-05T16:53:16.231+00:00" time="4.244">
        </testcase>
        <testcase name="db::datastore::db_metadata::test::ensure_schema_is_current_version" classname="nexus-db-queries" timestamp="2025-06-05T16:53:20.475+00:00" time="1.397">
        </testcase>
        <testcase name="db::datastore::db_metadata::test::concurrent_nexus_instances_only_move_forward" classname="nexus-db-queries" timestamp="2025-06-05T16:53:19.960+00:00" time="2.253">
        </testcase>
        <testcase name="db::datastore::cockroachdb_settings::test::test_preserve_downgrade" classname="nexus-db-queries" timestamp="2025-06-05T16:53:19.613+00:00" time="4.216">
        </testcase>
        <testcase name="db::datastore::db_metadata::test::schema_version_subcomponents_save_progress" classname="nexus-db-queries" timestamp="2025-06-05T16:53:21.872+00:00" time="2.119">
        </testcase>
        <testcase name="db::datastore::crucible_dataset::test::test_insert_if_not_exists" classname="nexus-db-queries" timestamp="2025-06-05T16:53:19.881+00:00" time="4.454">
        </testcase>
        <testcase name="db::datastore::deployment::external_networking::tests::test_allocate_external_networking" classname="nexus-db-queries" timestamp="2025-06-05T16:53:22.213+00:00" time="4.927">
        </testcase>
        <testcase name="db::datastore::deployment::tests::test_empty_blueprint" classname="nexus-db-queries" timestamp="2025-06-05T16:53:23.991+00:00" time="4.627">
        </testcase>
        <testcase name="db::datastore::deployment::external_networking::tests::test_deallocate_external_networking" classname="nexus-db-queries" timestamp="2025-06-05T16:53:23.829+00:00" time="4.865">
        </testcase>
        <testcase name="db::datastore::deployment::tests::test_ensure_external_networking_bails_on_bad_target" classname="nexus-db-queries" timestamp="2025-06-05T16:53:24.335+00:00" time="5.187">
        </testcase>
        <testcase name="db::datastore::deployment::tests::test_ensure_external_networking_works_with_good_target" classname="nexus-db-queries" timestamp="2025-06-05T16:53:27.140+00:00" time="4.675">
        </testcase>
        <testcase name="db::datastore::deployment::tests::test_set_target" classname="nexus-db-queries" timestamp="2025-06-05T16:53:28.694+00:00" time="4.886">
        </testcase>
        <testcase name="db::datastore::dns::test::test_dns_builder_basic" classname="nexus-db-queries" timestamp="2025-06-05T16:53:33.580+00:00" time="0.013">
        </testcase>
        <testcase name="db::datastore::deployment::tests::test_representative_blueprint" classname="nexus-db-queries" timestamp="2025-06-05T16:53:28.618+00:00" time="5.393">
        </testcase>
        <testcase name="db::datastore::deployment::tests::test_set_target_enabled" classname="nexus-db-queries" timestamp="2025-06-05T16:53:29.522+00:00" time="4.939">
        </testcase>
        <testcase name="db::datastore::disk::tests::test_undelete_disk_set_faulted_idempotent" classname="nexus-db-queries" timestamp="2025-06-05T16:53:31.815+00:00" time="4.434">
        </testcase>
        <testcase name="db::datastore::dns::test::test_dns_uniqueness" classname="nexus-db-queries" timestamp="2025-06-05T16:53:33.593+00:00" time="4.289">
        </testcase>
        <testcase name="db::datastore::dns::test::test_dns_update_from_version" classname="nexus-db-queries" timestamp="2025-06-05T16:53:34.011+00:00" time="4.527">
        </testcase>
        <testcase name="db::datastore::dns::test::test_dns_update_incremental" classname="nexus-db-queries" timestamp="2025-06-05T16:53:34.461+00:00" time="5.154">
        </testcase>
        <testcase name="db::datastore::dns::test::test_read_dns_config_basic" classname="nexus-db-queries" timestamp="2025-06-05T16:53:36.249+00:00" time="4.571">
        </testcase>
        <testcase name="db::datastore::dns::test::test_read_dns_config_complex" classname="nexus-db-queries" timestamp="2025-06-05T16:53:37.882+00:00" time="4.811">
        </testcase>
        <testcase name="db::datastore::dns::test::test_read_dns_config_uninitialized" classname="nexus-db-queries" timestamp="2025-06-05T16:53:38.539+00:00" time="4.483">
        </testcase>
        <testcase name="db::datastore::external_ip::tests::test_service_ip_list" classname="nexus-db-queries" timestamp="2025-06-05T16:53:39.615+00:00" time="5.712">
        </testcase>
        <testcase name="db::datastore::instance::tests::test_instance_commit_update_is_idempotent" classname="nexus-db-queries" timestamp="2025-06-05T16:53:42.693+00:00" time="4.904">
        </testcase>
        <testcase name="db::datastore::instance::tests::test_instance_and_vmm_list_by_sled_agent" classname="nexus-db-queries" timestamp="2025-06-05T16:53:40.821+00:00" time="7.580">
        </testcase>
        <testcase name="db::datastore::instance::tests::test_instance_deletion_is_idempotent" classname="nexus-db-queries" timestamp="2025-06-05T16:53:43.022+00:00" time="5.464">
        </testcase>
        <testcase name="db::datastore::instance::tests::test_instance_fetch_all" classname="nexus-db-queries" timestamp="2025-06-05T16:53:45.327+00:00" time="5.333">
        </testcase>
        <testcase name="db::datastore::instance::tests::test_instance_set_migration_ids" classname="nexus-db-queries" timestamp="2025-06-05T16:53:47.597+00:00" time="5.451">
        </testcase>
        <testcase name="db::datastore::instance::tests::test_instance_update_invalidated_while_locked" classname="nexus-db-queries" timestamp="2025-06-05T16:53:48.400+00:00" time="4.929">
        </testcase>
        <testcase name="db::datastore::instance::tests::test_instance_updater_acquires_lock" classname="nexus-db-queries" timestamp="2025-06-05T16:53:48.486+00:00" time="4.846">
        </testcase>
        <testcase name="db::datastore::instance::tests::test_instance_updater_cant_unlock_someone_elses_instance_" classname="nexus-db-queries" timestamp="2025-06-05T16:53:50.661+00:00" time="4.641">
        </testcase>
        <testcase name="db::datastore::inventory::test::test_find_hw_baseboard_id_missing_returns_not_found" classname="nexus-db-queries" timestamp="2025-06-05T16:53:53.333+00:00" time="4.253">
        </testcase>
        <testcase name="db::datastore::instance::tests::test_instance_updater_lock_is_idempotent" classname="nexus-db-queries" timestamp="2025-06-05T16:53:53.048+00:00" time="4.702">
        </testcase>
        <testcase name="db::datastore::instance::tests::test_unlocking_a_deleted_instance_is_okay" classname="nexus-db-queries" timestamp="2025-06-05T16:53:53.330+00:00" time="4.988">
        </testcase>
        <testcase name="db::datastore::inventory::test::test_inventory_deletion" classname="nexus-db-queries" timestamp="2025-06-05T16:53:55.302+00:00" time="5.556">
        </testcase>
        <testcase name="db::datastore::inventory::test::test_reconciler_status_fields" classname="nexus-db-queries" timestamp="2025-06-05T16:53:57.750+00:00" time="5.439">
        </testcase>
        <testcase name="db::datastore::inventory::test::test_representative_collection_populates_database" classname="nexus-db-queries" timestamp="2025-06-05T16:53:58.317+00:00" time="5.123">
        </testcase>
        <testcase name="db::datastore::inventory::test::test_inventory_insert" classname="nexus-db-queries" timestamp="2025-06-05T16:53:57.586+00:00" time="7.439">
        </testcase>
        <testcase name="db::datastore::inventory::test::test_zone_image_source" classname="nexus-db-queries" timestamp="2025-06-05T16:54:00.858+00:00" time="5.201">
        </testcase>
        <testcase name="db::datastore::ip_pool::test::test_internal_ip_pool" classname="nexus-db-queries" timestamp="2025-06-05T16:54:03.441+00:00" time="4.260">
        </testcase>
        <testcase name="db::datastore::ip_pool::test::test_default_ip_pools" classname="nexus-db-queries" timestamp="2025-06-05T16:54:03.189+00:00" time="4.678">
        </testcase>
        <testcase name="db::datastore::ip_pool::test::test_ip_pool_utilization" classname="nexus-db-queries" timestamp="2025-06-05T16:54:05.025+00:00" time="4.699">
        </testcase>
        <testcase name="db::datastore::ipv4_nat_entry::test::ipv4_nat_sync_service_zones" classname="nexus-db-queries" timestamp="2025-06-05T16:54:07.701+00:00" time="4.235">
        </testcase>
        <testcase name="db::datastore::ipv4_nat_entry::test::nat_version_tracking" classname="nexus-db-queries" timestamp="2025-06-05T16:54:07.867+00:00" time="4.306">
        </testcase>
        <testcase name="db::datastore::ipv4_nat_entry::test::table_allows_unique_active_multiple_deleted" classname="nexus-db-queries" timestamp="2025-06-05T16:54:09.725+00:00" time="4.268">
        </testcase>
        <testcase name="db::datastore::ipv4_nat_entry::test::ipv4_nat_changeset" classname="nexus-db-queries" timestamp="2025-06-05T16:54:06.059+00:00" time="8.241">
        </testcase>
        <testcase name="db::datastore::migration::tests::test_migration_query_by_instance" classname="nexus-db-queries" timestamp="2025-06-05T16:54:11.936+00:00" time="4.901">
        </testcase>
        <testcase name="db::datastore::network_interface::tests::test_service_network_interfaces_list" classname="nexus-db-queries" timestamp="2025-06-05T16:54:12.174+00:00" time="5.269">
        </testcase>
        <testcase name="db::datastore::oximeter::tests::test_oximeter_expunge" classname="nexus-db-queries" timestamp="2025-06-05T16:54:13.993+00:00" time="4.319">
        </testcase>
        <testcase name="db::datastore::oximeter::tests::test_oximeter_reassign_fails_if_no_collectors" classname="nexus-db-queries" timestamp="2025-06-05T16:54:14.299+00:00" time="5.995">
        </testcase>
        <testcase name="db::datastore::oximeter::tests::test_producer_endpoint_reassigns_if_oximeter_expunged" classname="nexus-db-queries" timestamp="2025-06-05T16:54:17.443+00:00" time="4.404">
        </testcase>
        <testcase name="db::datastore::oximeter::tests::test_producers_list_expired" classname="nexus-db-queries" timestamp="2025-06-05T16:54:20.294+00:00" time="4.253">
        </testcase>
        <testcase name="db::datastore::oximeter_read_policy::tests::test_oximeter_read_policy_basic" classname="nexus-db-queries" timestamp="2025-06-05T16:54:21.848+00:00" time="4.350">
        </testcase>
        <testcase name="db::datastore::physical_disk::test::physical_disk_cannot_insert_to_expunged_sled" classname="nexus-db-queries" timestamp="2025-06-05T16:54:24.548+00:00" time="4.498">
        </testcase>
        <testcase name="db::datastore::physical_disk::test::physical_disk_deletion_idempotency" classname="nexus-db-queries" timestamp="2025-06-05T16:54:26.198+00:00" time="4.522">
        </testcase>
        <testcase name="db::datastore::physical_disk::test::physical_disk_insert_delete_reupsert_new_sled" classname="nexus-db-queries" timestamp="2025-06-05T16:54:29.046+00:00" time="4.687">
        </testcase>
        <testcase name="db::datastore::oximeter::tests::test_oximeter_reassigns_randomly" classname="nexus-db-queries" timestamp="2025-06-05T16:54:16.837+00:00" time="18.661">
        </testcase>
        <testcase name="db::datastore::physical_disk::test::physical_disk_insert_different_disks" classname="nexus-db-queries" timestamp="2025-06-05T16:54:30.720+00:00" time="4.831">
        </testcase>
        <testcase name="db::datastore::physical_disk::test::physical_disk_insert_reupsert_new_sled" classname="nexus-db-queries" timestamp="2025-06-05T16:54:33.733+00:00" time="5.215">
        </testcase>
        <testcase name="db::datastore::physical_disk::test::physical_disk_insert_same_uuid_collides" classname="nexus-db-queries" timestamp="2025-06-05T16:54:35.498+00:00" time="5.237">
        </testcase>
        <testcase name="db::datastore::physical_disk::test::physical_disk_uninitialized_list" classname="nexus-db-queries" timestamp="2025-06-05T16:54:35.551+00:00" time="5.889">
        </testcase>
        <testcase name="db::datastore::rack::test::allocate_sled_underlay_subnet_octets" classname="nexus-db-queries" timestamp="2025-06-05T16:54:38.948+00:00" time="7.300">
        </testcase>
        <testcase name="db::datastore::rack::test::rack_set_initialized_empty" classname="nexus-db-queries" timestamp="2025-06-05T16:54:40.735+00:00" time="5.573">
        </testcase>
        <testcase name="db::datastore::rack::test::rack_set_initialized_missing_service_pool_ip_throws_error" classname="nexus-db-queries" timestamp="2025-06-05T16:54:41.440+00:00" time="5.120">
        </testcase>
        <testcase name="db::datastore::rack::test::rack_set_initialized_overlapping_ips_throws_error" classname="nexus-db-queries" timestamp="2025-06-05T16:54:46.248+00:00" time="5.276">
        </testcase>
        <testcase name="db::datastore::rack::test::rack_set_initialized_with_many_nexus_services" classname="nexus-db-queries" timestamp="2025-06-05T16:54:46.308+00:00" time="5.883">
        </testcase>
        <testcase name="db::datastore::region::test::test_extent_count" classname="nexus-db-queries" timestamp="2025-06-05T16:54:52.191+00:00" time="0.013">
        </testcase>
        <testcase name="db::datastore::oximeter::tests::test_producer_endpoint_upsert_rejects_expunged_oximeters" classname="nexus-db-queries" timestamp="2025-06-05T16:54:18.312+00:00" time="34.197">
        </testcase>
        <testcase name="db::datastore::rack::test::rack_set_initialized_with_services" classname="nexus-db-queries" timestamp="2025-06-05T16:54:46.560+00:00" time="5.976">
        </testcase>
        <testcase name="db::datastore::rack::test::rack_sled_subnet_allocations" classname="nexus-db-queries" timestamp="2025-06-05T16:54:51.525+00:00" time="4.621">
        </testcase>
        <testcase name="db::datastore::region_replacement::test::test_one_replacement_per_volume" classname="nexus-db-queries" timestamp="2025-06-05T16:54:52.204+00:00" time="4.651">
        </testcase>
        <testcase name="db::datastore::region_replacement::test::test_replacement_done_in_middle_of_drive_saga" classname="nexus-db-queries" timestamp="2025-06-05T16:54:52.509+00:00" time="4.793">
        </testcase>
        <testcase name="db::datastore::region_replacement::test::test_replacement_done_in_middle_of_finish_saga" classname="nexus-db-queries" timestamp="2025-06-05T16:54:52.536+00:00" time="4.894">
        </testcase>
        <testcase name="db::datastore::region_snapshot_replacement::test::count_replacement_steps" classname="nexus-db-queries" timestamp="2025-06-05T16:54:56.146+00:00" time="4.977">
        </testcase>
        <testcase name="db::datastore::region_snapshot_replacement::test::region_snapshot_replacement_step_conflict" classname="nexus-db-queries" timestamp="2025-06-05T16:54:56.856+00:00" time="4.494">
        </testcase>
        <testcase name="db::datastore::region_snapshot_replacement::test::region_snapshot_replacement_step_conflict_with_region_replacement" classname="nexus-db-queries" timestamp="2025-06-05T16:54:57.302+00:00" time="4.444">
        </testcase>
        <testcase name="db::datastore::region_snapshot_replacement::test::region_snapshot_replacement_step_gc" classname="nexus-db-queries" timestamp="2025-06-05T16:54:57.430+00:00" time="4.449">
        </testcase>
        <testcase name="db::datastore::region_snapshot_replacement::test::test_one_replacement_per_volume" classname="nexus-db-queries" timestamp="2025-06-05T16:54:58.783+00:00" time="4.217">
        </testcase>
        <testcase name="db::datastore::region_snapshot_replacement::test::test_one_replacement_per_volume_conflict_with_region" classname="nexus-db-queries" timestamp="2025-06-05T16:55:01.123+00:00" time="4.373">
        </testcase>
        <testcase name="db::datastore::region_snapshot_replacement::test::unique_region_snapshot_replacement_step_per_volume" classname="nexus-db-queries" timestamp="2025-06-05T16:55:01.349+00:00" time="4.579">
        </testcase>
        <testcase name="db::datastore::rendezvous_debug_dataset::tests::insert_if_not_exists" classname="nexus-db-queries" timestamp="2025-06-05T16:55:01.746+00:00" time="4.272">
        </testcase>
        <testcase name="db::datastore::rendezvous_debug_dataset::tests::tombstone" classname="nexus-db-queries" timestamp="2025-06-05T16:55:01.879+00:00" time="4.281">
        </testcase>
        <testcase name="db::datastore::saga::test::test_create_event_idempotent" classname="nexus-db-queries" timestamp="2025-06-05T16:55:03.000+00:00" time="4.002">
        </testcase>
        <testcase name="db::datastore::saga::test::test_list_candidate_sagas" classname="nexus-db-queries" timestamp="2025-06-05T16:55:05.496+00:00" time="4.305">
        </testcase>
        <testcase name="db::datastore::saga::test::test_list_no_unfinished_nodes" classname="nexus-db-queries" timestamp="2025-06-05T16:55:05.929+00:00" time="4.072">
        </testcase>
        <testcase name="db::datastore::saga::test::test_saga_reassignment" classname="nexus-db-queries" timestamp="2025-06-05T16:55:06.160+00:00" time="4.217">
        </testcase>
        <testcase name="db::datastore::saga::test::test_list_unfinished_nodes" classname="nexus-db-queries" timestamp="2025-06-05T16:55:06.019+00:00" time="4.395">
        </testcase>
        <testcase name="db::datastore::saga::test::test_update_state_idempotent" classname="nexus-db-queries" timestamp="2025-06-05T16:55:07.002+00:00" time="4.350">
        </testcase>
        <testcase name="db::datastore::sled::test::affinity_and_anti_affinity_policy_allow" classname="nexus-db-queries" timestamp="2025-06-05T16:55:09.801+00:00" time="4.774">
        </testcase>
        <testcase name="db::datastore::sled::test::affinity_and_anti_affinity_policy_fail" classname="nexus-db-queries" timestamp="2025-06-05T16:55:10.001+00:00" time="4.765">
        </testcase>
        <testcase name="db::datastore::sled::test::affinity_ignored_from_other_groups" classname="nexus-db-queries" timestamp="2025-06-05T16:55:10.378+00:00" time="4.788">
        </testcase>
        <testcase name="db::datastore::sled::test::affinity_multi_group" classname="nexus-db-queries" timestamp="2025-06-05T16:55:10.414+00:00" time="4.904">
        </testcase>
        <testcase name="db::datastore::sled::test::affinity_policy_allow_picks_different_sled" classname="nexus-db-queries" timestamp="2025-06-05T16:55:11.352+00:00" time="4.656">
        </testcase>
        <testcase name="db::datastore::sled::test::affinity_policy_fail_no_capacity" classname="nexus-db-queries" timestamp="2025-06-05T16:55:14.767+00:00" time="4.773">
        </testcase>
        <testcase name="db::datastore::sled::test::affinity_policy_fail" classname="nexus-db-queries" timestamp="2025-06-05T16:55:14.575+00:00" time="4.967">
        </testcase>
        <testcase name="db::datastore::sled::test::affinity_policy_fail_too_many_constraints" classname="nexus-db-queries" timestamp="2025-06-05T16:55:15.166+00:00" time="5.082">
        </testcase>
        <testcase name="db::datastore::sled::test::anti_affinity_ignored_from_other_groups" classname="nexus-db-queries" timestamp="2025-06-05T16:55:15.318+00:00" time="5.094">
        </testcase>
        <testcase name="db::datastore::sled::test::anti_affinity_multi_group" classname="nexus-db-queries" timestamp="2025-06-05T16:55:16.008+00:00" time="5.026">
        </testcase>
        <testcase name="db::datastore::sled::test::anti_affinity_policy_allow" classname="nexus-db-queries" timestamp="2025-06-05T16:55:19.540+00:00" time="4.860">
        </testcase>
        <testcase name="db::datastore::sled::test::anti_affinity_policy_fail" classname="nexus-db-queries" timestamp="2025-06-05T16:55:19.542+00:00" time="4.901">
        </testcase>
        <testcase name="db::datastore::sled::test::anti_affinity_policy_fail_no_capacity" classname="nexus-db-queries" timestamp="2025-06-05T16:55:20.248+00:00" time="4.800">
        </testcase>
        <testcase name="db::datastore::sled::test::sled_list_batch" classname="nexus-db-queries" timestamp="2025-06-05T16:55:20.412+00:00" time="4.718">
        </testcase>
        <testcase name="db::datastore::sled::test::sled_reservation_concurrent_affinity_requirement" classname="nexus-db-queries" timestamp="2025-06-05T16:55:21.034+00:00" time="4.770">
        </testcase>
        <testcase name="db::datastore::sled::test::sled_reservation_concurrent_space_requirement" classname="nexus-db-queries" timestamp="2025-06-05T16:55:24.443+00:00" time="4.767">
        </testcase>
        <testcase name="db::datastore::sled::test::sled_reservation_concurrent_anti_affinity_requirement" classname="nexus-db-queries" timestamp="2025-06-05T16:55:24.400+00:00" time="5.027">
        </testcase>
        <testcase name="db::datastore::sled::test::test_sled_expungement_also_expunges_disks" classname="nexus-db-queries" timestamp="2025-06-05T16:55:25.131+00:00" time="4.832">
        </testcase>
        <testcase name="db::datastore::sled::test::sled_reservation_create_non_provisionable" classname="nexus-db-queries" timestamp="2025-06-05T16:55:25.048+00:00" time="5.218">
        </testcase>
        <testcase name="db::datastore::sled::test::test_sled_transitions" classname="nexus-db-queries" timestamp="2025-06-05T16:55:25.804+00:00" time="7.725">
        </testcase>
        <testcase name="db::datastore::sled::test::upsert_sled_doesnt_update_decommissioned" classname="nexus-db-queries" timestamp="2025-06-05T16:55:29.210+00:00" time="4.502">
        </testcase>
        <testcase name="db::datastore::sled::test::upsert_sled_updates_hardware" classname="nexus-db-queries" timestamp="2025-06-05T16:55:29.427+00:00" time="4.394">
        </testcase>
        <testcase name="db::datastore::support_bundle::test::test_bundle_create_capacity_limits" classname="nexus-db-queries" timestamp="2025-06-05T16:55:29.962+00:00" time="4.486">
        </testcase>
        <testcase name="db::datastore::support_bundle::test::test_bundle_deleted_from_expunged_dataset" classname="nexus-db-queries" timestamp="2025-06-05T16:55:30.267+00:00" time="6.311">
        </testcase>
        <testcase name="db::datastore::support_bundle::test::test_bundle_list_filtering" classname="nexus-db-queries" timestamp="2025-06-05T16:55:34.448+00:00" time="4.635">
        </testcase>
        <testcase name="db::datastore::support_bundle::test::test_bundle_failed_from_expunged_dataset" classname="nexus-db-queries" timestamp="2025-06-05T16:55:33.529+00:00" time="6.617">
        </testcase>
        <testcase name="db::datastore::support_bundle::test::test_bundle_failed_from_expunged_nexus_with_reassign" classname="nexus-db-queries" timestamp="2025-06-05T16:55:33.821+00:00" time="6.451">
        </testcase>
        <testcase name="db::datastore::support_bundle::test::test_bundle_failed_from_expunged_nexus_no_reassign" classname="nexus-db-queries" timestamp="2025-06-05T16:55:33.712+00:00" time="6.691">
        </testcase>
        <testcase name="db::datastore::support_bundle::test::test_crud_operations" classname="nexus-db-queries" timestamp="2025-06-05T16:55:36.578+00:00" time="4.629">
        </testcase>
        <testcase name="db::datastore::switch_port::test::test_bgp_boundary_switches" classname="nexus-db-queries" timestamp="2025-06-05T16:55:39.083+00:00" time="4.808">
        </testcase>
        <testcase name="db::datastore::test::test_deallocate_external_ip_is_idempotent" classname="nexus-db-queries" timestamp="2025-06-05T16:55:40.403+00:00" time="4.311">
        </testcase>
        <testcase name="db::datastore::target_release::test::target_release_datastore" classname="nexus-db-queries" timestamp="2025-06-05T16:55:40.146+00:00" time="4.777">
        </testcase>
        <testcase name="db::datastore::test::test_deallocate_external_ip_by_instance_id_is_idempotent" classname="nexus-db-queries" timestamp="2025-06-05T16:55:40.273+00:00" time="4.659">
        </testcase>
        <testcase name="db::datastore::test::test_external_ip_check_constraints" classname="nexus-db-queries" timestamp="2025-06-05T16:55:41.208+00:00" time="4.509">
        </testcase>
        <testcase name="db::datastore::test::test_project_creation" classname="nexus-db-queries" timestamp="2025-06-05T16:55:43.891+00:00" time="4.506">
        </testcase>
        <testcase name="db::datastore::test::test_queries_do_not_require_full_table_scan" classname="nexus-db-queries" timestamp="2025-06-05T16:55:44.714+00:00" time="4.411">
        </testcase>
        <testcase name="db::datastore::test::test_rack_initialize_is_idempotent" classname="nexus-db-queries" timestamp="2025-06-05T16:55:44.923+00:00" time="5.022">
        </testcase>
        <testcase name="db::datastore::test::test_region_allocation_not_enough_zpools" classname="nexus-db-queries" timestamp="2025-06-05T16:55:45.717+00:00" time="5.032">
        </testcase>
        <testcase name="db::datastore::test::test_region_allocation_only_considers_disks_in_service" classname="nexus-db-queries" timestamp="2025-06-05T16:55:48.398+00:00" time="5.644">
        </testcase>
        <testcase name="db::datastore::test::test_region_allocation_only_operates_on_zpools_in_inventory" classname="nexus-db-queries" timestamp="2025-06-05T16:55:49.125+00:00" time="5.098">
        </testcase>
        <testcase name="db::datastore::test::test_region_allocation_is_idempotent" classname="nexus-db-queries" timestamp="2025-06-05T16:55:44.932+00:00" time="14.132">
        </testcase>
        <testcase name="db::datastore::test::test_region_allocation_out_of_space_fails" classname="nexus-db-queries" timestamp="2025-06-05T16:55:49.945+00:00" time="13.171">
        </testcase>
        <testcase name="db::datastore::test::test_region_allocation_strat_random" classname="nexus-db-queries" timestamp="2025-06-05T16:55:50.750+00:00" time="12.415">
        </testcase>
        <testcase name="db::datastore::test::test_session_methods" classname="nexus-db-queries" timestamp="2025-06-05T16:55:59.064+00:00" time="4.156">
        </testcase>
        <testcase name="db::datastore::test::test_table_scan" classname="nexus-db-queries" timestamp="2025-06-05T16:56:03.220+00:00" time="4.111">
        </testcase>
        <testcase name="db::datastore::test::test_ssh_keys" classname="nexus-db-queries" timestamp="2025-06-05T16:56:03.165+00:00" time="4.272">
        </testcase>
        <testcase name="db::datastore::test::test_sled_ipv6_address_allocation" classname="nexus-db-queries" timestamp="2025-06-05T16:56:03.116+00:00" time="4.323">
        </testcase>
        <testcase name="db::datastore::test::test_region_allocation_strat_random_with_distinct_sleds_fails" classname="nexus-db-queries" timestamp="2025-06-05T16:55:54.223+00:00" time="14.071">
        </testcase>
        <testcase name="db::datastore::test::test_region_allocation_strat_random_with_distinct_sleds" classname="nexus-db-queries" timestamp="2025-06-05T16:55:54.041+00:00" time="15.558">
        </testcase>
        <testcase name="db::datastore::virtual_provisioning_collection::test::test_instance_create_and_delete" classname="nexus-db-queries" timestamp="2025-06-05T16:56:07.331+00:00" time="4.452">
        </testcase>
        <testcase name="db::datastore::virtual_provisioning_collection::test::test_storage_create_and_delete" classname="nexus-db-queries" timestamp="2025-06-05T16:56:07.439+00:00" time="4.347">
        </testcase>
        <testcase name="db::datastore::virtual_provisioning_collection::test::test_instance_create_and_delete_twice" classname="nexus-db-queries" timestamp="2025-06-05T16:56:07.437+00:00" time="4.527">
        </testcase>
        <testcase name="db::datastore::virtual_provisioning_collection::test::test_storage_create_and_delete_twice" classname="nexus-db-queries" timestamp="2025-06-05T16:56:08.294+00:00" time="4.181">
        </testcase>
        <testcase name="db::datastore::volume::tests::test_read_only_target_in_vcr" classname="nexus-db-queries" timestamp="2025-06-05T16:56:12.475+00:00" time="0.011">
        </testcase>
        <testcase name="db::datastore::volume::tests::test_replace_read_only_target_in_vcr" classname="nexus-db-queries" timestamp="2025-06-05T16:56:12.486+00:00" time="0.011">
        </testcase>
        <testcase name="db::datastore::vmm::tests::test_vmm_and_migration_update_runtime" classname="nexus-db-queries" timestamp="2025-06-05T16:56:09.600+00:00" time="4.374">
        </testcase>
        <testcase name="db::datastore::volume::tests::test_deserialize_old_crucible_resources" classname="nexus-db-queries" timestamp="2025-06-05T16:56:11.783+00:00" time="4.222">
        </testcase>
        <testcase name="db::datastore::volume::tests::test_find_volumes_referencing_socket_addr" classname="nexus-db-queries" timestamp="2025-06-05T16:56:11.786+00:00" time="4.420">
        </testcase>
        <testcase name="db::datastore::volume_repair::test::volume_lock_conflict_error_returned" classname="nexus-db-queries" timestamp="2025-06-05T16:56:16.005+00:00" time="4.248">
        </testcase>
        <testcase name="db::datastore::volume_repair::test::volume_lock_relock_allowed" classname="nexus-db-queries" timestamp="2025-06-05T16:56:16.206+00:00" time="4.179">
        </testcase>
        <testcase name="db::datastore::volume_repair::test::volume_lock_should_pass_without_volume" classname="nexus-db-queries" timestamp="2025-06-05T16:56:20.253+00:00" time="4.016">
        </testcase>
        <testcase name="db::datastore::vpc::tests::test_project_create_vpc_raw_returns_none_on_vni_exhaustion" classname="nexus-db-queries" timestamp="2025-06-05T16:56:20.385+00:00" time="4.384">
        </testcase>
        <testcase name="db::datastore::volume::tests::test_no_find_deleted_region_for_no_volume" classname="nexus-db-queries" timestamp="2025-06-05T16:56:11.964+00:00" time="13.260">
        </testcase>
        <testcase name="db::datastore::volume::tests::test_volume_replace_region" classname="nexus-db-queries" timestamp="2025-06-05T16:56:12.497+00:00" time="13.275">
        </testcase>
        <testcase name="db::datastore::volume::tests::test_volume_replace_snapshot" classname="nexus-db-queries" timestamp="2025-06-05T16:56:13.974+00:00" time="13.962">
        </testcase>
        <testcase name="db::datastore::webhook_delivery::test::expectorate_rx_list_resendable" classname="nexus-db-queries" timestamp="2025-06-05T16:56:27.937+00:00" time="0.138">
        </testcase>
        <testcase name="db::datastore::vpc::tests::test_project_create_vpc_retries" classname="nexus-db-queries" timestamp="2025-06-05T16:56:24.269+00:00" time="4.515">
        </testcase>
        <testcase name="db::datastore::webhook_delivery::test::explain_rx_list_resendable_events" classname="nexus-db-queries" timestamp="2025-06-05T16:56:28.075+00:00" time="2.285">
        </testcase>
        <testcase name="db::datastore::vpc::tests::test_vpc_router_rule_instance_resolve" classname="nexus-db-queries" timestamp="2025-06-05T16:56:25.224+00:00" time="5.151">
        </testcase>
        <testcase name="db::datastore::vpc::tests::test_vpc_resolve_to_sleds_uses_current_target_blueprint" classname="nexus-db-queries" timestamp="2025-06-05T16:56:24.769+00:00" time="6.534">
        </testcase>
        <testcase name="db::datastore::vpc::tests::test_vpc_system_router_sync_to_subnets" classname="nexus-db-queries" timestamp="2025-06-05T16:56:25.772+00:00" time="5.827">
        </testcase>
        <testcase name="db::explain::test::test_explain_async" classname="nexus-db-queries" timestamp="2025-06-05T16:56:30.361+00:00" time="1.682">
        </testcase>
        <testcase name="db::explain::test::test_explain_full_table_scan" classname="nexus-db-queries" timestamp="2025-06-05T16:56:30.375+00:00" time="1.687">
        </testcase>
        <testcase name="db::datastore::webhook_delivery::test::test_dispatched_deliveries_are_unique_per_rx" classname="nexus-db-queries" timestamp="2025-06-05T16:56:28.785+00:00" time="4.588">
        </testcase>
        <testcase name="db::pagination::test::test_paginated_multicolumn_ascending" classname="nexus-db-queries" timestamp="2025-06-05T16:56:31.304+00:00" time="2.991">
        </testcase>
        <testcase name="db::pagination::test::test_paginator" classname="nexus-db-queries" timestamp="2025-06-05T16:56:34.295+00:00" time="0.012">
        </testcase>
        <testcase name="db::pagination::test::test_paginated_multicolumn_descending" classname="nexus-db-queries" timestamp="2025-06-05T16:56:31.599+00:00" time="3.342">
        </testcase>
        <testcase name="db::pagination::test::test_paginated_single_column_ascending" classname="nexus-db-queries" timestamp="2025-06-05T16:56:32.062+00:00" time="3.197">
        </testcase>
        <testcase name="db::pagination::test::test_paginated_multicolumn_works_with_joins" classname="nexus-db-queries" timestamp="2025-06-05T16:56:32.043+00:00" time="3.237">
        </testcase>
        <testcase name="db::pool::test::test_pool_can_be_terminated" classname="nexus-db-queries" timestamp="2025-06-05T16:56:34.307+00:00" time="1.251">
        </testcase>
        <testcase name="db::pool::test::test_pool_drop_does_not_panic" classname="nexus-db-queries" timestamp="2025-06-05T16:56:34.940+00:00" time="1.130">
        </testcase>
        <testcase name="db::pagination::test::test_paginated_single_column_descending" classname="nexus-db-queries" timestamp="2025-06-05T16:56:33.372+00:00" time="3.189">
        </testcase>
        <testcase name="db::queries::external_ip::tests::test_external_ip_allocate_omicron_zone_is_idempotent" classname="nexus-db-queries" timestamp="2025-06-05T16:56:35.558+00:00" time="4.867">
        </testcase>
        <testcase name="db::queries::external_ip::tests::test_ephemeral_and_snat_ips_do_not_overlap" classname="nexus-db-queries" timestamp="2025-06-05T16:56:35.280+00:00" time="5.222">
        </testcase>
        <testcase name="db::queries::external_ip::tests::test_external_ip_allocate_omicron_zone_out_of_range" classname="nexus-db-queries" timestamp="2025-06-05T16:56:36.070+00:00" time="4.657">
        </testcase>
        <testcase name="db::queries::external_ip::tests::test_ensure_pool_exhaustion_does_not_use_other_pool" classname="nexus-db-queries" timestamp="2025-06-05T16:56:35.259+00:00" time="5.506">
        </testcase>
        <testcase name="db::queries::external_ip::tests::test_insert_external_ip_is_idempotent" classname="nexus-db-queries" timestamp="2025-06-05T16:56:36.562+00:00" time="4.842">
        </testcase>
        <testcase name="db::queries::external_ip::tests::test_next_external_ip_allocation_and_exhaustion" classname="nexus-db-queries" timestamp="2025-06-05T16:56:40.425+00:00" time="4.650">
        </testcase>
        <testcase name="db::queries::external_ip::tests::test_next_external_ip_out_of_order_allocation_ok" classname="nexus-db-queries" timestamp="2025-06-05T16:56:40.727+00:00" time="4.715">
        </testcase>
        <testcase name="db::queries::external_ip::tests::test_next_external_ip_is_restricted_to_pools" classname="nexus-db-queries" timestamp="2025-06-05T16:56:40.503+00:00" time="4.962">
        </testcase>
        <testcase name="db::queries::external_ip::tests::test_next_external_ip_with_ephemeral_takes_whole_port_range" classname="nexus-db-queries" timestamp="2025-06-05T16:56:40.765+00:00" time="4.742">
        </testcase>
        <testcase name="db::queries::network_interface::tests::test_first_available_address" classname="nexus-db-queries" timestamp="2025-06-05T16:56:45.507+00:00" time="0.012">
        </testcase>
        <testcase name="db::queries::network_interface::tests::allocation_after_explicit_ip_address_takes_next_smallest_address" classname="nexus-db-queries" timestamp="2025-06-05T16:56:41.403+00:00" time="4.646">
        </testcase>
        <testcase name="db::queries::network_interface::tests::test_delete_service_is_idempotent" classname="nexus-db-queries" timestamp="2025-06-05T16:56:45.443+00:00" time="4.483">
        </testcase>
        <testcase name="db::queries::network_interface::tests::allocation_and_deallocation_takes_next_smallest_address" classname="nexus-db-queries" timestamp="2025-06-05T16:56:45.076+00:00" time="5.049">
        </testcase>
        <testcase name="db::queries::network_interface::tests::test_insert_multiple_vpc_subnets_succeeds" classname="nexus-db-queries" timestamp="2025-06-05T16:56:45.519+00:00" time="4.692">
        </testcase>
        <testcase name="db::queries::network_interface::tests::test_insert_multiple_vpcs_fails" classname="nexus-db-queries" timestamp="2025-06-05T16:56:46.050+00:00" time="4.572">
        </testcase>
        <testcase name="db::queries::network_interface::tests::test_detect_ip_exhaustion" classname="nexus-db-queries" timestamp="2025-06-05T16:56:45.465+00:00" time="5.894">
        </testcase>
        <testcase name="db::queries::network_interface::tests::test_insert_no_instance_fails" classname="nexus-db-queries" timestamp="2025-06-05T16:56:49.926+00:00" time="4.526">
        </testcase>
        <testcase name="db::queries::network_interface::tests::test_insert_request_mac" classname="nexus-db-queries" timestamp="2025-06-05T16:56:50.211+00:00" time="4.426">
        </testcase>
        <testcase name="db::queries::network_interface::tests::test_insert_request_exact_ip" classname="nexus-db-queries" timestamp="2025-06-05T16:56:50.124+00:00" time="4.719">
        </testcase>
        <testcase name="db::queries::network_interface::tests::test_insert_request_same_ip_fails" classname="nexus-db-queries" timestamp="2025-06-05T16:56:50.622+00:00" time="4.777">
        </testcase>
        <testcase name="db::queries::network_interface::tests::test_insert_request_same_mac_fails" classname="nexus-db-queries" timestamp="2025-06-05T16:56:51.359+00:00" time="4.501">
        </testcase>
        <testcase name="db::queries::network_interface::tests::test_insert_request_same_slot_fails" classname="nexus-db-queries" timestamp="2025-06-05T16:56:54.452+00:00" time="4.596">
        </testcase>
        <testcase name="db::queries::network_interface::tests::test_insert_request_slot" classname="nexus-db-queries" timestamp="2025-06-05T16:56:54.637+00:00" time="4.810">
        </testcase>
        <testcase name="db::queries::network_interface::tests::test_insert_running_instance_fails" classname="nexus-db-queries" timestamp="2025-06-05T16:56:54.844+00:00" time="4.762">
        </testcase>
        <testcase name="db::queries::network_interface::tests::test_last_available_address" classname="nexus-db-queries" timestamp="2025-06-05T16:56:59.606+00:00" time="0.013">
        </testcase>
        <testcase name="db::queries::network_interface::tests::test_insert_same_interface_fails" classname="nexus-db-queries" timestamp="2025-06-05T16:56:55.399+00:00" time="4.754">
        </testcase>
        <testcase name="db::queries::network_interface::tests::test_insert_same_vpc_subnet_fails" classname="nexus-db-queries" timestamp="2025-06-05T16:56:55.860+00:00" time="4.695">
        </testcase>
        <testcase name="db::queries::next_item::tests::test_explain_next_item_self_joined" classname="nexus-db-queries" timestamp="2025-06-05T16:57:00.153+00:00" time="2.192">
        </testcase>
        <testcase name="db::queries::next_item::tests::test_next_item_query_is_ordered_by_indices" classname="nexus-db-queries" timestamp="2025-06-05T16:57:00.555+00:00" time="2.593">
        </testcase>
        <testcase name="db::queries::network_interface::tests::test_insert_sequential_ip_allocation" classname="nexus-db-queries" timestamp="2025-06-05T16:56:59.047+00:00" time="5.018">
        </testcase>
        <testcase name="db::queries::next_item::tests::test_shift_indices" classname="nexus-db-queries" timestamp="2025-06-05T16:57:04.065+00:00" time="0.013">
        </testcase>
        <testcase name="db::queries::network_interface::tests::test_insert_with_duplicate_name_fails" classname="nexus-db-queries" timestamp="2025-06-05T16:56:59.447+00:00" time="4.918">
        </testcase>
        <testcase name="db::queries::oximeter::test::expectorate_query_reassign_producers" classname="nexus-db-queries" timestamp="2025-06-05T16:57:04.365+00:00" time="0.112">
        </testcase>
        <testcase name="db::queries::oximeter::test::expectorate_query_upsert_producer" classname="nexus-db-queries" timestamp="2025-06-05T16:57:04.477+00:00" time="0.148">
        </testcase>
        <testcase name="db::queries::network_interface::tests::test_limit_number_of_interfaces_per_instance_query" classname="nexus-db-queries" timestamp="2025-06-05T16:56:59.619+00:00" time="5.285">
        </testcase>
        <testcase name="db::queries::next_item::tests::test_next_item_self_joined" classname="nexus-db-queries" timestamp="2025-06-05T16:57:02.345+00:00" time="2.682">
        </testcase>
        <testcase name="db::queries::region_allocation::test::allocation_query_region_size_overflow" classname="nexus-db-queries" timestamp="2025-06-05T16:57:05.027+00:00" time="0.013">
        </testcase>
        <testcase name="db::queries::region_allocation::test::allocation_query_region_size_too_large" classname="nexus-db-queries" timestamp="2025-06-05T16:57:05.040+00:00" time="0.012">
        </testcase>
        <testcase name="db::queries::next_item::tests::test_next_item_self_joined_with_gaps" classname="nexus-db-queries" timestamp="2025-06-05T16:57:03.148+00:00" time="2.436">
        </testcase>
        <testcase name="db::queries::region_allocation::test::expectorate_query" classname="nexus-db-queries" timestamp="2025-06-05T16:57:05.052+00:00" time="0.613">
        </testcase>
        <testcase name="db::queries::regions_hard_delete::test::expectorate_query" classname="nexus-db-queries" timestamp="2025-06-05T16:57:05.665+00:00" time="0.120">
        </testcase>
        <testcase name="db::queries::oximeter::test::explainable_reassign_producers" classname="nexus-db-queries" timestamp="2025-06-05T16:57:04.625+00:00" time="1.609">
        </testcase>
        <testcase name="db::queries::sled_reservation::test::expectorate_sled_find_targets_query" classname="nexus-db-queries" timestamp="2025-06-05T16:57:06.234+00:00" time="0.121">
        </testcase>
        <testcase name="db::queries::sled_reservation::test::expectorate_sled_insert_resource_query" classname="nexus-db-queries" timestamp="2025-06-05T16:57:06.356+00:00" time="0.137">
        </testcase>
        <testcase name="db::queries::next_item::tests::test_wrapping_next_item_query" classname="nexus-db-queries" timestamp="2025-06-05T16:57:04.078+00:00" time="2.421">
        </testcase>
        <testcase name="db::queries::oximeter::test::explainable_upsert_producer" classname="nexus-db-queries" timestamp="2025-06-05T16:57:04.905+00:00" time="2.275">
        </testcase>
        <testcase name="db::queries::regions_hard_delete::test::explainable" classname="nexus-db-queries" timestamp="2025-06-05T16:57:05.785+00:00" time="1.495">
        </testcase>
        <testcase name="db::queries::virtual_provisioning_collection_update::test::expectorate_query_delete_instance" classname="nexus-db-queries" timestamp="2025-06-05T16:57:07.180+00:00" time="0.107">
        </testcase>
        <testcase name="db::queries::virtual_provisioning_collection_update::test::expectorate_query_delete_storage" classname="nexus-db-queries" timestamp="2025-06-05T16:57:07.279+00:00" time="0.116">
        </testcase>
        <testcase name="db::queries::virtual_provisioning_collection_update::test::expectorate_query_insert_instance" classname="nexus-db-queries" timestamp="2025-06-05T16:57:07.286+00:00" time="0.125">
        </testcase>
        <testcase name="db::queries::virtual_provisioning_collection_update::test::expectorate_query_insert_storage" classname="nexus-db-queries" timestamp="2025-06-05T16:57:07.395+00:00" time="0.116">
        </testcase>
        <testcase name="db::queries::region_allocation::test::explainable" classname="nexus-db-queries" timestamp="2025-06-05T16:57:05.584+00:00" time="2.257">
        </testcase>
        <testcase name="db::queries::sled_reservation::test::explain_sled_insert_resource_query" classname="nexus-db-queries" timestamp="2025-06-05T16:57:06.498+00:00" time="1.545">
        </testcase>
        <testcase name="db::queries::sled_reservation::test::explain_sled_find_targets_query" classname="nexus-db-queries" timestamp="2025-06-05T16:57:06.493+00:00" time="1.607">
        </testcase>
        <testcase name="db::queries::vpc::tests::test_vni_search_iter_full_count" classname="nexus-db-queries" timestamp="2025-06-05T16:57:08.100+00:00" time="0.055">
        </testcase>
        <testcase name="db::queries::vpc::tests::test_vni_search_iter_steps" classname="nexus-db-queries" timestamp="2025-06-05T16:57:08.156+00:00" time="0.014">
        </testcase>
        <testcase name="db::queries::vpc::tests::test_vni_search_iter_wrapping" classname="nexus-db-queries" timestamp="2025-06-05T16:57:08.170+00:00" time="0.021">
        </testcase>
        <testcase name="db::queries::vpc::tests::test_vni_shift_no_wrapping" classname="nexus-db-queries" timestamp="2025-06-05T16:57:08.191+00:00" time="0.013">
        </testcase>
        <testcase name="db::queries::vpc::tests::test_vni_shift_with_wrapping" classname="nexus-db-queries" timestamp="2025-06-05T16:57:08.204+00:00" time="0.013">
        </testcase>
        <testcase name="db::queries::virtual_provisioning_collection_update::test::explain_delete_instance" classname="nexus-db-queries" timestamp="2025-06-05T16:57:07.411+00:00" time="1.558">
        </testcase>
        <testcase name="db::queries::virtual_provisioning_collection_update::test::explain_delete_storage" classname="nexus-db-queries" timestamp="2025-06-05T16:57:07.511+00:00" time="1.496">
        </testcase>
        <testcase name="db::queries::virtual_provisioning_collection_update::test::explain_insert_instance" classname="nexus-db-queries" timestamp="2025-06-05T16:57:07.841+00:00" time="1.541">
        </testcase>
        <testcase name="db::queries::virtual_provisioning_collection_update::test::explain_insert_storage" classname="nexus-db-queries" timestamp="2025-06-05T16:57:08.044+00:00" time="1.456">
        </testcase>
        <testcase name="db::queries::vpc_subnet::test::explain_insert_query" classname="nexus-db-queries" timestamp="2025-06-05T16:57:08.217+00:00" time="1.453">
        </testcase>
        <testcase name="db::queries::vpc_subnet::test::test_insert_vpc_subnet_query" classname="nexus-db-queries" timestamp="2025-06-05T16:57:08.970+00:00" time="1.557">
        </testcase>
        <testcase name="db::queries::vpc_subnet::test::test_insert_vpc_subnet_query_is_idempotent" classname="nexus-db-queries" timestamp="2025-06-05T16:57:09.007+00:00" time="1.566">
        </testcase>
        <testcase name="transaction_retry::test::test_transaction_retry_produces_samples" classname="nexus-db-queries" timestamp="2025-06-05T16:57:09.670+00:00" time="4.274">
        </testcase>
        <testcase name="transaction_retry::test::test_transaction_rollback_produces_no_samples" classname="nexus-db-queries" timestamp="2025-06-05T16:57:10.527+00:00" time="4.378">
        </testcase>
        <testcase name="policy_test::test_conferred_roles" classname="nexus-db-queries" timestamp="2025-06-05T16:57:09.382+00:00" time="7.929">
        </testcase>
        <testcase name="policy_test::test_iam_roles_behavior" classname="nexus-db-queries" timestamp="2025-06-05T16:57:09.500+00:00" time="70.724">
        </testcase>
    </testsuite>
    <testsuite name="nexus-db-lookup::integration" tests="1" disabled="0" errors="0" failures="0">
        <testcase name="lookup::test_lookup" classname="nexus-db-lookup::integration" timestamp="2025-06-05T16:52:10.960+00:00" time="4.640">
        </testcase>
    </testsuite>
    <testsuite name="nexus-defaults" tests="1" disabled="0" errors="0" failures="0">
        <testcase name="tests::test_random_vpc_ipv6_prefix" classname="nexus-defaults" timestamp="2025-06-05T16:57:10.574+00:00" time="0.004">
        </testcase>
    </testsuite>
    <testsuite name="nexus-inventory" tests="7" disabled="0" errors="0" failures="0">
        <testcase name="builder::test::test_basic" classname="nexus-inventory" timestamp="2025-06-05T16:57:10.578+00:00" time="0.029">
        </testcase>
        <testcase name="builder::test::test_empty" classname="nexus-inventory" timestamp="2025-06-05T16:57:10.607+00:00" time="0.007">
        </testcase>
        <testcase name="builder::test::test_problems" classname="nexus-inventory" timestamp="2025-06-05T16:57:10.614+00:00" time="0.008">
        </testcase>
        <testcase name="collector::test::test_basic" classname="nexus-inventory" timestamp="2025-06-05T16:57:10.622+00:00" time="0.575">
        </testcase>
        <testcase name="collector::test::test_multi_mgs" classname="nexus-inventory" timestamp="2025-06-05T16:57:11.198+00:00" time="0.753">
        </testcase>
        <testcase name="collector::test::test_multi_mgs_failure" classname="nexus-inventory" timestamp="2025-06-05T16:57:11.950+00:00" time="0.313">
        </testcase>
        <testcase name="collector::test::test_sled_agent_failure" classname="nexus-inventory" timestamp="2025-06-05T16:57:12.263+00:00" time="0.435">
        </testcase>
    </testsuite>
    <testsuite name="nexus-mgs-updates" tests="5" disabled="0" errors="0" failures="0">
        <testcase name="driver_update::test::test_sp_basic_failures" classname="nexus-mgs-updates" timestamp="2025-06-05T16:57:14.905+00:00" time="1.245">
        </testcase>
        <testcase name="test_util::step_through::test::test_basic" classname="nexus-mgs-updates" timestamp="2025-06-05T16:57:18.799+00:00" time="0.219">
        </testcase>
        <testcase name="driver_update::test::test_sp_update_watched" classname="nexus-mgs-updates" timestamp="2025-06-05T16:57:17.481+00:00" time="4.593">
        </testcase>
        <testcase name="driver_update::test::test_sp_update_basic" classname="nexus-mgs-updates" timestamp="2025-06-05T16:57:16.149+00:00" time="8.889">
        </testcase>
        <testcase name="driver_update::test::test_sp_update_takeover" classname="nexus-mgs-updates" timestamp="2025-06-05T16:57:17.312+00:00" time="14.600">
        </testcase>
    </testsuite>
    <testsuite name="nexus-metrics-producer-gc" tests="2" disabled="0" errors="0" failures="0">
        <testcase name="tests::test_prune_expired_producers" classname="nexus-metrics-producer-gc" timestamp="2025-06-05T16:57:12.698+00:00" time="4.783">
        </testcase>
        <testcase name="tests::test_prune_expired_producers_notifies_collector" classname="nexus-metrics-producer-gc" timestamp="2025-06-05T16:57:13.944+00:00" time="4.855">
        </testcase>
    </testsuite>
    <testsuite name="nexus-mgs-updates::host_phase1_updater" tests="4" disabled="0" errors="0" failures="0">
        <testcase name="test_host_phase1_updater_delivers_progress" classname="nexus-mgs-updates::host_phase1_updater" timestamp="2025-06-05T16:57:19.018+00:00" time="0.186">
        </testcase>
        <testcase name="test_host_phase1_updater_remembers_successful_mgs_instance" classname="nexus-mgs-updates::host_phase1_updater" timestamp="2025-06-05T16:57:19.204+00:00" time="0.213">
        </testcase>
        <testcase name="test_host_phase1_updater_switches_mgs_instances_on_failure" classname="nexus-mgs-updates::host_phase1_updater" timestamp="2025-06-05T16:57:19.417+00:00" time="0.185">
        </testcase>
        <testcase name="test_host_phase1_updater_updates_sled" classname="nexus-mgs-updates::host_phase1_updater" timestamp="2025-06-05T16:57:19.603+00:00" time="0.181">
        </testcase>
    </testsuite>
    <testsuite name="nexus-mgs-updates::rot_updater" tests="5" disabled="0" errors="0" failures="0">
        <testcase name="test_rot_updater_delivers_progress" classname="nexus-mgs-updates::rot_updater" timestamp="2025-06-05T16:57:19.783+00:00" time="3.192">
        </testcase>
        <testcase name="test_rot_updater_switches_mgs_instances_on_failure" classname="nexus-mgs-updates::rot_updater" timestamp="2025-06-05T16:57:22.975+00:00" time="0.189">
        </testcase>
        <testcase name="test_rot_updater_remembers_successful_mgs_instance" classname="nexus-mgs-updates::rot_updater" timestamp="2025-06-05T16:57:22.074+00:00" time="3.226">
        </testcase>
        <testcase name="test_rot_updater_updates_sled" classname="nexus-mgs-updates::rot_updater" timestamp="2025-06-05T16:57:23.164+00:00" time="3.200">
        </testcase>
        <testcase name="test_rot_updater_updates_switch" classname="nexus-mgs-updates::rot_updater" timestamp="2025-06-05T16:57:25.039+00:00" time="3.200">
        </testcase>
    </testsuite>
    <testsuite name="nexus-mgs-updates::sp_updater" tests="5" disabled="0" errors="0" failures="0">
        <testcase name="test_sp_updater_switches_mgs_instances_on_failure" classname="nexus-mgs-updates::sp_updater" timestamp="2025-06-05T16:57:28.238+00:00" time="1.187">
        </testcase>
        <testcase name="test_sp_updater_delivers_progress" classname="nexus-mgs-updates::sp_updater" timestamp="2025-06-05T16:57:25.301+00:00" time="4.191">
        </testcase>
        <testcase name="test_sp_updater_remembers_successful_mgs_instance" classname="nexus-mgs-updates::sp_updater" timestamp="2025-06-05T16:57:26.364+00:00" time="4.227">
        </testcase>
        <testcase name="test_sp_updater_updates_sled" classname="nexus-mgs-updates::sp_updater" timestamp="2025-06-05T16:57:29.425+00:00" time="4.224">
        </testcase>
        <testcase name="test_sp_updater_updates_switch" classname="nexus-mgs-updates::sp_updater" timestamp="2025-06-05T16:57:29.492+00:00" time="4.241">
        </testcase>
    </testsuite>
    <testsuite name="nexus-reconfigurator-blippy" tests="14" disabled="0" errors="0" failures="0">
        <testcase name="checks::tests::test_bad_internal_dns_subnet" classname="nexus-reconfigurator-blippy" timestamp="2025-06-05T16:57:30.591+00:00" time="0.030">
        </testcase>
        <testcase name="checks::tests::test_dataset_on_nonexistent_zpool" classname="nexus-reconfigurator-blippy" timestamp="2025-06-05T16:57:30.622+00:00" time="0.010">
        </testcase>
        <testcase name="checks::tests::test_dataset_with_bad_address" classname="nexus-reconfigurator-blippy" timestamp="2025-06-05T16:57:30.632+00:00" time="0.010">
        </testcase>
        <testcase name="checks::tests::test_duplicate_external_ip" classname="nexus-reconfigurator-blippy" timestamp="2025-06-05T16:57:30.641+00:00" time="0.008">
        </testcase>
        <testcase name="checks::tests::test_duplicate_nic_ip" classname="nexus-reconfigurator-blippy" timestamp="2025-06-05T16:57:30.649+00:00" time="0.016">
        </testcase>
        <testcase name="checks::tests::test_duplicate_nic_mac" classname="nexus-reconfigurator-blippy" timestamp="2025-06-05T16:57:30.666+00:00" time="0.009">
        </testcase>
        <testcase name="checks::tests::test_duplicate_underlay_ips" classname="nexus-reconfigurator-blippy" timestamp="2025-06-05T16:57:30.675+00:00" time="0.015">
        </testcase>
        <testcase name="checks::tests::test_durable_dataset_collision" classname="nexus-reconfigurator-blippy" timestamp="2025-06-05T16:57:30.690+00:00" time="0.011">
        </testcase>
        <testcase name="checks::tests::test_example_blueprint_is_blippy_clean" classname="nexus-reconfigurator-blippy" timestamp="2025-06-05T16:57:30.701+00:00" time="0.008">
        </testcase>
        <testcase name="checks::tests::test_orphaned_datasets" classname="nexus-reconfigurator-blippy" timestamp="2025-06-05T16:57:30.709+00:00" time="0.009">
        </testcase>
        <testcase name="checks::tests::test_transient_root_dataset_collision" classname="nexus-reconfigurator-blippy" timestamp="2025-06-05T16:57:30.718+00:00" time="0.012">
        </testcase>
        <testcase name="checks::tests::test_zone_missing_datasets" classname="nexus-reconfigurator-blippy" timestamp="2025-06-05T16:57:30.731+00:00" time="0.015">
        </testcase>
        <testcase name="checks::tests::test_zpool_missing_default_datasets" classname="nexus-reconfigurator-blippy" timestamp="2025-06-05T16:57:30.746+00:00" time="0.012">
        </testcase>
        <testcase name="checks::tests::test_zpool_with_duplicate_dataset_kinds" classname="nexus-reconfigurator-blippy" timestamp="2025-06-05T16:57:30.758+00:00" time="0.021">
        </testcase>
    </testsuite>
    <testsuite name="nexus-reconfigurator-execution" tests="11" disabled="0" errors="0" failures="0">
        <testcase name="clickhouse::test::test_generate_config_settings" classname="nexus-reconfigurator-execution" timestamp="2025-06-05T16:57:31.911+00:00" time="0.035">
        </testcase>
        <testcase name="dns::test::test_blueprint_external_dns_basic" classname="nexus-reconfigurator-execution" timestamp="2025-06-05T16:57:33.649+00:00" time="0.029">
        </testcase>
        <testcase name="dns::test::test_blueprint_internal_dns_basic" classname="nexus-reconfigurator-execution" timestamp="2025-06-05T16:57:33.678+00:00" time="0.069">
        </testcase>
        <testcase name="dns::test::test_blueprint_internal_dns_empty" classname="nexus-reconfigurator-execution" timestamp="2025-06-05T16:57:33.733+00:00" time="0.034">
        </testcase>
        <testcase name="dns::test::test_dns_compute_update" classname="nexus-reconfigurator-execution" timestamp="2025-06-05T16:57:33.747+00:00" time="0.046">
        </testcase>
        <testcase name="omicron_physical_disks::test::test_decommission_expunged_disks" classname="nexus-reconfigurator-execution" timestamp="2025-06-05T16:57:33.793+00:00" time="17.936">
        </testcase>
        <testcase name="omicron_sled_config::tests::test_deploy_config" classname="nexus-reconfigurator-execution" timestamp="2025-06-05T16:57:51.729+00:00" time="15.398">
        </testcase>
        <testcase name="cockroachdb::test::test_ensure_preserve_downgrade_option" classname="nexus-reconfigurator-execution" timestamp="2025-06-05T16:57:31.947+00:00" time="43.361">
        </testcase>
        <testcase name="omicron_zones::test::test_clean_up_cockroach_zones" classname="nexus-reconfigurator-execution" timestamp="2025-06-05T16:57:59.937+00:00" time="15.697">
        </testcase>
        <testcase name="sled_state::tests::test_decommission_is_idempotent" classname="nexus-reconfigurator-execution" timestamp="2025-06-05T16:58:07.127+00:00" time="14.594">
        </testcase>
        <testcase name="dns::test::test_silos_external_dns_end_to_end" classname="nexus-reconfigurator-execution" timestamp="2025-06-05T16:57:33.768+00:00" time="49.134">
        </testcase>
    </testsuite>
    <testsuite name="nexus-reconfigurator-cli-integration-tests::integration" tests="1" disabled="0" errors="0" failures="0">
        <testcase name="blueprint_edit::test_blueprint_edit" classname="nexus-reconfigurator-cli-integration-tests::integration" timestamp="2025-06-05T16:57:30.779+00:00" time="29.159">
        </testcase>
    </testsuite>
    <testsuite name="nexus-reconfigurator-planning" tests="53" disabled="0" errors="0" failures="0">
        <testcase name="blueprint_builder::builder::test::test_add_nexus_error_cases" classname="nexus-reconfigurator-planning" timestamp="2025-06-05T16:58:15.308+00:00" time="0.042">
        </testcase>
        <testcase name="blueprint_builder::builder::test::test_add_nexus_with_no_existing_nexus_zones" classname="nexus-reconfigurator-planning" timestamp="2025-06-05T16:58:15.350+00:00" time="0.073">
        </testcase>
        <testcase name="blueprint_builder::builder::test::test_add_physical_disks" classname="nexus-reconfigurator-planning" timestamp="2025-06-05T16:58:15.422+00:00" time="0.027">
        </testcase>
        <testcase name="blueprint_builder::builder::test::test_basic" classname="nexus-reconfigurator-planning" timestamp="2025-06-05T16:58:15.449+00:00" time="0.047">
        </testcase>
        <testcase name="blueprint_builder::builder::test::test_datasets_for_zpools_and_zones" classname="nexus-reconfigurator-planning" timestamp="2025-06-05T16:58:15.497+00:00" time="0.025">
        </testcase>
        <testcase name="blueprint_builder::builder::test::test_decommissioned_sleds" classname="nexus-reconfigurator-planning" timestamp="2025-06-05T16:58:15.522+00:00" time="0.047">
        </testcase>
        <testcase name="blueprint_builder::builder::test::test_ensure_cockroachdb" classname="nexus-reconfigurator-planning" timestamp="2025-06-05T16:58:15.569+00:00" time="0.058">
        </testcase>
        <testcase name="blueprint_builder::builder::test::test_zone_image_source_change_diff" classname="nexus-reconfigurator-planning" timestamp="2025-06-05T16:58:15.634+00:00" time="0.014">
        </testcase>
        <testcase name="blueprint_builder::builder::test::test_zone_filesystem_zpool_colocated" classname="nexus-reconfigurator-planning" timestamp="2025-06-05T16:58:15.628+00:00" time="0.028">
        </testcase>
        <testcase name="blueprint_builder::clickhouse::test::add_3_servers_and_expunge_one_simultaneously" classname="nexus-reconfigurator-planning" timestamp="2025-06-05T16:58:15.649+00:00" time="0.020">
        </testcase>
        <testcase name="blueprint_builder::clickhouse::test::expunge_2_of_5_keeper_zones" classname="nexus-reconfigurator-planning" timestamp="2025-06-05T16:58:15.656+00:00" time="0.027">
        </testcase>
        <testcase name="blueprint_builder::clickhouse::test::expunge_a_different_keeper_while_adding_keeper" classname="nexus-reconfigurator-planning" timestamp="2025-06-05T16:58:15.669+00:00" time="0.014">
        </testcase>
        <testcase name="blueprint_builder::clickhouse::test::inventory_returns_unexpected_membership" classname="nexus-reconfigurator-planning" timestamp="2025-06-05T16:58:15.683+00:00" time="0.040">
        </testcase>
        <testcase name="blueprint_builder::clickhouse::test::expunge_keeper_being_added" classname="nexus-reconfigurator-planning" timestamp="2025-06-05T16:58:15.683+00:00" time="0.050">
        </testcase>
        <testcase name="blueprint_builder::clickhouse::test::no_changes_needed" classname="nexus-reconfigurator-planning" timestamp="2025-06-05T16:58:15.734+00:00" time="0.021">
        </testcase>
        <testcase name="blueprint_editor::allocators::external_networking::test::external_dns_ips_are_partitioned_separately" classname="nexus-reconfigurator-planning" timestamp="2025-06-05T16:58:15.755+00:00" time="0.016">
        </testcase>
        <testcase name="blueprint_builder::clickhouse::test::move_from_3_to_5_keepers" classname="nexus-reconfigurator-planning" timestamp="2025-06-05T16:58:15.724+00:00" time="0.050">
        </testcase>
        <testcase name="blueprint_editor::allocators::external_networking::test::test_available_iterator" classname="nexus-reconfigurator-planning" timestamp="2025-06-05T16:58:15.771+00:00" time="0.048">
        </testcase>
        <testcase name="blueprint_editor::allocators::internal_dns::test::test_dns_subnet_allocator" classname="nexus-reconfigurator-planning" timestamp="2025-06-05T16:58:15.819+00:00" time="0.037">
        </testcase>
        <testcase name="blueprint_editor::sled_editor::datasets::tests::proptest_add_same_kind_after_expunging" classname="nexus-reconfigurator-planning" timestamp="2025-06-05T16:58:15.856+00:00" time="0.919">
        </testcase>
        <testcase name="blueprint_editor::sled_editor::datasets::tests::proptest_add_same_kind_after_expunging_by_zpool" classname="nexus-reconfigurator-planning" timestamp="2025-06-05T16:58:16.776+00:00" time="0.734">
        </testcase>
        <testcase name="blueprint_editor::sled_editor::datasets::tests::proptest_create_editor_with_expunged_datasets" classname="nexus-reconfigurator-planning" timestamp="2025-06-05T16:58:17.509+00:00" time="0.505">
        </testcase>
        <testcase name="blueprint_editor::sled_editor::datasets::tests::proptest_create_editor_with_in_service_datasets" classname="nexus-reconfigurator-planning" timestamp="2025-06-05T16:58:18.014+00:00" time="0.536">
        </testcase>
        <testcase name="blueprint_editor::sled_editor::underlay_ip_allocator::test::test_basic" classname="nexus-reconfigurator-planning" timestamp="2025-06-05T16:58:18.550+00:00" time="0.035">
        </testcase>
        <testcase name="example::tests::builder_zone_counts" classname="nexus-reconfigurator-planning" timestamp="2025-06-05T16:58:18.585+00:00" time="0.027">
        </testcase>
        <testcase name="example::tests::instances_on_examples" classname="nexus-reconfigurator-planning" timestamp="2025-06-05T16:58:18.613+00:00" time="0.029">
        </testcase>
        <testcase name="mgs_updates::test::test_basic" classname="nexus-reconfigurator-planning" timestamp="2025-06-05T16:58:18.641+00:00" time="0.052">
        </testcase>
        <testcase name="mgs_updates::test::test_sp_move" classname="nexus-reconfigurator-planning" timestamp="2025-06-05T16:58:18.693+00:00" time="0.030">
        </testcase>
        <testcase name="blueprint_editor::allocators::external_networking::test::test_external_ip_allocator" classname="nexus-reconfigurator-planning" timestamp="2025-06-05T16:58:15.774+00:00" time="2.952">
        </testcase>
        <testcase name="mgs_updates::test::test_whole_system_sequential" classname="nexus-reconfigurator-planning" timestamp="2025-06-05T16:58:18.723+00:00" time="0.017">
        </testcase>
        <testcase name="mgs_updates::test::test_whole_system_simultaneous" classname="nexus-reconfigurator-planning" timestamp="2025-06-05T16:58:18.725+00:00" time="0.048">
        </testcase>
        <testcase name="planner::omicron_zone_placement::test::test_place_omicron_zones" classname="nexus-reconfigurator-planning" timestamp="2025-06-05T16:58:18.740+00:00" time="0.061">
        </testcase>
        <testcase name="planner::test::test_add_multiple_nexus_to_one_sled" classname="nexus-reconfigurator-planning" timestamp="2025-06-05T16:58:18.802+00:00" time="0.045">
        </testcase>
        <testcase name="planner::test::planner_decommissions_sleds" classname="nexus-reconfigurator-planning" timestamp="2025-06-05T16:58:18.773+00:00" time="0.143">
        </testcase>
        <testcase name="planner::test::test_crucible_allocation_skips_nonprovisionable_disks" classname="nexus-reconfigurator-planning" timestamp="2025-06-05T16:58:18.917+00:00" time="0.029">
        </testcase>
        <testcase name="planner::test::test_crucible_pantry" classname="nexus-reconfigurator-planning" timestamp="2025-06-05T16:58:18.946+00:00" time="0.035">
        </testcase>
        <testcase name="planner::test::test_basic_add_sled" classname="nexus-reconfigurator-planning" timestamp="2025-06-05T16:58:18.847+00:00" time="0.139">
        </testcase>
        <testcase name="planner::test::test_dataset_settings_modified_in_place" classname="nexus-reconfigurator-planning" timestamp="2025-06-05T16:58:18.982+00:00" time="0.044">
        </testcase>
        <testcase name="planner::test::test_disk_add_expunge_decommission" classname="nexus-reconfigurator-planning" timestamp="2025-06-05T16:58:18.987+00:00" time="0.070">
        </testcase>
        <testcase name="planner::test::test_disk_expungement_removes_zones_durable_zpool" classname="nexus-reconfigurator-planning" timestamp="2025-06-05T16:58:19.025+00:00" time="0.035">
        </testcase>
        <testcase name="planner::test::test_ensure_preserve_downgrade_option" classname="nexus-reconfigurator-planning" timestamp="2025-06-05T16:58:19.060+00:00" time="0.018">
        </testcase>
        <testcase name="planner::test::test_disk_expungement_removes_zones_transient_filesystem" classname="nexus-reconfigurator-planning" timestamp="2025-06-05T16:58:19.057+00:00" time="0.035">
        </testcase>
        <testcase name="planner::test::test_expunge_clickhouse_clusters" classname="nexus-reconfigurator-planning" timestamp="2025-06-05T16:58:19.079+00:00" time="0.052">
        </testcase>
        <testcase name="planner::test::test_expunge_clickhouse_zones_after_policy_is_changed" classname="nexus-reconfigurator-planning" timestamp="2025-06-05T16:58:19.092+00:00" time="0.041">
        </testcase>
        <testcase name="planner::test::test_nexus_allocation_skips_nonprovisionable_sleds" classname="nexus-reconfigurator-planning" timestamp="2025-06-05T16:58:19.133+00:00" time="0.086">
        </testcase>
        <testcase name="planner::test::test_internal_dns_zone_replaced_after_marked_for_cleanup" classname="nexus-reconfigurator-planning" timestamp="2025-06-05T16:58:19.131+00:00" time="0.090">
        </testcase>
        <testcase name="planner::test::test_reuse_external_dns_ips_from_expunged_zones" classname="nexus-reconfigurator-planning" timestamp="2025-06-05T16:58:19.221+00:00" time="0.056">
        </testcase>
        <testcase name="planner::test::test_plan_deploy_all_clickhouse_cluster_nodes" classname="nexus-reconfigurator-planning" timestamp="2025-06-05T16:58:19.219+00:00" time="0.079">
        </testcase>
        <testcase name="planner::test::test_single_node_clickhouse" classname="nexus-reconfigurator-planning" timestamp="2025-06-05T16:58:19.298+00:00" time="0.069">
        </testcase>
        <testcase name="planner::test::test_reuse_external_ips_from_expunged_zones" classname="nexus-reconfigurator-planning" timestamp="2025-06-05T16:58:19.281+00:00" time="0.093">
        </testcase>
        <testcase name="planner::test::test_spread_additional_nexus_zones_across_sleds" classname="nexus-reconfigurator-planning" timestamp="2025-06-05T16:58:19.367+00:00" time="0.044">
        </testcase>
        <testcase name="planner::test::test_spread_internal_dns_zones_across_sleds" classname="nexus-reconfigurator-planning" timestamp="2025-06-05T16:58:19.374+00:00" time="0.039">
        </testcase>
        <testcase name="planner::test::test_zones_marked_ready_for_cleanup_based_on_inventory" classname="nexus-reconfigurator-planning" timestamp="2025-06-05T16:58:19.411+00:00" time="0.036">
        </testcase>
    </testsuite>
    <testsuite name="nexus-reconfigurator-simulation" tests="1" disabled="0" errors="0" failures="0">
        <testcase name="utils::tests::test_insert_sorted_by" classname="nexus-reconfigurator-simulation" timestamp="2025-06-05T16:58:20.225+00:00" time="0.013">
        </testcase>
    </testsuite>
    <testsuite name="nexus-saga-recovery" tests="4" disabled="0" errors="0" failures="0">
        <testcase name="recovery::test::test_execution_basic" classname="nexus-saga-recovery" timestamp="2025-06-05T16:58:20.238+00:00" time="0.026">
        </testcase>
        <testcase name="recovery::test::test_plan_basic" classname="nexus-saga-recovery" timestamp="2025-06-05T16:58:20.264+00:00" time="0.012">
        </testcase>
        <testcase name="recovery::test::test_read_all_from_channel" classname="nexus-saga-recovery" timestamp="2025-06-05T16:58:20.276+00:00" time="0.009">
        </testcase>
        <testcase name="test::test_basic" classname="nexus-saga-recovery" timestamp="2025-06-05T16:58:20.284+00:00" time="0.056">
        </testcase>
    </testsuite>
    <testsuite name="nexus-sled-agent-shared" tests="1" disabled="0" errors="0" failures="0">
        <testcase name="inventory::tests::test_name_prefixes" classname="nexus-sled-agent-shared" timestamp="2025-06-05T16:58:20.341+00:00" time="0.032">
        </testcase>
    </testsuite>
    <testsuite name="nexus-types" tests="11" disabled="0" errors="0" failures="0">
        <testcase name="authn::cookies::test::test_parse_cookies_empty_headers" classname="nexus-types" timestamp="2025-06-05T16:58:20.373+00:00" time="0.037">
        </testcase>
        <testcase name="authn::cookies::test::test_parse_cookies_ignore_other_headers" classname="nexus-types" timestamp="2025-06-05T16:58:20.410+00:00" time="0.008">
        </testcase>
        <testcase name="authn::cookies::test::test_parse_cookies_one_cookie" classname="nexus-types" timestamp="2025-06-05T16:58:20.419+00:00" time="0.023">
        </testcase>
        <testcase name="authn::cookies::test::test_parse_cookies_two_cookie_headers" classname="nexus-types" timestamp="2025-06-05T16:58:20.442+00:00" time="0.009">
        </testcase>
        <testcase name="authn::cookies::test::test_parse_cookies_two_cookie_headers_same_name" classname="nexus-types" timestamp="2025-06-05T16:58:20.450+00:00" time="0.012">
        </testcase>
        <testcase name="authn::cookies::test::test_parse_cookies_two_cookies" classname="nexus-types" timestamp="2025-06-05T16:58:20.463+00:00" time="0.012">
        </testcase>
        <testcase name="deployment::planning_input::tests::cockroachdb_cluster_versions" classname="nexus-types" timestamp="2025-06-05T16:58:20.475+00:00" time="0.006">
        </testcase>
        <testcase name="deployment::test::test_serialize_pending_mgs_updates" classname="nexus-types" timestamp="2025-06-05T16:58:20.481+00:00" time="0.012">
        </testcase>
        <testcase name="external_api::shared::test::test_policy_parsing" classname="nexus-types" timestamp="2025-06-05T16:58:20.493+00:00" time="0.006">
        </testcase>
        <testcase name="external_api::shared::test::test_webhook_subscription_validation" classname="nexus-types" timestamp="2025-06-05T16:58:20.500+00:00" time="0.010">
        </testcase>
        <testcase name="external_api::views::test::test_expected_one_of" classname="nexus-types" timestamp="2025-06-05T16:58:20.510+00:00" time="0.006">
        </testcase>
    </testsuite>
    <testsuite name="omicron-certificates" tests="5" disabled="0" errors="0" failures="0">
        <testcase name="tests::cert_validated_if_any_possible_hostname_is_valid" classname="omicron-certificates" timestamp="2025-06-05T16:58:20.516+00:00" time="0.017">
        </testcase>
        <testcase name="tests::common_name_is_ignored_if_subject_alternate_names_exist" classname="omicron-certificates" timestamp="2025-06-05T16:58:20.532+00:00" time="0.009">
        </testcase>
        <testcase name="tests::test_cert_extended_key_usage" classname="omicron-certificates" timestamp="2025-06-05T16:58:20.541+00:00" time="0.017">
        </testcase>
        <testcase name="tests::test_common_name_is_validated" classname="omicron-certificates" timestamp="2025-06-05T16:58:20.558+00:00" time="0.015">
        </testcase>
        <testcase name="tests::test_subject_alternate_names_are_validated" classname="omicron-certificates" timestamp="2025-06-05T16:58:20.573+00:00" time="0.014">
        </testcase>
    </testsuite>
    <testsuite name="omicron-cockroach-admin" tests="7" disabled="0" errors="0" failures="0">
        <testcase name="cockroach_cli::tests::proptest_validate_decommissionable" classname="omicron-cockroach-admin" timestamp="2025-06-05T16:58:20.588+00:00" time="0.102">
        </testcase>
        <testcase name="cockroach_cli::tests::test_cluster_init_compatibility" classname="omicron-cockroach-admin" timestamp="2025-06-05T16:58:20.690+00:00" time="2.959">
        </testcase>
        <testcase name="cockroach_cli::tests::test_node_decommission_compatibility" classname="omicron-cockroach-admin" timestamp="2025-06-05T16:58:22.902+00:00" time="0.920">
        </testcase>
        <testcase name="cockroach_cli::tests::test_node_status_compatibility" classname="omicron-cockroach-admin" timestamp="2025-06-05T16:58:23.649+00:00" time="1.538">
        </testcase>
        <testcase name="context::tests::test_node_id" classname="omicron-cockroach-admin" timestamp="2025-06-05T16:58:25.187+00:00" time="1.464">
        </testcase>
        <testcase name="cockroach_cli::tests::test_cluster_schema_init_interleaved" classname="omicron-cockroach-admin" timestamp="2025-06-05T16:58:21.721+00:00" time="11.114">
        </testcase>
        <testcase name="cockroach_cli::tests::test_schema_init" classname="omicron-cockroach-admin" timestamp="2025-06-05T16:58:23.822+00:00" time="10.463">
        </testcase>
    </testsuite>
    <testsuite name="omicron-common" tests="55" disabled="0" errors="0" failures="0">
        <testcase name="address::test::test_dns_subnets" classname="omicron-common" timestamp="2025-06-05T16:58:26.652+00:00" time="0.007">
        </testcase>
        <testcase name="address::test::test_ip_range_checks_non_decreasing" classname="omicron-common" timestamp="2025-06-05T16:58:26.659+00:00" time="0.004">
        </testcase>
        <testcase name="address::test::test_ip_range_enum_deserialization" classname="omicron-common" timestamp="2025-06-05T16:58:26.664+00:00" time="0.005">
        </testcase>
        <testcase name="address::test::test_ip_range_iter" classname="omicron-common" timestamp="2025-06-05T16:58:26.668+00:00" time="0.004">
        </testcase>
        <testcase name="address::test::test_ip_range_length" classname="omicron-common" timestamp="2025-06-05T16:58:26.672+00:00" time="0.004">
        </testcase>
        <testcase name="address::test::test_ip_range_try_from" classname="omicron-common" timestamp="2025-06-05T16:58:26.676+00:00" time="0.004">
        </testcase>
        <testcase name="address::test::test_ipv6_subnet_deserialize" classname="omicron-common" timestamp="2025-06-05T16:58:26.680+00:00" time="0.004">
        </testcase>
        <testcase name="address::test::test_sled_address" classname="omicron-common" timestamp="2025-06-05T16:58:26.684+00:00" time="0.004">
        </testcase>
        <testcase name="api::external::error::test::test_bail_unless" classname="omicron-common" timestamp="2025-06-05T16:58:26.689+00:00" time="0.004">
        </testcase>
        <testcase name="api::external::error::test::test_context" classname="omicron-common" timestamp="2025-06-05T16:58:26.693+00:00" time="0.004">
        </testcase>
        <testcase name="api::external::http_pagination::test::test_pagination_examples" classname="omicron-common" timestamp="2025-06-05T16:58:26.697+00:00" time="0.016">
        </testcase>
        <testcase name="api::external::http_pagination::test::test_pagination_schemas" classname="omicron-common" timestamp="2025-06-05T16:58:26.714+00:00" time="0.007">
        </testcase>
        <testcase name="api::external::http_pagination::test::test_scan_by_id" classname="omicron-common" timestamp="2025-06-05T16:58:26.720+00:00" time="0.006">
        </testcase>
        <testcase name="api::external::http_pagination::test::test_scan_by_name" classname="omicron-common" timestamp="2025-06-05T16:58:26.726+00:00" time="0.005">
        </testcase>
        <testcase name="api::external::http_pagination::test::test_scan_by_nameid_generic" classname="omicron-common" timestamp="2025-06-05T16:58:26.731+00:00" time="0.005">
        </testcase>
        <testcase name="api::external::http_pagination::test::test_scan_by_nameid_id" classname="omicron-common" timestamp="2025-06-05T16:58:26.736+00:00" time="0.005">
        </testcase>
        <testcase name="api::external::http_pagination::test::test_scan_by_nameid_name" classname="omicron-common" timestamp="2025-06-05T16:58:26.741+00:00" time="0.005">
        </testcase>
        <testcase name="api::external::http_pagination::test::test_scan_by_time_and_id" classname="omicron-common" timestamp="2025-06-05T16:58:26.746+00:00" time="0.005">
        </testcase>
        <testcase name="api::external::test::test_bytecount" classname="omicron-common" timestamp="2025-06-05T16:58:26.751+00:00" time="0.004">
        </testcase>
        <testcase name="api::external::test::test_bytecount_display" classname="omicron-common" timestamp="2025-06-05T16:58:26.755+00:00" time="0.004">
        </testcase>
        <testcase name="api::external::test::test_digest" classname="omicron-common" timestamp="2025-06-05T16:58:26.759+00:00" time="0.010">
        </testcase>
        <testcase name="api::external::test::test_firewall_deserialization" classname="omicron-common" timestamp="2025-06-05T16:58:26.769+00:00" time="0.005">
        </testcase>
        <testcase name="api::external::test::test_firewall_rule_host_filter_parse" classname="omicron-common" timestamp="2025-06-05T16:58:26.775+00:00" time="0.023">
        </testcase>
        <testcase name="api::external::test::test_firewall_rule_target_parse" classname="omicron-common" timestamp="2025-06-05T16:58:26.798+00:00" time="0.021">
        </testcase>
        <testcase name="api::external::test::test_generation_display_parse" classname="omicron-common" timestamp="2025-06-05T16:58:26.819+00:00" time="0.004">
        </testcase>
        <testcase name="api::external::test::test_generation_from_int" classname="omicron-common" timestamp="2025-06-05T16:58:26.823+00:00" time="0.004">
        </testcase>
        <testcase name="api::external::test::test_generation_overflow" classname="omicron-common" timestamp="2025-06-05T16:58:26.828+00:00" time="0.275">
        </testcase>
        <testcase name="api::external::test::test_generation_serde" classname="omicron-common" timestamp="2025-06-05T16:58:27.103+00:00" time="0.005">
        </testcase>
        <testcase name="api::external::test::test_hostname_from_str" classname="omicron-common" timestamp="2025-06-05T16:58:27.108+00:00" time="0.014">
        </testcase>
        <testcase name="api::external::test::test_ip_port_range_from_str" classname="omicron-common" timestamp="2025-06-05T16:58:27.122+00:00" time="0.005">
        </testcase>
        <testcase name="api::external::test::test_ip_port_range_into_str" classname="omicron-common" timestamp="2025-06-05T16:58:27.127+00:00" time="0.005">
        </testcase>
        <testcase name="api::external::test::test_ipv6_net_operations" classname="omicron-common" timestamp="2025-06-05T16:58:27.132+00:00" time="0.005">
        </testcase>
        <testcase name="api::external::test::test_mac_system_iterator" classname="omicron-common" timestamp="2025-06-05T16:58:27.137+00:00" time="0.008">
        </testcase>
        <testcase name="api::external::test::test_mac_to_int_conversions" classname="omicron-common" timestamp="2025-06-05T16:58:27.145+00:00" time="0.005">
        </testcase>
        <testcase name="api::external::test::test_macaddr" classname="omicron-common" timestamp="2025-06-05T16:58:27.150+00:00" time="0.005">
        </testcase>
        <testcase name="api::external::test::test_name_parse" classname="omicron-common" timestamp="2025-06-05T16:58:27.155+00:00" time="0.005">
        </testcase>
        <testcase name="api::external::test::test_name_parse_from_param" classname="omicron-common" timestamp="2025-06-05T16:58:27.160+00:00" time="0.004">
        </testcase>
        <testcase name="api::external::test::test_resource_name_parse" classname="omicron-common" timestamp="2025-06-05T16:58:27.164+00:00" time="0.005">
        </testcase>
        <testcase name="api::external::test::test_role_name_parse" classname="omicron-common" timestamp="2025-06-05T16:58:27.169+00:00" time="0.006">
        </testcase>
        <testcase name="api::external::test::test_route_destination_parse" classname="omicron-common" timestamp="2025-06-05T16:58:27.175+00:00" time="0.016">
        </testcase>
        <testcase name="api::external::test::test_route_target_parse" classname="omicron-common" timestamp="2025-06-05T16:58:27.191+00:00" time="0.026">
        </testcase>
        <testcase name="api::external::test::test_semver_serialize" classname="omicron-common" timestamp="2025-06-05T16:58:27.217+00:00" time="0.005">
        </testcase>
        <testcase name="api::internal::shared::tests::test_dataset_kind_serialization" classname="omicron-common" timestamp="2025-06-05T16:58:27.222+00:00" time="0.005">
        </testcase>
        <testcase name="api::internal::shared::tests::test_deserialize_allowed_source_ips" classname="omicron-common" timestamp="2025-06-05T16:58:27.227+00:00" time="0.005">
        </testcase>
        <testcase name="api::internal::shared::tests::test_deserialize_any_into_allowed_external_ips" classname="omicron-common" timestamp="2025-06-05T16:58:27.232+00:00" time="0.004">
        </testcase>
        <testcase name="api::internal::shared::tests::test_deserialize_unknown_string" classname="omicron-common" timestamp="2025-06-05T16:58:27.237+00:00" time="0.004">
        </testcase>
        <testcase name="ledger::test::test_commit_handles_write_failures" classname="omicron-common" timestamp="2025-06-05T16:58:27.241+00:00" time="0.011">
        </testcase>
        <testcase name="ledger::test::test_create_default_ledger" classname="omicron-common" timestamp="2025-06-05T16:58:27.252+00:00" time="0.007">
        </testcase>
        <testcase name="ledger::test::test_create_ledger_reads_from_storage" classname="omicron-common" timestamp="2025-06-05T16:58:27.259+00:00" time="0.006">
        </testcase>
        <testcase name="ledger::test::test_create_ledger_reads_latest_from_storage" classname="omicron-common" timestamp="2025-06-05T16:58:27.265+00:00" time="0.012">
        </testcase>
        <testcase name="zpool_name::test::test_parse_bad_zpool_names" classname="omicron-common" timestamp="2025-06-05T16:58:27.277+00:00" time="0.005">
        </testcase>
        <testcase name="zpool_name::test::test_parse_external_zpool_name" classname="omicron-common" timestamp="2025-06-05T16:58:27.282+00:00" time="0.007">
        </testcase>
        <testcase name="zpool_name::test::test_parse_internal_zpool_name" classname="omicron-common" timestamp="2025-06-05T16:58:27.289+00:00" time="0.005">
        </testcase>
        <testcase name="zpool_name::test::test_parse_zpool_name_json" classname="omicron-common" timestamp="2025-06-05T16:58:27.295+00:00" time="0.004">
        </testcase>
        <testcase name="zpool_name::test::test_zpool_name_regex" classname="omicron-common" timestamp="2025-06-05T16:58:27.299+00:00" time="0.005">
        </testcase>
    </testsuite>
    <testsuite name="omicron-dev::test-omicron-dev" tests="3" disabled="0" errors="0" failures="0">
        <testcase name="test_omicron_dev_bad_cmd" classname="omicron-dev::test-omicron-dev" timestamp="2025-06-05T16:58:27.304+00:00" time="0.037">
        </testcase>
        <testcase name="test_omicron_dev_no_args" classname="omicron-dev::test-omicron-dev" timestamp="2025-06-05T16:58:27.341+00:00" time="0.037">
        </testcase>
        <testcase name="test_run_all" classname="omicron-dev::test-omicron-dev" timestamp="2025-06-05T16:58:27.379+00:00" time="12.157">
        </testcase>
    </testsuite>
    <testsuite name="omicron-gateway" tests="2" disabled="0" errors="0" failures="0">
        <testcase name="management_switch::location_map::tests::test_config_validation" classname="omicron-gateway" timestamp="2025-06-05T16:58:32.835+00:00" time="0.026">
        </testcase>
        <testcase name="management_switch::location_map::tests::test_resolve_location" classname="omicron-gateway" timestamp="2025-06-05T16:58:32.861+00:00" time="0.005">
        </testcase>
    </testsuite>
    <testsuite name="omicron-gateway::test_all" tests="9" disabled="0" errors="0" failures="0">
        <testcase name="integration_tests::component_list::component_list" classname="omicron-gateway::test_all" timestamp="2025-06-05T16:58:32.866+00:00" time="0.231">
        </testcase>
        <testcase name="integration_tests::config::read_production_smf_config" classname="omicron-gateway::test_all" timestamp="2025-06-05T16:58:33.097+00:00" time="0.048">
        </testcase>
        <testcase name="integration_tests::ereports::ereports_basic" classname="omicron-gateway::test_all" timestamp="2025-06-05T16:58:33.145+00:00" time="0.221">
        </testcase>
        <testcase name="integration_tests::ereports::ereports_commit" classname="omicron-gateway::test_all" timestamp="2025-06-05T16:58:33.367+00:00" time="0.193">
        </testcase>
        <testcase name="integration_tests::ereports::ereports_limit" classname="omicron-gateway::test_all" timestamp="2025-06-05T16:58:33.559+00:00" time="0.146">
        </testcase>
        <testcase name="integration_tests::location_discovery::discovery_both_locations" classname="omicron-gateway::test_all" timestamp="2025-06-05T16:58:33.706+00:00" time="0.300">
        </testcase>
        <testcase name="integration_tests::serial_console::serial_console_communication" classname="omicron-gateway::test_all" timestamp="2025-06-05T16:58:34.006+00:00" time="0.141">
        </testcase>
        <testcase name="integration_tests::serial_console::serial_console_detach" classname="omicron-gateway::test_all" timestamp="2025-06-05T16:58:34.147+00:00" time="0.144">
        </testcase>
        <testcase name="integration_tests::task_dump::task_dump" classname="omicron-gateway::test_all" timestamp="2025-06-05T16:58:34.285+00:00" time="0.156">
        </testcase>
    </testsuite>
    <testsuite name="nexus-reconfigurator-rendezvous" tests="2" disabled="0" errors="0" failures="0">
        <testcase name="debug_dataset::tests::proptest_reconciliation" classname="nexus-reconfigurator-rendezvous" timestamp="2025-06-05T16:58:19.447+00:00" time="18.239">
        </testcase>
        <testcase name="crucible_dataset::tests::proptest_reconciliation" classname="nexus-reconfigurator-rendezvous" timestamp="2025-06-05T16:58:19.414+00:00" time="23.362">
        </testcase>
    </testsuite>
    <testsuite name="omicron-ls-apis::test_dependencies" tests="1" disabled="0" errors="0" failures="0">
        <testcase name="test_api_dependencies" classname="omicron-ls-apis::test_dependencies" timestamp="2025-06-05T16:58:34.291+00:00" time="15.271">
        </testcase>
    </testsuite>
    <testsuite name="oximeter-db" tests="246" disabled="0" errors="0" failures="0">
        <testcase name="client::tests::test_replicated" classname="oximeter-db" timestamp="2025-06-05T16:51:41.242+00:00" time="676.139">
        </testcase>
        <testcase name="client::tests::check_actual_schema_upgrades_are_valid_replicated" classname="oximeter-db" timestamp="2025-06-05T17:02:58.353+00:00" time="0.181">
        </testcase>
        <testcase name="client::tests::check_db_init_is_sum_of_all_up_replicated" classname="oximeter-db" timestamp="2025-06-05T17:02:58.534+00:00" time="98.762">
        </testcase>
        <testcase name="client::tests::test_apply_one_schema_upgrade_replicated" classname="oximeter-db" timestamp="2025-06-05T17:04:37.297+00:00" time="2.687">
        </testcase>
        <testcase name="client::tests::test_ensure_schema_walks_through_multiple_steps_replicated" classname="oximeter-db" timestamp="2025-06-05T17:04:39.984+00:00" time="19.938">
        </testcase>
        <testcase name="client::tests::test_expunge_timeseries_by_name_replicated" classname="oximeter-db" timestamp="2025-06-05T17:04:59.922+00:00" time="25.683">
        </testcase>
        <testcase name="client::oxql::tests::correctly_negate_field_predicate_expression" classname="oximeter-db" timestamp="2025-06-05T17:33:15.951+00:00" time="0.007">
        </testcase>
        <testcase name="client::oxql::tests::correctly_negate_timestamp_predicate_expression" classname="oximeter-db" timestamp="2025-06-05T17:33:15.958+00:00" time="0.006">
        </testcase>
        <testcase name="client::oxql::tests::test_chunk_consistent_key_groups_all_in_one_chunk" classname="oximeter-db" timestamp="2025-06-05T17:33:15.964+00:00" time="0.005">
        </testcase>
        <testcase name="client::oxql::tests::test_chunk_consistent_key_groups_split_key_group_multiple_times" classname="oximeter-db" timestamp="2025-06-05T17:33:15.970+00:00" time="0.005">
        </testcase>
        <testcase name="client::oxql::tests::test_chunk_consistent_key_groups_split_middle_of_key_group" classname="oximeter-db" timestamp="2025-06-05T17:33:15.975+00:00" time="0.004">
        </testcase>
        <testcase name="client::oxql::tests::test_get_entire_table" classname="oximeter-db" timestamp="2025-06-05T17:33:15.979+00:00" time="1.217">
        </testcase>
        <testcase name="client::oxql::tests::test_get_entire_timeseries_and_part_of_another" classname="oximeter-db" timestamp="2025-06-05T17:33:16.402+00:00" time="1.206">
        </testcase>
        <testcase name="client::tests::can_ping_clickhouse" classname="oximeter-db" timestamp="2025-06-05T17:33:17.608+00:00" time="0.544">
        </testcase>
        <testcase name="client::oxql::tests::test_get_one_timeseries" classname="oximeter-db" timestamp="2025-06-05T17:33:16.880+00:00" time="1.298">
        </testcase>
        <testcase name="client::tests::check_actual_schema_upgrades_are_valid_single_node" classname="oximeter-db" timestamp="2025-06-05T17:33:18.178+00:00" time="0.062">
        </testcase>
        <testcase name="client::oxql::tests::test_limit_operations" classname="oximeter-db" timestamp="2025-06-05T17:33:17.197+00:00" time="1.295">
        </testcase>
        <testcase name="client::tests::insert_samples_fails_fast" classname="oximeter-db" timestamp="2025-06-05T17:33:18.491+00:00" time="2.479">
        </testcase>
        <testcase name="client::tests::read_latest_version_with_no_database_reports_zero" classname="oximeter-db" timestamp="2025-06-05T17:33:20.971+00:00" time="0.534">
        </testcase>
        <testcase name="client::tests::read_latest_version_reports_max" classname="oximeter-db" timestamp="2025-06-05T17:33:20.873+00:00" time="1.181">
        </testcase>
        <testcase name="client::tests::read_latest_version_with_empty_version_table_reports_zero" classname="oximeter-db" timestamp="2025-06-05T17:33:20.909+00:00" time="1.180">
        </testcase>
        <testcase name="client::tests::read_latest_version_with_no_version_table_reports_zero" classname="oximeter-db" timestamp="2025-06-05T17:33:21.505+00:00" time="1.084">
        </testcase>
        <testcase name="client::tests::check_db_init_is_sum_of_all_up_single_node" classname="oximeter-db" timestamp="2025-06-05T17:33:18.240+00:00" time="4.419">
        </testcase>
        <testcase name="client::tests::test_apply_one_schema_upgrade_single_node" classname="oximeter-db" timestamp="2025-06-05T17:33:22.090+00:00" time="0.597">
        </testcase>
        <testcase name="client::tests::select_timeseries_with_select_one" classname="oximeter-db" timestamp="2025-06-05T17:33:22.054+00:00" time="1.179">
        </testcase>
        <testcase name="client::tests::test_client_select_timeseries_one" classname="oximeter-db" timestamp="2025-06-05T17:33:22.589+00:00" time="1.207">
        </testcase>
        <testcase name="client::tests::test_database_version_update_is_idempotent" classname="oximeter-db" timestamp="2025-06-05T17:33:22.659+00:00" time="1.254">
        </testcase>
        <testcase name="client::tests::test_database_version_will_not_downgrade" classname="oximeter-db" timestamp="2025-06-05T17:33:22.687+00:00" time="1.231">
        </testcase>
        <testcase name="client::tests::test_database_version_will_not_upgrade" classname="oximeter-db" timestamp="2025-06-05T17:33:23.016+00:00" time="1.171">
        </testcase>
        <testcase name="client::tests::test_differentiate_by_timeseries_name" classname="oximeter-db" timestamp="2025-06-05T17:33:23.233+00:00" time="1.134">
        </testcase>
        <testcase name="client::tests::test_ensure_schema_walks_through_multiple_steps_single_node" classname="oximeter-db" timestamp="2025-06-05T17:33:23.796+00:00" time="1.197">
        </testcase>
        <testcase name="client::tests::test_ensure_schema_with_missing_desired_schema_version_fails" classname="oximeter-db" timestamp="2025-06-05T17:33:23.913+00:00" time="1.232">
        </testcase>
        <testcase name="client::tests::test_ensure_schema_with_version_gaps_fails" classname="oximeter-db" timestamp="2025-06-05T17:33:23.918+00:00" time="1.245">
        </testcase>
        <testcase name="client::tests::test_field_record_count" classname="oximeter-db" timestamp="2025-06-05T17:33:24.368+00:00" time="1.177">
        </testcase>
        <testcase name="client::tests::test_expunge_timeseries_by_name_single_node" classname="oximeter-db" timestamp="2025-06-05T17:33:24.187+00:00" time="1.817">
        </testcase>
        <testcase name="client::tests::test_get_schema_no_new_values" classname="oximeter-db" timestamp="2025-06-05T17:33:24.994+00:00" time="1.215">
        </testcase>
        <testcase name="client::tests::test_read_schema_upgrade_sql_files" classname="oximeter-db" timestamp="2025-06-05T17:33:26.209+00:00" time="0.012">
        </testcase>
        <testcase name="client::tests::test_read_timeseries_to_delete" classname="oximeter-db" timestamp="2025-06-05T17:33:26.221+00:00" time="0.011">
        </testcase>
        <testcase name="client::tests::test_read_timeseries_to_delete_empty_file_is_ok" classname="oximeter-db" timestamp="2025-06-05T17:33:26.232+00:00" time="0.005">
        </testcase>
        <testcase name="client::tests::test_read_timeseries_to_delete_nonexistent_file_is_ok" classname="oximeter-db" timestamp="2025-06-05T17:33:26.237+00:00" time="0.005">
        </testcase>
        <testcase name="client::tests::test_is_oximeter_cluster" classname="oximeter-db" timestamp="2025-06-05T17:33:25.163+00:00" time="1.217">
        </testcase>
        <testcase name="client::tests::test_insert_samples" classname="oximeter-db" timestamp="2025-06-05T17:33:25.146+00:00" time="1.275">
        </testcase>
        <testcase name="client::tests::test_list_timeseries" classname="oximeter-db" timestamp="2025-06-05T17:33:25.545+00:00" time="1.186">
        </testcase>
        <testcase name="client::tests::test_new_schema_removed_when_not_inserted" classname="oximeter-db" timestamp="2025-06-05T17:33:26.004+00:00" time="1.097">
        </testcase>
        <testcase name="client::tests::test_schema_mismatch" classname="oximeter-db" timestamp="2025-06-05T17:33:26.381+00:00" time="1.224">
        </testcase>
        <testcase name="client::tests::test_schema_update" classname="oximeter-db" timestamp="2025-06-05T17:33:26.421+00:00" time="1.255">
        </testcase>
        <testcase name="client::tests::test_recall_of_all_fields" classname="oximeter-db" timestamp="2025-06-05T17:33:26.242+00:00" time="1.703">
        </testcase>
        <testcase name="client::tests::test_select_all_datum_types" classname="oximeter-db" timestamp="2025-06-05T17:33:26.731+00:00" time="1.343">
        </testcase>
        <testcase name="client::tests::test_select_all_field_types" classname="oximeter-db" timestamp="2025-06-05T17:33:27.101+00:00" time="1.182">
        </testcase>
        <testcase name="client::tests::test_select_timeseries_with_all" classname="oximeter-db" timestamp="2025-06-05T17:33:27.605+00:00" time="1.205">
        </testcase>
        <testcase name="client::tests::test_select_timeseries_with_limit" classname="oximeter-db" timestamp="2025-06-05T17:33:27.676+00:00" time="1.475">
        </testcase>
        <testcase name="client::tests::test_select_timeseries_with_select_multiple_fields_with_multiple_values" classname="oximeter-db" timestamp="2025-06-05T17:33:28.074+00:00" time="1.231">
        </testcase>
        <testcase name="client::tests::test_unravel_index" classname="oximeter-db" timestamp="2025-06-05T17:33:29.305+00:00" time="0.005">
        </testcase>
        <testcase name="client::tests::test_select_timeseries_with_order" classname="oximeter-db" timestamp="2025-06-05T17:33:27.947+00:00" time="1.414">
        </testcase>
        <testcase name="client::tests::test_verify_schema_upgrades" classname="oximeter-db" timestamp="2025-06-05T17:33:29.360+00:00" time="0.010">
        </testcase>
        <testcase name="model::fields::tests::test_extract_fields_as_block" classname="oximeter-db" timestamp="2025-06-05T17:33:29.370+00:00" time="0.005">
        </testcase>
        <testcase name="model::measurements::tests::test_extract_histogram_measurement_columns" classname="oximeter-db" timestamp="2025-06-05T17:33:29.375+00:00" time="0.004">
        </testcase>
        <testcase name="model::measurements::tests::test_extract_measurement_as_block_cumulative" classname="oximeter-db" timestamp="2025-06-05T17:33:29.380+00:00" time="0.011">
        </testcase>
        <testcase name="model::measurements::tests::test_extract_measurement_as_block_gauge" classname="oximeter-db" timestamp="2025-06-05T17:33:29.391+00:00" time="0.007">
        </testcase>
        <testcase name="model::measurements::tests::test_extract_measurement_as_block_histogram" classname="oximeter-db" timestamp="2025-06-05T17:33:29.397+00:00" time="0.006">
        </testcase>
        <testcase name="model::measurements::tests::test_insert_datum_columns_scalar" classname="oximeter-db" timestamp="2025-06-05T17:33:29.403+00:00" time="0.006">
        </testcase>
        <testcase name="native::block::tests::concat_blocks" classname="oximeter-db" timestamp="2025-06-05T17:33:29.410+00:00" time="0.004">
        </testcase>
        <testcase name="native::block::tests::datetime64_scale_checks_range" classname="oximeter-db" timestamp="2025-06-05T17:33:29.414+00:00" time="0.004">
        </testcase>
        <testcase name="native::block::tests::parse_date_time" classname="oximeter-db" timestamp="2025-06-05T17:33:29.418+00:00" time="0.004">
        </testcase>
        <testcase name="native::block::tests::parse_date_time64" classname="oximeter-db" timestamp="2025-06-05T17:33:29.421+00:00" time="0.004">
        </testcase>
        <testcase name="native::block::tests::parse_escaped_date_time64" classname="oximeter-db" timestamp="2025-06-05T17:33:29.425+00:00" time="0.004">
        </testcase>
        <testcase name="native::block::tests::test_data_type_to_string" classname="oximeter-db" timestamp="2025-06-05T17:33:29.429+00:00" time="0.004">
        </testcase>
        <testcase name="native::block::tests::test_datetime64_conversions" classname="oximeter-db" timestamp="2025-06-05T17:33:29.434+00:00" time="0.004">
        </testcase>
        <testcase name="native::block::tests::test_parse_all_known_timezones" classname="oximeter-db" timestamp="2025-06-05T17:33:29.438+00:00" time="0.007">
        </testcase>
        <testcase name="native::block::tests::test_parse_array_enum8_with_bad_escapes" classname="oximeter-db" timestamp="2025-06-05T17:33:29.445+00:00" time="0.005">
        </testcase>
        <testcase name="native::block::tests::test_parse_array_enum8_with_escapes" classname="oximeter-db" timestamp="2025-06-05T17:33:29.450+00:00" time="0.004">
        </testcase>
        <testcase name="native::block::tests::test_parse_enum8" classname="oximeter-db" timestamp="2025-06-05T17:33:29.454+00:00" time="0.004">
        </testcase>
        <testcase name="native::block::tests::test_parse_enum_variant" classname="oximeter-db" timestamp="2025-06-05T17:33:29.458+00:00" time="0.004">
        </testcase>
        <testcase name="native::block::tests::test_parse_invalid_data_type" classname="oximeter-db" timestamp="2025-06-05T17:33:29.462+00:00" time="0.004">
        </testcase>
        <testcase name="client::tests::test_select_timeseries_with_select_one_field_with_multiple_values" classname="oximeter-db" timestamp="2025-06-05T17:33:28.283+00:00" time="1.203">
        </testcase>
        <testcase name="client::tests::test_select_timeseries_with_start_time" classname="oximeter-db" timestamp="2025-06-05T17:33:28.809+00:00" time="1.061">
        </testcase>
        <testcase name="native::connection::tests::test_basic_select_query" classname="oximeter-db" timestamp="2025-06-05T17:33:29.466+00:00" time="0.533">
        </testcase>
        <testcase name="native::connection::tests::test_can_cancel_query" classname="oximeter-db" timestamp="2025-06-05T17:33:29.487+00:00" time="0.636">
        </testcase>
        <testcase name="client::tests::test_timeseries_schema_list" classname="oximeter-db" timestamp="2025-06-05T17:33:29.258+00:00" time="1.110">
        </testcase>
        <testcase name="native::connection::tests::test_exchange_hello" classname="oximeter-db" timestamp="2025-06-05T17:33:29.870+00:00" time="0.527">
        </testcase>
        <testcase name="client::tests::test_update_schema_cache_on_new_sample" classname="oximeter-db" timestamp="2025-06-05T17:33:29.310+00:00" time="1.133">
        </testcase>
        <testcase name="native::connection::tests::test_insert_and_select_data" classname="oximeter-db" timestamp="2025-06-05T17:33:30.000+00:00" time="0.543">
        </testcase>
        <testcase name="client::tests::test_sql_query_output" classname="oximeter-db" timestamp="2025-06-05T17:33:29.151+00:00" time="1.451">
        </testcase>
        <testcase name="native::io::block::tests::test_decode_block_with_nulls" classname="oximeter-db" timestamp="2025-06-05T17:33:30.602+00:00" time="0.006">
        </testcase>
        <testcase name="native::io::block::tests::test_decode_full_block" classname="oximeter-db" timestamp="2025-06-05T17:33:30.609+00:00" time="0.008">
        </testcase>
        <testcase name="native::io::column::tests::check_uuid_buffer_length_on_decode" classname="oximeter-db" timestamp="2025-06-05T17:33:30.618+00:00" time="0.006">
        </testcase>
        <testcase name="native::io::column::tests::fail_to_encode_out_of_range_column" classname="oximeter-db" timestamp="2025-06-05T17:33:30.623+00:00" time="0.007">
        </testcase>
        <testcase name="native::io::column::tests::test_decode_ipv4addr_column" classname="oximeter-db" timestamp="2025-06-05T17:33:30.631+00:00" time="0.011">
        </testcase>
        <testcase name="native::io::column::tests::test_decode_ipv6addr_column" classname="oximeter-db" timestamp="2025-06-05T17:33:30.642+00:00" time="0.006">
        </testcase>
        <testcase name="native::io::column::tests::test_decode_string_column" classname="oximeter-db" timestamp="2025-06-05T17:33:30.647+00:00" time="0.005">
        </testcase>
        <testcase name="native::io::column::tests::test_decode_uint64_column" classname="oximeter-db" timestamp="2025-06-05T17:33:30.653+00:00" time="0.005">
        </testcase>
        <testcase name="native::connection::tests::test_insert_and_select_uuid" classname="oximeter-db" timestamp="2025-06-05T17:33:30.123+00:00" time="0.538">
        </testcase>
        <testcase name="native::io::column::tests::test_decode_uint8_column" classname="oximeter-db" timestamp="2025-06-05T17:33:30.658+00:00" time="0.004">
        </testcase>
        <testcase name="native::io::column::tests::test_decode_uuid_column" classname="oximeter-db" timestamp="2025-06-05T17:33:30.661+00:00" time="0.004">
        </testcase>
        <testcase name="native::io::column::tests::test_encode_decode_column" classname="oximeter-db" timestamp="2025-06-05T17:33:30.662+00:00" time="0.004">
        </testcase>
        <testcase name="native::io::packet::server::tests::test_decode_full_hello" classname="oximeter-db" timestamp="2025-06-05T17:33:30.665+00:00" time="0.004">
        </testcase>
        <testcase name="native::io::packet::server::tests::test_decode_hello_packet_and_a_half" classname="oximeter-db" timestamp="2025-06-05T17:33:30.666+00:00" time="0.004">
        </testcase>
        <testcase name="native::io::packet::server::tests::test_decode_multiple_hello_packets" classname="oximeter-db" timestamp="2025-06-05T17:33:30.668+00:00" time="0.004">
        </testcase>
        <testcase name="native::io::packet::server::tests::test_decode_nested_exceptions" classname="oximeter-db" timestamp="2025-06-05T17:33:30.670+00:00" time="0.004">
        </testcase>
        <testcase name="native::io::packet::server::tests::test_decode_partial_hello" classname="oximeter-db" timestamp="2025-06-05T17:33:30.672+00:00" time="0.004">
        </testcase>
        <testcase name="native::io::packet::server::tests::test_decode_pong" classname="oximeter-db" timestamp="2025-06-05T17:33:30.674+00:00" time="0.005">
        </testcase>
        <testcase name="native::io::packet::server::tests::test_decode_progress_packet" classname="oximeter-db" timestamp="2025-06-05T17:33:30.676+00:00" time="0.004">
        </testcase>
        <testcase name="native::io::packet::server::tests::test_decode_single_exception" classname="oximeter-db" timestamp="2025-06-05T17:33:30.679+00:00" time="0.004">
        </testcase>
        <testcase name="native::io::string::test::test_encode_decode" classname="oximeter-db" timestamp="2025-06-05T17:33:30.681+00:00" time="0.006">
        </testcase>
        <testcase name="native::io::table_columns::tests::test_backtick_quoted_column_name" classname="oximeter-db" timestamp="2025-06-05T17:33:30.687+00:00" time="0.004">
        </testcase>
        <testcase name="native::io::string::test::test_encode_hello_world" classname="oximeter-db" timestamp="2025-06-05T17:33:30.683+00:00" time="0.010">
        </testcase>
        <testcase name="native::io::table_columns::tests::test_column_count" classname="oximeter-db" timestamp="2025-06-05T17:33:30.691+00:00" time="0.004">
        </testcase>
        <testcase name="native::io::table_columns::tests::test_column_description_only_required_parts" classname="oximeter-db" timestamp="2025-06-05T17:33:30.693+00:00" time="0.004">
        </testcase>
        <testcase name="native::io::table_columns::tests::test_column_description_with_default" classname="oximeter-db" timestamp="2025-06-05T17:33:30.695+00:00" time="0.004">
        </testcase>
        <testcase name="native::io::table_columns::tests::test_column_descriptions" classname="oximeter-db" timestamp="2025-06-05T17:33:30.698+00:00" time="0.004">
        </testcase>
        <testcase name="native::io::varuint::test_encode_decode_varuint" classname="oximeter-db" timestamp="2025-06-05T17:33:30.699+00:00" time="0.004">
        </testcase>
        <testcase name="oxql::ast::grammar::tests::test_align_table_op" classname="oximeter-db" timestamp="2025-06-05T17:33:30.701+00:00" time="0.003">
        </testcase>
        <testcase name="oxql::ast::grammar::tests::test_boolean_literal" classname="oximeter-db" timestamp="2025-06-05T17:33:30.703+00:00" time="0.003">
        </testcase>
        <testcase name="oxql::ast::grammar::tests::test_comparison" classname="oximeter-db" timestamp="2025-06-05T17:33:30.705+00:00" time="0.004">
        </testcase>
        <testcase name="oxql::ast::grammar::tests::test_complicated_logical_combinations" classname="oximeter-db" timestamp="2025-06-05T17:33:30.706+00:00" time="0.003">
        </testcase>
        <testcase name="oxql::ast::grammar::tests::test_double_literal" classname="oximeter-db" timestamp="2025-06-05T17:33:30.709+00:00" time="0.004">
        </testcase>
        <testcase name="oxql::ast::grammar::tests::test_double_quoted_string_literal" classname="oximeter-db" timestamp="2025-06-05T17:33:30.710+00:00" time="0.004">
        </testcase>
        <testcase name="oxql::ast::grammar::tests::test_duration_literal" classname="oximeter-db" timestamp="2025-06-05T17:33:30.713+00:00" time="0.004">
        </testcase>
        <testcase name="oxql::ast::grammar::tests::test_filter_expr_operator_precedence" classname="oximeter-db" timestamp="2025-06-05T17:33:30.713+00:00" time="0.003">
        </testcase>
        <testcase name="oxql::ast::grammar::tests::test_filter_expr_overridden_precedence" classname="oximeter-db" timestamp="2025-06-05T17:33:30.717+00:00" time="0.004">
        </testcase>
        <testcase name="oxql::ast::grammar::tests::test_filter_expr_single_negated_simple_expression" classname="oximeter-db" timestamp="2025-06-05T17:33:30.717+00:00" time="0.003">
        </testcase>
        <testcase name="oxql::ast::grammar::tests::test_filter_expr_two_simple_filter_expressions" classname="oximeter-db" timestamp="2025-06-05T17:33:30.720+00:00" time="0.004">
        </testcase>
        <testcase name="oxql::ast::grammar::tests::test_filter_expr_single_simple_expression" classname="oximeter-db" timestamp="2025-06-05T17:33:30.720+00:00" time="0.004">
        </testcase>
        <testcase name="oxql::ast::grammar::tests::test_filter_table_op" classname="oximeter-db" timestamp="2025-06-05T17:33:30.724+00:00" time="0.004">
        </testcase>
        <testcase name="oxql::ast::grammar::tests::test_get_table_op" classname="oximeter-db" timestamp="2025-06-05T17:33:30.724+00:00" time="0.006">
        </testcase>
        <testcase name="oxql::ast::grammar::tests::test_group_by" classname="oximeter-db" timestamp="2025-06-05T17:33:30.728+00:00" time="0.004">
        </testcase>
        <testcase name="oxql::ast::grammar::tests::test_hex_integer_literal" classname="oximeter-db" timestamp="2025-06-05T17:33:30.730+00:00" time="0.004">
        </testcase>
        <testcase name="oxql::ast::grammar::tests::test_ident" classname="oximeter-db" timestamp="2025-06-05T17:33:30.732+00:00" time="0.003">
        </testcase>
        <testcase name="oxql::ast::grammar::tests::test_integer_literal" classname="oximeter-db" timestamp="2025-06-05T17:33:30.733+00:00" time="0.003">
        </testcase>
        <testcase name="oxql::ast::grammar::tests::test_like_only_available_for_strings" classname="oximeter-db" timestamp="2025-06-05T17:33:30.735+00:00" time="0.004">
        </testcase>
        <testcase name="oxql::ast::grammar::tests::test_limiting_table_ops" classname="oximeter-db" timestamp="2025-06-05T17:33:30.737+00:00" time="0.003">
        </testcase>
        <testcase name="oxql::ast::grammar::tests::test_multiple_negation" classname="oximeter-db" timestamp="2025-06-05T17:33:30.739+00:00" time="0.003">
        </testcase>
        <testcase name="oxql::ast::grammar::tests::test_negated_filter_expr" classname="oximeter-db" timestamp="2025-06-05T17:33:30.740+00:00" time="0.003">
        </testcase>
        <testcase name="oxql::ast::grammar::tests::test_parse_ipv4_literal" classname="oximeter-db" timestamp="2025-06-05T17:33:30.742+00:00" time="0.003">
        </testcase>
        <testcase name="oxql::ast::grammar::tests::test_parse_ipv6_literal" classname="oximeter-db" timestamp="2025-06-05T17:33:30.743+00:00" time="0.003">
        </testcase>
        <testcase name="oxql::ast::grammar::tests::test_parse_literal_timestamp_string" classname="oximeter-db" timestamp="2025-06-05T17:33:30.746+00:00" time="0.003">
        </testcase>
        <testcase name="oxql::ast::grammar::tests::test_query" classname="oximeter-db" timestamp="2025-06-05T17:33:30.747+00:00" time="0.008">
        </testcase>
        <testcase name="oxql::ast::grammar::tests::test_query_starts_with_get" classname="oximeter-db" timestamp="2025-06-05T17:33:30.749+00:00" time="0.009">
        </testcase>
        <testcase name="oxql::ast::grammar::tests::test_recognize_escape_sequences_with_invalid_unicode_sequence" classname="oximeter-db" timestamp="2025-06-05T17:33:30.758+00:00" time="0.003">
        </testcase>
        <testcase name="oxql::ast::grammar::tests::test_recognize_escape_sequences_with_none" classname="oximeter-db" timestamp="2025-06-05T17:33:30.762+00:00" time="0.003">
        </testcase>
        <testcase name="oxql::ast::grammar::tests::test_recognize_escape_sequences_with_valid_escape_sequence" classname="oximeter-db" timestamp="2025-06-05T17:33:30.765+00:00" time="0.003">
        </testcase>
        <testcase name="oxql::ast::grammar::tests::test_reducer" classname="oximeter-db" timestamp="2025-06-05T17:33:30.768+00:00" time="0.003">
        </testcase>
        <testcase name="oxql::ast::grammar::tests::test_single_quoted_string_literal" classname="oximeter-db" timestamp="2025-06-05T17:33:30.772+00:00" time="0.003">
        </testcase>
        <testcase name="oxql::ast::grammar::tests::test_uuid_literal" classname="oximeter-db" timestamp="2025-06-05T17:33:30.775+00:00" time="0.004">
        </testcase>
        <testcase name="oxql::ast::grammar::tests::test_uuid_literal_is_case_insensitive" classname="oximeter-db" timestamp="2025-06-05T17:33:30.779+00:00" time="0.004">
        </testcase>
        <testcase name="oxql::ast::literal::tests::test_duration_to_db_interval" classname="oximeter-db" timestamp="2025-06-05T17:33:30.784+00:00" time="0.004">
        </testcase>
        <testcase name="oxql::ast::literal::tests::test_literal_compare_field" classname="oximeter-db" timestamp="2025-06-05T17:33:30.788+00:00" time="0.004">
        </testcase>
        <testcase name="oxql::ast::literal::tests::test_literal_compare_field_wrong_type" classname="oximeter-db" timestamp="2025-06-05T17:33:30.792+00:00" time="0.004">
        </testcase>
        <testcase name="oxql::ast::table_ops::align::tests::test_fraction_overlap_with_window" classname="oximeter-db" timestamp="2025-06-05T17:33:30.796+00:00" time="0.003">
        </testcase>
        <testcase name="oxql::ast::table_ops::align::tests::test_mean_delta_does_not_modify_missing_values" classname="oximeter-db" timestamp="2025-06-05T17:33:30.800+00:00" time="0.003">
        </testcase>
        <testcase name="oxql::ast::table_ops::align::tests::test_mean_delta_value_in_window" classname="oximeter-db" timestamp="2025-06-05T17:33:30.803+00:00" time="0.003">
        </testcase>
        <testcase name="oxql::ast::table_ops::align::tests::test_mean_gauge_does_not_modify_missing_values" classname="oximeter-db" timestamp="2025-06-05T17:33:30.807+00:00" time="0.004">
        </testcase>
        <testcase name="oxql::ast::table_ops::align::tests::test_mean_gauge_value_in_window" classname="oximeter-db" timestamp="2025-06-05T17:33:30.810+00:00" time="0.003">
        </testcase>
        <testcase name="oxql::ast::table_ops::align::tests::test_verify_max_upsampling_ratio" classname="oximeter-db" timestamp="2025-06-05T17:33:30.814+00:00" time="0.003">
        </testcase>
        <testcase name="oxql::ast::table_ops::filter::tests::test_all_ident_names" classname="oximeter-db" timestamp="2025-06-05T17:33:30.817+00:00" time="0.003">
        </testcase>
        <testcase name="oxql::ast::table_ops::filter::tests::test_atom_filter_double_points" classname="oximeter-db" timestamp="2025-06-05T17:33:30.820+00:00" time="0.003">
        </testcase>
        <testcase name="oxql::ast::table_ops::filter::tests::test_atom_filter_points_wrong_type" classname="oximeter-db" timestamp="2025-06-05T17:33:30.824+00:00" time="0.003">
        </testcase>
        <testcase name="oxql::ast::table_ops::filter::tests::test_dnf_conversion_fails_on_extremely_deep_expressions" classname="oximeter-db" timestamp="2025-06-05T17:33:30.827+00:00" time="0.006">
        </testcase>
        <testcase name="oxql::ast::table_ops::filter::tests::test_dnf_conversion_fails_on_extremely_long_expressions" classname="oximeter-db" timestamp="2025-06-05T17:33:30.833+00:00" time="0.004">
        </testcase>
        <testcase name="oxql::ast::table_ops::filter::tests::test_error_message_with_invalid_field_names" classname="oximeter-db" timestamp="2025-06-05T17:33:30.837+00:00" time="0.003">
        </testcase>
        <testcase name="oxql::ast::table_ops::filter::tests::test_filter_empty_timeseries" classname="oximeter-db" timestamp="2025-06-05T17:33:30.840+00:00" time="0.003">
        </testcase>
        <testcase name="oxql::ast::table_ops::filter::tests::test_filter_field_logic" classname="oximeter-db" timestamp="2025-06-05T17:33:30.844+00:00" time="0.003">
        </testcase>
        <testcase name="oxql::ast::table_ops::filter::tests::test_implicit_field_names_for_types" classname="oximeter-db" timestamp="2025-06-05T17:33:30.847+00:00" time="0.003">
        </testcase>
        <testcase name="oxql::ast::table_ops::filter::tests::test_simplify_to_dnf" classname="oximeter-db" timestamp="2025-06-05T17:33:30.850+00:00" time="0.004">
        </testcase>
        <testcase name="oxql::ast::table_ops::group_by::test::test_group_by_display" classname="oximeter-db" timestamp="2025-06-05T17:33:30.854+00:00" time="0.003">
        </testcase>
        <testcase name="oxql::ast::table_ops::group_by::tests::test_group_by" classname="oximeter-db" timestamp="2025-06-05T17:33:30.857+00:00" time="0.004">
        </testcase>
        <testcase name="oxql::ast::table_ops::limit::tests::test_first_k" classname="oximeter-db" timestamp="2025-06-05T17:33:30.861+00:00" time="0.003">
        </testcase>
        <testcase name="oxql::ast::table_ops::limit::tests::test_last_k" classname="oximeter-db" timestamp="2025-06-05T17:33:30.864+00:00" time="0.003">
        </testcase>
        <testcase name="oxql::ast::table_ops::test::test_grouped_table_op_display" classname="oximeter-db" timestamp="2025-06-05T17:33:30.868+00:00" time="0.004">
        </testcase>
        <testcase name="oxql::plan::align::test::test_align_input_schema" classname="oximeter-db" timestamp="2025-06-05T17:33:30.871+00:00" time="0.003">
        </testcase>
        <testcase name="native::connection::tests::test_select_array_column" classname="oximeter-db" timestamp="2025-06-05T17:33:30.368+00:00" time="0.529">
        </testcase>
        <testcase name="native::connection::tests::test_select_array_of_nullable_column" classname="oximeter-db" timestamp="2025-06-05T17:33:30.397+00:00" time="0.527">
        </testcase>
        <testcase name="oxql::plan::plan::tests::cannot_filter_with_incomparable_types" classname="oximeter-db" timestamp="2025-06-05T17:33:30.898+00:00" time="0.071">
        </testcase>
        <testcase name="oxql::plan::plan::tests::cannot_align_non_numeric_tables" classname="oximeter-db" timestamp="2025-06-05T17:33:30.875+00:00" time="0.095">
        </testcase>
        <testcase name="native::connection::tests::test_select_nullable_column" classname="oximeter-db" timestamp="2025-06-05T17:33:30.443+00:00" time="0.528">
        </testcase>
        <testcase name="oxql::plan::plan::tests::cannot_group_multiple_tables" classname="oximeter-db" timestamp="2025-06-05T17:33:30.924+00:00" time="0.085">
        </testcase>
        <testcase name="oxql::plan::plan::tests::cannot_join_unaligned_tables" classname="oximeter-db" timestamp="2025-06-05T17:33:30.971+00:00" time="0.069">
        </testcase>
        <testcase name="oxql::plan::plan::tests::cannot_join_one_table" classname="oximeter-db" timestamp="2025-06-05T17:33:30.970+00:00" time="0.079">
        </testcase>
        <testcase name="oxql::plan::plan::tests::cannot_group_unaligned_tables" classname="oximeter-db" timestamp="2025-06-05T17:33:30.969+00:00" time="0.081">
        </testcase>
        <testcase name="native::connection::tests::test_send_cancel_with_no_query" classname="oximeter-db" timestamp="2025-06-05T17:33:30.543+00:00" time="0.536">
        </testcase>
        <testcase name="oxql::plan::plan::tests::filter_plan_node_does_not_change_table_schema" classname="oximeter-db" timestamp="2025-06-05T17:33:31.009+00:00" time="0.088">
        </testcase>
        <testcase name="oxql::plan::plan::tests::get_gauge_plan_emits_one_node" classname="oximeter-db" timestamp="2025-06-05T17:33:31.049+00:00" time="0.071">
        </testcase>
        <testcase name="oxql::plan::plan::tests::get_cumulative_plan_emits_two_nodes" classname="oximeter-db" timestamp="2025-06-05T17:33:31.041+00:00" time="0.081">
        </testcase>
        <testcase name="oxql::plan::plan::tests::group_by_plan_leaves_only_grouped_fields" classname="oximeter-db" timestamp="2025-06-05T17:33:31.050+00:00" time="0.093">
        </testcase>
        <testcase name="oxql::plan::plan::tests::limit_plan_node_does_not_change_table_schema" classname="oximeter-db" timestamp="2025-06-05T17:33:31.079+00:00" time="0.083">
        </testcase>
        <testcase name="oxql::plan::plan::tests::limit_pushdown_does_not_reorder_around_align" classname="oximeter-db" timestamp="2025-06-05T17:33:31.097+00:00" time="0.086">
        </testcase>
        <testcase name="oxql::plan::plan::tests::predicate_pushdown_merges_neighboring_filter_nodes" classname="oximeter-db" timestamp="2025-06-05T17:33:31.120+00:00" time="0.071">
        </testcase>
        <testcase name="oxql::plan::plan::tests::predicate_pushdown_pushes_filter_nodes_into_subqueries" classname="oximeter-db" timestamp="2025-06-05T17:33:31.122+00:00" time="0.089">
        </testcase>
        <testcase name="oxql::plan::plan::tests::predicate_pushdown_pushes_filter_nodes_through_group_by" classname="oximeter-db" timestamp="2025-06-05T17:33:31.143+00:00" time="0.093">
        </testcase>
        <testcase name="oxql::plan::plan::tests::predicate_pushdown_pushes_filter_nodes_through_join" classname="oximeter-db" timestamp="2025-06-05T17:33:31.163+00:00" time="0.084">
        </testcase>
        <testcase name="oxql::plan::plan::tests::requires_full_table_scan" classname="oximeter-db" timestamp="2025-06-05T17:33:31.183+00:00" time="0.076">
        </testcase>
        <testcase name="oxql::plan::plan::tests::subquery_plan_returns_multiple_tables" classname="oximeter-db" timestamp="2025-06-05T17:33:31.191+00:00" time="0.086">
        </testcase>
        <testcase name="oxql::plan::predicates::tests::push_multiple_predicates_partway_through_alignment" classname="oximeter-db" timestamp="2025-06-05T17:33:31.211+00:00" time="0.078">
        </testcase>
        <testcase name="oxql::query::tests::test_coalesce_limits" classname="oximeter-db" timestamp="2025-06-05T17:33:31.289+00:00" time="0.006">
        </testcase>
        <testcase name="oxql::query::tests::test_coalesce_limits_do_not_coalesce_incompatible_kind_from_outer_query" classname="oximeter-db" timestamp="2025-06-05T17:33:31.295+00:00" time="0.006">
        </testcase>
        <testcase name="oxql::query::tests::test_coalesce_limits_do_not_merge_different_kind_from_outer_query" classname="oximeter-db" timestamp="2025-06-05T17:33:31.301+00:00" time="0.006">
        </testcase>
        <testcase name="oxql::query::tests::test_coalesce_limits_do_not_merge_different_kinds_within_query" classname="oximeter-db" timestamp="2025-06-05T17:33:31.306+00:00" time="0.006">
        </testcase>
        <testcase name="oxql::query::tests::test_coalesce_limits_do_not_rearrange_around_incompatible_timestamp_filters" classname="oximeter-db" timestamp="2025-06-05T17:33:31.312+00:00" time="0.006">
        </testcase>
        <testcase name="oxql::query::tests::test_coalesce_limits_merge_from_outer_query" classname="oximeter-db" timestamp="2025-06-05T17:33:31.318+00:00" time="0.005">
        </testcase>
        <testcase name="oxql::plan::predicates::tests::push_none_of_single_predicate_through_alignment" classname="oximeter-db" timestamp="2025-06-05T17:33:31.237+00:00" time="0.093">
        </testcase>
        <testcase name="oxql::plan::predicates::tests::push_predicates_partway_through_alignment_differently" classname="oximeter-db" timestamp="2025-06-05T17:33:31.246+00:00" time="0.083">
        </testcase>
        <testcase name="oxql::query::tests::test_coalesce_limits_merge_same_kind_within_query" classname="oximeter-db" timestamp="2025-06-05T17:33:31.324+00:00" time="0.006">
        </testcase>
        <testcase name="oxql::query::tests::test_coalesce_limits_rearrange_around_timestamp_filters" classname="oximeter-db" timestamp="2025-06-05T17:33:31.329+00:00" time="0.006">
        </testcase>
        <testcase name="oxql::query::tests::test_coalesce_predicates_into_subqueries" classname="oximeter-db" timestamp="2025-06-05T17:33:31.330+00:00" time="0.005">
        </testcase>
        <testcase name="oxql::query::tests::test_coalesce_predicates" classname="oximeter-db" timestamp="2025-06-05T17:33:31.329+00:00" time="0.007">
        </testcase>
        <testcase name="oxql::query::tests::test_coalesce_predicates_into_subqueries_with_group_by" classname="oximeter-db" timestamp="2025-06-05T17:33:31.335+00:00" time="0.004">
        </testcase>
        <testcase name="oxql::query::tests::test_coalesce_predicates_merged_into_subqueries" classname="oximeter-db" timestamp="2025-06-05T17:33:31.335+00:00" time="0.006">
        </testcase>
        <testcase name="oxql::query::tests::test_insert_filters" classname="oximeter-db" timestamp="2025-06-05T17:33:31.337+00:00" time="0.006">
        </testcase>
        <testcase name="oxql::plan::predicates::tests::push_single_predicate_partway_through_alignment" classname="oximeter-db" timestamp="2025-06-05T17:33:31.260+00:00" time="0.083">
        </testcase>
        <testcase name="oxql::query::tests::test_insert_filters_with_nested_subqueries" classname="oximeter-db" timestamp="2025-06-05T17:33:31.340+00:00" time="0.007">
        </testcase>
        <testcase name="oxql::query::tests::test_insert_filters_with_subqueries" classname="oximeter-db" timestamp="2025-06-05T17:33:31.341+00:00" time="0.006">
        </testcase>
        <testcase name="oxql::query::tests::test_query_end_time_across_subqueries" classname="oximeter-db" timestamp="2025-06-05T17:33:31.343+00:00" time="0.006">
        </testcase>
        <testcase name="oxql::plan::predicates::tests::push_single_predicate_through_alignment" classname="oximeter-db" timestamp="2025-06-05T17:33:31.277+00:00" time="0.073">
        </testcase>
        <testcase name="oxql::query::tests::test_restrict_filter_idents_expr" classname="oximeter-db" timestamp="2025-06-05T17:33:31.347+00:00" time="0.004">
        </testcase>
        <testcase name="oxql::query::tests::test_restrict_filter_idents_single_atom" classname="oximeter-db" timestamp="2025-06-05T17:33:31.347+00:00" time="0.005">
        </testcase>
        <testcase name="oxql::query::tests::test_restrict_filter_idents_single_atom_with_timestamp" classname="oximeter-db" timestamp="2025-06-05T17:33:31.349+00:00" time="0.004">
        </testcase>
        <testcase name="oxql::query::tests::test_query_end_time" classname="oximeter-db" timestamp="2025-06-05T17:33:31.343+00:00" time="0.011">
        </testcase>
        <testcase name="query::tests::test_field_cmp" classname="oximeter-db" timestamp="2025-06-05T17:33:31.351+00:00" time="0.004">
        </testcase>
        <testcase name="query::tests::test_field_selector_as_query" classname="oximeter-db" timestamp="2025-06-05T17:33:31.352+00:00" time="0.005">
        </testcase>
        <testcase name="query::tests::test_field_value_as_db_str" classname="oximeter-db" timestamp="2025-06-05T17:33:31.353+00:00" time="0.004">
        </testcase>
        <testcase name="query::tests::test_select_query_builder_from_parts" classname="oximeter-db" timestamp="2025-06-05T17:33:31.357+00:00" time="0.005">
        </testcase>
        <testcase name="oxql::query::tests::test_split_query" classname="oximeter-db" timestamp="2025-06-05T17:33:31.350+00:00" time="0.012">
        </testcase>
        <testcase name="query::tests::test_select_query_builder_field_selectors" classname="oximeter-db" timestamp="2025-06-05T17:33:31.353+00:00" time="0.009">
        </testcase>
        <testcase name="query::tests::test_select_query_builder_filter_raw" classname="oximeter-db" timestamp="2025-06-05T17:33:31.356+00:00" time="0.011">
        </testcase>
        <testcase name="query::tests::test_select_query_builder_full" classname="oximeter-db" timestamp="2025-06-05T17:33:31.357+00:00" time="0.010">
        </testcase>
        <testcase name="query::tests::test_select_query_builder_no_fields" classname="oximeter-db" timestamp="2025-06-05T17:33:31.362+00:00" time="0.005">
        </testcase>
        <testcase name="query::tests::test_select_query_builder_limit_offset" classname="oximeter-db" timestamp="2025-06-05T17:33:31.362+00:00" time="0.006">
        </testcase>
        <testcase name="query::tests::test_select_query_builder_no_selectors" classname="oximeter-db" timestamp="2025-06-05T17:33:31.363+00:00" time="0.006">
        </testcase>
        <testcase name="query::tests::test_time_range" classname="oximeter-db" timestamp="2025-06-05T17:33:31.367+00:00" time="0.005">
        </testcase>
        <testcase name="sql::tests::test_cannot_name_database" classname="oximeter-db" timestamp="2025-06-05T17:33:31.369+00:00" time="0.006">
        </testcase>
        <testcase name="sql::tests::test_allow_limit_offset" classname="oximeter-db" timestamp="2025-06-05T17:33:31.368+00:00" time="0.007">
        </testcase>
        <testcase name="sql::tests::test_allow_subqueries" classname="oximeter-db" timestamp="2025-06-05T17:33:31.368+00:00" time="0.008">
        </testcase>
        <testcase name="query::tests::test_string_field_selector" classname="oximeter-db" timestamp="2025-06-05T17:33:31.367+00:00" time="0.011">
        </testcase>
        <testcase name="sql::tests::test_ctes_are_not_supported" classname="oximeter-db" timestamp="2025-06-05T17:33:31.371+00:00" time="0.009">
        </testcase>
        <testcase name="sql::tests::test_function_allow_list" classname="oximeter-db" timestamp="2025-06-05T17:33:31.375+00:00" time="0.007">
        </testcase>
        <testcase name="sql::tests::test_multiple_statements_are_not_supported" classname="oximeter-db" timestamp="2025-06-05T17:33:31.376+00:00" time="0.006">
        </testcase>
        <testcase name="sql::tests::test_query_with_multiple_timeseries_generates_one_cte" classname="oximeter-db" timestamp="2025-06-05T17:33:31.380+00:00" time="0.008">
        </testcase>
        <testcase name="sql::tests::test_safe_sql_does_not_modify_original_alias" classname="oximeter-db" timestamp="2025-06-05T17:33:31.382+00:00" time="0.006">
        </testcase>
        <testcase name="sql::tests::test_query_must_be_select_statement" classname="oximeter-db" timestamp="2025-06-05T17:33:31.378+00:00" time="0.014">
        </testcase>
        <testcase name="tests::test_timeseries_key_field_stability" classname="oximeter-db" timestamp="2025-06-05T17:33:31.388+00:00" time="0.004">
        </testcase>
        <testcase name="sql::tests::test_with_comma_join_fails" classname="oximeter-db" timestamp="2025-06-05T17:33:31.388+00:00" time="0.006">
        </testcase>
        <testcase name="sql::tests::test_require_table_is_timeseries_name" classname="oximeter-db" timestamp="2025-06-05T17:33:31.382+00:00" time="0.013">
        </testcase>
        <testcase name="tests::test_timeseries_key_sample_stability" classname="oximeter-db" timestamp="2025-06-05T17:33:31.392+00:00" time="0.006">
        </testcase>
        <testcase name="sql::tests::test_join_must_be_inner" classname="oximeter-db" timestamp="2025-06-05T17:33:31.375+00:00" time="0.032">
        </testcase>
        <testcase name="oxql::ast::grammar::tests::test_recognize_escape_sequence_with_valid_unicode_sequence" classname="oximeter-db" timestamp="2025-06-05T17:33:30.755+00:00" time="0.980">
        </testcase>
        <testcase name="client::tests::cannot_ping_nonexistent_server" classname="oximeter-db" timestamp="2025-06-05T17:33:18.152+00:00" time="30.008">
        </testcase>
    </testsuite>
    <testsuite name="omicron-clickhouse-admin" tests="5" disabled="0" errors="0" failures="0">
        <testcase name="context::tests::test_read_generation_from_file_malformed_1" classname="omicron-clickhouse-admin" timestamp="2025-06-05T17:02:57.385+00:00" time="0.010">
        </testcase>
        <testcase name="context::tests::test_read_generation_from_file_malformed_2" classname="omicron-clickhouse-admin" timestamp="2025-06-05T17:02:57.395+00:00" time="0.009">
        </testcase>
        <testcase name="context::tests::test_read_generation_from_file_malformed_3" classname="omicron-clickhouse-admin" timestamp="2025-06-05T17:02:57.404+00:00" time="0.006">
        </testcase>
        <testcase name="context::tests::test_read_generation_from_file_none" classname="omicron-clickhouse-admin" timestamp="2025-06-05T17:02:57.410+00:00" time="0.028">
        </testcase>
        <testcase name="context::tests::test_read_generation_from_file_success" classname="omicron-clickhouse-admin" timestamp="2025-06-05T17:02:57.438+00:00" time="0.013">
        </testcase>
    </testsuite>
    <testsuite name="omicron-clickhouse-admin::integration_test" tests="5" disabled="0" errors="0" failures="0">
        <testcase name="test_keeper_cluster_membership" classname="omicron-clickhouse-admin::integration_test" timestamp="2025-06-05T17:02:57.451+00:00" time="0.177">
        </testcase>
        <testcase name="test_keeper_conf_parsing" classname="omicron-clickhouse-admin::integration_test" timestamp="2025-06-05T17:02:57.628+00:00" time="0.060">
        </testcase>
        <testcase name="test_lgif_parsing" classname="omicron-clickhouse-admin::integration_test" timestamp="2025-06-05T17:02:57.688+00:00" time="0.074">
        </testcase>
        <testcase name="test_raft_config_parsing" classname="omicron-clickhouse-admin::integration_test" timestamp="2025-06-05T17:02:57.762+00:00" time="0.090">
        </testcase>
        <testcase name="test_teardown" classname="omicron-clickhouse-admin::integration_test" timestamp="2025-06-05T17:02:57.852+00:00" time="0.501">
        </testcase>
    </testsuite>
    <testsuite name="omicron-nexus::test_all" tests="444" disabled="0" errors="0" failures="0">
        <testcase name="integration_tests::address_lots::test_address_lot_invalid_range" classname="omicron-nexus::test_all" timestamp="2025-06-05T17:06:47.399+00:00" time="15.241">
        </testcase>
        <testcase name="integration_tests::address_lots::test_address_lot_basic_crud" classname="omicron-nexus::test_all" timestamp="2025-06-05T17:06:47.100+00:00" time="16.520">
        </testcase>
        <testcase name="integration_tests::affinity::test_affinity_group_crud" classname="omicron-nexus::test_all" timestamp="2025-06-05T17:06:51.063+00:00" time="23.823">
        </testcase>
        <testcase name="integration_tests::affinity::test_affinity_group_project_selector" classname="omicron-nexus::test_all" timestamp="2025-06-05T17:06:51.192+00:00" time="23.988">
        </testcase>
        <testcase name="integration_tests::affinity::test_affinity_instance_group_list" classname="omicron-nexus::test_all" timestamp="2025-06-05T17:06:55.525+00:00" time="23.441">
        </testcase>
        <testcase name="integration_tests::authn_http::test_authn_session_cookie" classname="omicron-nexus::test_all" timestamp="2025-06-05T17:07:18.966+00:00" time="0.560">
        </testcase>
        <testcase name="integration_tests::affinity::test_anti_affinity_group_crud" classname="omicron-nexus::test_all" timestamp="2025-06-05T17:06:56.189+00:00" time="23.659">
        </testcase>
        <testcase name="integration_tests::authn_http::test_authn_spoof_unconfigured" classname="omicron-nexus::test_all" timestamp="2025-06-05T17:07:19.849+00:00" time="0.417">
        </testcase>
        <testcase name="integration_tests::authn_http::test_authn_spoof_allowed" classname="omicron-nexus::test_all" timestamp="2025-06-05T17:07:19.526+00:00" time="0.792">
        </testcase>
        <testcase name="integration_tests::affinity::test_anti_affinity_group_project_selector" classname="omicron-nexus::test_all" timestamp="2025-06-05T17:07:02.639+00:00" time="22.051">
        </testcase>
        <testcase name="integration_tests::allow_list::test_allow_list" classname="omicron-nexus::test_all" timestamp="2025-06-05T17:07:15.180+00:00" time="17.608">
        </testcase>
        <testcase name="integration_tests::affinity::test_affinity_group_usage" classname="omicron-nexus::test_all" timestamp="2025-06-05T17:06:55.384+00:00" time="40.695">
        </testcase>
        <testcase name="integration_tests::authz::test_list_silo_idps_for_unpriv" classname="omicron-nexus::test_all" timestamp="2025-06-05T17:07:20.318+00:00" time="16.035">
        </testcase>
        <testcase name="integration_tests::affinity::test_anti_affinity_instance_group_list" classname="omicron-nexus::test_all" timestamp="2025-06-05T17:07:14.886+00:00" time="21.566">
        </testcase>
        <testcase name="integration_tests::authz::test_cannot_read_others_ssh_keys" classname="omicron-nexus::test_all" timestamp="2025-06-05T17:07:20.266+00:00" time="16.220">
        </testcase>
        <testcase name="integration_tests::affinity::test_anti_affinity_group_usage" classname="omicron-nexus::test_all" timestamp="2025-06-05T17:07:03.620+00:00" time="36.311">
        </testcase>
        <testcase name="integration_tests::authz::test_session_me_for_unpriv" classname="omicron-nexus::test_all" timestamp="2025-06-05T17:07:24.691+00:00" time="15.472">
        </testcase>
        <testcase name="integration_tests::authz::test_list_silo_users_for_unpriv" classname="omicron-nexus::test_all" timestamp="2025-06-05T17:07:24.565+00:00" time="16.157">
        </testcase>
        <testcase name="integration_tests::authz::test_silo_read_for_unpriv" classname="omicron-nexus::test_all" timestamp="2025-06-05T17:07:32.788+00:00" time="17.155">
        </testcase>
        <testcase name="integration_tests::basic::test_ping" classname="omicron-nexus::test_all" timestamp="2025-06-05T17:07:36.353+00:00" time="16.056">
        </testcase>
        <testcase name="integration_tests::basic::test_basic_failures" classname="omicron-nexus::test_all" timestamp="2025-06-05T17:07:36.079+00:00" time="16.868">
        </testcase>
        <testcase name="integration_tests::certificates::test_cannot_create_certificate_with_bad_key" classname="omicron-nexus::test_all" timestamp="2025-06-05T17:07:40.163+00:00" time="16.343">
        </testcase>
        <testcase name="integration_tests::certificates::test_cannot_create_certificate_with_expired_cert" classname="omicron-nexus::test_all" timestamp="2025-06-05T17:07:40.722+00:00" time="15.946">
        </testcase>
        <testcase name="integration_tests::certificates::test_cannot_create_certificate_with_bad_cert" classname="omicron-nexus::test_all" timestamp="2025-06-05T17:07:39.931+00:00" time="16.841">
        </testcase>
        <testcase name="integration_tests::commands::test_nexus_bad_config" classname="omicron-nexus::test_all" timestamp="2025-06-05T17:07:56.772+00:00" time="0.291">
        </testcase>
        <testcase name="integration_tests::commands::test_nexus_invalid_config" classname="omicron-nexus::test_all" timestamp="2025-06-05T17:07:57.064+00:00" time="0.361">
        </testcase>
        <testcase name="integration_tests::commands::test_nexus_no_args" classname="omicron-nexus::test_all" timestamp="2025-06-05T17:07:57.425+00:00" time="0.063">
        </testcase>
        <testcase name="integration_tests::basic::test_projects_basic" classname="omicron-nexus::test_all" timestamp="2025-06-05T17:07:36.452+00:00" time="25.581">
        </testcase>
        <testcase name="integration_tests::certificates::test_cannot_create_certificate_with_incorrect_subject_alt_name" classname="omicron-nexus::test_all" timestamp="2025-06-05T17:07:49.944+00:00" time="16.665">
        </testcase>
        <testcase name="integration_tests::basic::test_projects_list" classname="omicron-nexus::test_all" timestamp="2025-06-05T17:07:36.486+00:00" time="31.336">
        </testcase>
        <testcase name="integration_tests::certificates::test_cannot_create_certificate_with_mismatched_key" classname="omicron-nexus::test_all" timestamp="2025-06-05T17:07:52.410+00:00" time="16.021">
        </testcase>
        <testcase name="integration_tests::certificates::test_crud" classname="omicron-nexus::test_all" timestamp="2025-06-05T17:07:52.947+00:00" time="17.816">
        </testcase>
        <testcase name="integration_tests::console_api::test_absolute_static_dir" classname="omicron-nexus::test_all" timestamp="2025-06-05T17:07:57.488+00:00" time="16.245">
        </testcase>
        <testcase name="integration_tests::certificates::test_not_found_before_creation" classname="omicron-nexus::test_all" timestamp="2025-06-05T17:07:56.506+00:00" time="17.392">
        </testcase>
        <testcase name="integration_tests::console_api::test_assets" classname="omicron-nexus::test_all" timestamp="2025-06-05T17:08:02.033+00:00" time="16.936">
        </testcase>
        <testcase name="integration_tests::certificates::test_silo_certificates" classname="omicron-nexus::test_all" timestamp="2025-06-05T17:07:56.669+00:00" time="24.310">
        </testcase>
        <testcase name="integration_tests::console_api::test_bad_redirect_uri" classname="omicron-nexus::test_all" timestamp="2025-06-05T17:08:06.609+00:00" time="16.043">
        </testcase>
        <testcase name="integration_tests::console_api::test_login_redirect_simple" classname="omicron-nexus::test_all" timestamp="2025-06-05T17:08:10.763+00:00" time="16.128">
        </testcase>
        <testcase name="integration_tests::console_api::test_console_pages" classname="omicron-nexus::test_all" timestamp="2025-06-05T17:08:07.822+00:00" time="22.079">
        </testcase>
        <testcase name="integration_tests::console_api::test_login_redirect_multiple_silos" classname="omicron-nexus::test_all" timestamp="2025-06-05T17:08:08.431+00:00" time="21.810">
        </testcase>
        <testcase name="integration_tests::console_api::test_session_me" classname="omicron-nexus::test_all" timestamp="2025-06-05T17:08:13.899+00:00" time="17.258">
        </testcase>
        <testcase name="integration_tests::console_api::test_session_idle_timeout_deletes_session" classname="omicron-nexus::test_all" timestamp="2025-06-05T17:08:13.733+00:00" time="19.439">
        </testcase>
        <testcase name="integration_tests::console_api::test_session_me_groups" classname="omicron-nexus::test_all" timestamp="2025-06-05T17:08:18.970+00:00" time="17.282">
        </testcase>
        <testcase name="integration_tests::console_api::test_unauthed_console_pages" classname="omicron-nexus::test_all" timestamp="2025-06-05T17:08:22.652+00:00" time="16.688">
        </testcase>
        <testcase name="integration_tests::console_api::test_sessions" classname="omicron-nexus::test_all" timestamp="2025-06-05T17:08:20.979+00:00" time="23.222">
        </testcase>
        <testcase name="integration_tests::crucible_replacements::test_delete_volume_region_replacement_state_replacement_done" classname="omicron-nexus::test_all" timestamp="2025-06-05T17:08:26.891+00:00" time="33.097">
        </testcase>
        <testcase name="integration_tests::crucible_replacements::test_delete_volume_region_replacement_state_requested" classname="omicron-nexus::test_all" timestamp="2025-06-05T17:08:29.901+00:00" time="31.087">
        </testcase>
        <testcase name="integration_tests::crucible_replacements::test_delete_volume_region_replacement_state_running" classname="omicron-nexus::test_all" timestamp="2025-06-05T17:08:30.240+00:00" time="32.048">
        </testcase>
        <testcase name="integration_tests::crucible_replacements::test_delete_volume_region_replacement_state_running_on_pantry" classname="omicron-nexus::test_all" timestamp="2025-06-05T17:08:31.156+00:00" time="33.024">
        </testcase>
        <testcase name="integration_tests::crucible_replacements::test_delete_volume_region_snapshot_replacement_state_replacement_done" classname="omicron-nexus::test_all" timestamp="2025-06-05T17:08:33.172+00:00" time="43.761">
        </testcase>
        <testcase name="integration_tests::crucible_replacements::test_delete_volume_region_snapshot_replacement_state_requested_3" classname="omicron-nexus::test_all" timestamp="2025-06-05T17:08:44.201+00:00" time="32.744">
        </testcase>
        <testcase name="integration_tests::crucible_replacements::test_delete_volume_region_snapshot_replacement_state_requested" classname="omicron-nexus::test_all" timestamp="2025-06-05T17:08:36.251+00:00" time="41.868">
        </testcase>
        <testcase name="integration_tests::crucible_replacements::test_delete_volume_region_snapshot_replacement_state_requested_2" classname="omicron-nexus::test_all" timestamp="2025-06-05T17:08:39.340+00:00" time="39.633">
        </testcase>
        <testcase name="integration_tests::crucible_replacements::test_delete_volume_region_snapshot_replacement_state_running" classname="omicron-nexus::test_all" timestamp="2025-06-05T17:08:59.988+00:00" time="41.465">
        </testcase>
        <testcase name="integration_tests::crucible_replacements::test_region_replacement_does_not_create_freed_region" classname="omicron-nexus::test_all" timestamp="2025-06-05T17:09:16.933+00:00" time="24.742">
        </testcase>
        <testcase name="integration_tests::crucible_replacements::test_delete_volume_region_snapshot_replacement_step" classname="omicron-nexus::test_all" timestamp="2025-06-05T17:09:00.989+00:00" time="40.717">
        </testcase>
        <testcase name="integration_tests::crucible_replacements::test_racing_replacements_for_soft_deleted_disk_volume" classname="omicron-nexus::test_all" timestamp="2025-06-05T17:09:02.289+00:00" time="39.861">
        </testcase>
        <testcase name="integration_tests::crucible_replacements::test_region_snapshot_replacement_step_after_rop_remove" classname="omicron-nexus::test_all" timestamp="2025-06-05T17:09:18.973+00:00" time="41.799">
        </testcase>
        <testcase name="integration_tests::crucible_replacements::test_read_only_replacement_sanity" classname="omicron-nexus::test_all" timestamp="2025-06-05T17:09:04.180+00:00" time="64.931">
        </testcase>
        <testcase name="integration_tests::demo_saga::test_demo_saga" classname="omicron-nexus::test_all" timestamp="2025-06-05T17:10:00.773+00:00" time="15.592">
        </testcase>
        <testcase name="integration_tests::crucible_replacements::test_region_snapshot_replacement_step_after_rop_remove_target_gone" classname="omicron-nexus::test_all" timestamp="2025-06-05T17:09:41.453+00:00" time="40.145">
        </testcase>
        <testcase name="integration_tests::crucible_replacements::test_replacement_sanity" classname="omicron-nexus::test_all" timestamp="2025-06-05T17:09:41.675+00:00" time="40.071">
        </testcase>
        <testcase name="integration_tests::device_auth::test_device_auth_flow" classname="omicron-nexus::test_all" timestamp="2025-06-05T17:10:09.112+00:00" time="18.686">
        </testcase>
        <testcase name="integration_tests::crucible_replacements::test_region_replacement_triple_sanity_2" classname="omicron-nexus::test_all" timestamp="2025-06-05T17:09:18.119+00:00" time="76.336">
        </testcase>
        <testcase name="integration_tests::crucible_replacements::test_region_replacement_triple_sanity" classname="omicron-nexus::test_all" timestamp="2025-06-05T17:09:16.945+00:00" time="77.657">
        </testcase>
        <testcase name="integration_tests::device_auth::test_device_token_request_ttl_invalid" classname="omicron-nexus::test_all" timestamp="2025-06-05T17:10:21.746+00:00" time="17.236">
        </testcase>
        <testcase name="integration_tests::device_auth::test_device_token_expiration" classname="omicron-nexus::test_all" timestamp="2025-06-05T17:10:16.365+00:00" time="23.972">
        </testcase>
        <testcase name="integration_tests::device_auth::test_device_token_request_ttl" classname="omicron-nexus::test_all" timestamp="2025-06-05T17:10:21.599+00:00" time="22.132">
        </testcase>
        <testcase name="integration_tests::disks::test_disk_backed_by_multiple_region_sets" classname="omicron-nexus::test_all" timestamp="2025-06-05T17:10:27.797+00:00" time="26.234">
        </testcase>
        <testcase name="integration_tests::disks::test_disk_create_disk_that_already_exists_fails" classname="omicron-nexus::test_all" timestamp="2025-06-05T17:10:34.602+00:00" time="25.598">
        </testcase>
        <testcase name="integration_tests::crucible_replacements::test_replacement_sanity_twice" classname="omicron-nexus::test_all" timestamp="2025-06-05T17:09:41.706+00:00" time="83.591">
        </testcase>
        <testcase name="integration_tests::disks::test_disk_create_for_importing" classname="omicron-nexus::test_all" timestamp="2025-06-05T17:10:38.983+00:00" time="27.007">
        </testcase>
        <testcase name="integration_tests::disks::test_disk_creation_region_requested_then_started" classname="omicron-nexus::test_all" timestamp="2025-06-05T17:10:40.338+00:00" time="26.084">
        </testcase>
        <testcase name="integration_tests::disks::test_disk_expunge" classname="omicron-nexus::test_all" timestamp="2025-06-05T17:10:43.731+00:00" time="25.044">
        </testcase>
        <testcase name="integration_tests::disks::test_disk_create_attach_detach_delete" classname="omicron-nexus::test_all" timestamp="2025-06-05T17:10:34.455+00:00" time="36.915">
        </testcase>
        <testcase name="integration_tests::disks::test_disk_invalid_block_size_rejected" classname="omicron-nexus::test_all" timestamp="2025-06-05T17:10:54.032+00:00" time="22.508">
        </testcase>
        <testcase name="integration_tests::disks::test_disk_not_found_before_creation" classname="omicron-nexus::test_all" timestamp="2025-06-05T17:11:06.422+00:00" time="22.264">
        </testcase>
        <testcase name="integration_tests::disks::test_disk_reject_total_size_greater_than_max_disk_size_bytes" classname="omicron-nexus::test_all" timestamp="2025-06-05T17:11:11.370+00:00" time="18.415">
        </testcase>
        <testcase name="integration_tests::disks::test_disk_region_creation_failure" classname="omicron-nexus::test_all" timestamp="2025-06-05T17:11:08.775+00:00" time="21.371">
        </testcase>
        <testcase name="integration_tests::disks::test_disk_reject_total_size_less_than_min_disk_size_bytes" classname="omicron-nexus::test_all" timestamp="2025-06-05T17:11:16.540+00:00" time="16.467">
        </testcase>
        <testcase name="integration_tests::disks::test_disk_metrics" classname="omicron-nexus::test_all" timestamp="2025-06-05T17:11:00.200+00:00" time="33.529">
        </testcase>
        <testcase name="integration_tests::disks::test_disk_metrics_paginated" classname="omicron-nexus::test_all" timestamp="2025-06-05T17:11:05.297+00:00" time="39.190">
        </testcase>
        <testcase name="integration_tests::disks::test_disk_reject_total_size_not_divisible_by_min_disk_size" classname="omicron-nexus::test_all" timestamp="2025-06-05T17:11:29.785+00:00" time="17.865">
        </testcase>
        <testcase name="integration_tests::disks::test_disk_reject_total_size_not_divisible_by_block_size" classname="omicron-nexus::test_all" timestamp="2025-06-05T17:11:28.686+00:00" time="20.491">
        </testcase>
        <testcase name="integration_tests::disks::test_disk_move_between_instances" classname="omicron-nexus::test_all" timestamp="2025-06-05T17:11:05.990+00:00" time="45.344">
        </testcase>
        <testcase name="integration_tests::crucible_replacements::test_replacement_sanity_twice_after_snapshot_delete" classname="omicron-nexus::test_all" timestamp="2025-06-05T17:09:42.150+00:00" time="129.495">
        </testcase>
        <testcase name="integration_tests::disks::test_disk_size_accounting" classname="omicron-nexus::test_all" timestamp="2025-06-05T17:11:30.146+00:00" time="23.306">
        </testcase>
        <testcase name="integration_tests::disks::test_disk_too_big" classname="omicron-nexus::test_all" timestamp="2025-06-05T17:11:33.730+00:00" time="20.974">
        </testcase>
        <testcase name="integration_tests::disks::test_disk_slot_assignment" classname="omicron-nexus::test_all" timestamp="2025-06-05T17:11:33.007+00:00" time="34.946">
        </testcase>
        <testcase name="integration_tests::disks::test_disk_virtual_provisioning_collection" classname="omicron-nexus::test_all" timestamp="2025-06-05T17:11:44.487+00:00" time="25.075">
        </testcase>
        <testcase name="integration_tests::disks::test_disk_virtual_provisioning_collection_failed_delete" classname="omicron-nexus::test_all" timestamp="2025-06-05T17:11:47.650+00:00" time="23.503">
        </testcase>
        <testcase name="integration_tests::disks::test_do_not_provision_on_dataset" classname="omicron-nexus::test_all" timestamp="2025-06-05T17:11:49.177+00:00" time="24.204">
        </testcase>
        <testcase name="integration_tests::disks::test_do_not_provision_on_dataset_not_enough" classname="omicron-nexus::test_all" timestamp="2025-06-05T17:11:51.334+00:00" time="23.550">
        </testcase>
        <testcase name="integration_tests::disks::test_no_halt_disk_delete_one_region_on_expunged_agent" classname="omicron-nexus::test_all" timestamp="2025-06-05T17:11:53.453+00:00" time="21.970">
        </testcase>
        <testcase name="integration_tests::disks::test_multiple_disks_multiple_zpools" classname="omicron-nexus::test_all" timestamp="2025-06-05T17:11:51.645+00:00" time="24.368">
        </testcase>
        <testcase name="integration_tests::disks::test_phantom_disk_rename" classname="omicron-nexus::test_all" timestamp="2025-06-05T17:11:54.704+00:00" time="23.704">
        </testcase>
        <testcase name="integration_tests::disks::test_project_delete_disk_no_auth_idempotent" classname="omicron-nexus::test_all" timestamp="2025-06-05T17:12:07.953+00:00" time="22.778">
        </testcase>
        <testcase name="integration_tests::disks::test_region_allocation_strategy_random_is_idempotent_arbitrary" classname="omicron-nexus::test_all" timestamp="2025-06-05T17:12:11.154+00:00" time="21.447">
        </testcase>
        <testcase name="integration_tests::disks::test_single_region_allocate" classname="omicron-nexus::test_all" timestamp="2025-06-05T17:12:13.381+00:00" time="20.372">
        </testcase>
        <testcase name="integration_tests::disks::test_region_allocation_strategy_random_is_idempotent" classname="omicron-nexus::test_all" timestamp="2025-06-05T17:12:09.563+00:00" time="24.431">
        </testcase>
        <testcase name="integration_tests::disks::test_single_region_allocate_for_replace_not_enough_zpools" classname="omicron-nexus::test_all" timestamp="2025-06-05T17:12:15.423+00:00" time="23.979">
        </testcase>
        <testcase name="integration_tests::disks::test_single_region_allocate_for_replace" classname="omicron-nexus::test_all" timestamp="2025-06-05T17:12:14.884+00:00" time="25.031">
        </testcase>
        <testcase name="integration_tests::disks::test_zpool_control_plane_storage_buffer" classname="omicron-nexus::test_all" timestamp="2025-06-05T17:12:16.013+00:00" time="28.548">
        </testcase>
        <testcase name="integration_tests::external_ips::test_external_ip_attach_ephemeral_at_pool_exhaustion" classname="omicron-nexus::test_all" timestamp="2025-06-05T17:12:18.408+00:00" time="30.241">
        </testcase>
        <testcase name="integration_tests::external_ips::test_floating_ip_access" classname="omicron-nexus::test_all" timestamp="2025-06-05T17:12:33.994+00:00" time="18.780">
        </testcase>
        <testcase name="integration_tests::external_ips::test_floating_ip_create" classname="omicron-nexus::test_all" timestamp="2025-06-05T17:12:39.915+00:00" time="19.131">
        </testcase>
        <testcase name="integration_tests::external_ips::test_external_ip_attach_fail_if_in_use_by_other" classname="omicron-nexus::test_all" timestamp="2025-06-05T17:12:30.732+00:00" time="32.506">
        </testcase>
        <testcase name="integration_tests::external_ips::test_floating_ip_create_fails_in_other_silo_pool" classname="omicron-nexus::test_all" timestamp="2025-06-05T17:12:48.649+00:00" time="15.458">
        </testcase>
        <testcase name="integration_tests::external_ips::test_floating_ip_create_ip_in_use" classname="omicron-nexus::test_all" timestamp="2025-06-05T17:12:52.774+00:00" time="15.506">
        </testcase>
        <testcase name="integration_tests::external_ips::test_floating_ip_attach_fail_between_projects" classname="omicron-nexus::test_all" timestamp="2025-06-05T17:12:39.402+00:00" time="29.154">
        </testcase>
        <testcase name="integration_tests::external_ips::test_floating_ip_create_attachment" classname="omicron-nexus::test_all" timestamp="2025-06-05T17:12:44.561+00:00" time="27.406">
        </testcase>
        <testcase name="integration_tests::external_ips::test_external_ip_live_attach_detach" classname="omicron-nexus::test_all" timestamp="2025-06-05T17:12:33.753+00:00" time="40.513">
        </testcase>
        <testcase name="integration_tests::external_ips::test_external_ip_attach_fails_after_maximum" classname="omicron-nexus::test_all" timestamp="2025-06-05T17:12:32.601+00:00" time="41.844">
        </testcase>
        <testcase name="integration_tests::external_ips::test_floating_ip_create_name_in_use" classname="omicron-nexus::test_all" timestamp="2025-06-05T17:12:59.046+00:00" time="17.601">
        </testcase>
        <testcase name="integration_tests::external_ips::test_floating_ip_create_non_admin" classname="omicron-nexus::test_all" timestamp="2025-06-05T17:13:03.237+00:00" time="19.598">
        </testcase>
        <testcase name="integration_tests::external_ips::test_floating_ip_delete" classname="omicron-nexus::test_all" timestamp="2025-06-05T17:13:04.107+00:00" time="18.974">
        </testcase>
        <testcase name="integration_tests::external_ips::test_floating_ip_update" classname="omicron-nexus::test_all" timestamp="2025-06-05T17:13:08.280+00:00" time="19.952">
        </testcase>
        <testcase name="integration_tests::images::test_image_create" classname="omicron-nexus::test_all" timestamp="2025-06-05T17:13:08.557+00:00" time="21.930">
        </testcase>
        <testcase name="integration_tests::images::test_image_deletion_permissions" classname="omicron-nexus::test_all" timestamp="2025-06-05T17:13:11.967+00:00" time="23.219">
        </testcase>
        <testcase name="integration_tests::images::test_image_promotion" classname="omicron-nexus::test_all" timestamp="2025-06-05T17:13:14.445+00:00" time="22.963">
        </testcase>
        <testcase name="integration_tests::images::test_make_disk_from_image" classname="omicron-nexus::test_all" timestamp="2025-06-05T17:13:16.647+00:00" time="22.510">
        </testcase>
        <testcase name="integration_tests::initialization::test_nexus_boots_before_dendrite" classname="omicron-nexus::test_all" timestamp="2025-06-05T17:13:35.186+00:00" time="5.195">
        </testcase>
        <testcase name="integration_tests::images::test_image_from_other_project_snapshot_fails" classname="omicron-nexus::test_all" timestamp="2025-06-05T17:13:14.266+00:00" time="26.305">
        </testcase>
        <testcase name="integration_tests::initialization::test_nexus_boots_with_valid_schema" classname="omicron-nexus::test_all" timestamp="2025-06-05T17:13:37.408+00:00" time="4.309">
        </testcase>
        <testcase name="integration_tests::images::test_make_disk_from_image_too_small" classname="omicron-nexus::test_all" timestamp="2025-06-05T17:13:22.835+00:00" time="19.160">
        </testcase>
        <testcase name="integration_tests::images::test_make_disk_from_other_project_image_fails" classname="omicron-nexus::test_all" timestamp="2025-06-05T17:13:23.081+00:00" time="19.946">
        </testcase>
        <testcase name="integration_tests::initialization::test_nexus_boots_before_cockroach" classname="omicron-nexus::test_all" timestamp="2025-06-05T17:13:30.487+00:00" time="13.227">
        </testcase>
        <testcase name="integration_tests::images::test_silo_image_create" classname="omicron-nexus::test_all" timestamp="2025-06-05T17:13:28.232+00:00" time="16.345">
        </testcase>
        <testcase name="integration_tests::initialization::test_nexus_does_not_boot_until_schema_updated" classname="omicron-nexus::test_all" timestamp="2025-06-05T17:13:39.157+00:00" time="7.007">
        </testcase>
        <testcase name="integration_tests::instances::test_auto_restart_policy_can_be_changed" classname="omicron-nexus::test_all" timestamp="2025-06-05T17:13:41.996+00:00" time="23.078">
        </testcase>
        <testcase name="integration_tests::instances::test_attach_one_disk_to_instance" classname="omicron-nexus::test_all" timestamp="2025-06-05T17:13:41.717+00:00" time="25.819">
        </testcase>
        <testcase name="integration_tests::instances::test_boot_disk_can_be_changed" classname="omicron-nexus::test_all" timestamp="2025-06-05T17:13:43.028+00:00" time="25.060">
        </testcase>
        <testcase name="integration_tests::instances::test_boot_disk_must_be_attached" classname="omicron-nexus::test_all" timestamp="2025-06-05T17:13:43.714+00:00" time="24.445">
        </testcase>
        <testcase name="integration_tests::instances::test_cannot_attach_nine_disks_to_instance" classname="omicron-nexus::test_all" timestamp="2025-06-05T17:13:46.164+00:00" time="23.048">
        </testcase>
        <testcase name="integration_tests::initialization::test_nexus_does_not_boot_without_valid_schema" classname="omicron-nexus::test_all" timestamp="2025-06-05T17:13:40.381+00:00" time="31.979">
        </testcase>
        <testcase name="integration_tests::instances::test_attach_eight_disks_to_instance" classname="omicron-nexus::test_all" timestamp="2025-06-05T17:13:40.572+00:00" time="32.605">
        </testcase>
        <testcase name="integration_tests::instances::test_cannot_create_instance_with_bad_hostname" classname="omicron-nexus::test_all" timestamp="2025-06-05T17:14:05.074+00:00" time="15.047">
        </testcase>
        <testcase name="integration_tests::instances::test_cannot_attach_faulted_disks" classname="omicron-nexus::test_all" timestamp="2025-06-05T17:13:44.577+00:00" time="37.212">
        </testcase>
        <testcase name="integration_tests::instances::test_cannot_create_instance_with_empty_hostname" classname="omicron-nexus::test_all" timestamp="2025-06-05T17:14:07.536+00:00" time="16.882">
        </testcase>
        <testcase name="integration_tests::instances::test_cannot_provision_instance_beyond_cpu_limit" classname="omicron-nexus::test_all" timestamp="2025-06-05T17:14:09.212+00:00" time="16.978">
        </testcase>
        <testcase name="integration_tests::instances::test_cannot_detach_boot_disk" classname="omicron-nexus::test_all" timestamp="2025-06-05T17:14:08.087+00:00" time="27.730">
        </testcase>
        <testcase name="integration_tests::instances::test_instance_allow_only_one_ephemeral_ip" classname="omicron-nexus::test_all" timestamp="2025-06-05T17:14:24.418+00:00" time="15.386">
        </testcase>
        <testcase name="integration_tests::instances::test_instance_access" classname="omicron-nexus::test_all" timestamp="2025-06-05T17:14:21.789+00:00" time="22.332">
        </testcase>
        <testcase name="integration_tests::instances::test_cannot_provision_instance_beyond_cpu_capacity" classname="omicron-nexus::test_all" timestamp="2025-06-05T17:14:08.159+00:00" time="36.199">
        </testcase>
        <testcase name="integration_tests::instances::test_cannot_provision_instance_beyond_ram_capacity" classname="omicron-nexus::test_all" timestamp="2025-06-05T17:14:12.360+00:00" time="36.698">
        </testcase>
        <testcase name="integration_tests::instances::test_instance_attach_several_external_ips" classname="omicron-nexus::test_all" timestamp="2025-06-05T17:14:26.190+00:00" time="26.405">
        </testcase>
        <testcase name="integration_tests::instances::test_duplicate_disk_attach_requests_ok" classname="omicron-nexus::test_all" timestamp="2025-06-05T17:14:20.121+00:00" time="35.032">
        </testcase>
        <testcase name="integration_tests::instances::test_instance_create_attach_disks" classname="omicron-nexus::test_all" timestamp="2025-06-05T17:14:35.818+00:00" time="29.595">
        </testcase>
        <testcase name="integration_tests::instances::test_disks_detached_when_instance_destroyed" classname="omicron-nexus::test_all" timestamp="2025-06-05T17:14:13.177+00:00" time="58.311">
        </testcase>
        <testcase name="integration_tests::instances::test_instance_create_attach_disks_undo" classname="omicron-nexus::test_all" timestamp="2025-06-05T17:14:39.805+00:00" time="32.813">
        </testcase>
        <testcase name="integration_tests::instances::test_instance_create_in_silo" classname="omicron-nexus::test_all" timestamp="2025-06-05T17:14:44.358+00:00" time="28.658">
        </testcase>
        <testcase name="integration_tests::instances::test_instance_create_with_anti_affinity_groups_that_do_not_exist" classname="omicron-nexus::test_all" timestamp="2025-06-05T17:14:55.153+00:00" time="18.318">
        </testcase>
        <testcase name="integration_tests::instances::test_instance_create_delete_network_interface" classname="omicron-nexus::test_all" timestamp="2025-06-05T17:14:44.122+00:00" time="30.523">
        </testcase>
        <testcase name="integration_tests::instances::test_instance_create_with_anti_affinity_groups" classname="omicron-nexus::test_all" timestamp="2025-06-05T17:14:52.595+00:00" time="23.936">
        </testcase>
        <testcase name="integration_tests::instances::test_instance_create_saga_removes_instance_database_record" classname="omicron-nexus::test_all" timestamp="2025-06-05T17:14:49.058+00:00" time="30.039">
        </testcase>
        <testcase name="integration_tests::instances::test_instance_create_with_duplicate_anti_affinity_groups" classname="omicron-nexus::test_all" timestamp="2025-06-05T17:15:05.413+00:00" time="26.235">
        </testcase>
        <testcase name="integration_tests::instances::test_instance_ephemeral_ip_no_default_pool_error" classname="omicron-nexus::test_all" timestamp="2025-06-05T17:15:13.471+00:00" time="22.847">
        </testcase>
        <testcase name="integration_tests::instances::test_instance_ephemeral_ip_from_orphan_pool" classname="omicron-nexus::test_all" timestamp="2025-06-05T17:15:13.016+00:00" time="24.841">
        </testcase>
        <testcase name="integration_tests::instances::test_instance_failed_after_sled_agent_forgets_vmm_can_be_deleted" classname="omicron-nexus::test_all" timestamp="2025-06-05T17:15:14.644+00:00" time="26.110">
        </testcase>
        <testcase name="integration_tests::instances::test_instance_failed_after_sled_agent_forgets_vmm_can_be_restarted" classname="omicron-nexus::test_all" timestamp="2025-06-05T17:15:16.531+00:00" time="26.271">
        </testcase>
        <testcase name="integration_tests::instances::test_instance_failed_after_sled_agent_forgets_vmm_can_be_stopped" classname="omicron-nexus::test_all" timestamp="2025-06-05T17:15:19.097+00:00" time="25.469">
        </testcase>
        <testcase name="integration_tests::instances::test_instance_create_with_ssh_keys" classname="omicron-nexus::test_all" timestamp="2025-06-05T17:15:11.488+00:00" time="33.910">
        </testcase>
        <testcase name="integration_tests::instances::test_instance_failed_by_instance_watcher_automatically_reincarnates" classname="omicron-nexus::test_all" timestamp="2025-06-05T17:15:31.648+00:00" time="27.941">
        </testcase>
        <testcase name="integration_tests::instances::test_instance_ephemeral_ip_from_correct_pool" classname="omicron-nexus::test_all" timestamp="2025-06-05T17:15:12.618+00:00" time="49.501">
        </testcase>
        <testcase name="integration_tests::instances::test_instance_failed_by_instance_watcher_can_be_deleted" classname="omicron-nexus::test_all" timestamp="2025-06-05T17:15:36.318+00:00" time="26.908">
        </testcase>
        <testcase name="integration_tests::instances::test_instance_failed_by_instance_watcher_can_be_restarted" classname="omicron-nexus::test_all" timestamp="2025-06-05T17:15:37.858+00:00" time="26.524">
        </testcase>
        <testcase name="integration_tests::instances::test_instance_metrics" classname="omicron-nexus::test_all" timestamp="2025-06-05T17:15:44.567+00:00" time="34.362">
        </testcase>
        <testcase name="integration_tests::instances::test_instance_metrics_with_migration" classname="omicron-nexus::test_all" timestamp="2025-06-05T17:15:45.398+00:00" time="34.510">
        </testcase>
        <testcase name="integration_tests::instances::test_instance_migrate" classname="omicron-nexus::test_all" timestamp="2025-06-05T17:15:59.589+00:00" time="26.741">
        </testcase>
        <testcase name="integration_tests::instances::test_instance_failed_when_on_expunged_sled" classname="omicron-nexus::test_all" timestamp="2025-06-05T17:15:42.803+00:00" time="44.830">
        </testcase>
        <testcase name="integration_tests::instances::test_instance_migrate_v2p_and_routes" classname="omicron-nexus::test_all" timestamp="2025-06-05T17:16:02.119+00:00" time="28.044">
        </testcase>
        <testcase name="integration_tests::instances::test_instance_start_creates_networking_state" classname="omicron-nexus::test_all" timestamp="2025-06-05T17:16:04.382+00:00" time="25.982">
        </testcase>
        <testcase name="integration_tests::instances::test_instance_serial" classname="omicron-nexus::test_all" timestamp="2025-06-05T17:16:03.226+00:00" time="34.668">
        </testcase>
        <testcase name="integration_tests::instances::test_instance_update_network_interface_transit_ips" classname="omicron-nexus::test_all" timestamp="2025-06-05T17:16:18.928+00:00" time="19.666">
        </testcase>
        <testcase name="integration_tests::instances::test_instance_using_image_from_other_project_fails" classname="omicron-nexus::test_all" timestamp="2025-06-05T17:16:26.330+00:00" time="16.617">
        </testcase>
        <testcase name="integration_tests::instances::test_instance_with_multiple_nics_unwinds_completely" classname="omicron-nexus::test_all" timestamp="2025-06-05T17:16:30.163+00:00" time="18.645">
        </testcase>
        <testcase name="integration_tests::instances::test_instance_failed_by_stop_request_does_not_reincarnate" classname="omicron-nexus::test_all" timestamp="2025-06-05T17:15:40.755+00:00" time="69.117">
        </testcase>
        <testcase name="integration_tests::instances::test_instance_update_network_interfaces" classname="omicron-nexus::test_all" timestamp="2025-06-05T17:16:19.908+00:00" time="34.292">
        </testcase>
        <testcase name="integration_tests::instances::test_instances_access_before_create_returns_not_found" classname="omicron-nexus::test_all" timestamp="2025-06-05T17:16:38.595+00:00" time="18.170">
        </testcase>
        <testcase name="integration_tests::instances::test_instance_with_new_custom_network_interfaces" classname="omicron-nexus::test_all" timestamp="2025-06-05T17:16:30.365+00:00" time="26.876">
        </testcase>
        <testcase name="integration_tests::instances::test_instance_v2p_mappings" classname="omicron-nexus::test_all" timestamp="2025-06-05T17:16:27.633+00:00" time="29.859">
        </testcase>
        <testcase name="integration_tests::instances::test_instance_with_single_explicit_ip_address" classname="omicron-nexus::test_all" timestamp="2025-06-05T17:16:37.894+00:00" time="24.575">
        </testcase>
        <testcase name="integration_tests::instances::test_instances_are_not_marked_failed_on_other_sled_agent_errors" classname="omicron-nexus::test_all" timestamp="2025-06-05T17:16:42.948+00:00" time="25.849">
        </testcase>
        <testcase name="integration_tests::instances::test_instances_invalid_creation_returns_bad_request" classname="omicron-nexus::test_all" timestamp="2025-06-05T17:16:57.241+00:00" time="15.206">
        </testcase>
        <testcase name="integration_tests::instances::test_instances_are_not_marked_failed_on_other_sled_agent_errors_by_instance_watcher" classname="omicron-nexus::test_all" timestamp="2025-06-05T17:16:48.808+00:00" time="25.483">
        </testcase>
        <testcase name="integration_tests::instances::test_instances_memory_greater_than_max_size" classname="omicron-nexus::test_all" timestamp="2025-06-05T17:16:57.492+00:00" time="17.438">
        </testcase>
        <testcase name="integration_tests::instances::test_instances_create_stopped_start" classname="omicron-nexus::test_all" timestamp="2025-06-05T17:16:54.200+00:00" time="23.604">
        </testcase>
        <testcase name="integration_tests::instances::test_instances_memory_not_divisible_by_min_memory_size" classname="omicron-nexus::test_all" timestamp="2025-06-05T17:17:02.469+00:00" time="16.117">
        </testcase>
        <testcase name="integration_tests::instances::test_instances_delete_fails_when_running_succeeds_when_stopped" classname="omicron-nexus::test_all" timestamp="2025-06-05T17:16:56.765+00:00" time="28.492">
        </testcase>
        <testcase name="integration_tests::instances::test_instances_create_reboot_halt" classname="omicron-nexus::test_all" timestamp="2025-06-05T17:16:49.872+00:00" time="35.501">
        </testcase>
        <testcase name="integration_tests::instances::test_instances_memory_rejected_less_than_min_memory_size" classname="omicron-nexus::test_all" timestamp="2025-06-05T17:17:08.797+00:00" time="16.888">
        </testcase>
        <testcase name="integration_tests::instances::test_updating_missing_instance_is_not_found" classname="omicron-nexus::test_all" timestamp="2025-06-05T17:17:14.291+00:00" time="14.965">
        </testcase>
        <testcase name="integration_tests::instances::test_size_can_be_changed" classname="omicron-nexus::test_all" timestamp="2025-06-05T17:17:12.447+00:00" time="27.835">
        </testcase>
        <testcase name="integration_tests::ip_pools::test_ip_pool_basic_crud" classname="omicron-nexus::test_all" timestamp="2025-06-05T17:17:25.685+00:00" time="15.612">
        </testcase>
        <testcase name="integration_tests::internet_gateway::test_internet_gateway_address_detach" classname="omicron-nexus::test_all" timestamp="2025-06-05T17:17:18.586+00:00" time="26.376">
        </testcase>
        <testcase name="integration_tests::internet_gateway::test_igw_ip_pool_attach_silo_user" classname="omicron-nexus::test_all" timestamp="2025-06-05T17:17:17.804+00:00" time="27.397">
        </testcase>
        <testcase name="integration_tests::instances::test_updating_running_instance_boot_disk_is_conflict" classname="omicron-nexus::test_all" timestamp="2025-06-05T17:17:14.930+00:00" time="30.684">
        </testcase>
        <testcase name="integration_tests::ip_pools::test_ip_pool_list_dedupe" classname="omicron-nexus::test_all" timestamp="2025-06-05T17:17:29.256+00:00" time="16.639">
        </testcase>
        <testcase name="integration_tests::internet_gateway::test_internet_gateway_delete_cascade" classname="omicron-nexus::test_all" timestamp="2025-06-05T17:17:25.374+00:00" time="25.429">
        </testcase>
        <testcase name="integration_tests::internet_gateway::test_internet_gateway_basic_crud" classname="omicron-nexus::test_all" timestamp="2025-06-05T17:17:25.257+00:00" time="30.673">
        </testcase>
        <testcase name="integration_tests::ip_pools::test_ip_pool_list_in_silo" classname="omicron-nexus::test_all" timestamp="2025-06-05T17:17:40.283+00:00" time="16.421">
        </testcase>
        <testcase name="integration_tests::ip_pools::test_ip_pool_pagination" classname="omicron-nexus::test_all" timestamp="2025-06-05T17:17:41.297+00:00" time="15.992">
        </testcase>
        <testcase name="integration_tests::ip_pools::test_ip_pool_range_pagination" classname="omicron-nexus::test_all" timestamp="2025-06-05T17:17:45.200+00:00" time="15.977">
        </testcase>
        <testcase name="integration_tests::ip_pools::test_ip_pool_range_overlapping_ranges_fails" classname="omicron-nexus::test_all" timestamp="2025-06-05T17:17:44.963+00:00" time="16.658">
        </testcase>
        <testcase name="integration_tests::ip_pools::test_ip_pool_range_rejects_v6" classname="omicron-nexus::test_all" timestamp="2025-06-05T17:17:45.614+00:00" time="16.694">
        </testcase>
        <testcase name="integration_tests::ip_pools::test_ip_pool_service" classname="omicron-nexus::test_all" timestamp="2025-06-05T17:17:45.895+00:00" time="16.429">
        </testcase>
        <testcase name="integration_tests::ip_pools::test_ip_pool_service_no_cud" classname="omicron-nexus::test_all" timestamp="2025-06-05T17:17:50.803+00:00" time="18.099">
        </testcase>
        <testcase name="integration_tests::ip_pools::test_ip_pool_silo_list_only_discoverable" classname="omicron-nexus::test_all" timestamp="2025-06-05T17:17:56.704+00:00" time="19.457">
        </testcase>
        <testcase name="integration_tests::ip_pools::test_ip_pool_silo_link" classname="omicron-nexus::test_all" timestamp="2025-06-05T17:17:55.930+00:00" time="21.589">
        </testcase>
        <testcase name="integration_tests::ip_pools::test_ip_pool_silos_pagination" classname="omicron-nexus::test_all" timestamp="2025-06-05T17:17:57.290+00:00" time="21.477">
        </testcase>
        <testcase name="integration_tests::ip_pools::test_ip_pool_utilization_total" classname="omicron-nexus::test_all" timestamp="2025-06-05T17:18:01.621+00:00" time="17.883">
        </testcase>
        <testcase name="integration_tests::ip_pools::test_ip_pool_update_default" classname="omicron-nexus::test_all" timestamp="2025-06-05T17:18:01.178+00:00" time="19.253">
        </testcase>
        <testcase name="integration_tests::ip_pools::test_ip_range_delete_with_allocated_external_ip_fails" classname="omicron-nexus::test_all" timestamp="2025-06-05T17:18:02.308+00:00" time="28.873">
        </testcase>
        <testcase name="integration_tests::metrics::test_mgs_metrics" classname="omicron-nexus::test_all" timestamp="2025-06-05T17:18:16.161+00:00" time="19.290">
        </testcase>
        <testcase name="integration_tests::oximeter::test_oximeter_database_records" classname="omicron-nexus::test_all" timestamp="2025-06-05T17:18:19.504+00:00" time="16.503">
        </testcase>
        <testcase name="integration_tests::metrics::test_system_timeseries_schema_list" classname="omicron-nexus::test_all" timestamp="2025-06-05T17:18:18.767+00:00" time="17.815">
        </testcase>
        <testcase name="integration_tests::oximeter::test_oximeter_reregistration" classname="omicron-nexus::test_all" timestamp="2025-06-05T17:18:20.431+00:00" time="18.949">
        </testcase>
        <testcase name="integration_tests::metrics::test_instance_watcher_metrics" classname="omicron-nexus::test_all" timestamp="2025-06-05T17:18:02.324+00:00" time="38.422">
        </testcase>
        <testcase name="integration_tests::pantry::test_cannot_bulk_write_data_not_block_size_multiple" classname="omicron-nexus::test_all" timestamp="2025-06-05T17:18:36.582+00:00" time="21.205">
        </testcase>
        <testcase name="integration_tests::pantry::test_cannot_bulk_write_data_non_base64" classname="omicron-nexus::test_all" timestamp="2025-06-05T17:18:36.007+00:00" time="22.160">
        </testcase>
        <testcase name="integration_tests::pantry::test_can_stop_start_import_from_bulk_write" classname="omicron-nexus::test_all" timestamp="2025-06-05T17:18:31.181+00:00" time="27.698">
        </testcase>
        <testcase name="integration_tests::metrics::test_metrics" classname="omicron-nexus::test_all" timestamp="2025-06-05T17:18:08.902+00:00" time="51.118">
        </testcase>
        <testcase name="integration_tests::pantry::test_cannot_bulk_write_data_past_end_of_disk" classname="omicron-nexus::test_all" timestamp="2025-06-05T17:18:39.380+00:00" time="21.049">
        </testcase>
        <testcase name="integration_tests::metrics::test_project_timeseries_query" classname="omicron-nexus::test_all" timestamp="2025-06-05T17:18:17.519+00:00" time="44.983">
        </testcase>
        <testcase name="integration_tests::pantry::test_cannot_bulk_write_attached_disk" classname="omicron-nexus::test_all" timestamp="2025-06-05T17:18:35.451+00:00" time="35.588">
        </testcase>
        <testcase name="integration_tests::pantry::test_cannot_bulk_write_start_attached_disk" classname="omicron-nexus::test_all" timestamp="2025-06-05T17:18:40.746+00:00" time="36.566">
        </testcase>
        <testcase name="integration_tests::pantry::test_cannot_bulk_write_to_unaligned_offset" classname="omicron-nexus::test_all" timestamp="2025-06-05T17:18:58.167+00:00" time="23.175">
        </testcase>
        <testcase name="integration_tests::pantry::test_cannot_finalize_without_stopping_bulk_writes" classname="omicron-nexus::test_all" timestamp="2025-06-05T17:19:00.020+00:00" time="27.831">
        </testcase>
        <testcase name="integration_tests::pantry::test_cannot_mount_import_from_bulk_writes_disk" classname="omicron-nexus::test_all" timestamp="2025-06-05T17:19:00.429+00:00" time="31.589">
        </testcase>
        <testcase name="integration_tests::pantry::test_disk_create_for_importing" classname="omicron-nexus::test_all" timestamp="2025-06-05T17:19:11.040+00:00" time="22.192">
        </testcase>
        <testcase name="integration_tests::pantry::test_cannot_mount_import_ready_disk" classname="omicron-nexus::test_all" timestamp="2025-06-05T17:19:02.502+00:00" time="33.990">
        </testcase>
        <testcase name="integration_tests::pantry::test_cannot_bulk_write_stop_attached_disk" classname="omicron-nexus::test_all" timestamp="2025-06-05T17:18:57.787+00:00" time="39.143">
        </testcase>
        <testcase name="integration_tests::pantry::test_cannot_finalize_attached_disk" classname="omicron-nexus::test_all" timestamp="2025-06-05T17:18:58.880+00:00" time="38.627">
        </testcase>
        <testcase name="integration_tests::probe::test_probe_basic_crud" classname="omicron-nexus::test_all" timestamp="2025-06-05T17:19:32.018+00:00" time="20.319">
        </testcase>
        <testcase name="integration_tests::projects::test_project_deletion" classname="omicron-nexus::test_all" timestamp="2025-06-05T17:19:33.231+00:00" time="19.985">
        </testcase>
        <testcase name="integration_tests::projects::test_project_deletion_with_anti_affinity_group" classname="omicron-nexus::test_all" timestamp="2025-06-05T17:19:36.930+00:00" time="18.980">
        </testcase>
        <testcase name="integration_tests::projects::test_project_deletion_with_affinity_group" classname="omicron-nexus::test_all" timestamp="2025-06-05T17:19:36.492+00:00" time="19.442">
        </testcase>
        <testcase name="integration_tests::pantry::test_import_blocks_with_bulk_write" classname="omicron-nexus::test_all" timestamp="2025-06-05T17:19:17.312+00:00" time="38.714">
        </testcase>
        <testcase name="integration_tests::projects::test_project_deletion_with_disk" classname="omicron-nexus::test_all" timestamp="2025-06-05T17:19:37.507+00:00" time="21.462">
        </testcase>
        <testcase name="integration_tests::pantry::test_import_blocks_with_bulk_write_with_snapshot" classname="omicron-nexus::test_all" timestamp="2025-06-05T17:19:21.343+00:00" time="41.469">
        </testcase>
        <testcase name="integration_tests::projects::test_project_deletion_with_image" classname="omicron-nexus::test_all" timestamp="2025-06-05T17:19:53.216+00:00" time="21.002">
        </testcase>
        <testcase name="integration_tests::projects::test_project_deletion_with_floating_ip" classname="omicron-nexus::test_all" timestamp="2025-06-05T17:19:52.338+00:00" time="22.248">
        </testcase>
        <testcase name="integration_tests::projects::test_project_deletion_with_vpc" classname="omicron-nexus::test_all" timestamp="2025-06-05T17:19:56.026+00:00" time="21.070">
        </testcase>
        <testcase name="integration_tests::projects::test_projects" classname="omicron-nexus::test_all" timestamp="2025-06-05T17:19:58.969+00:00" time="18.265">
        </testcase>
        <testcase name="integration_tests::quotas::test_quota_limits" classname="omicron-nexus::test_all" timestamp="2025-06-05T17:20:02.811+00:00" time="17.411">
        </testcase>
        <testcase name="integration_tests::projects::test_project_deletion_with_instance" classname="omicron-nexus::test_all" timestamp="2025-06-05T17:19:55.911+00:00" time="25.206">
        </testcase>
        <testcase name="integration_tests::projects::test_project_deletion_with_snapshot" classname="omicron-nexus::test_all" timestamp="2025-06-05T17:19:55.934+00:00" time="25.868">
        </testcase>
        <testcase name="integration_tests::rack::test_get_own_rack" classname="omicron-nexus::test_all" timestamp="2025-06-05T17:20:14.586+00:00" time="15.874">
        </testcase>
        <testcase name="integration_tests::rack::test_list_own_rack" classname="omicron-nexus::test_all" timestamp="2025-06-05T17:20:17.096+00:00" time="17.191">
        </testcase>
        <testcase name="integration_tests::rack::test_rack_initialization" classname="omicron-nexus::test_all" timestamp="2025-06-05T17:20:17.233+00:00" time="18.613">
        </testcase>
        <testcase name="integration_tests::password_login::test_local_users" classname="omicron-nexus::test_all" timestamp="2025-06-05T17:19:27.851+00:00" time="70.307">
        </testcase>
        <testcase name="integration_tests::rack::test_sled_list_uninitialized" classname="omicron-nexus::test_all" timestamp="2025-06-05T17:20:21.116+00:00" time="17.455">
        </testcase>
        <testcase name="integration_tests::rack::test_sled_add" classname="omicron-nexus::test_all" timestamp="2025-06-05T17:20:20.223+00:00" time="18.582">
        </testcase>
        <testcase name="integration_tests::role_assignments::test_role_assignments_fleet" classname="omicron-nexus::test_all" timestamp="2025-06-05T17:20:21.802+00:00" time="17.650">
        </testcase>
        <testcase name="integration_tests::role_assignments::test_role_assignments_project" classname="omicron-nexus::test_all" timestamp="2025-06-05T17:20:30.460+00:00" time="19.519">
        </testcase>
        <testcase name="integration_tests::role_assignments::test_role_assignments_silo" classname="omicron-nexus::test_all" timestamp="2025-06-05T17:20:34.287+00:00" time="16.838">
        </testcase>
        <testcase name="integration_tests::role_assignments::test_role_assignments_silo_implicit" classname="omicron-nexus::test_all" timestamp="2025-06-05T17:20:35.847+00:00" time="16.542">
        </testcase>
        <testcase name="integration_tests::saml::test_accept_saml_response_only_assertion_signed" classname="omicron-nexus::test_all" timestamp="2025-06-05T17:20:52.389+00:00" time="0.049">
        </testcase>
        <testcase name="integration_tests::saml::test_correct_saml_response" classname="omicron-nexus::test_all" timestamp="2025-06-05T17:20:52.438+00:00" time="0.082">
        </testcase>
        <testcase name="integration_tests::saml::test_correct_saml_response_ecdsa_sha256" classname="omicron-nexus::test_all" timestamp="2025-06-05T17:20:52.520+00:00" time="0.044">
        </testcase>
        <testcase name="integration_tests::saml::test_correct_saml_response_with_group_attributes" classname="omicron-nexus::test_all" timestamp="2025-06-05T17:20:52.564+00:00" time="0.057">
        </testcase>
        <testcase name="integration_tests::saml::test_correct_saml_response_with_group_attributes_wrong_attribute_name" classname="omicron-nexus::test_all" timestamp="2025-06-05T17:20:52.621+00:00" time="0.102">
        </testcase>
        <testcase name="integration_tests::roles_builtin::test_roles_builtin" classname="omicron-nexus::test_all" timestamp="2025-06-05T17:20:38.158+00:00" time="16.501">
        </testcase>
        <testcase name="integration_tests::router_routes::test_router_routes_disallow_custom_targets" classname="omicron-nexus::test_all" timestamp="2025-06-05T17:20:38.805+00:00" time="19.044">
        </testcase>
        <testcase name="integration_tests::router_routes::test_router_routes_crud_operations" classname="omicron-nexus::test_all" timestamp="2025-06-05T17:20:38.572+00:00" time="20.779">
        </testcase>
        <testcase name="integration_tests::router_routes::test_router_routes_disallow_mixed_v4_v6" classname="omicron-nexus::test_all" timestamp="2025-06-05T17:20:39.453+00:00" time="24.175">
        </testcase>
        <testcase name="integration_tests::quotas::test_quotas" classname="omicron-nexus::test_all" timestamp="2025-06-05T17:20:14.218+00:00" time="50.443">
        </testcase>
        <testcase name="integration_tests::router_routes::test_router_routes_internet_gateway_target" classname="omicron-nexus::test_all" timestamp="2025-06-05T17:20:49.980+00:00" time="18.119">
        </testcase>
        <testcase name="integration_tests::saml::test_handle_saml_response_with_xml_comment" classname="omicron-nexus::test_all" timestamp="2025-06-05T17:21:08.098+00:00" time="0.064">
        </testcase>
        <testcase name="integration_tests::saml::test_create_a_hidden_silo_saml_idp" classname="omicron-nexus::test_all" timestamp="2025-06-05T17:20:52.723+00:00" time="15.540">
        </testcase>
        <testcase name="integration_tests::router_routes::test_router_routes_modify_system_routes" classname="omicron-nexus::test_all" timestamp="2025-06-05T17:20:51.125+00:00" time="18.712">
        </testcase>
        <testcase name="integration_tests::saml::test_reject_saml_response_signed_with_other_key" classname="omicron-nexus::test_all" timestamp="2025-06-05T17:21:09.837+00:00" time="0.067">
        </testcase>
        <testcase name="integration_tests::saml::test_reject_unsigned_saml_response" classname="omicron-nexus::test_all" timestamp="2025-06-05T17:21:09.905+00:00" time="0.066">
        </testcase>
        <testcase name="integration_tests::saml::test_create_a_saml_idp" classname="omicron-nexus::test_all" timestamp="2025-06-05T17:20:54.659+00:00" time="16.209">
        </testcase>
        <testcase name="integration_tests::saml::test_create_a_saml_idp_invalid_descriptor_no_redirect_binding" classname="omicron-nexus::test_all" timestamp="2025-06-05T17:20:57.849+00:00" time="15.471">
        </testcase>
        <testcase name="integration_tests::saml::test_create_a_saml_idp_invalid_descriptor_truncated" classname="omicron-nexus::test_all" timestamp="2025-06-05T17:20:59.351+00:00" time="14.995">
        </testcase>
        <testcase name="integration_tests::saml::test_create_a_saml_idp_metadata_no_keys" classname="omicron-nexus::test_all" timestamp="2025-06-05T17:21:03.628+00:00" time="15.880">
        </testcase>
        <testcase name="integration_tests::saml::test_create_a_saml_idp_metadata_only_encryption_keys" classname="omicron-nexus::test_all" timestamp="2025-06-05T17:21:04.661+00:00" time="17.922">
        </testcase>
        <testcase name="integration_tests::saml::test_post_saml_response" classname="omicron-nexus::test_all" timestamp="2025-06-05T17:21:08.163+00:00" time="16.619">
        </testcase>
        <testcase name="integration_tests::saml::test_post_saml_response_with_relay_state" classname="omicron-nexus::test_all" timestamp="2025-06-05T17:21:08.263+00:00" time="16.737">
        </testcase>
        <testcase name="integration_tests::saml::test_saml_idp_metadata_url_404" classname="omicron-nexus::test_all" timestamp="2025-06-05T17:21:09.971+00:00" time="15.290">
        </testcase>
        <testcase name="integration_tests::saml::test_saml_idp_metadata_url_invalid" classname="omicron-nexus::test_all" timestamp="2025-06-05T17:21:10.868+00:00" time="14.514">
        </testcase>
        <testcase name="integration_tests::saml::test_saml_idp_reject_keypair" classname="omicron-nexus::test_all" timestamp="2025-06-05T17:21:13.320+00:00" time="13.692">
        </testcase>
        <testcase name="integration_tests::saml::test_saml_idp_rsa_keypair_ok" classname="omicron-nexus::test_all" timestamp="2025-06-05T17:21:14.346+00:00" time="13.108">
        </testcase>
        <testcase name="integration_tests::schema::compare_index_creation_differing_columns" classname="omicron-nexus::test_all" timestamp="2025-06-05T17:21:25.001+00:00" time="3.600">
        </testcase>
        <testcase name="integration_tests::schema::compare_index_creation_differing_where_clause" classname="omicron-nexus::test_all" timestamp="2025-06-05T17:21:27.455+00:00" time="3.309">
        </testcase>
        <testcase name="integration_tests::schema::compare_sequence_differing_increment" classname="omicron-nexus::test_all" timestamp="2025-06-05T17:21:28.601+00:00" time="2.461">
        </testcase>
        <testcase name="integration_tests::schema::compare_table_differing_constraint" classname="omicron-nexus::test_all" timestamp="2025-06-05T17:21:30.764+00:00" time="2.372">
        </testcase>
        <testcase name="integration_tests::schema::compare_table_differing_not_null_order" classname="omicron-nexus::test_all" timestamp="2025-06-05T17:21:31.062+00:00" time="2.482">
        </testcase>
        <testcase name="integration_tests::schema::compare_view_differing_where_clause" classname="omicron-nexus::test_all" timestamp="2025-06-05T17:21:33.136+00:00" time="2.640">
        </testcase>
        <testcase name="integration_tests::schema::dbinit_version_matches_version_known_to_nexus" classname="omicron-nexus::test_all" timestamp="2025-06-05T17:21:35.776+00:00" time="1.192">
        </testcase>
        <testcase name="integration_tests::schema::nexus_applies_update_on_boot" classname="omicron-nexus::test_all" timestamp="2025-06-05T17:21:36.968+00:00" time="119.394">
        </testcase>
        <testcase name="integration_tests::schema::dbinit_equals_sum_of_all_up" classname="omicron-nexus::test_all" timestamp="2025-06-05T17:21:33.545+00:00" time="136.297">
        </testcase>
        <testcase name="integration_tests::schema::nexus_cannot_apply_update_from_unknown_version" classname="omicron-nexus::test_all" timestamp="2025-06-05T17:23:36.362+00:00" time="20.097">
        </testcase>
        <testcase name="integration_tests::schema::validate_data_migration" classname="omicron-nexus::test_all" timestamp="2025-06-05T17:23:49.842+00:00" time="116.503">
        </testcase>
        <testcase name="integration_tests::silo_users::test_silo_group_users_bad_group_id" classname="omicron-nexus::test_all" timestamp="2025-06-05T17:25:46.345+00:00" time="11.185">
        </testcase>
        <testcase name="integration_tests::silo_users::test_silo_group_detail_bad_group_id" classname="omicron-nexus::test_all" timestamp="2025-06-05T17:25:46.345+00:00" time="11.399">
        </testcase>
        <testcase name="integration_tests::silo_users::test_silo_group_users" classname="omicron-nexus::test_all" timestamp="2025-06-05T17:25:46.345+00:00" time="11.868">
        </testcase>
        <testcase name="integration_tests::silos::test_deleting_a_silo_deletes_the_idp" classname="omicron-nexus::test_all" timestamp="2025-06-05T17:25:46.345+00:00" time="11.924">
        </testcase>
        <testcase name="integration_tests::schema::versions_have_idempotent_up" classname="omicron-nexus::test_all" timestamp="2025-06-05T17:23:56.459+00:00" time="127.745">
        </testcase>
        <testcase name="integration_tests::silos::test_ensure_same_silo_group" classname="omicron-nexus::test_all" timestamp="2025-06-05T17:25:57.530+00:00" time="15.772">
        </testcase>
        <testcase name="integration_tests::silos::test_listing_identity_providers" classname="omicron-nexus::test_all" timestamp="2025-06-05T17:25:58.213+00:00" time="15.313">
        </testcase>
        <testcase name="integration_tests::silos::test_jit_silo_constraints" classname="omicron-nexus::test_all" timestamp="2025-06-05T17:25:57.744+00:00" time="15.876">
        </testcase>
        <testcase name="integration_tests::silos::test_local_silo_constraints" classname="omicron-nexus::test_all" timestamp="2025-06-05T17:25:58.269+00:00" time="15.440">
        </testcase>
        <testcase name="integration_tests::silos::test_saml_idp_metadata_data_truncated" classname="omicron-nexus::test_all" timestamp="2025-06-05T17:26:04.205+00:00" time="15.162">
        </testcase>
        <testcase name="integration_tests::silos::test_saml_idp_metadata_data_invalid" classname="omicron-nexus::test_all" timestamp="2025-06-05T17:26:04.205+00:00" time="17.695">
        </testcase>
        <testcase name="integration_tests::silos::test_saml_idp_metadata_data_valid" classname="omicron-nexus::test_all" timestamp="2025-06-05T17:26:04.205+00:00" time="17.773">
        </testcase>
        <testcase name="integration_tests::silos::test_local_silo_users" classname="omicron-nexus::test_all" timestamp="2025-06-05T17:26:04.205+00:00" time="19.852">
        </testcase>
        <testcase name="integration_tests::silos::test_silo_admin_can_create_certs" classname="omicron-nexus::test_all" timestamp="2025-06-05T17:26:13.302+00:00" time="17.246">
        </testcase>
        <testcase name="integration_tests::silos::test_silo_delete_clean_up_groups" classname="omicron-nexus::test_all" timestamp="2025-06-05T17:26:13.709+00:00" time="17.002">
        </testcase>
        <testcase name="integration_tests::silos::test_silo_admin_group" classname="omicron-nexus::test_all" timestamp="2025-06-05T17:26:13.526+00:00" time="17.336">
        </testcase>
        <testcase name="integration_tests::silos::test_silo_authn_policy" classname="omicron-nexus::test_all" timestamp="2025-06-05T17:26:13.621+00:00" time="22.413">
        </testcase>
        <testcase name="integration_tests::silos::test_silo_groups_fixed" classname="omicron-nexus::test_all" timestamp="2025-06-05T17:26:21.900+00:00" time="15.957">
        </testcase>
        <testcase name="integration_tests::silos::test_silo_delete_cleans_up_ip_pool_links" classname="omicron-nexus::test_all" timestamp="2025-06-05T17:26:19.367+00:00" time="19.043">
        </testcase>
        <testcase name="integration_tests::silos::test_silo_groups_jit" classname="omicron-nexus::test_all" timestamp="2025-06-05T17:26:21.979+00:00" time="16.888">
        </testcase>
        <testcase name="integration_tests::silos::test_silo_groups_remove_from_both_groups" classname="omicron-nexus::test_all" timestamp="2025-06-05T17:26:24.057+00:00" time="16.379">
        </testcase>
        <testcase name="integration_tests::silos::test_silo_user_fetch_by_external_id" classname="omicron-nexus::test_all" timestamp="2025-06-05T17:26:30.712+00:00" time="16.736">
        </testcase>
        <testcase name="integration_tests::silos::test_silo_groups_remove_from_one_group" classname="omicron-nexus::test_all" timestamp="2025-06-05T17:26:30.549+00:00" time="17.904">
        </testcase>
        <testcase name="integration_tests::silos::test_silo_user_provision_types" classname="omicron-nexus::test_all" timestamp="2025-06-05T17:26:30.862+00:00" time="19.898">
        </testcase>
        <testcase name="integration_tests::silos::test_silo_users_list" classname="omicron-nexus::test_all" timestamp="2025-06-05T17:26:37.857+00:00" time="18.522">
        </testcase>
        <testcase name="integration_tests::sleds::test_physical_disk_create_list_delete" classname="omicron-nexus::test_all" timestamp="2025-06-05T17:26:38.867+00:00" time="17.647">
        </testcase>
        <testcase name="integration_tests::silos::test_silo_user_views" classname="omicron-nexus::test_all" timestamp="2025-06-05T17:26:36.034+00:00" time="23.546">
        </testcase>
        <testcase name="integration_tests::silos::test_silos" classname="omicron-nexus::test_all" timestamp="2025-06-05T17:26:38.410+00:00" time="22.987">
        </testcase>
        <testcase name="integration_tests::sleds::test_sleds_list" classname="omicron-nexus::test_all" timestamp="2025-06-05T17:26:47.448+00:00" time="17.908">
        </testcase>
        <testcase name="integration_tests::sleds::test_sled_instance_list" classname="omicron-nexus::test_all" timestamp="2025-06-05T17:26:40.436+00:00" time="27.391">
        </testcase>
        <testcase name="integration_tests::snapshots::test_create_snapshot_record_idempotent" classname="omicron-nexus::test_all" timestamp="2025-06-05T17:26:50.760+00:00" time="19.223">
        </testcase>
        <testcase name="integration_tests::snapshots::test_cannot_snapshot_if_no_space" classname="omicron-nexus::test_all" timestamp="2025-06-05T17:26:48.453+00:00" time="23.572">
        </testcase>
        <testcase name="integration_tests::snapshots::test_region_snapshot_create_idempotent" classname="omicron-nexus::test_all" timestamp="2025-06-05T17:27:01.398+00:00" time="15.026">
        </testcase>
        <testcase name="integration_tests::snapshots::test_reject_creating_disk_from_illegal_snapshot" classname="omicron-nexus::test_all" timestamp="2025-06-05T17:27:05.355+00:00" time="18.223">
        </testcase>
        <testcase name="integration_tests::snapshots::test_delete_snapshot" classname="omicron-nexus::test_all" timestamp="2025-06-05T17:26:56.379+00:00" time="27.913">
        </testcase>
        <testcase name="integration_tests::snapshots::test_region_allocation_for_snapshot" classname="omicron-nexus::test_all" timestamp="2025-06-05T17:26:59.580+00:00" time="27.272">
        </testcase>
        <testcase name="integration_tests::snapshots::test_multiple_deletes_not_sent" classname="omicron-nexus::test_all" timestamp="2025-06-05T17:26:56.514+00:00" time="31.091">
        </testcase>
        <testcase name="integration_tests::snapshots::test_reject_creating_disk_from_other_project_snapshot" classname="omicron-nexus::test_all" timestamp="2025-06-05T17:27:07.828+00:00" time="19.920">
        </testcase>
        <testcase name="integration_tests::snapshots::test_reject_creating_disk_from_snapshot" classname="omicron-nexus::test_all" timestamp="2025-06-05T17:27:09.983+00:00" time="17.898">
        </testcase>
        <testcase name="integration_tests::snapshots::test_snapshot_expunge" classname="omicron-nexus::test_all" timestamp="2025-06-05T17:27:16.425+00:00" time="26.851">
        </testcase>
        <testcase name="integration_tests::ssh_keys::test_ssh_keys" classname="omicron-nexus::test_all" timestamp="2025-06-05T17:27:27.605+00:00" time="17.874">
        </testcase>
        <testcase name="integration_tests::snapshots::test_snapshot_basic" classname="omicron-nexus::test_all" timestamp="2025-06-05T17:27:12.025+00:00" time="33.735">
        </testcase>
        <testcase name="integration_tests::support_bundles::test_support_bundle_lifecycle" classname="omicron-nexus::test_all" timestamp="2025-06-05T17:27:27.881+00:00" time="19.659">
        </testcase>
        <testcase name="integration_tests::snapshots::test_snapshot_unwind" classname="omicron-nexus::test_all" timestamp="2025-06-05T17:27:24.292+00:00" time="26.329">
        </testcase>
        <testcase name="integration_tests::snapshots::test_snapshot_without_instance" classname="omicron-nexus::test_all" timestamp="2025-06-05T17:27:26.853+00:00" time="25.819">
        </testcase>
        <testcase name="integration_tests::snapshots::test_snapshot_stopped_instance" classname="omicron-nexus::test_all" timestamp="2025-06-05T17:27:23.579+00:00" time="30.417">
        </testcase>
        <testcase name="integration_tests::unauthorized_coverage::test_unauthorized_coverage" classname="omicron-nexus::test_all" timestamp="2025-06-05T17:27:52.672+00:00" time="2.795">
        </testcase>
        <testcase name="integration_tests::support_bundles::test_support_bundle_not_found" classname="omicron-nexus::test_all" timestamp="2025-06-05T17:27:43.276+00:00" time="15.356">
        </testcase>
        <testcase name="integration_tests::subnet_allocation::test_subnet_allocation" classname="omicron-nexus::test_all" timestamp="2025-06-05T17:27:27.748+00:00" time="35.036">
        </testcase>
        <testcase name="integration_tests::switch_port::test_port_settings_basic_crud" classname="omicron-nexus::test_all" timestamp="2025-06-05T17:27:45.760+00:00" time="19.071">
        </testcase>
        <testcase name="integration_tests::target_release::get_set_target_release" classname="omicron-nexus::test_all" timestamp="2025-06-05T17:27:47.540+00:00" time="17.530">
        </testcase>
        <testcase name="integration_tests::support_bundles::test_support_bundle_range_requests" classname="omicron-nexus::test_all" timestamp="2025-06-05T17:27:45.479+00:00" time="21.126">
        </testcase>
        <testcase name="integration_tests::updates::test_download_with_dots_fails" classname="omicron-nexus::test_all" timestamp="2025-06-05T17:27:53.996+00:00" time="16.969">
        </testcase>
        <testcase name="integration_tests::updates::test_repo_upload_unconfigured" classname="omicron-nexus::test_all" timestamp="2025-06-05T17:27:58.632+00:00" time="15.839">
        </testcase>
        <testcase name="integration_tests::updates::test_repo_upload" classname="omicron-nexus::test_all" timestamp="2025-06-05T17:27:55.466+00:00" time="22.559">
        </testcase>
        <testcase name="integration_tests::users_builtin::test_users_builtin" classname="omicron-nexus::test_all" timestamp="2025-06-05T17:28:02.784+00:00" time="16.438">
        </testcase>
        <testcase name="integration_tests::volume_management::test_create_image_from_snapshot" classname="omicron-nexus::test_all" timestamp="2025-06-05T17:28:05.070+00:00" time="28.203">
        </testcase>
        <testcase name="integration_tests::volume_management::test_cte_returns_regions" classname="omicron-nexus::test_all" timestamp="2025-06-05T17:28:10.965+00:00" time="23.051">
        </testcase>
        <testcase name="integration_tests::utilization::test_utilization" classname="omicron-nexus::test_all" timestamp="2025-06-05T17:28:04.832+00:00" time="31.332">
        </testcase>
        <testcase name="integration_tests::volume_management::test_create_image_from_snapshot_delete" classname="omicron-nexus::test_all" timestamp="2025-06-05T17:28:06.605+00:00" time="29.762">
        </testcase>
        <testcase name="integration_tests::volume_management::test_delete_image_order_1" classname="omicron-nexus::test_all" timestamp="2025-06-05T17:28:14.472+00:00" time="27.374">
        </testcase>
        <testcase name="integration_tests::volume_management::test_delete_image_order_2" classname="omicron-nexus::test_all" timestamp="2025-06-05T17:28:18.025+00:00" time="28.352">
        </testcase>
        <testcase name="integration_tests::volume_management::test_delete_image_order_3" classname="omicron-nexus::test_all" timestamp="2025-06-05T17:28:19.223+00:00" time="27.923">
        </testcase>
        <testcase name="integration_tests::volume_management::test_delete_image_order_4" classname="omicron-nexus::test_all" timestamp="2025-06-05T17:28:33.272+00:00" time="29.465">
        </testcase>
        <testcase name="integration_tests::volume_management::test_delete_image_order_5" classname="omicron-nexus::test_all" timestamp="2025-06-05T17:28:34.016+00:00" time="29.329">
        </testcase>
        <testcase name="integration_tests::volume_management::test_disk_create_saga_unwinds_correctly" classname="omicron-nexus::test_all" timestamp="2025-06-05T17:28:41.846+00:00" time="22.663">
        </testcase>
        <testcase name="integration_tests::volume_management::test_delete_snapshot_then_disk" classname="omicron-nexus::test_all" timestamp="2025-06-05T17:28:36.366+00:00" time="29.277">
        </testcase>
        <testcase name="integration_tests::volume_management::test_delete_image_order_6" classname="omicron-nexus::test_all" timestamp="2025-06-05T17:28:36.164+00:00" time="29.768">
        </testcase>
        <testcase name="integration_tests::volume_management::test_keep_your_targets_straight" classname="omicron-nexus::test_all" timestamp="2025-06-05T17:29:02.738+00:00" time="22.258">
        </testcase>
        <testcase name="integration_tests::volume_management::test_migrate_to_ref_count_with_records_region_snapshot_deleting" classname="omicron-nexus::test_all" timestamp="2025-06-05T17:29:04.508+00:00" time="22.203">
        </testcase>
        <testcase name="integration_tests::volume_management::test_migrate_to_ref_count_with_records_soft_delete_volume" classname="omicron-nexus::test_all" timestamp="2025-06-05T17:29:05.644+00:00" time="27.005">
        </testcase>
        <testcase name="integration_tests::volume_management::test_double_layer_with_read_only_region_delete" classname="omicron-nexus::test_all" timestamp="2025-06-05T17:28:47.146+00:00" time="45.547">
        </testcase>
        <testcase name="integration_tests::volume_management::test_migrate_to_ref_count_with_records" classname="omicron-nexus::test_all" timestamp="2025-06-05T17:29:03.345+00:00" time="29.695">
        </testcase>
        <testcase name="integration_tests::volume_management::test_double_layer_snapshot_with_read_only_region_delete_2" classname="omicron-nexus::test_all" timestamp="2025-06-05T17:28:46.377+00:00" time="50.710">
        </testcase>
        <testcase name="integration_tests::volume_management::test_multiple_disks_multiple_snapshots_order_1" classname="omicron-nexus::test_all" timestamp="2025-06-05T17:29:05.932+00:00" time="31.896">
        </testcase>
        <testcase name="integration_tests::volume_management::test_multiple_disks_multiple_snapshots_order_2" classname="omicron-nexus::test_all" timestamp="2025-06-05T17:29:24.997+00:00" time="31.239">
        </testcase>
        <testcase name="integration_tests::volume_management::test_no_zombie_read_only_regions" classname="omicron-nexus::test_all" timestamp="2025-06-05T17:29:37.088+00:00" time="22.804">
        </testcase>
        <testcase name="integration_tests::volume_management::test_no_zombie_read_write_regions" classname="omicron-nexus::test_all" timestamp="2025-06-05T17:29:37.828+00:00" time="22.555">
        </testcase>
        <testcase name="integration_tests::unauthorized::test_unauthorized" classname="omicron-nexus::test_all" timestamp="2025-06-05T17:27:50.621+00:00" time="132.707">
        </testcase>
        <testcase name="integration_tests::volume_management::test_multiple_layers_of_snapshots_delete_all_disks_first" classname="omicron-nexus::test_all" timestamp="2025-06-05T17:29:26.711+00:00" time="37.085">
        </testcase>
        <testcase name="integration_tests::volume_management::test_multiple_snapshots" classname="omicron-nexus::test_all" timestamp="2025-06-05T17:29:33.040+00:00" time="35.806">
        </testcase>
        <testcase name="integration_tests::volume_management::test_multiple_layers_of_snapshots_random_delete_order" classname="omicron-nexus::test_all" timestamp="2025-06-05T17:29:32.693+00:00" time="37.280">
        </testcase>
        <testcase name="integration_tests::volume_management::test_multiple_layers_of_snapshots_delete_all_snapshots_first" classname="omicron-nexus::test_all" timestamp="2025-06-05T17:29:32.648+00:00" time="38.103">
        </testcase>
        <testcase name="integration_tests::volume_management::test_no_zombie_region_snapshots" classname="omicron-nexus::test_all" timestamp="2025-06-05T17:29:56.236+00:00" time="29.315">
        </testcase>
        <testcase name="integration_tests::volume_management::test_read_only_region_reference_sanity_multi" classname="omicron-nexus::test_all" timestamp="2025-06-05T17:30:03.796+00:00" time="23.134">
        </testcase>
        <testcase name="integration_tests::volume_management::test_read_only_region_reference_sanity_rop" classname="omicron-nexus::test_all" timestamp="2025-06-05T17:30:08.847+00:00" time="21.302">
        </testcase>
        <testcase name="integration_tests::volume_management::test_read_only_region_reference_sanity_rop_multi" classname="omicron-nexus::test_all" timestamp="2025-06-05T17:30:09.973+00:00" time="20.913">
        </testcase>
        <testcase name="integration_tests::volume_management::test_read_only_region_reference_usage_sanity" classname="omicron-nexus::test_all" timestamp="2025-06-05T17:30:10.751+00:00" time="20.403">
        </testcase>
        <testcase name="integration_tests::volume_management::test_read_only_region_reference_counting" classname="omicron-nexus::test_all" timestamp="2025-06-05T17:30:00.384+00:00" time="41.959">
        </testcase>
        <testcase name="integration_tests::volume_management::test_upstairs_notify_downstairs_client_stop_request" classname="omicron-nexus::test_all" timestamp="2025-06-05T17:30:30.886+00:00" time="15.783">
        </testcase>
        <testcase name="integration_tests::volume_management::test_upstairs_notify_downstairs_client_stops" classname="omicron-nexus::test_all" timestamp="2025-06-05T17:30:31.155+00:00" time="15.637">
        </testcase>
        <testcase name="integration_tests::volume_management::test_snapshot_create_saga_unwinds_correctly" classname="omicron-nexus::test_all" timestamp="2025-06-05T17:30:25.551+00:00" time="22.776">
        </testcase>
        <testcase name="integration_tests::volume_management::test_read_only_region_reference_counting_layers" classname="omicron-nexus::test_all" timestamp="2025-06-05T17:30:03.328+00:00" time="45.563">
        </testcase>
        <testcase name="integration_tests::volume_management::test_snapshot_prevents_other_disk" classname="omicron-nexus::test_all" timestamp="2025-06-05T17:30:26.931+00:00" time="27.876">
        </testcase>
        <testcase name="integration_tests::volume_management::test_snapshot_then_delete_disk" classname="omicron-nexus::test_all" timestamp="2025-06-05T17:30:30.149+00:00" time="25.735">
        </testcase>
        <testcase name="integration_tests::volume_management::test_upstairs_repair_different_upstairs_retry" classname="omicron-nexus::test_all" timestamp="2025-06-05T17:30:42.343+00:00" time="15.667">
        </testcase>
        <testcase name="integration_tests::volume_management::test_upstairs_repair_notify_different_finish_status" classname="omicron-nexus::test_all" timestamp="2025-06-05T17:30:46.791+00:00" time="16.164">
        </testcase>
        <testcase name="integration_tests::volume_management::test_proper_region_sled_redundancy" classname="omicron-nexus::test_all" timestamp="2025-06-05T17:29:59.892+00:00" time="63.285">
        </testcase>
        <testcase name="integration_tests::volume_management::test_upstairs_repair_different_upstairs_retry_interrupted" classname="omicron-nexus::test_all" timestamp="2025-06-05T17:30:46.669+00:00" time="16.510">
        </testcase>
        <testcase name="integration_tests::volume_management::test_upstairs_repair_reject_submit_progress_when_no_repair" classname="omicron-nexus::test_all" timestamp="2025-06-05T17:30:48.891+00:00" time="15.170">
        </testcase>
        <testcase name="integration_tests::volume_management::test_upstairs_repair_notify_idempotent" classname="omicron-nexus::test_all" timestamp="2025-06-05T17:30:48.326+00:00" time="15.976">
        </testcase>
        <testcase name="integration_tests::volume_management::test_upstairs_repair_repair_id_and_type_conflict" classname="omicron-nexus::test_all" timestamp="2025-06-05T17:30:54.806+00:00" time="16.033">
        </testcase>
        <testcase name="integration_tests::volume_management::test_upstairs_repair_same_upstairs_retry" classname="omicron-nexus::test_all" timestamp="2025-06-05T17:30:55.884+00:00" time="16.757">
        </testcase>
        <testcase name="integration_tests::volume_management::test_upstairs_repair_submit_progress" classname="omicron-nexus::test_all" timestamp="2025-06-05T17:30:58.010+00:00" time="19.822">
        </testcase>
        <testcase name="integration_tests::volume_management::test_volume_checkout_randomize_ids_only_read_only" classname="omicron-nexus::test_all" timestamp="2025-06-05T17:31:03.177+00:00" time="16.462">
        </testcase>
        <testcase name="integration_tests::volume_management::test_volume_checkout" classname="omicron-nexus::test_all" timestamp="2025-06-05T17:31:02.955+00:00" time="16.743">
        </testcase>
        <testcase name="integration_tests::volume_management::test_volume_checkout_updates_multiple_gen" classname="omicron-nexus::test_all" timestamp="2025-06-05T17:31:03.179+00:00" time="17.637">
        </testcase>
        <testcase name="integration_tests::volume_management::test_volume_checkout_updates_sparse_mid_multiple_gen" classname="omicron-nexus::test_all" timestamp="2025-06-05T17:31:04.302+00:00" time="17.073">
        </testcase>
        <testcase name="integration_tests::volume_management::test_volume_checkout_updates_nothing" classname="omicron-nexus::test_all" timestamp="2025-06-05T17:31:04.061+00:00" time="17.317">
        </testcase>
        <testcase name="integration_tests::volume_management::test_volume_checkout_updates_sparse_multiple_gen" classname="omicron-nexus::test_all" timestamp="2025-06-05T17:31:10.839+00:00" time="15.871">
        </testcase>
        <testcase name="integration_tests::volume_management::test_volume_hard_delete_idempotent" classname="omicron-nexus::test_all" timestamp="2025-06-05T17:31:17.833+00:00" time="17.243">
        </testcase>
        <testcase name="integration_tests::volume_management::test_volume_remove_read_only_parent_bad_volume" classname="omicron-nexus::test_all" timestamp="2025-06-05T17:31:19.639+00:00" time="16.400">
        </testcase>
        <testcase name="integration_tests::volume_management::test_volume_remove_read_only_parent_base" classname="omicron-nexus::test_all" timestamp="2025-06-05T17:31:19.698+00:00" time="17.239">
        </testcase>
        <testcase name="integration_tests::volume_management::test_volume_remove_read_only_parent_no_parent" classname="omicron-nexus::test_all" timestamp="2025-06-05T17:31:20.816+00:00" time="16.211">
        </testcase>
        <testcase name="integration_tests::volume_management::test_volume_remove_read_only_parent_volume_not_volume" classname="omicron-nexus::test_all" timestamp="2025-06-05T17:31:21.378+00:00" time="15.984">
        </testcase>
        <testcase name="integration_tests::volume_management::test_volume_remove_read_only_parent_volume_deleted" classname="omicron-nexus::test_all" timestamp="2025-06-05T17:31:21.375+00:00" time="16.334">
        </testcase>
        <testcase name="integration_tests::volume_management::test_volume_create_wont_use_deleted_region_snapshots" classname="omicron-nexus::test_all" timestamp="2025-06-05T17:31:12.642+00:00" time="26.937">
        </testcase>
        <testcase name="integration_tests::volume_management::test_volume_remove_rop_saga" classname="omicron-nexus::test_all" timestamp="2025-06-05T17:31:36.040+00:00" time="17.507">
        </testcase>
        <testcase name="integration_tests::volume_management::test_volume_remove_rop_respects_accounting" classname="omicron-nexus::test_all" timestamp="2025-06-05T17:31:26.710+00:00" time="27.218">
        </testcase>
        <testcase name="integration_tests::volume_management::test_volume_remove_rop_saga_deleted_volume" classname="omicron-nexus::test_all" timestamp="2025-06-05T17:31:36.938+00:00" time="17.363">
        </testcase>
        <testcase name="integration_tests::volume_management::test_volume_remove_rop_saga_no_volume" classname="omicron-nexus::test_all" timestamp="2025-06-05T17:31:37.028+00:00" time="17.404">
        </testcase>
        <testcase name="integration_tests::volume_management::test_volume_remove_rop_saga_volume_not_volume" classname="omicron-nexus::test_all" timestamp="2025-06-05T17:31:37.709+00:00" time="16.842">
        </testcase>
        <testcase name="integration_tests::volume_management::test_volume_remove_rop_saga_twice" classname="omicron-nexus::test_all" timestamp="2025-06-05T17:31:37.361+00:00" time="17.319">
        </testcase>
        <testcase name="integration_tests::volume_management::test_volume_remove_rop_respects_accounting_no_modify_others" classname="omicron-nexus::test_all" timestamp="2025-06-05T17:31:35.076+00:00" time="28.735">
        </testcase>
        <testcase name="integration_tests::volume_management::test_volume_replace_snapshot_respects_accounting" classname="omicron-nexus::test_all" timestamp="2025-06-05T17:31:39.578+00:00" time="24.831">
        </testcase>
        <testcase name="integration_tests::vpc_firewall::test_firewall_rules_same_name" classname="omicron-nexus::test_all" timestamp="2025-06-05T17:31:53.929+00:00" time="16.976">
        </testcase>
        <testcase name="integration_tests::vpc_firewall::test_firewall_rules_max_lengths" classname="omicron-nexus::test_all" timestamp="2025-06-05T17:31:53.547+00:00" time="19.357">
        </testcase>
        <testcase name="integration_tests::vpc_firewall::test_vpc_firewall" classname="omicron-nexus::test_all" timestamp="2025-06-05T17:31:54.300+00:00" time="19.903">
        </testcase>
        <testcase name="integration_tests::vpc_routers::test_vpc_routers_crud_operations" classname="omicron-nexus::test_all" timestamp="2025-06-05T17:31:54.551+00:00" time="21.833">
        </testcase>
        <testcase name="integration_tests::vpc_routers::test_vpc_routers_attach_to_subnet" classname="omicron-nexus::test_all" timestamp="2025-06-05T17:31:54.431+00:00" time="24.316">
        </testcase>
        <testcase name="integration_tests::vpc_subnets::test_vpc_subnets" classname="omicron-nexus::test_all" timestamp="2025-06-05T17:32:04.410+00:00" time="23.701">
        </testcase>
        <testcase name="integration_tests::webhooks::test_cannot_subscribe_to_probes" classname="omicron-nexus::test_all" timestamp="2025-06-05T17:32:14.204+00:00" time="14.605">
        </testcase>
        <testcase name="integration_tests::vpc_subnets::test_delete_vpc_subnet_with_interfaces_fails" classname="omicron-nexus::test_all" timestamp="2025-06-05T17:32:03.811+00:00" time="27.248">
        </testcase>
        <testcase name="integration_tests::webhooks::test_event_delivery" classname="omicron-nexus::test_all" timestamp="2025-06-05T17:32:16.385+00:00" time="15.002">
        </testcase>
        <testcase name="integration_tests::vpcs::test_vpcs" classname="omicron-nexus::test_all" timestamp="2025-06-05T17:32:10.904+00:00" time="21.061">
        </testcase>
        <testcase name="integration_tests::webhooks::test_glob_subscription_add" classname="omicron-nexus::test_all" timestamp="2025-06-05T17:32:18.748+00:00" time="15.779">
        </testcase>
        <testcase name="integration_tests::vpc_routers::test_vpc_routers_custom_delivered_to_instance" classname="omicron-nexus::test_all" timestamp="2025-06-05T17:31:54.681+00:00" time="41.339">
        </testcase>
        <testcase name="integration_tests::webhooks::test_multiple_secrets" classname="omicron-nexus::test_all" timestamp="2025-06-05T17:32:28.808+00:00" time="16.702">
        </testcase>
        <testcase name="integration_tests::webhooks::test_multiple_receivers" classname="omicron-nexus::test_all" timestamp="2025-06-05T17:32:28.111+00:00" time="17.416">
        </testcase>
        <testcase name="integration_tests::webhooks::test_subscription_add" classname="omicron-nexus::test_all" timestamp="2025-06-05T17:32:34.527+00:00" time="14.697">
        </testcase>
        <testcase name="integration_tests::webhooks::test_subscription_remove" classname="omicron-nexus::test_all" timestamp="2025-06-05T17:32:36.020+00:00" time="14.710">
        </testcase>
        <testcase name="integration_tests::webhooks::test_webhook_receiver_create_delete" classname="omicron-nexus::test_all" timestamp="2025-06-05T17:32:45.527+00:00" time="11.033">
        </testcase>
        <testcase name="integration_tests::webhooks::test_subscription_remove_glob" classname="omicron-nexus::test_all" timestamp="2025-06-05T17:32:45.511+00:00" time="12.174">
        </testcase>
        <testcase name="integration_tests::webhooks::test_webhook_receiver_get" classname="omicron-nexus::test_all" timestamp="2025-06-05T17:32:49.224+00:00" time="10.274">
        </testcase>
        <testcase name="integration_tests::webhooks::test_webhook_receiver_names_are_unique" classname="omicron-nexus::test_all" timestamp="2025-06-05T17:32:50.730+00:00" time="10.077">
        </testcase>
        <testcase name="integration_tests::webhooks::test_api_resends_failed_deliveries" classname="omicron-nexus::test_all" timestamp="2025-06-05T17:32:12.904+00:00" time="49.877">
        </testcase>
        <testcase name="integration_tests::webhooks::test_probe" classname="omicron-nexus::test_all" timestamp="2025-06-05T17:32:31.058+00:00" time="45.344">
        </testcase>
        <testcase name="integration_tests::webhooks::test_probe_resends_failed_deliveries" classname="omicron-nexus::test_all" timestamp="2025-06-05T17:32:31.387+00:00" time="49.486">
        </testcase>
        <testcase name="integration_tests::webhooks::test_retry_backoff" classname="omicron-nexus::test_all" timestamp="2025-06-05T17:32:31.966+00:00" time="51.050">
        </testcase>
    </testsuite>
    <testsuite name="omicron-omdb::bin/omdb" tests="2" disabled="0" errors="0" failures="0">
        <testcase name="oximeter::tests::test_print_producer_details_success_only" classname="omicron-omdb::bin/omdb" timestamp="2025-06-05T17:33:00.808+00:00" time="0.007">
        </testcase>
        <testcase name="oximeter::tests::test_print_producer_details_with_failure" classname="omicron-omdb::bin/omdb" timestamp="2025-06-05T17:33:00.815+00:00" time="0.018">
        </testcase>
    </testsuite>
    <testsuite name="omicron-package" tests="3" disabled="0" errors="0" failures="0">
        <testcase name="config::tests::multi_preset_arg" classname="omicron-package" timestamp="2025-06-05T17:33:00.833+00:00" time="0.006">
        </testcase>
        <testcase name="dot::test::test_bad_dependency" classname="omicron-package" timestamp="2025-06-05T17:33:00.840+00:00" time="0.011">
        </testcase>
        <testcase name="dot::test::test_dot_output" classname="omicron-package" timestamp="2025-06-05T17:33:00.851+00:00" time="0.006">
        </testcase>
    </testsuite>
    <testsuite name="omicron-passwords" tests="6" disabled="0" errors="0" failures="0">
        <testcase name="test::test_password_constraints" classname="omicron-passwords" timestamp="2025-06-05T17:33:02.781+00:00" time="0.004">
        </testcase>
        <testcase name="test::test_reproducible" classname="omicron-passwords" timestamp="2025-06-05T17:33:02.785+00:00" time="2.775">
        </testcase>
        <testcase name="test::test_stable" classname="omicron-passwords" timestamp="2025-06-05T17:33:05.604+00:00" time="0.016">
        </testcase>
        <testcase name="test::test_weak_hashes" classname="omicron-passwords" timestamp="2025-06-05T17:33:05.620+00:00" time="0.003">
        </testcase>
        <testcase name="test::test_compatible" classname="omicron-passwords" timestamp="2025-06-05T17:33:00.857+00:00" time="6.879">
        </testcase>
        <testcase name="test::test_smoke" classname="omicron-passwords" timestamp="2025-06-05T17:33:05.560+00:00" time="15.349">
        </testcase>
    </testsuite>
    <testsuite name="omicron-omdb::test_all_output" tests="3" disabled="0" errors="0" failures="0">
        <testcase name="test_omdb_usage_errors" classname="omicron-omdb::test_all_output" timestamp="2025-06-05T17:32:59.498+00:00" time="6.106">
        </testcase>
        <testcase name="test_omdb_env_settings" classname="omicron-omdb::test_all_output" timestamp="2025-06-05T17:32:56.560+00:00" time="13.590">
        </testcase>
        <testcase name="test_omdb_success_cases" classname="omicron-omdb::test_all_output" timestamp="2025-06-05T17:32:57.685+00:00" time="18.220">
        </testcase>
    </testsuite>
    <testsuite name="omicron-rpaths" tests="3" disabled="0" errors="0" failures="0">
        <testcase name="internal::tests::test_configure_from_path" classname="omicron-rpaths" timestamp="2025-06-05T17:33:05.623+00:00" time="0.003">
        </testcase>
        <testcase name="internal::tests::test_configure_rpaths_from_bad_envvar" classname="omicron-rpaths" timestamp="2025-06-05T17:33:05.626+00:00" time="0.043">
        </testcase>
        <testcase name="internal::tests::test_emit_rpath" classname="omicron-rpaths" timestamp="2025-06-05T17:33:05.669+00:00" time="0.004">
        </testcase>
    </testsuite>
    <testsuite name="omicron-sled-agent" tests="62" disabled="0" errors="0" failures="0">
        <testcase name="artifact_store::test::generations" classname="omicron-sled-agent" timestamp="2025-06-05T17:33:05.673+00:00" time="0.074">
        </testcase>
        <testcase name="artifact_store::test::issue_7796" classname="omicron-sled-agent" timestamp="2025-06-05T17:33:05.747+00:00" time="0.075">
        </testcase>
        <testcase name="artifact_store::test::list_get_put" classname="omicron-sled-agent" timestamp="2025-06-05T17:33:05.822+00:00" time="0.064">
        </testcase>
        <testcase name="artifact_store::test::no_dataset" classname="omicron-sled-agent" timestamp="2025-06-05T17:33:05.886+00:00" time="0.036">
        </testcase>
        <testcase name="artifact_store::test::wrong_hash" classname="omicron-sled-agent" timestamp="2025-06-05T17:33:05.923+00:00" time="0.046">
        </testcase>
        <testcase name="boot_disk_os_writer::tests::boot_disk_os_writer_can_update_both_slots_simultaneously" classname="omicron-sled-agent" timestamp="2025-06-05T17:33:05.969+00:00" time="0.060">
        </testcase>
        <testcase name="boot_disk_os_writer::tests::boot_disk_os_writer_delivers_upload_progress_and_rejects_bad_hashes" classname="omicron-sled-agent" timestamp="2025-06-05T17:33:06.029+00:00" time="0.590">
        </testcase>
        <testcase name="boot_disk_os_writer::tests::boot_disk_os_writer_fails_if_reading_from_disk_doesnt_match" classname="omicron-sled-agent" timestamp="2025-06-05T17:33:06.619+00:00" time="0.112">
        </testcase>
        <testcase name="boot_disk_os_writer::tests::boot_disk_os_writer_rejects_new_updates_while_old_completed" classname="omicron-sled-agent" timestamp="2025-06-05T17:33:06.730+00:00" time="0.135">
        </testcase>
        <testcase name="boot_disk_os_writer::tests::boot_disk_os_writer_rejects_new_updates_while_old_running" classname="omicron-sled-agent" timestamp="2025-06-05T17:33:06.866+00:00" time="0.093">
        </testcase>
        <testcase name="boot_disk_os_writer::tests::boot_disk_os_writer_writes_data_to_disk" classname="omicron-sled-agent" timestamp="2025-06-05T17:33:06.959+00:00" time="0.534">
        </testcase>
        <testcase name="bootstrap::params::tests::json_serialization_round_trips" classname="omicron-sled-agent" timestamp="2025-06-05T17:33:07.493+00:00" time="0.042">
        </testcase>
        <testcase name="bootstrap::server::tests::start_sled_agent_request_serialization" classname="omicron-sled-agent" timestamp="2025-06-05T17:33:07.536+00:00" time="0.040">
        </testcase>
        <testcase name="bootstrap::server::tests::test_persistent_sled_agent_request_schema" classname="omicron-sled-agent" timestamp="2025-06-05T17:33:07.576+00:00" time="0.021">
        </testcase>
        <testcase name="common::instance::test::destruction_after_migration_out_does_not_transition" classname="omicron-sled-agent" timestamp="2025-06-05T17:33:07.597+00:00" time="0.013">
        </testcase>
        <testcase name="common::instance::test::failure_after_migration_in_does_not_transition" classname="omicron-sled-agent" timestamp="2025-06-05T17:33:07.609+00:00" time="0.006">
        </testcase>
        <testcase name="common::instance::test::propolis_terminal_states_make_vmm_halted" classname="omicron-sled-agent" timestamp="2025-06-05T17:33:07.615+00:00" time="0.006">
        </testcase>
        <testcase name="common::instance::test::rude_terminate_of_migration_target_fails_migrations" classname="omicron-sled-agent" timestamp="2025-06-05T17:33:07.621+00:00" time="0.005">
        </testcase>
        <testcase name="common::instance::test::source_termination_fails_in_progress_migration" classname="omicron-sled-agent" timestamp="2025-06-05T17:33:07.627+00:00" time="0.005">
        </testcase>
        <testcase name="common::instance::test::target_termination_fails_in_progress_migration" classname="omicron-sled-agent" timestamp="2025-06-05T17:33:07.632+00:00" time="0.005">
        </testcase>
        <testcase name="config::test::test_smf_configs" classname="omicron-sled-agent" timestamp="2025-06-05T17:33:07.637+00:00" time="0.012">
        </testcase>
        <testcase name="probe_manager::test::probe_state_set_ops" classname="omicron-sled-agent" timestamp="2025-06-05T17:33:07.736+00:00" time="0.006">
        </testcase>
        <testcase name="profile::tests::empty_profile" classname="omicron-sled-agent" timestamp="2025-06-05T17:33:07.742+00:00" time="0.004">
        </testcase>
        <testcase name="profile::tests::test_disabled_instance" classname="omicron-sled-agent" timestamp="2025-06-05T17:33:07.747+00:00" time="0.005">
        </testcase>
        <testcase name="profile::tests::test_instance" classname="omicron-sled-agent" timestamp="2025-06-05T17:33:07.752+00:00" time="0.005">
        </testcase>
        <testcase name="profile::tests::test_multiple" classname="omicron-sled-agent" timestamp="2025-06-05T17:33:07.757+00:00" time="0.005">
        </testcase>
        <testcase name="profile::tests::test_property" classname="omicron-sled-agent" timestamp="2025-06-05T17:33:07.762+00:00" time="0.024">
        </testcase>
        <testcase name="profile::tests::test_property_group" classname="omicron-sled-agent" timestamp="2025-06-05T17:33:07.786+00:00" time="0.006">
        </testcase>
        <testcase name="profile::tests::test_service" classname="omicron-sled-agent" timestamp="2025-06-05T17:33:07.792+00:00" time="0.004">
        </testcase>
        <testcase name="profile::tests::test_service_property_group" classname="omicron-sled-agent" timestamp="2025-06-05T17:33:07.796+00:00" time="0.004">
        </testcase>
        <testcase name="rack_setup::plan::service::tests::bump_allocator_basics" classname="omicron-sled-agent" timestamp="2025-06-05T17:33:07.800+00:00" time="0.004">
        </testcase>
        <testcase name="rack_setup::plan::service::tests::bump_allocator_exhaustion" classname="omicron-sled-agent" timestamp="2025-06-05T17:33:07.804+00:00" time="0.004">
        </testcase>
        <testcase name="rack_setup::plan::service::tests::service_port_builder_skips_dns_ips" classname="omicron-sled-agent" timestamp="2025-06-05T17:33:07.808+00:00" time="0.004">
        </testcase>
        <testcase name="rack_setup::plan::service::tests::test_dataset_and_zone_count" classname="omicron-sled-agent" timestamp="2025-06-05T17:33:07.813+00:00" time="0.006">
        </testcase>
        <testcase name="rack_setup::service::test::rss_blueprint_is_blippy_clean" classname="omicron-sled-agent" timestamp="2025-06-05T17:33:07.818+00:00" time="0.013">
        </testcase>
        <testcase name="rack_setup::service::test::test_omicron_zone_configs" classname="omicron-sled-agent" timestamp="2025-06-05T17:33:07.831+00:00" time="0.007">
        </testcase>
        <testcase name="services::test::test_all_zones_requests_schema" classname="omicron-sled-agent" timestamp="2025-06-05T17:33:07.838+00:00" time="0.007">
        </testcase>
        <testcase name="services::test::test_bootstrap_addr_to_techport_prefixes" classname="omicron-sled-agent" timestamp="2025-06-05T17:33:07.846+00:00" time="0.004">
        </testcase>
        <testcase name="services::test::test_fix_7229_zone_config_reconciliation" classname="omicron-sled-agent" timestamp="2025-06-05T17:33:07.850+00:00" time="0.007">
        </testcase>
        <testcase name="services::test::test_zone_bundle_metadata_schema" classname="omicron-sled-agent" timestamp="2025-06-05T17:33:07.858+00:00" time="0.006">
        </testcase>
        <testcase name="sim::collection::test::test_sim_disk_attach_then_destroy" classname="omicron-sled-agent" timestamp="2025-06-05T17:33:07.864+00:00" time="0.007">
        </testcase>
        <testcase name="sim::collection::test::test_sim_disk_attach_then_fault" classname="omicron-sled-agent" timestamp="2025-06-05T17:33:07.871+00:00" time="0.009">
        </testcase>
        <testcase name="sim::collection::test::test_sim_disk_transition_to_detached_states" classname="omicron-sled-agent" timestamp="2025-06-05T17:33:07.879+00:00" time="0.006">
        </testcase>
        <testcase name="sim::collection::test::test_sim_instance_creating_to_stop" classname="omicron-sled-agent" timestamp="2025-06-05T17:33:07.886+00:00" time="0.006">
        </testcase>
        <testcase name="sim::collection::test::test_sim_instance_reboot" classname="omicron-sled-agent" timestamp="2025-06-05T17:33:07.892+00:00" time="0.006">
        </testcase>
        <testcase name="sim::collection::test::test_sim_instance_running_then_destroyed" classname="omicron-sled-agent" timestamp="2025-06-05T17:33:07.899+00:00" time="0.006">
        </testcase>
        <testcase name="sim::http_entrypoints_pantry::tests::test_simulated_api_matches_real" classname="omicron-sled-agent" timestamp="2025-06-05T17:33:07.905+00:00" time="1.507">
        </testcase>
        <testcase name="sim::storage::test::cannot_boot_read_only_downstairs_with_no_snapshot" classname="omicron-sled-agent" timestamp="2025-06-05T17:33:09.412+00:00" time="0.018">
        </testcase>
        <testcase name="sim::storage::test::cannot_create_snapshot_for_destroyed_region" classname="omicron-sled-agent" timestamp="2025-06-05T17:33:09.431+00:00" time="0.005">
        </testcase>
        <testcase name="sim::storage::test::crucible_ports_get_reused" classname="omicron-sled-agent" timestamp="2025-06-05T17:33:09.436+00:00" time="0.005">
        </testcase>
        <testcase name="sim::storage::test::must_delete_read_only_downstairs_first" classname="omicron-sled-agent" timestamp="2025-06-05T17:33:09.440+00:00" time="0.005">
        </testcase>
        <testcase name="sim::storage::test::must_delete_snapshots_first" classname="omicron-sled-agent" timestamp="2025-06-05T17:33:09.445+00:00" time="0.005">
        </testcase>
        <testcase name="sim::storage::test::nested_dataset" classname="omicron-sled-agent" timestamp="2025-06-05T17:33:09.450+00:00" time="0.005">
        </testcase>
        <testcase name="sim::storage::test::nested_dataset_child_parent_relationship" classname="omicron-sled-agent" timestamp="2025-06-05T17:33:09.455+00:00" time="0.005">
        </testcase>
        <testcase name="sim::storage::test::nested_dataset_not_found_missing_dataset" classname="omicron-sled-agent" timestamp="2025-06-05T17:33:09.460+00:00" time="0.004">
        </testcase>
        <testcase name="sim::storage::test::running_snapshot_needs_region" classname="omicron-sled-agent" timestamp="2025-06-05T17:33:09.465+00:00" time="0.005">
        </testcase>
        <testcase name="sim::storage::test::snapshot_needs_region" classname="omicron-sled-agent" timestamp="2025-06-05T17:33:09.470+00:00" time="0.005">
        </testcase>
        <testcase name="updates::test::test_query_no_components" classname="omicron-sled-agent" timestamp="2025-06-05T17:33:09.475+00:00" time="0.005">
        </testcase>
        <testcase name="updates::test::test_query_sled_agent_version" classname="omicron-sled-agent" timestamp="2025-06-05T17:33:09.480+00:00" time="0.004">
        </testcase>
        <testcase name="updates::test::test_query_zone_version" classname="omicron-sled-agent" timestamp="2025-06-05T17:33:09.485+00:00" time="0.009">
        </testcase>
        <testcase name="zone_bundle::tests::test_dir_size" classname="omicron-sled-agent" timestamp="2025-06-05T17:33:09.494+00:00" time="0.006">
        </testcase>
        <testcase name="nexus::test::nexus_self_notification_test" classname="omicron-sled-agent" timestamp="2025-06-05T17:33:07.649+00:00" time="32.054">
        </testcase>
    </testsuite>
    <testsuite name="omicron-sled-agent::mod" tests="3" disabled="0" errors="0" failures="0">
        <testcase name="integration_tests::commands::test_sled_agent_no_args" classname="omicron-sled-agent::mod" timestamp="2025-06-05T17:33:09.500+00:00" time="0.038">
        </testcase>
        <testcase name="integration_tests::commands::test_sled_agent_sim_no_args" classname="omicron-sled-agent::mod" timestamp="2025-06-05T17:33:09.538+00:00" time="0.037">
        </testcase>
        <testcase name="integration_tests::early_network::early_network_blobs_deserialize" classname="omicron-sled-agent::mod" timestamp="2025-06-05T17:33:09.575+00:00" time="0.007">
        </testcase>
    </testsuite>
    <testsuite name="omicron-test-utils" tests="29" disabled="0" errors="0" failures="0">
        <testcase name="dev::clickhouse::tests::test_clickhouse_in_path" classname="omicron-test-utils" timestamp="2025-06-05T17:33:10.151+00:00" time="0.005">
        </testcase>
        <testcase name="dev::clickhouse::tests::test_clickhouse_ports_assert_consistent" classname="omicron-test-utils" timestamp="2025-06-05T17:33:10.156+00:00" time="0.004">
        </testcase>
        <testcase name="dev::clickhouse::tests::sparse_serialization_is_disabled" classname="omicron-test-utils" timestamp="2025-06-05T17:33:09.582+00:00" time="0.590">
        </testcase>
        <testcase name="dev::clickhouse::tests::test_clickhouse_ports_assert_consistent_panics_one_specified" classname="omicron-test-utils" timestamp="2025-06-05T17:33:10.172+00:00" time="0.276">
        </testcase>
        <testcase name="dev::clickhouse::tests::test_clickhouse_ports_assert_consistent_panics_both_specified" classname="omicron-test-utils" timestamp="2025-06-05T17:33:10.160+00:00" time="0.290">
        </testcase>
        <testcase name="dev::clickhouse::tests::test_discover_clickhouse_ready" classname="omicron-test-utils" timestamp="2025-06-05T17:33:10.450+00:00" time="0.005">
        </testcase>
        <testcase name="dev::clickhouse::tests::wait_for_ports_finds_actual_ports" classname="omicron-test-utils" timestamp="2025-06-05T17:33:10.455+00:00" time="0.004">
        </testcase>
        <testcase name="dev::clickhouse::tests::wait_for_ports_panics_with_sentinel_but_no_ports" classname="omicron-test-utils" timestamp="2025-06-05T17:33:10.460+00:00" time="0.081">
        </testcase>
        <testcase name="dev::clickhouse::tests::wait_for_ports_waits_for_sentinel_line" classname="omicron-test-utils" timestamp="2025-06-05T17:33:10.541+00:00" time="0.412">
        </testcase>
        <testcase name="dev::db::test::test_bad_cmd" classname="omicron-test-utils" timestamp="2025-06-05T17:33:10.953+00:00" time="0.072">
        </testcase>
        <testcase name="dev::db::test::test_cmd_fails" classname="omicron-test-utils" timestamp="2025-06-05T17:33:11.025+00:00" time="0.153">
        </testcase>
        <testcase name="dev::clickhouse::tests::test_discover_clickhouse_not_ready" classname="omicron-test-utils" timestamp="2025-06-05T17:33:10.449+00:00" time="1.006">
        </testcase>
        <testcase name="dev::db::test::test_database_start_hang" classname="omicron-test-utils" timestamp="2025-06-05T17:33:11.455+00:00" time="0.107">
        </testcase>
        <testcase name="dev::db::test::test_make_pg_config_fail" classname="omicron-test-utils" timestamp="2025-06-05T17:33:11.562+00:00" time="0.005">
        </testcase>
        <testcase name="dev::db::test::test_make_pg_config_ok" classname="omicron-test-utils" timestamp="2025-06-05T17:33:11.567+00:00" time="0.004">
        </testcase>
        <testcase name="dev::db::test::test_process_exit_abnormal" classname="omicron-test-utils" timestamp="2025-06-05T17:33:11.571+00:00" time="0.004">
        </testcase>
        <testcase name="dev::db::test::test_process_exit_normal" classname="omicron-test-utils" timestamp="2025-06-05T17:33:11.575+00:00" time="0.005">
        </testcase>
        <testcase name="dev::db::test::test_setup_database_bad_listen_url" classname="omicron-test-utils" timestamp="2025-06-05T17:33:11.581+00:00" time="0.275">
        </testcase>
        <testcase name="dev::db::test::test_database_concurrent" classname="omicron-test-utils" timestamp="2025-06-05T17:33:11.178+00:00" time="1.890">
        </testcase>
        <testcase name="dev::db::test::test_setup_database_overridden_dir" classname="omicron-test-utils" timestamp="2025-06-05T17:33:13.069+00:00" time="1.205">
        </testcase>
        <testcase name="dev::db::test::test_starter_tmpdir" classname="omicron-test-utils" timestamp="2025-06-05T17:33:14.273+00:00" time="0.005">
        </testcase>
        <testcase name="dev::dendrite::tests::test_discover_local_listening_port" classname="omicron-test-utils" timestamp="2025-06-05T17:33:14.278+00:00" time="0.009">
        </testcase>
        <testcase name="dev::dendrite::tests::test_dpd_in_path" classname="omicron-test-utils" timestamp="2025-06-05T17:33:14.287+00:00" time="0.004">
        </testcase>
        <testcase name="dev::maghemite::tests::test_discover_local_listening_port" classname="omicron-test-utils" timestamp="2025-06-05T17:33:14.292+00:00" time="0.007">
        </testcase>
        <testcase name="dev::maghemite::tests::test_mgd_in_path" classname="omicron-test-utils" timestamp="2025-06-05T17:33:14.299+00:00" time="0.004">
        </testcase>
        <testcase name="dev::test_cmds::tests::test_redact_extra" classname="omicron-test-utils" timestamp="2025-06-05T17:33:14.303+00:00" time="0.027">
        </testcase>
        <testcase name="dev::test_cmds::tests::test_redact_section" classname="omicron-test-utils" timestamp="2025-06-05T17:33:14.331+00:00" time="0.038">
        </testcase>
        <testcase name="dev::test_cmds::tests::test_redact_timestamps" classname="omicron-test-utils" timestamp="2025-06-05T17:33:14.369+00:00" time="0.283">
        </testcase>
        <testcase name="dev::db::test::test_setup_database_default_dir" classname="omicron-test-utils" timestamp="2025-06-05T17:33:11.855+00:00" time="17.403">
        </testcase>
    </testsuite>
    <testsuite name="openapi-manager" tests="12" disabled="0" errors="0" failures="0">
        <testcase name="cmd::check::test::check_apis_up_to_date" classname="openapi-manager" timestamp="2025-06-05T17:33:14.653+00:00" time="0.799">
        </testcase>
        <testcase name="cmd::dispatch::test::test_arg_parsing" classname="openapi-manager" timestamp="2025-06-05T17:33:15.452+00:00" time="0.009">
        </testcase>
        <testcase name="cmd::dispatch::test::test_blessed_args" classname="openapi-manager" timestamp="2025-06-05T17:33:15.461+00:00" time="0.005">
        </testcase>
        <testcase name="cmd::dispatch::test::test_generated_args" classname="openapi-manager" timestamp="2025-06-05T17:33:15.465+00:00" time="0.003">
        </testcase>
        <testcase name="cmd::dispatch::test::test_local_args" classname="openapi-manager" timestamp="2025-06-05T17:33:15.469+00:00" time="0.004">
        </testcase>
        <testcase name="iter_only::test::test_basic" classname="openapi-manager" timestamp="2025-06-05T17:33:15.473+00:00" time="0.004">
        </testcase>
        <testcase name="omicron::tests::all_apis_is_sorted" classname="openapi-manager" timestamp="2025-06-05T17:33:15.477+00:00" time="0.004">
        </testcase>
        <testcase name="resolved::test::test_displayable_vec" classname="openapi-manager" timestamp="2025-06-05T17:33:15.481+00:00" time="0.004">
        </testcase>
        <testcase name="spec_files_generic::test::test_parse_name_lockstep" classname="openapi-manager" timestamp="2025-06-05T17:33:15.486+00:00" time="0.004">
        </testcase>
        <testcase name="spec_files_generic::test::test_parse_name_lockstep_fail" classname="openapi-manager" timestamp="2025-06-05T17:33:15.490+00:00" time="0.004">
        </testcase>
        <testcase name="spec_files_generic::test::test_parse_name_versioned" classname="openapi-manager" timestamp="2025-06-05T17:33:15.494+00:00" time="0.004">
        </testcase>
        <testcase name="spec_files_generic::test::test_parse_name_versioned_fail" classname="openapi-manager" timestamp="2025-06-05T17:33:15.498+00:00" time="0.010">
        </testcase>
    </testsuite>
    <testsuite name="oximeter" tests="1" disabled="0" errors="0" failures="0">
        <testcase name="test::timeseries_schema_consistency" classname="oximeter" timestamp="2025-06-05T17:33:15.508+00:00" time="0.183">
        </testcase>
    </testsuite>
    <testsuite name="oximeter-collector" tests="8" disabled="0" errors="0" failures="0">
        <testcase name="agent::tests::test_delete_nonexistent_producer_succeeds" classname="oximeter-collector" timestamp="2025-06-05T17:33:15.691+00:00" time="0.007">
        </testcase>
        <testcase name="agent::tests::test_self_stat_collection_count" classname="oximeter-collector" timestamp="2025-06-05T17:33:15.698+00:00" time="0.044">
        </testcase>
        <testcase name="agent::tests::test_self_stat_error_counter" classname="oximeter-collector" timestamp="2025-06-05T17:33:15.742+00:00" time="0.040">
        </testcase>
        <testcase name="agent::tests::test_self_stat_unreachable_counter" classname="oximeter-collector" timestamp="2025-06-05T17:33:15.783+00:00" time="0.039">
        </testcase>
        <testcase name="agent::tests::test_updated_producer_is_still_collected_from" classname="oximeter-collector" timestamp="2025-06-05T17:33:15.821+00:00" time="0.042">
        </testcase>
        <testcase name="self_stats::tests::only_reset_counters_if_info_is_different" classname="oximeter-collector" timestamp="2025-06-05T17:33:15.906+00:00" time="0.005">
        </testcase>
        <testcase name="self_stats::tests::test_failure_reason_serialization" classname="oximeter-collector" timestamp="2025-06-05T17:33:15.911+00:00" time="0.004">
        </testcase>
        <testcase name="agent::tests::verify_producer_details" classname="oximeter-collector" timestamp="2025-06-05T17:33:15.864+00:00" time="1.016">
        </testcase>
    </testsuite>
    <testsuite name="oximeter-collector::test_commands" tests="1" disabled="0" errors="0" failures="0">
        <testcase name="test_oximeter_no_args" classname="oximeter-collector::test_commands" timestamp="2025-06-05T17:33:15.915+00:00" time="0.036">
        </testcase>
    </testsuite>
    <testsuite name="oximeter-instruments" tests="1" disabled="0" errors="0" failures="0">
        <testcase name="http::tests::test_latency_tracker" classname="oximeter-instruments" timestamp="2025-06-05T17:33:31.395+00:00" time="0.003">
        </testcase>
    </testsuite>
    <testsuite name="oximeter-macro-impl" tests="14" disabled="0" errors="0" failures="0">
        <testcase name="tests::test_extract_datum_type_by_annotatd_field" classname="oximeter-macro-impl" timestamp="2025-06-05T17:33:31.398+00:00" time="0.003">
        </testcase>
        <testcase name="tests::test_extract_datum_type_by_field_name" classname="oximeter-macro-impl" timestamp="2025-06-05T17:33:31.398+00:00" time="0.003">
        </testcase>
        <testcase name="tests::test_extract_datum_type_named_and_annotated" classname="oximeter-macro-impl" timestamp="2025-06-05T17:33:31.401+00:00" time="0.003">
        </testcase>
        <testcase name="tests::test_extract_datum_type_multiple_annotated_fields" classname="oximeter-macro-impl" timestamp="2025-06-05T17:33:31.401+00:00" time="0.003">
        </testcase>
        <testcase name="tests::test_extract_datum_type_named_and_annotated_same_field" classname="oximeter-macro-impl" timestamp="2025-06-05T17:33:31.405+00:00" time="0.004">
        </testcase>
        <testcase name="tests::test_metric_annotated_field" classname="oximeter-macro-impl" timestamp="2025-06-05T17:33:31.405+00:00" time="0.006">
        </testcase>
        <testcase name="tests::test_metric_enum" classname="oximeter-macro-impl" timestamp="2025-06-05T17:33:31.409+00:00" time="0.003">
        </testcase>
        <testcase name="tests::test_metric_datum_field" classname="oximeter-macro-impl" timestamp="2025-06-05T17:33:31.407+00:00" time="0.006">
        </testcase>
        <testcase name="tests::test_metric_without_datum_field" classname="oximeter-macro-impl" timestamp="2025-06-05T17:33:31.411+00:00" time="0.004">
        </testcase>
        <testcase name="tests::test_target" classname="oximeter-macro-impl" timestamp="2025-06-05T17:33:31.412+00:00" time="0.004">
        </testcase>
        <testcase name="tests::test_target_empty_struct" classname="oximeter-macro-impl" timestamp="2025-06-05T17:33:31.412+00:00" time="0.004">
        </testcase>
        <testcase name="tests::test_target_unit_struct" classname="oximeter-macro-impl" timestamp="2025-06-05T17:33:31.416+00:00" time="0.003">
        </testcase>
        <testcase name="tests::test_target_enum" classname="oximeter-macro-impl" timestamp="2025-06-05T17:33:31.414+00:00" time="0.006">
        </testcase>
        <testcase name="tests::test_target_with_datum_field" classname="oximeter-macro-impl" timestamp="2025-06-05T17:33:31.416+00:00" time="0.005">
        </testcase>
    </testsuite>
    <testsuite name="oximeter-schema" tests="34" disabled="0" errors="0" failures="0">
        <testcase name="codegen::tests::compute_extra_derives_respects_non_copy_datum_types" classname="oximeter-schema" timestamp="2025-06-05T17:33:31.422+00:00" time="0.006">
        </testcase>
        <testcase name="codegen::tests::compute_extra_derives_respects_non_copy_fields" classname="oximeter-schema" timestamp="2025-06-05T17:33:31.428+00:00" time="0.005">
        </testcase>
        <testcase name="codegen::tests::compute_extra_derives_respects_partially_ordered_datum_types" classname="oximeter-schema" timestamp="2025-06-05T17:33:31.433+00:00" time="0.005">
        </testcase>
        <testcase name="codegen::tests::compute_extra_derives_respects_totally_ordered_datum_types" classname="oximeter-schema" timestamp="2025-06-05T17:33:31.438+00:00" time="0.006">
        </testcase>
        <testcase name="codegen::tests::compute_extra_derives_respects_datum_type_with_no_extra_derives" classname="oximeter-schema" timestamp="2025-06-05T17:33:31.420+00:00" time="0.029">
        </testcase>
        <testcase name="codegen::tests::emit_schema_types_generates_expected_tokens" classname="oximeter-schema" timestamp="2025-06-05T17:33:31.444+00:00" time="0.025">
        </testcase>
        <testcase name="codegen::tests::emit_schema_types_with_no_metric_fields_generates_expected_tokens" classname="oximeter-schema" timestamp="2025-06-05T17:33:31.449+00:00" time="0.029">
        </testcase>
        <testcase name="ir::tests::construct_field_schema_fails_with_reference_to_unknown_field" classname="oximeter-schema" timestamp="2025-06-05T17:33:31.478+00:00" time="0.008">
        </testcase>
        <testcase name="ir::tests::construct_field_schema_picks_up_correct_fields" classname="oximeter-schema" timestamp="2025-06-05T17:33:31.486+00:00" time="0.005">
        </testcase>
        <testcase name="ir::tests::construct_field_schema_fails_with_duplicate_field_names" classname="oximeter-schema" timestamp="2025-06-05T17:33:31.469+00:00" time="0.022">
        </testcase>
        <testcase name="ir::tests::extract_authz_scope_requires_relevant_field" classname="oximeter-schema" timestamp="2025-06-05T17:33:31.491+00:00" time="0.007">
        </testcase>
        <testcase name="ir::tests::ensures_target_has_at_least_one_field" classname="oximeter-schema" timestamp="2025-06-05T17:33:31.491+00:00" time="0.007">
        </testcase>
        <testcase name="ir::tests::extract_metric_fields_fails_to_remove_non_existent_metric" classname="oximeter-schema" timestamp="2025-06-05T17:33:31.498+00:00" time="0.005">
        </testcase>
        <testcase name="ir::tests::extract_metric_fields_fails_to_add_existing_metric" classname="oximeter-schema" timestamp="2025-06-05T17:33:31.498+00:00" time="0.005">
        </testcase>
        <testcase name="ir::tests::extract_metric_fields_requires_adding_first" classname="oximeter-schema" timestamp="2025-06-05T17:33:31.503+00:00" time="0.004">
        </testcase>
        <testcase name="ir::tests::extract_metric_fields_succeeds_with_gaps_in_versions" classname="oximeter-schema" timestamp="2025-06-05T17:33:31.507+00:00" time="0.004">
        </testcase>
        <testcase name="ir::tests::fail_on_empty_descriptions" classname="oximeter-schema" timestamp="2025-06-05T17:33:31.511+00:00" time="0.004">
        </testcase>
        <testcase name="ir::tests::extract_metric_fields_fails_with_non_increasing_versions" classname="oximeter-schema" timestamp="2025-06-05T17:33:31.503+00:00" time="0.015">
        </testcase>
        <testcase name="ir::tests::fail_on_empty_metric_name" classname="oximeter-schema" timestamp="2025-06-05T17:33:31.515+00:00" time="0.005">
        </testcase>
        <testcase name="ir::tests::fail_on_empty_target_name" classname="oximeter-schema" timestamp="2025-06-05T17:33:31.517+00:00" time="0.004">
        </testcase>
        <testcase name="ir::tests::fail_on_very_long_field_names" classname="oximeter-schema" timestamp="2025-06-05T17:33:31.520+00:00" time="0.005">
        </testcase>
        <testcase name="ir::tests::fail_on_very_long_timeseries_name" classname="oximeter-schema" timestamp="2025-06-05T17:33:31.522+00:00" time="0.005">
        </testcase>
        <testcase name="ir::tests::into_schema_list_fails_with_zero_metrics" classname="oximeter-schema" timestamp="2025-06-05T17:33:31.525+00:00" time="0.005">
        </testcase>
        <testcase name="ir::tests::load_schema_catches_metric_versions_not_added_in" classname="oximeter-schema" timestamp="2025-06-05T17:33:31.526+00:00" time="0.005">
        </testcase>
        <testcase name="ir::tests::load_schema_fails_with_nonexistent_target_version" classname="oximeter-schema" timestamp="2025-06-05T17:33:31.531+00:00" time="0.006">
        </testcase>
        <testcase name="ir::tests::load_schema_fails_with_duplicate_timeseries" classname="oximeter-schema" timestamp="2025-06-05T17:33:31.530+00:00" time="0.007">
        </testcase>
        <testcase name="ir::tests::load_schema_fills_in_implied_metric_versions_when_last_is_modified" classname="oximeter-schema" timestamp="2025-06-05T17:33:31.537+00:00" time="0.005">
        </testcase>
        <testcase name="ir::tests::load_schema_fills_in_implied_metric_versions" classname="oximeter-schema" timestamp="2025-06-05T17:33:31.537+00:00" time="0.007">
        </testcase>
        <testcase name="ir::tests::load_schema_fills_in_implied_metric_versions_when_last_version_is_removed" classname="oximeter-schema" timestamp="2025-06-05T17:33:31.542+00:00" time="0.006">
        </testcase>
        <testcase name="ir::tests::load_schema_fills_in_late_implied_metric_versions" classname="oximeter-schema" timestamp="2025-06-05T17:33:31.543+00:00" time="0.005">
        </testcase>
        <testcase name="ir::tests::only_support_format_version_1" classname="oximeter-schema" timestamp="2025-06-05T17:33:31.549+00:00" time="0.003">
        </testcase>
        <testcase name="ir::tests::load_schema_skips_versions_until_metric_is_added" classname="oximeter-schema" timestamp="2025-06-05T17:33:31.548+00:00" time="0.006">
        </testcase>
        <testcase name="ir::tests::validate_field_name_disallows_bad_names" classname="oximeter-schema" timestamp="2025-06-05T17:33:31.552+00:00" time="0.003">
        </testcase>
        <testcase name="ir::tests::validate_field_name_verifies_uuid_field_names" classname="oximeter-schema" timestamp="2025-06-05T17:33:31.554+00:00" time="0.004">
        </testcase>
    </testsuite>
    <testsuite name="oximeter-test-utils" tests="5" disabled="0" errors="0" failures="0">
        <testcase name="tests::test_sample_struct" classname="oximeter-test-utils" timestamp="2025-06-05T17:33:31.558+00:00" time="0.005">
        </testcase>
        <testcase name="tests::test_gen_test_samples" classname="oximeter-test-utils" timestamp="2025-06-05T17:33:31.555+00:00" time="0.013">
        </testcase>
        <testcase name="tests::test_schema_field_ordering_across_target_metric" classname="oximeter-test-utils" timestamp="2025-06-05T17:33:31.563+00:00" time="0.006">
        </testcase>
        <testcase name="tests::test_timeseries_schema_from_parts" classname="oximeter-test-utils" timestamp="2025-06-05T17:33:31.568+00:00" time="0.004">
        </testcase>
        <testcase name="tests::test_timeseries_schema_from_sample" classname="oximeter-test-utils" timestamp="2025-06-05T17:33:31.569+00:00" time="0.005">
        </testcase>
    </testsuite>
    <testsuite name="oximeter-types" tests="68" disabled="0" errors="0" failures="0">
        <testcase name="histogram::tests::test_bin_range" classname="oximeter-types" timestamp="2025-06-05T17:33:31.572+00:00" time="0.004">
        </testcase>
        <testcase name="histogram::tests::test_bin_range_from" classname="oximeter-types" timestamp="2025-06-05T17:33:31.574+00:00" time="0.003">
        </testcase>
        <testcase name="histogram::tests::test_bin_range_to" classname="oximeter-types" timestamp="2025-06-05T17:33:31.576+00:00" time="0.003">
        </testcase>
        <testcase name="histogram::tests::test_empty_bins_not_supported" classname="oximeter-types" timestamp="2025-06-05T17:33:31.578+00:00" time="0.003">
        </testcase>
        <testcase name="histogram::tests::test_ensure_finite" classname="oximeter-types" timestamp="2025-06-05T17:33:31.579+00:00" time="0.004">
        </testcase>
        <testcase name="histogram::tests::test_histogram" classname="oximeter-types" timestamp="2025-06-05T17:33:31.581+00:00" time="0.003">
        </testcase>
        <testcase name="histogram::tests::test_histogram_construct_with" classname="oximeter-types" timestamp="2025-06-05T17:33:31.583+00:00" time="0.003">
        </testcase>
        <testcase name="histogram::tests::test_histogram_extreme_bins" classname="oximeter-types" timestamp="2025-06-05T17:33:31.584+00:00" time="0.003">
        </testcase>
        <testcase name="histogram::tests::test_histogram_extreme_samples" classname="oximeter-types" timestamp="2025-06-05T17:33:31.586+00:00" time="0.003">
        </testcase>
        <testcase name="histogram::tests::test_histogram_float_bins" classname="oximeter-types" timestamp="2025-06-05T17:33:31.588+00:00" time="0.003">
        </testcase>
        <testcase name="histogram::tests::test_histogram_unbounded_samples" classname="oximeter-types" timestamp="2025-06-05T17:33:31.589+00:00" time="0.003">
        </testcase>
        <testcase name="histogram::tests::test_histogram_unsorted_bins" classname="oximeter-types" timestamp="2025-06-05T17:33:31.591+00:00" time="0.003">
        </testcase>
        <testcase name="histogram::tests::test_histogram_with_bins" classname="oximeter-types" timestamp="2025-06-05T17:33:31.593+00:00" time="0.003">
        </testcase>
        <testcase name="histogram::tests::test_histogram_with_non_partitioned_bins" classname="oximeter-types" timestamp="2025-06-05T17:33:31.595+00:00" time="0.004">
        </testcase>
        <testcase name="histogram::tests::test_histogram_with_overlapping_bins" classname="oximeter-types" timestamp="2025-06-05T17:33:31.596+00:00" time="0.003">
        </testcase>
        <testcase name="histogram::tests::test_log_bins_u64" classname="oximeter-types" timestamp="2025-06-05T17:33:31.599+00:00" time="0.003">
        </testcase>
        <testcase name="histogram::tests::test_log_bins_u8" classname="oximeter-types" timestamp="2025-06-05T17:33:31.600+00:00" time="0.004">
        </testcase>
        <testcase name="histogram::tests::test_log_linear_bins_all_representable" classname="oximeter-types" timestamp="2025-06-05T17:33:31.602+00:00" time="0.003">
        </testcase>
        <testcase name="histogram::tests::test_log_linear_bins_does_not_overflow_wide_bin_type" classname="oximeter-types" timestamp="2025-06-05T17:33:31.604+00:00" time="0.003">
        </testcase>
        <testcase name="histogram::tests::test_log_linear_bins_does_overflow_narrow_bin_type" classname="oximeter-types" timestamp="2025-06-05T17:33:31.606+00:00" time="0.003">
        </testcase>
        <testcase name="histogram::tests::test_log_linear_bins_f64_matches_reference_implementation::case_1" classname="oximeter-types" timestamp="2025-06-05T17:33:31.607+00:00" time="0.004">
        </testcase>
        <testcase name="histogram::tests::test_log_linear_bins_f64_matches_reference_implementation::case_2" classname="oximeter-types" timestamp="2025-06-05T17:33:31.608+00:00" time="0.003">
        </testcase>
        <testcase name="histogram::tests::test_log_linear_bins_f64_matches_reference_implementation::case_4" classname="oximeter-types" timestamp="2025-06-05T17:33:31.611+00:00" time="0.003">
        </testcase>
        <testcase name="histogram::tests::test_log_linear_bins_f64_matches_reference_implementation::case_3" classname="oximeter-types" timestamp="2025-06-05T17:33:31.611+00:00" time="0.004">
        </testcase>
        <testcase name="histogram::tests::test_log_linear_bins_small_bin_count" classname="oximeter-types" timestamp="2025-06-05T17:33:31.614+00:00" time="0.003">
        </testcase>
        <testcase name="histogram::tests::test_log_linear_bins_integer_size_checks" classname="oximeter-types" timestamp="2025-06-05T17:33:31.614+00:00" time="0.004">
        </testcase>
        <testcase name="histogram::tests::test_span_decades" classname="oximeter-types" timestamp="2025-06-05T17:33:31.617+00:00" time="0.003">
        </testcase>
        <testcase name="histogram::tests::test_span_decades_other_counts_f64" classname="oximeter-types" timestamp="2025-06-05T17:33:31.618+00:00" time="0.004">
        </testcase>
        <testcase name="histogram::tests::test_span_decades_other_counts_u64_resolution_ok" classname="oximeter-types" timestamp="2025-06-05T17:33:31.621+00:00" time="0.004">
        </testcase>
        <testcase name="histogram::tests::test_span_decades_other_counts_u64_resolution_too_low" classname="oximeter-types" timestamp="2025-06-05T17:33:31.621+00:00" time="0.003">
        </testcase>
        <testcase name="quantile::tests::test_default_percentiles" classname="oximeter-types" timestamp="2025-06-05T17:33:31.624+00:00" time="0.003">
        </testcase>
        <testcase name="quantile::tests::test_empty_observations" classname="oximeter-types" timestamp="2025-06-05T17:33:31.625+00:00" time="0.004">
        </testcase>
        <testcase name="quantile::tests::test_find_cells" classname="oximeter-types" timestamp="2025-06-05T17:33:31.627+00:00" time="0.003">
        </testcase>
        <testcase name="quantile::tests::test_float_observations" classname="oximeter-types" timestamp="2025-06-05T17:33:31.628+00:00" time="0.003">
        </testcase>
        <testcase name="quantile::tests::test_integer_observations" classname="oximeter-types" timestamp="2025-06-05T17:33:31.630+00:00" time="0.004">
        </testcase>
        <testcase name="quantile::tests::test_invalid_p_value" classname="oximeter-types" timestamp="2025-06-05T17:33:31.632+00:00" time="0.003">
        </testcase>
        <testcase name="quantile::tests::test_max_p" classname="oximeter-types" timestamp="2025-06-05T17:33:31.634+00:00" time="0.004">
        </testcase>
        <testcase name="quantile::tests::test_min_p" classname="oximeter-types" timestamp="2025-06-05T17:33:31.635+00:00" time="0.003">
        </testcase>
        <testcase name="quantile::tests::test_non_filled_observations" classname="oximeter-types" timestamp="2025-06-05T17:33:31.637+00:00" time="0.003">
        </testcase>
        <testcase name="quantile::tests::test_rounding" classname="oximeter-types" timestamp="2025-06-05T17:33:31.639+00:00" time="0.004">
        </testcase>
        <testcase name="schema::tests::test_field_schema_ordering" classname="oximeter-types" timestamp="2025-06-05T17:33:31.641+00:00" time="0.003">
        </testcase>
        <testcase name="schema::tests::test_timeseries_name" classname="oximeter-types" timestamp="2025-06-05T17:33:31.643+00:00" time="0.005">
        </testcase>
        <testcase name="schema::tests::test_timeseries_name_from_str" classname="oximeter-types" timestamp="2025-06-05T17:33:31.644+00:00" time="0.007">
        </testcase>
        <testcase name="traits::tests::test_metric_trait" classname="oximeter-types" timestamp="2025-06-05T17:33:31.648+00:00" time="0.003">
        </testcase>
        <testcase name="traits::tests::test_target_trait" classname="oximeter-types" timestamp="2025-06-05T17:33:31.652+00:00" time="0.004">
        </testcase>
        <testcase name="traits::tests::test_producer_trait" classname="oximeter-types" timestamp="2025-06-05T17:33:31.651+00:00" time="0.005">
        </testcase>
        <testcase name="types::tests::test_cumulative_f64" classname="oximeter-types" timestamp="2025-06-05T17:33:31.655+00:00" time="0.003">
        </testcase>
        <testcase name="types::tests::test_cumulative_i64" classname="oximeter-types" timestamp="2025-06-05T17:33:31.656+00:00" time="0.003">
        </testcase>
        <testcase name="types::tests::test_datum" classname="oximeter-types" timestamp="2025-06-05T17:33:31.659+00:00" time="0.004">
        </testcase>
        <testcase name="types::tests::test_field_value_parse_as_type::case_01_as_string" classname="oximeter-types" timestamp="2025-06-05T17:33:31.660+00:00" time="0.003">
        </testcase>
        <testcase name="types::tests::test_field_value_parse_as_type::case_02_as_i8" classname="oximeter-types" timestamp="2025-06-05T17:33:31.663+00:00" time="0.003">
        </testcase>
        <testcase name="types::tests::test_field_value_parse_as_type::case_03_as_u8" classname="oximeter-types" timestamp="2025-06-05T17:33:31.663+00:00" time="0.004">
        </testcase>
        <testcase name="types::tests::test_field_value_parse_as_type::case_04_as_i16" classname="oximeter-types" timestamp="2025-06-05T17:33:31.666+00:00" time="0.004">
        </testcase>
        <testcase name="types::tests::test_field_value_parse_as_type::case_05_as_u16" classname="oximeter-types" timestamp="2025-06-05T17:33:31.667+00:00" time="0.003">
        </testcase>
        <testcase name="types::tests::test_field_value_parse_as_type::case_06_as_i32" classname="oximeter-types" timestamp="2025-06-05T17:33:31.670+00:00" time="0.003">
        </testcase>
        <testcase name="types::tests::test_field_value_parse_as_type::case_07_as_u32" classname="oximeter-types" timestamp="2025-06-05T17:33:31.670+00:00" time="0.003">
        </testcase>
        <testcase name="types::tests::test_field_value_parse_as_type::case_08_as_i64" classname="oximeter-types" timestamp="2025-06-05T17:33:31.673+00:00" time="0.003">
        </testcase>
        <testcase name="types::tests::test_field_value_parse_as_type::case_09_as_u64" classname="oximeter-types" timestamp="2025-06-05T17:33:31.674+00:00" time="0.003">
        </testcase>
        <testcase name="types::tests::test_field_value_parse_as_type::case_10_as_uuid" classname="oximeter-types" timestamp="2025-06-05T17:33:31.677+00:00" time="0.003">
        </testcase>
        <testcase name="types::tests::test_field_value_parse_as_type::case_11_as_ipv4addr" classname="oximeter-types" timestamp="2025-06-05T17:33:31.677+00:00" time="0.003">
        </testcase>
        <testcase name="types::tests::test_field_value_parse_as_type::case_12_as_ipv6addr" classname="oximeter-types" timestamp="2025-06-05T17:33:31.680+00:00" time="0.003">
        </testcase>
        <testcase name="types::tests::test_field_value_parse_as_wrong_type::case_1_as_u64" classname="oximeter-types" timestamp="2025-06-05T17:33:31.681+00:00" time="0.003">
        </testcase>
        <testcase name="types::tests::test_field_value_parse_as_wrong_type::case_2_as_uuid" classname="oximeter-types" timestamp="2025-06-05T17:33:31.684+00:00" time="0.004">
        </testcase>
        <testcase name="types::tests::test_field_value_parse_as_wrong_type::case_3_as_bool" classname="oximeter-types" timestamp="2025-06-05T17:33:31.684+00:00" time="0.004">
        </testcase>
        <testcase name="types::tests::test_field_value_parse_as_wrong_type::case_4_as_ipaddr" classname="oximeter-types" timestamp="2025-06-05T17:33:31.687+00:00" time="0.003">
        </testcase>
        <testcase name="types::tests::test_field_value_parse_as_wrong_type::case_5_as_uuid" classname="oximeter-types" timestamp="2025-06-05T17:33:31.688+00:00" time="0.003">
        </testcase>
        <testcase name="types::tests::test_measurement" classname="oximeter-types" timestamp="2025-06-05T17:33:31.691+00:00" time="0.004">
        </testcase>
        <testcase name="types::tests::test_verify_field_names" classname="oximeter-types" timestamp="2025-06-05T17:33:31.691+00:00" time="0.003">
        </testcase>
    </testsuite>
    <testsuite name="oxlog" tests="4" disabled="0" errors="0" failures="0">
        <testcase name="tests::test_is_oxide_smf_log_file" classname="oxlog" timestamp="2025-06-05T17:33:31.695+00:00" time="0.003">
        </testcase>
        <testcase name="tests::test_daterange_filter" classname="oxlog" timestamp="2025-06-05T17:33:31.695+00:00" time="0.004">
        </testcase>
        <testcase name="tests::test_oxide_smf_service_name_from_log_file_name" classname="oxlog" timestamp="2025-06-05T17:33:31.698+00:00" time="0.003">
        </testcase>
        <testcase name="tests::test_sort_logs" classname="oxlog" timestamp="2025-06-05T17:33:31.699+00:00" time="0.002">
        </testcase>
    </testsuite>
    <testsuite name="oxql-types" tests="12" disabled="0" errors="0" failures="0">
        <testcase name="point::tests::test_cast_points_from_bool" classname="oxql-types" timestamp="2025-06-05T17:33:31.701+00:00" time="0.005">
        </testcase>
        <testcase name="point::tests::test_cast_points_from_double" classname="oxql-types" timestamp="2025-06-05T17:33:31.706+00:00" time="0.005">
        </testcase>
        <testcase name="point::tests::test_cast_points_from_double_distribution" classname="oxql-types" timestamp="2025-06-05T17:33:31.711+00:00" time="0.004">
        </testcase>
        <testcase name="point::tests::test_cast_points_from_int_distribution" classname="oxql-types" timestamp="2025-06-05T17:33:31.715+00:00" time="0.004">
        </testcase>
        <testcase name="point::tests::test_cast_points_from_integer" classname="oxql-types" timestamp="2025-06-05T17:33:31.718+00:00" time="0.004">
        </testcase>
        <testcase name="point::tests::test_cast_points_from_string" classname="oxql-types" timestamp="2025-06-05T17:33:31.722+00:00" time="0.009">
        </testcase>
        <testcase name="point::tests::test_join_point_arrays" classname="oxql-types" timestamp="2025-06-05T17:33:31.731+00:00" time="0.004">
        </testcase>
        <testcase name="point::tests::test_point_delta_between_overlapping_time_ranges" classname="oxql-types" timestamp="2025-06-05T17:33:31.735+00:00" time="0.004">
        </testcase>
        <testcase name="point::tests::test_point_delta_between" classname="oxql-types" timestamp="2025-06-05T17:33:31.735+00:00" time="0.005">
        </testcase>
        <testcase name="point::tests::test_point_delta_between_with_new_epoch" classname="oxql-types" timestamp="2025-06-05T17:33:31.740+00:00" time="0.004">
        </testcase>
        <testcase name="point::tests::test_push_concrete_values" classname="oxql-types" timestamp="2025-06-05T17:33:31.740+00:00" time="0.004">
        </testcase>
        <testcase name="point::tests::test_sub_between_histogram_distributions" classname="oxql-types" timestamp="2025-06-05T17:33:31.744+00:00" time="0.004">
        </testcase>
    </testsuite>
    <testsuite name="range-requests" tests="8" disabled="0" errors="0" failures="0">
        <testcase name="test::get_response_no_range" classname="range-requests" timestamp="2025-06-05T17:33:31.748+00:00" time="0.003">
        </testcase>
        <testcase name="test::get_response_with_range" classname="range-requests" timestamp="2025-06-05T17:33:31.751+00:00" time="0.010">
        </testcase>
        <testcase name="test::invalid_ranges" classname="range-requests" timestamp="2025-06-05T17:33:31.761+00:00" time="0.003">
        </testcase>
        <testcase name="test::parse_range_invalid" classname="range-requests" timestamp="2025-06-05T17:33:31.764+00:00" time="0.003">
        </testcase>
        <testcase name="test::parse_range_valid" classname="range-requests" timestamp="2025-06-05T17:33:31.767+00:00" time="0.004">
        </testcase>
        <testcase name="test::potential_range_parsing_does_not_crash" classname="range-requests" timestamp="2025-06-05T17:33:31.771+00:00" time="0.006">
        </testcase>
        <testcase name="test::range_into_str" classname="range-requests" timestamp="2025-06-05T17:33:31.777+00:00" time="0.002">
        </testcase>
        <testcase name="test::single_range_parsing_does_not_crash" classname="range-requests" timestamp="2025-06-05T17:33:31.779+00:00" time="0.002">
        </testcase>
    </testsuite>
    <testsuite name="parallel-task-set" tests="1" disabled="0" errors="0" failures="0">
        <testcase name="test::test_spawn_many" classname="parallel-task-set" timestamp="2025-06-05T17:33:31.745+00:00" time="0.065">
        </testcase>
    </testsuite>
    <testsuite name="reconfigurator-cli::test-scripts" tests="7" disabled="0" errors="0" failures="0">
        <testcase name="script::cmds-example.txt" classname="reconfigurator-cli::test-scripts" timestamp="2025-06-05T17:33:31.782+00:00" time="0.097">
        </testcase>
        <testcase name="script::cmds-expunge-newly-added-external-dns.txt" classname="reconfigurator-cli::test-scripts" timestamp="2025-06-05T17:33:31.810+00:00" time="0.098">
        </testcase>
        <testcase name="script::cmds-expunge-newly-added-internal-dns.txt" classname="reconfigurator-cli::test-scripts" timestamp="2025-06-05T17:33:31.878+00:00" time="0.094">
        </testcase>
        <testcase name="script::cmds-set-mgs-updates.txt" classname="reconfigurator-cli::test-scripts" timestamp="2025-06-05T17:33:31.908+00:00" time="0.104">
        </testcase>
        <testcase name="script::cmds-set-remove-mupdate-override.txt" classname="reconfigurator-cli::test-scripts" timestamp="2025-06-05T17:33:31.973+00:00" time="0.045">
        </testcase>
        <testcase name="script::cmds-set-zone-images.txt" classname="reconfigurator-cli::test-scripts" timestamp="2025-06-05T17:33:32.012+00:00" time="0.053">
        </testcase>
        <testcase name="script::cmds.txt" classname="reconfigurator-cli::test-scripts" timestamp="2025-06-05T17:33:32.018+00:00" time="0.059">
        </testcase>
    </testsuite>
    <testsuite name="oxlog::bin/oxlog" tests="1" disabled="0" errors="0" failures="0">
        <testcase name="tests::test_parse_timestamp" classname="oxlog::bin/oxlog" timestamp="2025-06-05T17:33:31.701+00:00" time="0.769">
        </testcase>
    </testsuite>
    <testsuite name="sled-agent-config-reconciler" tests="40" disabled="0" errors="0" failures="0">
        <testcase name="dataset_serialization_task::tests::datasets_skipped_if_zpool_not_managed" classname="sled-agent-config-reconciler" timestamp="2025-06-05T17:33:32.065+00:00" time="1.407">
        </testcase>
        <testcase name="dataset_serialization_task::tests::transient_zone_datasets_skipped_if_no_transient_zone_root" classname="sled-agent-config-reconciler" timestamp="2025-06-05T17:33:33.472+00:00" time="0.512">
        </testcase>
        <testcase name="dump_setup::tests::test_archives_rotated_logs_and_cores" classname="sled-agent-config-reconciler" timestamp="2025-06-05T17:33:34.087+00:00" time="0.015">
        </testcase>
        <testcase name="dump_setup::tests::test_configures_coreadm_only_when_crash_dataset_mounted" classname="sled-agent-config-reconciler" timestamp="2025-06-05T17:33:34.102+00:00" time="0.004">
        </testcase>
        <testcase name="dump_setup::tests::test_debug_dir_cleaned_over_threshold" classname="sled-agent-config-reconciler" timestamp="2025-06-05T17:33:34.105+00:00" time="0.004">
        </testcase>
        <testcase name="dump_setup::tests::test_debug_dir_cleaned_over_threshold_many_files" classname="sled-agent-config-reconciler" timestamp="2025-06-05T17:33:34.110+00:00" time="0.005">
        </testcase>
        <testcase name="dump_setup::tests::test_debug_dir_cleanup_ignores_support_bundles" classname="sled-agent-config-reconciler" timestamp="2025-06-05T17:33:34.114+00:00" time="0.005">
        </testcase>
        <testcase name="dump_setup::tests::test_debug_dir_not_cleaned_under_threshold" classname="sled-agent-config-reconciler" timestamp="2025-06-05T17:33:34.119+00:00" time="0.004">
        </testcase>
        <testcase name="dump_setup::tests::test_does_not_configure_coreadm_when_no_crash_dataset_mounted" classname="sled-agent-config-reconciler" timestamp="2025-06-05T17:33:34.124+00:00" time="0.003">
        </testcase>
        <testcase name="dump_setup::tests::test_dumpadm_called_when_vacant_slice_but_no_dir" classname="sled-agent-config-reconciler" timestamp="2025-06-05T17:33:34.127+00:00" time="0.006">
        </testcase>
        <testcase name="dump_setup::tests::test_savecore_and_dumpadm_invoked_when_slices_occupied_and_dir_is_available" classname="sled-agent-config-reconciler" timestamp="2025-06-05T17:33:34.133+00:00" time="0.005">
        </testcase>
        <testcase name="dump_setup::tests::test_savecore_and_dumpadm_not_called_when_occupied_and_no_dir" classname="sled-agent-config-reconciler" timestamp="2025-06-05T17:33:34.138+00:00" time="0.005">
        </testcase>
        <testcase name="internal_disks::tests::boot_disks_sort_ahead_of_non_boot_disks_in_id_map" classname="sled-agent-config-reconciler" timestamp="2025-06-05T17:33:34.143+00:00" time="0.189">
        </testcase>
        <testcase name="dataset_serialization_task::tests::transient_zone_ensured_after_transient_zone_root" classname="sled-agent-config-reconciler" timestamp="2025-06-05T17:33:33.984+00:00" time="1.049">
        </testcase>
        <testcase name="internal_disks::tests::firmware_updates_are_propagated" classname="sled-agent-config-reconciler" timestamp="2025-06-05T17:33:35.033+00:00" time="0.016">
        </testcase>
        <testcase name="internal_disks::tests::only_m2_disks_are_adopted" classname="sled-agent-config-reconciler" timestamp="2025-06-05T17:33:35.049+00:00" time="0.004">
        </testcase>
        <testcase name="internal_disks::tests::removed_disks_are_propagated" classname="sled-agent-config-reconciler" timestamp="2025-06-05T17:33:35.053+00:00" time="0.004">
        </testcase>
        <testcase name="dataset_serialization_task::tests::ensure_dataset_calls_skipped_if_not_needed" classname="sled-agent-config-reconciler" timestamp="2025-06-05T17:33:32.077+00:00" time="2.990">
        </testcase>
        <testcase name="ledger::legacy_configs::tests::convert_legacy_ledgers_merges_old_configs" classname="sled-agent-config-reconciler" timestamp="2025-06-05T17:33:35.057+00:00" time="0.019">
        </testcase>
        <testcase name="ledger::legacy_configs::tests::convert_legacy_ledgers_returns_none_if_no_legacy_configs" classname="sled-agent-config-reconciler" timestamp="2025-06-05T17:33:35.076+00:00" time="0.004">
        </testcase>
        <testcase name="ledger::legacy_configs::tests::test_merge_old_configs" classname="sled-agent-config-reconciler" timestamp="2025-06-05T17:33:35.080+00:00" time="0.012">
        </testcase>
        <testcase name="ledger::tests::convert_legacy_ledgers_if_present" classname="sled-agent-config-reconciler" timestamp="2025-06-05T17:33:35.091+00:00" time="0.015">
        </testcase>
        <testcase name="ledger::tests::first_config_is_ledgered" classname="sled-agent-config-reconciler" timestamp="2025-06-05T17:33:35.106+00:00" time="0.004">
        </testcase>
        <testcase name="ledger::tests::read_existing_config" classname="sled-agent-config-reconciler" timestamp="2025-06-05T17:33:35.111+00:00" time="0.004">
        </testcase>
        <testcase name="ledger::tests::reject_artifact_configs_removing_referenced_artifacts" classname="sled-agent-config-reconciler" timestamp="2025-06-05T17:33:35.115+00:00" time="0.004">
        </testcase>
        <testcase name="ledger::tests::reject_config_changed_without_generation_bump" classname="sled-agent-config-reconciler" timestamp="2025-06-05T17:33:35.119+00:00" time="0.004">
        </testcase>
        <testcase name="ledger::tests::reject_configs_referencing_nonexistent_artifacts" classname="sled-agent-config-reconciler" timestamp="2025-06-05T17:33:35.123+00:00" time="0.005">
        </testcase>
        <testcase name="ledger::tests::reject_old_config_generation" classname="sled-agent-config-reconciler" timestamp="2025-06-05T17:33:35.128+00:00" time="0.005">
        </testcase>
        <testcase name="ledger::tests::wait_for_at_least_one_internal_disk" classname="sled-agent-config-reconciler" timestamp="2025-06-05T17:33:35.133+00:00" time="0.004">
        </testcase>
        <testcase name="ledger::legacy_configs::tests::convert_legacy_ledgers_panics_if_partial_legacy_configs" classname="sled-agent-config-reconciler" timestamp="2025-06-05T17:33:35.068+00:00" time="0.426">
        </testcase>
        <testcase name="internal_disks::tests::failures_are_retried" classname="sled-agent-config-reconciler" timestamp="2025-06-05T17:33:34.332+00:00" time="1.264">
        </testcase>
        <testcase name="raw_disks::tests::proptest_raw_disk_changes" classname="sled-agent-config-reconciler" timestamp="2025-06-05T17:33:35.137+00:00" time="1.244">
        </testcase>
        <testcase name="reconciler_task::external_disks::tests::fail_if_disk_not_present" classname="sled-agent-config-reconciler" timestamp="2025-06-05T17:33:35.494+00:00" time="2.266">
        </testcase>
        <testcase name="reconciler_task::external_disks::tests::internal_disks_are_rejected" classname="sled-agent-config-reconciler" timestamp="2025-06-05T17:33:36.381+00:00" time="2.462">
        </testcase>
        <testcase name="reconciler_task::zones::tests::shutdown_dns_does_dns_specific_cleanup" classname="sled-agent-config-reconciler" timestamp="2025-06-05T17:33:38.843+00:00" time="0.007">
        </testcase>
        <testcase name="reconciler_task::zones::tests::shutdown_retries_after_failed_halt" classname="sled-agent-config-reconciler" timestamp="2025-06-05T17:33:38.851+00:00" time="0.006">
        </testcase>
        <testcase name="reconciler_task::zones::tests::start_zones_that_previously_failed_to_start" classname="sled-agent-config-reconciler" timestamp="2025-06-05T17:33:38.856+00:00" time="0.007">
        </testcase>
        <testcase name="reconciler_task::external_disks::tests::firmware_updates_are_propagated" classname="sled-agent-config-reconciler" timestamp="2025-06-05T17:33:35.596+00:00" time="3.446">
        </testcase>
        <testcase name="dataset_serialization_task::tests::nested_dataset_operations" classname="sled-agent-config-reconciler" timestamp="2025-06-05T17:33:32.469+00:00" time="7.496">
        </testcase>
        <testcase name="reconciler_task::external_disks::tests::remove_disks_not_in_config" classname="sled-agent-config-reconciler" timestamp="2025-06-05T17:33:37.760+00:00" time="3.688">
        </testcase>
    </testsuite>
    <testsuite name="oximeter-producer" tests="1" disabled="0" errors="0" failures="0">
        <testcase name="tests::test_producer_registration_task" classname="oximeter-producer" timestamp="2025-06-05T17:33:31.419+00:00" time="2.667">
        </testcase>
    </testsuite>
    <testsuite name="sled-agent-types" tests="12" disabled="0" errors="0" failures="0">
        <testcase name="early_networking::tests::serialized_early_network_config_v0_to_v2_conversion" classname="sled-agent-types" timestamp="2025-06-05T17:33:38.863+00:00" time="0.005">
        </testcase>
        <testcase name="early_networking::tests::serialized_early_network_config_v1_to_v2_conversion" classname="sled-agent-types" timestamp="2025-06-05T17:33:38.868+00:00" time="0.004">
        </testcase>
        <testcase name="rack_init::tests::parse_rack_initialization" classname="sled-agent-types" timestamp="2025-06-05T17:33:38.872+00:00" time="0.006">
        </testcase>
        <testcase name="rack_init::tests::parse_rack_initialization_weak_hash" classname="sled-agent-types" timestamp="2025-06-05T17:33:38.879+00:00" time="0.003">
        </testcase>
        <testcase name="rack_init::tests::test_extra_certs" classname="sled-agent-types" timestamp="2025-06-05T17:33:38.882+00:00" time="0.011">
        </testcase>
        <testcase name="rack_init::tests::test_subnets" classname="sled-agent-types" timestamp="2025-06-05T17:33:38.894+00:00" time="0.003">
        </testcase>
        <testcase name="rack_init::tests::validate_external_dns_ips_must_be_in_internal_services_ip_pools" classname="sled-agent-types" timestamp="2025-06-05T17:33:38.897+00:00" time="0.007">
        </testcase>
        <testcase name="sled::tests::serialize_start_sled_agent_v0_deserialize_v1" classname="sled-agent-types" timestamp="2025-06-05T17:33:38.904+00:00" time="0.003">
        </testcase>
        <testcase name="zone_bundle::tests::test_compare_bundles" classname="sled-agent-types" timestamp="2025-06-05T17:33:38.908+00:00" time="0.004">
        </testcase>
        <testcase name="zone_bundle::tests::test_priority_dimension" classname="sled-agent-types" timestamp="2025-06-05T17:33:38.912+00:00" time="0.003">
        </testcase>
        <testcase name="zone_bundle::tests::test_sort_zone_bundle_cause" classname="sled-agent-types" timestamp="2025-06-05T17:33:38.915+00:00" time="0.003">
        </testcase>
        <testcase name="zone_bundle::tests::test_storage_limit_bytes_available" classname="sled-agent-types" timestamp="2025-06-05T17:33:38.918+00:00" time="0.003">
        </testcase>
    </testsuite>
    <testsuite name="sled-agent-zone-images" tests="9" disabled="0" errors="0" failures="0">
        <testcase name="mupdate_override::tests::read_boot_absent_other_present" classname="sled-agent-zone-images" timestamp="2025-06-05T17:33:38.920+00:00" time="0.004">
        </testcase>
        <testcase name="mupdate_override::tests::read_boot_install_dataset_missing" classname="sled-agent-zone-images" timestamp="2025-06-05T17:33:38.924+00:00" time="0.004">
        </testcase>
        <testcase name="mupdate_override::tests::read_boot_install_dataset_not_dir" classname="sled-agent-zone-images" timestamp="2025-06-05T17:33:38.928+00:00" time="0.005">
        </testcase>
        <testcase name="mupdate_override::tests::read_boot_present_other_absent" classname="sled-agent-zone-images" timestamp="2025-06-05T17:33:38.933+00:00" time="0.003">
        </testcase>
        <testcase name="mupdate_override::tests::read_boot_read_error" classname="sled-agent-zone-images" timestamp="2025-06-05T17:33:38.936+00:00" time="0.003">
        </testcase>
        <testcase name="mupdate_override::tests::read_both_absent" classname="sled-agent-zone-images" timestamp="2025-06-05T17:33:38.940+00:00" time="0.005">
        </testcase>
        <testcase name="mupdate_override::tests::read_both_present" classname="sled-agent-zone-images" timestamp="2025-06-05T17:33:38.945+00:00" time="0.009">
        </testcase>
        <testcase name="mupdate_override::tests::read_different_values" classname="sled-agent-zone-images" timestamp="2025-06-05T17:33:38.954+00:00" time="0.004">
        </testcase>
        <testcase name="mupdate_override::tests::read_solo_boot_disk" classname="sled-agent-zone-images" timestamp="2025-06-05T17:33:38.958+00:00" time="0.005">
        </testcase>
    </testsuite>
    <testsuite name="sled-diagnostics" tests="5" disabled="0" errors="0" failures="0">
        <testcase name="logs::test::test_sort_cockroach_extra_logs" classname="sled-diagnostics" timestamp="2025-06-05T17:33:38.963+00:00" time="0.003">
        </testcase>
        <testcase name="queries::test::test_command_stderr_is_correct" classname="sled-diagnostics" timestamp="2025-06-05T17:33:38.967+00:00" time="0.005">
        </testcase>
        <testcase name="queries::test::test_command_stdout_is_correct" classname="sled-diagnostics" timestamp="2025-06-05T17:33:38.971+00:00" time="0.006">
        </testcase>
        <testcase name="queries::test::test_command_stdout_stderr_are_interleaved" classname="sled-diagnostics" timestamp="2025-06-05T17:33:38.977+00:00" time="0.005">
        </testcase>
        <testcase name="queries::test::test_long_running_command_is_aborted" classname="sled-diagnostics" timestamp="2025-06-05T17:33:38.982+00:00" time="0.505">
        </testcase>
    </testsuite>
    <testsuite name="sled-hardware" tests="2" disabled="0" errors="0" failures="0">
        <testcase name="disk::test::test_disk_paths" classname="sled-hardware" timestamp="2025-06-05T17:33:39.042+00:00" time="0.003">
        </testcase>
        <testcase name="disk::test::test_partition_device_paths" classname="sled-hardware" timestamp="2025-06-05T17:33:39.045+00:00" time="0.003">
        </testcase>
    </testsuite>
    <testsuite name="sled-hardware-types" tests="1" disabled="0" errors="0" failures="0">
        <testcase name="underlay::tests::test_mac_to_bootstrap_ip" classname="sled-hardware-types" timestamp="2025-06-05T17:33:39.048+00:00" time="0.003">
        </testcase>
    </testsuite>
    <testsuite name="sled-storage" tests="3" disabled="0" errors="0" failures="0">
        <testcase name="dataset::test::serialize_dataset_name" classname="sled-storage" timestamp="2025-06-05T17:33:39.051+00:00" time="0.003">
        </testcase>
        <testcase name="manager::test::test_datasets_schema" classname="sled-storage" timestamp="2025-06-05T17:33:39.054+00:00" time="0.004">
        </testcase>
        <testcase name="manager::test::test_omicron_physical_disks_schema" classname="sled-storage" timestamp="2025-06-05T17:33:39.058+00:00" time="0.004">
        </testcase>
    </testsuite>
    <testsuite name="trust-quorum" tests="4" disabled="0" errors="0" failures="0">
        <testcase name="node::tests::initial_configuration" classname="trust-quorum" timestamp="2025-06-05T17:33:39.487+00:00" time="0.175">
        </testcase>
        <testcase name="crypto::tests::rack_secret_test" classname="trust-quorum" timestamp="2025-06-05T17:33:39.062+00:00" time="0.643">
        </testcase>
        <testcase name="validators::tests::test_validate_reconfigure_msg_failure" classname="trust-quorum" timestamp="2025-06-05T17:33:39.662+00:00" time="0.103">
        </testcase>
        <testcase name="validators::tests::test_validate_reconfigure_msg_new_success" classname="trust-quorum" timestamp="2025-06-05T17:33:39.703+00:00" time="0.128">
        </testcase>
    </testsuite>
    <testsuite name="update-common" tests="11" disabled="0" errors="0" failures="0">
        <testcase name="artifacts::artifacts_with_plan::tests::test_extract_fake" classname="update-common" timestamp="2025-06-05T17:33:39.765+00:00" time="0.340">
        </testcase>
        <testcase name="artifacts::update_plan::tests::test_bad_hubris_cabooses" classname="update-common" timestamp="2025-06-05T17:33:40.105+00:00" time="0.021">
        </testcase>
        <testcase name="artifacts::artifacts_with_plan::tests::test_extract_fake_split" classname="update-common" timestamp="2025-06-05T17:33:39.831+00:00" time="0.322">
        </testcase>
        <testcase name="artifacts::update_plan::tests::test_bad_rot_versions" classname="update-common" timestamp="2025-06-05T17:33:40.126+00:00" time="0.047">
        </testcase>
        <testcase name="artifacts::update_plan::tests::test_multi_rot_bord" classname="update-common" timestamp="2025-06-05T17:33:40.153+00:00" time="0.042">
        </testcase>
        <testcase name="artifacts::update_plan::tests::test_split_control_plane" classname="update-common" timestamp="2025-06-05T17:33:40.195+00:00" time="0.011">
        </testcase>
        <testcase name="artifacts::update_plan::tests::test_too_many_rot_bootloaders" classname="update-common" timestamp="2025-06-05T17:33:40.205+00:00" time="0.008">
        </testcase>
        <testcase name="artifacts::update_plan::tests::test_multi_rot_version" classname="update-common" timestamp="2025-06-05T17:33:40.173+00:00" time="0.052">
        </testcase>
        <testcase name="artifacts::update_plan::tests::test_too_many_rot_bord" classname="update-common" timestamp="2025-06-05T17:33:40.213+00:00" time="0.016">
        </testcase>
        <testcase name="artifacts::update_plan::tests::test_update_plan_from_artifacts" classname="update-common" timestamp="2025-06-05T17:33:40.226+00:00" time="0.043">
        </testcase>
        <testcase name="artifacts::artifacts_with_plan::tests::test_fake_archive_idempotent" classname="update-common" timestamp="2025-06-05T17:33:39.966+00:00" time="2.539">
        </testcase>
    </testsuite>
    <testsuite name="update-engine" tests="8" disabled="0" errors="0" failures="0">
        <testcase name="display::group_display::tests::test_stats" classname="update-engine" timestamp="2025-06-05T17:33:40.269+00:00" time="0.032">
        </testcase>
        <testcase name="display::line_display_shared::tests::test_format_progress_counter" classname="update-engine" timestamp="2025-06-05T17:33:40.301+00:00" time="0.004">
        </testcase>
        <testcase name="display::line_display_shared::tests::test_start_line" classname="update-engine" timestamp="2025-06-05T17:33:40.304+00:00" time="0.004">
        </testcase>
        <testcase name="engine::tests::error_exits_early" classname="update-engine" timestamp="2025-06-05T17:33:40.308+00:00" time="0.005">
        </testcase>
        <testcase name="events::tests::progress_event_parse_unknown" classname="update-engine" timestamp="2025-06-05T17:33:40.314+00:00" time="0.005">
        </testcase>
        <testcase name="events::tests::step_event_parse_unknown" classname="update-engine" timestamp="2025-06-05T17:33:40.319+00:00" time="0.006">
        </testcase>
        <testcase name="spec::tests::test_merge_anyhow_list" classname="update-engine" timestamp="2025-06-05T17:33:40.325+00:00" time="0.004">
        </testcase>
        <testcase name="buffer::tests::test_buffer" classname="update-engine" timestamp="2025-06-05T17:33:40.229+00:00" time="0.155">
        </testcase>
    </testsuite>
    <testsuite name="trust-quorum::coordinator" tests="1" disabled="0" errors="0" failures="0">
        <testcase name="test_coordinator_behavior_from_empty_state" classname="trust-quorum::coordinator" timestamp="2025-06-05T17:33:39.705+00:00" time="0.630">
        </testcase>
    </testsuite>
    <testsuite name="wicket" tests="4" disabled="0" errors="0" failures="0">
        <testcase name="cli::rack_setup::config_toml::tests::round_trip_nonempty_config" classname="wicket" timestamp="2025-06-05T17:33:40.329+00:00" time="0.010">
        </testcase>
        <testcase name="state::rack::tests::prev_next_are_opposites" classname="wicket" timestamp="2025-06-05T17:33:40.339+00:00" time="0.004">
        </testcase>
        <testcase name="state::inventory::tests::component_id_display" classname="wicket" timestamp="2025-06-05T17:33:40.339+00:00" time="0.004">
        </testcase>
        <testcase name="state::rack::tests::up_down_are_opposites" classname="wicket" timestamp="2025-06-05T17:33:40.343+00:00" time="0.003">
        </testcase>
    </testsuite>
    <testsuite name="wicket-common" tests="1" disabled="0" errors="0" failures="0">
        <testcase name="rack_setup::tests::roundtrip_import_export_policy" classname="wicket-common" timestamp="2025-06-05T17:33:40.347+00:00" time="0.004">
        </testcase>
    </testsuite>
    <testsuite name="wicketd" tests="2" disabled="0" errors="0" failures="0">
        <testcase name="installinator_progress::tests::test_states" classname="wicketd" timestamp="2025-06-05T17:33:40.351+00:00" time="0.006">
        </testcase>
        <testcase name="rss_config::tests::test_bgp_auth_key_states" classname="wicketd" timestamp="2025-06-05T17:33:40.357+00:00" time="0.005">
        </testcase>
    </testsuite>
    <testsuite name="wicket::mod" tests="1" disabled="0" errors="0" failures="0">
        <testcase name="integration_tests::command_tests::test_wicket_ssh_force_command_like" classname="wicket::mod" timestamp="2025-06-05T17:33:40.343+00:00" time="0.032">
        </testcase>
    </testsuite>
    <testsuite name="wicketd::mod" tests="4" disabled="0" errors="0" failures="0">
        <testcase name="integration_tests::inventory::test_inventory" classname="wicketd::mod" timestamp="2025-06-05T17:33:40.362+00:00" time="0.454">
        </testcase>
        <testcase name="integration_tests::updates::test_update_races" classname="wicketd::mod" timestamp="2025-06-05T17:33:40.384+00:00" time="0.655">
        </testcase>
        <testcase name="integration_tests::updates::test_installinator_fetch" classname="wicketd::mod" timestamp="2025-06-05T17:33:40.376+00:00" time="0.770">
        </testcase>
        <testcase name="integration_tests::updates::test_updates" classname="wicketd::mod" timestamp="2025-06-05T17:33:40.816+00:00" time="2.658">
        </testcase>
    </testsuite>
    <testsuite name="oximeter-db::integration_test" tests="2" disabled="0" errors="0" failures="0">
        <testcase name="test_schemas_disjoint" classname="oximeter-db::integration_test" timestamp="2025-06-05T17:33:31.394+00:00" time="15.687">
        </testcase>
        <testcase name="test_cluster" classname="oximeter-db::integration_test" timestamp="2025-06-05T17:33:31.393+00:00" time="17.424">
        </testcase>
    </testsuite>
</testsuites>
